0.0814619064331, 27934.0
0.160470962524, 26133.0
0.24062204361, 24597.0
0.320714950562, 23377.0
0.399898052216, 22316.0
0.478689908981, 21302.0
0.5578520298, 20310.0
0.636403083801, 19373.0
0.715661048889, 18603.0
0.795492887497, 17835.0
0.875813007355, 17072.0
0.956759929657, 16327.0
1.03760695457, 15730.0
1.11909604073, 15150.0
1.19962501526, 14636.0
1.28070688248, 14171.0
1.36090993881, 13703.0
1.43967890739, 13372.0
1.51833987236, 13019.0
1.59701108932, 12709.0
1.67596006393, 12358.0
1.75513195992, 12055.0
1.8356859684, 11783.0
1.9156229496, 11567.0
1.99668288231, 11419.0
2.07569003105, 11282.0
2.15457296371, 11154.0
2.23390197754, 11029.0
2.31396198273, 10905.0
2.39302587509, 10784.0
2.47186994553, 10672.0
2.551019907, 10593.0
2.62974786758, 10469.0
2.70846891403, 10401.0
2.78786206245, 10339.0
2.86735796928, 10296.0
2.94753408432, 10282.0
3.02817606926, 10274.0
3.10910987854, 10267.0
3.18828392029, 10253.0
6.44812607765, 10234.0
6.52694606781, 10211.0
6.60630393028, 10201.0
6.68543887138, 10194.0
6.76411008835, 10189.0
6.84329199791, 10110.0
6.92364406586, 10075.0
7.00472402573, 10060.0
7.08416604996, 10028.0
7.16300606728, 10027.0
9.56218194962, 9930.0
9.64270401001, 9816.0
9.72363901138, 9714.0
9.80491304398, 9614.0
9.88480591774, 9517.0
9.96617794037, 9391.0
10.0463349819, 9299.0
10.1261808872, 9233.0
10.206111908, 9171.0
10.2865989208, 9106.0
10.3661968708, 9052.0
10.4456949234, 8995.0
10.5248069763, 8980.0
10.6039309502, 8966.0
13.0840659142, 8867.0
13.1650240421, 8751.0
13.246532917, 8644.0
13.3267190456, 8511.0
13.4057600498, 8440.0
13.4852590561, 8382.0
13.5649628639, 8330.0
13.6442370415, 8296.0
13.723263979, 8251.0
13.8022859097, 8240.0
13.8821148872, 8233.0
13.9620730877, 8194.0
14.0435578823, 8193.0
270.373929977, 8093.0
270.453530073, 8088.0
1010.92100406, 8058.0
1011.00161695, 8039.0
1011.08214998, 8034.0
1017.47188497, 8032.0
1017.55163097, 8015.0
1017.63081193, 8010.0
1017.71158791, 8008.0
1017.79119802, 7984.0
1186.64959407, 7960.0
1186.73169589, 7937.0
1186.81334996, 7923.0
1186.89434505, 7915.0
1186.97537804, 7907.0
1187.0567019, 7900.0
1187.13767791, 7899.0
1641.58183002, 7884.0
1641.66156387, 7865.0
1641.74252391, 7858.0
1641.82244897, 7853.0
1641.90172887, 7852.0
