0.00112390518188, 26406.0
11.2308778763, 26393.0
11.3723778725, 26324.0
11.3902919292, 26295.0
12.9396390915, 26232.0
12.9563260078, 26203.0
40.8962750435, 26189.0
49.2833890915, 26152.0
49.301748991, 26123.0
50.0784130096, 26096.0
50.1519629955, 25998.0
51.5503790379, 25950.0
51.5522310734, 25909.0
80.067002058, 25884.0
80.3323700428, 25789.0
81.540199995, 25788.0
81.545511961, 25753.0
81.985699892, 25612.0
101.796077967, 25549.0
103.012094975, 25522.0
104.578562975, 25502.0
104.578954935, 25379.0
105.617835045, 25368.0
127.633643866, 25262.0
127.64113307, 25227.0
202.574148893, 25225.0
202.576901913, 25156.0
420.454087019, 25138.0
425.871628046, 25128.0
681.360955954, 24991.0
698.58454895, 24973.0
1197.14952898, 24951.0
1204.52898288, 24939.0
1204.54073596, 24904.0
1205.33071899, 24895.0
1206.68718195, 24885.0
1207.36825299, 24669.0
1323.69432902, 24652.0
1359.25166488, 24516.0
1551.82290506, 24333.0
1551.90606189, 24298.0
1551.90648293, 24252.0
1591.114995, 24205.0
1619.76939988, 24160.0
1621.56405187, 24136.0
