0.00331211090088, [2.0, 1.0, 8.0, 11.0, 9.0, 10.0, 13.0, 7.0, 12.0, 3.0, 14.0, 6.0, 4.0, 5.0]
0.00557899475098, [2.0, 1.0, 8.0, 9.0, 11.0, 10.0, 13.0, 7.0, 12.0, 3.0, 14.0, 6.0, 4.0, 5.0]
0.00785708427429, [2.0, 1.0, 13.0, 10.0, 11.0, 9.0, 8.0, 7.0, 12.0, 3.0, 14.0, 6.0, 4.0, 5.0]
0.0106320381165, [2.0, 1.0, 13.0, 10.0, 11.0, 9.0, 7.0, 8.0, 12.0, 3.0, 14.0, 6.0, 4.0, 5.0]
0.0135219097137, [2.0, 1.0, 13.0, 6.0, 14.0, 3.0, 12.0, 8.0, 7.0, 9.0, 11.0, 10.0, 4.0, 5.0]
0.0164549350739, [2.0, 1.0, 13.0, 3.0, 14.0, 6.0, 12.0, 8.0, 7.0, 9.0, 11.0, 10.0, 4.0, 5.0]
0.0189960002899, [2.0, 1.0, 13.0, 3.0, 6.0, 14.0, 12.0, 8.0, 7.0, 9.0, 11.0, 10.0, 4.0, 5.0]
0.0216100215912, [2.0, 1.0, 13.0, 3.0, 6.0, 14.0, 12.0, 8.0, 7.0, 10.0, 11.0, 9.0, 4.0, 5.0]
0.0242390632629, [2.0, 1.0, 13.0, 3.0, 6.0, 14.0, 12.0, 7.0, 8.0, 10.0, 11.0, 9.0, 4.0, 5.0]
0.0267210006714, [2.0, 1.0, 13.0, 3.0, 6.0, 14.0, 12.0, 11.0, 10.0, 8.0, 7.0, 9.0, 4.0, 5.0]
0.0293099880219, [2.0, 1.0, 13.0, 3.0, 6.0, 10.0, 11.0, 12.0, 14.0, 8.0, 7.0, 9.0, 4.0, 5.0]
0.0322470664978, [2.0, 1.0, 13.0, 3.0, 6.0, 10.0, 14.0, 12.0, 11.0, 8.0, 7.0, 9.0, 4.0, 5.0]
0.050882101059, [2.0, 1.0, 13.0, 3.0, 7.0, 8.0, 11.0, 12.0, 14.0, 10.0, 6.0, 9.0, 4.0, 5.0]
0.0529310703278, [2.0, 1.0, 13.0, 6.0, 10.0, 14.0, 12.0, 11.0, 8.0, 7.0, 3.0, 9.0, 4.0, 5.0]
0.0549349784851, [2.0, 1.0, 13.0, 6.0, 10.0, 14.0, 11.0, 12.0, 8.0, 7.0, 3.0, 9.0, 4.0, 5.0]
0.0570149421692, [2.0, 6.0, 13.0, 1.0, 10.0, 14.0, 11.0, 12.0, 8.0, 7.0, 3.0, 9.0, 4.0, 5.0]
0.0589230060577, [2.0, 8.0, 12.0, 11.0, 14.0, 10.0, 1.0, 13.0, 6.0, 7.0, 3.0, 9.0, 4.0, 5.0]
0.060802936554, [2.0, 8.0, 12.0, 11.0, 14.0, 9.0, 3.0, 7.0, 6.0, 13.0, 1.0, 10.0, 4.0, 5.0]
0.0628390312195, [2.0, 8.0, 12.0, 11.0, 14.0, 9.0, 3.0, 7.0, 13.0, 6.0, 1.0, 10.0, 4.0, 5.0]
0.0647070407867, [2.0, 12.0, 8.0, 11.0, 14.0, 9.0, 3.0, 7.0, 13.0, 6.0, 1.0, 10.0, 4.0, 5.0]
0.0666160583496, [2.0, 14.0, 11.0, 8.0, 12.0, 9.0, 3.0, 7.0, 13.0, 6.0, 1.0, 10.0, 4.0, 5.0]
0.0685811042786, [2.0, 14.0, 11.0, 8.0, 12.0, 9.0, 3.0, 7.0, 13.0, 6.0, 1.0, 10.0, 4.0, 5.0]
0.0704879760742, [2.0, 14.0, 11.0, 8.0, 12.0, 9.0, 3.0, 7.0, 13.0, 6.0, 1.0, 10.0, 4.0, 5.0]
0.0724251270294, [2.0, 14.0, 11.0, 8.0, 1.0, 6.0, 13.0, 7.0, 3.0, 9.0, 12.0, 10.0, 4.0, 5.0]
0.0744149684906, [2.0, 14.0, 11.0, 8.0, 1.0, 6.0, 13.0, 7.0, 3.0, 10.0, 12.0, 9.0, 4.0, 5.0]
0.0763070583344, [2.0, 14.0, 11.0, 8.0, 1.0, 13.0, 6.0, 7.0, 3.0, 10.0, 12.0, 9.0, 4.0, 5.0]
0.078164100647, [2.0, 14.0, 11.0, 8.0, 1.0, 13.0, 6.0, 7.0, 12.0, 10.0, 3.0, 9.0, 4.0, 5.0]
0.0800490379333, [2.0, 14.0, 11.0, 1.0, 8.0, 13.0, 6.0, 7.0, 12.0, 10.0, 3.0, 9.0, 4.0, 5.0]
0.0818910598755, [2.0, 14.0, 11.0, 1.0, 8.0, 13.0, 6.0, 3.0, 10.0, 12.0, 7.0, 9.0, 4.0, 5.0]
0.0837590694427, [2.0, 14.0, 6.0, 13.0, 8.0, 1.0, 11.0, 3.0, 10.0, 12.0, 7.0, 9.0, 4.0, 5.0]
0.0991821289062, [2.0, 14.0, 6.0, 13.0, 8.0, 3.0, 11.0, 1.0, 10.0, 12.0, 7.0, 9.0, 4.0, 5.0]
0.101167917252, [2.0, 14.0, 6.0, 13.0, 8.0, 7.0, 12.0, 10.0, 1.0, 11.0, 3.0, 9.0, 4.0, 5.0]
0.103084087372, [2.0, 14.0, 6.0, 13.0, 8.0, 7.0, 12.0, 10.0, 9.0, 3.0, 11.0, 1.0, 4.0, 5.0]
0.105015039444, [2.0, 14.0, 6.0, 13.0, 8.0, 7.0, 12.0, 10.0, 9.0, 3.0, 11.0, 1.0, 4.0, 5.0]
0.106867074966, [2.0, 10.0, 12.0, 7.0, 8.0, 13.0, 6.0, 14.0, 9.0, 3.0, 11.0, 1.0, 4.0, 5.0]
0.108783006668, [2.0, 10.0, 12.0, 7.0, 8.0, 6.0, 13.0, 14.0, 9.0, 3.0, 11.0, 1.0, 4.0, 5.0]
0.11066198349, [2.0, 10.0, 12.0, 7.0, 8.0, 1.0, 11.0, 3.0, 9.0, 14.0, 13.0, 6.0, 4.0, 5.0]
0.112623929977, [2.0, 10.0, 12.0, 7.0, 8.0, 1.0, 11.0, 3.0, 14.0, 9.0, 13.0, 6.0, 4.0, 5.0]
0.114800930023, [2.0, 10.0, 12.0, 7.0, 8.0, 1.0, 9.0, 14.0, 3.0, 11.0, 13.0, 6.0, 4.0, 5.0]
0.116779088974, [2.0, 10.0, 12.0, 7.0, 8.0, 1.0, 3.0, 14.0, 9.0, 11.0, 13.0, 6.0, 4.0, 5.0]
0.118751049042, [2.0, 10.0, 12.0, 7.0, 8.0, 1.0, 3.0, 14.0, 9.0, 11.0, 13.0, 6.0, 4.0, 5.0]
0.12074303627, [2.0, 10.0, 12.0, 7.0, 8.0, 14.0, 3.0, 1.0, 9.0, 11.0, 13.0, 6.0, 4.0, 5.0]
0.122632026672, [2.0, 8.0, 7.0, 12.0, 10.0, 14.0, 3.0, 1.0, 9.0, 11.0, 13.0, 6.0, 4.0, 5.0]
0.124573945999, [2.0, 8.0, 7.0, 9.0, 1.0, 3.0, 14.0, 10.0, 12.0, 11.0, 13.0, 6.0, 4.0, 5.0]
0.126806020737, [2.0, 8.0, 3.0, 1.0, 9.0, 7.0, 14.0, 10.0, 12.0, 11.0, 13.0, 6.0, 4.0, 5.0]
0.128811120987, [2.0, 12.0, 10.0, 14.0, 7.0, 9.0, 1.0, 3.0, 8.0, 11.0, 13.0, 6.0, 4.0, 5.0]
0.130825042725, [2.0, 12.0, 10.0, 14.0, 7.0, 9.0, 1.0, 8.0, 3.0, 11.0, 13.0, 6.0, 4.0, 5.0]
0.151149988174, [2.0, 12.0, 10.0, 14.0, 7.0, 11.0, 3.0, 8.0, 1.0, 9.0, 13.0, 6.0, 4.0, 5.0]
0.153808116913, [2.0, 12.0, 10.0, 14.0, 7.0, 11.0, 3.0, 8.0, 1.0, 9.0, 13.0, 6.0, 4.0, 5.0]
0.15620803833, [2.0, 12.0, 10.0, 11.0, 7.0, 14.0, 3.0, 8.0, 1.0, 9.0, 13.0, 6.0, 4.0, 5.0]
0.158360958099, [2.0, 12.0, 10.0, 11.0, 7.0, 3.0, 14.0, 8.0, 1.0, 9.0, 13.0, 6.0, 4.0, 5.0]
0.16032409668, [2.0, 12.0, 10.0, 3.0, 7.0, 11.0, 14.0, 8.0, 1.0, 9.0, 13.0, 6.0, 4.0, 5.0]
0.162377119064, [2.0, 12.0, 10.0, 7.0, 3.0, 11.0, 14.0, 8.0, 1.0, 9.0, 13.0, 6.0, 4.0, 5.0]
0.164334058762, [2.0, 12.0, 7.0, 10.0, 3.0, 11.0, 14.0, 8.0, 1.0, 9.0, 13.0, 6.0, 4.0, 5.0]
0.166304111481, [2.0, 12.0, 1.0, 8.0, 14.0, 11.0, 3.0, 10.0, 7.0, 9.0, 13.0, 6.0, 4.0, 5.0]
0.168365001678, [2.0, 12.0, 13.0, 9.0, 7.0, 10.0, 3.0, 11.0, 14.0, 8.0, 1.0, 6.0, 4.0, 5.0]
0.170382022858, [2.0, 9.0, 13.0, 12.0, 7.0, 10.0, 3.0, 11.0, 14.0, 8.0, 1.0, 6.0, 4.0, 5.0]
0.172392129898, [2.0, 9.0, 13.0, 12.0, 6.0, 1.0, 8.0, 14.0, 11.0, 3.0, 10.0, 7.0, 4.0, 5.0]
0.174412965775, [2.0, 9.0, 14.0, 8.0, 1.0, 6.0, 12.0, 13.0, 11.0, 3.0, 10.0, 7.0, 4.0, 5.0]
0.176420927048, [2.0, 9.0, 14.0, 8.0, 1.0, 6.0, 12.0, 13.0, 11.0, 3.0, 10.0, 7.0, 4.0, 5.0]
0.178645133972, [2.0, 9.0, 14.0, 8.0, 1.0, 12.0, 6.0, 13.0, 11.0, 3.0, 10.0, 7.0, 4.0, 5.0]
0.180763959885, [2.0, 9.0, 14.0, 8.0, 1.0, 12.0, 6.0, 13.0, 11.0, 3.0, 10.0, 7.0, 4.0, 5.0]
0.182809114456, [2.0, 9.0, 14.0, 6.0, 12.0, 1.0, 8.0, 13.0, 11.0, 3.0, 10.0, 7.0, 4.0, 5.0]
0.184792041779, [2.0, 9.0, 14.0, 1.0, 12.0, 6.0, 8.0, 13.0, 11.0, 3.0, 10.0, 7.0, 4.0, 5.0]
0.199569940567, [2.0, 9.0, 14.0, 1.0, 6.0, 12.0, 8.0, 13.0, 11.0, 3.0, 10.0, 7.0, 4.0, 5.0]
0.20180606842, [2.0, 9.0, 14.0, 1.0, 6.0, 12.0, 8.0, 7.0, 10.0, 3.0, 11.0, 13.0, 4.0, 5.0]
0.203855991364, [2.0, 9.0, 14.0, 1.0, 6.0, 11.0, 3.0, 10.0, 7.0, 8.0, 12.0, 13.0, 4.0, 5.0]
0.205991029739, [2.0, 6.0, 1.0, 14.0, 9.0, 11.0, 3.0, 10.0, 7.0, 8.0, 12.0, 13.0, 4.0, 5.0]
0.208039999008, [2.0, 6.0, 1.0, 14.0, 10.0, 3.0, 11.0, 9.0, 7.0, 8.0, 12.0, 13.0, 4.0, 5.0]
0.210111141205, [2.0, 6.0, 1.0, 14.0, 10.0, 3.0, 13.0, 12.0, 8.0, 7.0, 9.0, 11.0, 4.0, 5.0]
0.212141036987, [2.0, 13.0, 3.0, 10.0, 14.0, 1.0, 6.0, 12.0, 8.0, 7.0, 9.0, 11.0, 4.0, 5.0]
0.214460134506, [2.0, 13.0, 3.0, 10.0, 14.0, 1.0, 6.0, 8.0, 12.0, 7.0, 9.0, 11.0, 4.0, 5.0]
0.216522932053, [2.0, 13.0, 3.0, 10.0, 14.0, 1.0, 6.0, 7.0, 12.0, 8.0, 9.0, 11.0, 4.0, 5.0]
0.218558073044, [2.0, 13.0, 3.0, 10.0, 14.0, 1.0, 8.0, 12.0, 7.0, 6.0, 9.0, 11.0, 4.0, 5.0]
0.220677137375, [2.0, 13.0, 3.0, 10.0, 14.0, 1.0, 8.0, 12.0, 7.0, 6.0, 9.0, 11.0, 4.0, 5.0]
0.222646951675, [2.0, 6.0, 7.0, 12.0, 8.0, 1.0, 14.0, 10.0, 3.0, 13.0, 9.0, 11.0, 4.0, 5.0]
0.224565029144, [2.0, 14.0, 1.0, 8.0, 12.0, 7.0, 6.0, 10.0, 3.0, 13.0, 9.0, 11.0, 4.0, 5.0]
0.226612091064, [2.0, 14.0, 3.0, 10.0, 6.0, 7.0, 12.0, 8.0, 1.0, 13.0, 9.0, 11.0, 4.0, 5.0]
0.228713035583, [2.0, 14.0, 3.0, 9.0, 13.0, 1.0, 8.0, 12.0, 7.0, 6.0, 10.0, 11.0, 4.0, 5.0]
0.230617046356, [2.0, 14.0, 13.0, 9.0, 3.0, 1.0, 8.0, 12.0, 7.0, 6.0, 10.0, 11.0, 4.0, 5.0]
0.232594966888, [2.0, 14.0, 13.0, 3.0, 9.0, 1.0, 8.0, 12.0, 7.0, 6.0, 10.0, 11.0, 4.0, 5.0]
0.248861074448, [2.0, 14.0, 13.0, 10.0, 6.0, 7.0, 12.0, 8.0, 1.0, 9.0, 3.0, 11.0, 4.0, 5.0]
0.251115083694, [2.0, 14.0, 13.0, 10.0, 6.0, 7.0, 12.0, 8.0, 1.0, 9.0, 3.0, 11.0, 4.0, 5.0]
0.253163099289, [2.0, 14.0, 13.0, 10.0, 6.0, 3.0, 9.0, 1.0, 8.0, 12.0, 7.0, 11.0, 4.0, 5.0]
0.255306005478, [2.0, 14.0, 13.0, 10.0, 6.0, 3.0, 9.0, 11.0, 7.0, 12.0, 8.0, 1.0, 4.0, 5.0]
0.257452964783, [2.0, 14.0, 13.0, 10.0, 6.0, 3.0, 9.0, 11.0, 7.0, 12.0, 8.0, 1.0, 4.0, 5.0]
0.259391069412, [2.0, 11.0, 9.0, 3.0, 6.0, 10.0, 13.0, 14.0, 7.0, 12.0, 8.0, 1.0, 4.0, 5.0]
0.261505126953, [2.0, 11.0, 9.0, 8.0, 12.0, 7.0, 14.0, 13.0, 10.0, 6.0, 3.0, 1.0, 4.0, 5.0]
0.263411045074, [2.0, 11.0, 6.0, 10.0, 13.0, 14.0, 7.0, 12.0, 8.0, 9.0, 3.0, 1.0, 4.0, 5.0]
0.265506029129, [2.0, 11.0, 6.0, 10.0, 13.0, 14.0, 7.0, 12.0, 1.0, 3.0, 9.0, 8.0, 4.0, 5.0]
0.267493009567, [2.0, 13.0, 10.0, 6.0, 11.0, 14.0, 7.0, 12.0, 1.0, 3.0, 9.0, 8.0, 4.0, 5.0]
0.269504070282, [2.0, 13.0, 10.0, 6.0, 14.0, 11.0, 7.0, 12.0, 1.0, 3.0, 9.0, 8.0, 4.0, 5.0]
0.271426916122, [2.0, 13.0, 10.0, 6.0, 3.0, 1.0, 12.0, 7.0, 11.0, 14.0, 9.0, 8.0, 4.0, 5.0]
0.273385047913, [2.0, 13.0, 10.0, 6.0, 3.0, 1.0, 8.0, 9.0, 14.0, 11.0, 7.0, 12.0, 4.0, 5.0]
0.27538895607, [2.0, 13.0, 10.0, 6.0, 3.0, 1.0, 8.0, 9.0, 7.0, 11.0, 14.0, 12.0, 4.0, 5.0]
0.27739405632, [2.0, 13.0, 10.0, 7.0, 9.0, 8.0, 1.0, 3.0, 6.0, 11.0, 14.0, 12.0, 4.0, 5.0]
0.279386997223, [2.0, 13.0, 10.0, 7.0, 9.0, 8.0, 1.0, 3.0, 6.0, 11.0, 14.0, 12.0, 4.0, 5.0]
0.281374931335, [2.0, 13.0, 10.0, 7.0, 9.0, 8.0, 1.0, 3.0, 6.0, 11.0, 14.0, 12.0, 4.0, 5.0]
0.316530942917, [2.0, 13.0, 9.0, 7.0, 10.0, 8.0, 1.0, 3.0, 6.0, 11.0, 14.0, 12.0, 4.0, 5.0]
0.319198131561, [2.0, 13.0, 9.0, 7.0, 10.0, 1.0, 8.0, 3.0, 6.0, 11.0, 14.0, 12.0, 4.0, 5.0]
0.321563959122, [2.0, 8.0, 1.0, 10.0, 7.0, 9.0, 13.0, 3.0, 6.0, 11.0, 14.0, 12.0, 4.0, 5.0]
0.32377409935, [2.0, 8.0, 9.0, 7.0, 10.0, 1.0, 13.0, 3.0, 6.0, 11.0, 14.0, 12.0, 4.0, 5.0]
0.325829029083, [2.0, 8.0, 9.0, 7.0, 10.0, 1.0, 13.0, 3.0, 14.0, 11.0, 6.0, 12.0, 4.0, 5.0]
0.327913999557, [2.0, 8.0, 9.0, 7.0, 10.0, 1.0, 13.0, 3.0, 14.0, 12.0, 6.0, 11.0, 4.0, 5.0]
0.32995390892, [2.0, 8.0, 9.0, 7.0, 10.0, 1.0, 3.0, 13.0, 14.0, 12.0, 6.0, 11.0, 4.0, 5.0]
0.332175970078, [2.0, 8.0, 12.0, 14.0, 13.0, 3.0, 1.0, 10.0, 7.0, 9.0, 6.0, 11.0, 4.0, 5.0]
0.334281921387, [2.0, 8.0, 12.0, 14.0, 13.0, 3.0, 1.0, 10.0, 7.0, 9.0, 6.0, 11.0, 4.0, 5.0]
0.336293935776, [2.0, 1.0, 3.0, 13.0, 14.0, 12.0, 8.0, 10.0, 7.0, 9.0, 6.0, 11.0, 4.0, 5.0]
0.338375091553, [2.0, 1.0, 3.0, 13.0, 14.0, 12.0, 8.0, 11.0, 6.0, 9.0, 7.0, 10.0, 4.0, 5.0]
0.340369939804, [2.0, 1.0, 3.0, 13.0, 14.0, 12.0, 7.0, 9.0, 6.0, 11.0, 8.0, 10.0, 4.0, 5.0]
0.342350006104, [2.0, 12.0, 14.0, 13.0, 3.0, 1.0, 7.0, 9.0, 6.0, 11.0, 8.0, 10.0, 4.0, 5.0]
0.344358921051, [2.0, 12.0, 14.0, 13.0, 3.0, 1.0, 11.0, 6.0, 9.0, 7.0, 8.0, 10.0, 4.0, 5.0]
0.346481084824, [2.0, 12.0, 14.0, 13.0, 3.0, 9.0, 6.0, 11.0, 1.0, 7.0, 8.0, 10.0, 4.0, 5.0]
0.348639965057, [2.0, 12.0, 14.0, 13.0, 3.0, 9.0, 6.0, 11.0, 7.0, 1.0, 8.0, 10.0, 4.0, 5.0]
0.350683927536, [2.0, 12.0, 14.0, 3.0, 13.0, 9.0, 6.0, 11.0, 7.0, 1.0, 8.0, 10.0, 4.0, 5.0]
0.365041017532, [2.0, 13.0, 3.0, 14.0, 12.0, 9.0, 6.0, 11.0, 7.0, 1.0, 8.0, 10.0, 4.0, 5.0]
0.366955041885, [2.0, 12.0, 14.0, 3.0, 13.0, 9.0, 6.0, 11.0, 7.0, 1.0, 8.0, 10.0, 4.0, 5.0]
0.368916034698, [2.0, 10.0, 8.0, 1.0, 7.0, 11.0, 6.0, 9.0, 13.0, 3.0, 14.0, 12.0, 4.0, 5.0]
0.37083697319, [2.0, 11.0, 7.0, 1.0, 8.0, 10.0, 6.0, 9.0, 13.0, 3.0, 14.0, 12.0, 4.0, 5.0]
0.372753143311, [2.0, 11.0, 7.0, 1.0, 8.0, 10.0, 6.0, 12.0, 14.0, 3.0, 13.0, 9.0, 4.0, 5.0]
0.374607086182, [2.0, 11.0, 7.0, 1.0, 8.0, 9.0, 13.0, 3.0, 14.0, 12.0, 6.0, 10.0, 4.0, 5.0]
0.376528024673, [2.0, 11.0, 7.0, 1.0, 8.0, 9.0, 13.0, 3.0, 14.0, 12.0, 6.0, 10.0, 4.0, 5.0]
0.378346920013, [2.0, 11.0, 7.0, 1.0, 8.0, 9.0, 13.0, 3.0, 14.0, 10.0, 6.0, 12.0, 4.0, 5.0]
0.380151987076, [2.0, 11.0, 7.0, 1.0, 8.0, 14.0, 3.0, 13.0, 9.0, 10.0, 6.0, 12.0, 4.0, 5.0]
0.381977081299, [2.0, 11.0, 8.0, 1.0, 7.0, 14.0, 3.0, 13.0, 9.0, 10.0, 6.0, 12.0, 4.0, 5.0]
0.383861064911, [2.0, 11.0, 8.0, 1.0, 7.0, 14.0, 6.0, 10.0, 9.0, 13.0, 3.0, 12.0, 4.0, 5.0]
0.385746955872, [2.0, 11.0, 8.0, 3.0, 13.0, 9.0, 10.0, 6.0, 14.0, 7.0, 1.0, 12.0, 4.0, 5.0]
0.387732028961, [2.0, 11.0, 8.0, 3.0, 13.0, 9.0, 10.0, 6.0, 14.0, 7.0, 1.0, 12.0, 4.0, 5.0]
0.389629125595, [2.0, 11.0, 8.0, 3.0, 13.0, 7.0, 14.0, 6.0, 10.0, 9.0, 1.0, 12.0, 4.0, 5.0]
0.391484022141, [2.0, 11.0, 8.0, 3.0, 13.0, 7.0, 14.0, 6.0, 10.0, 12.0, 1.0, 9.0, 4.0, 5.0]
0.393433094025, [2.0, 11.0, 8.0, 12.0, 10.0, 6.0, 14.0, 7.0, 13.0, 3.0, 1.0, 9.0, 4.0, 5.0]
0.395308971405, [2.0, 11.0, 8.0, 12.0, 10.0, 6.0, 14.0, 7.0, 13.0, 3.0, 1.0, 9.0, 4.0, 5.0]
0.397247076035, [2.0, 13.0, 7.0, 14.0, 6.0, 10.0, 12.0, 8.0, 11.0, 3.0, 1.0, 9.0, 4.0, 5.0]
0.415805101395, [2.0, 11.0, 8.0, 12.0, 10.0, 6.0, 14.0, 7.0, 13.0, 3.0, 1.0, 9.0, 4.0, 5.0]
0.417891025543, [2.0, 11.0, 8.0, 3.0, 13.0, 7.0, 14.0, 6.0, 10.0, 12.0, 1.0, 9.0, 4.0, 5.0]
0.419981956482, [2.0, 11.0, 8.0, 3.0, 13.0, 7.0, 12.0, 10.0, 6.0, 14.0, 1.0, 9.0, 4.0, 5.0]
0.422089099884, [2.0, 11.0, 13.0, 3.0, 8.0, 7.0, 12.0, 10.0, 6.0, 14.0, 1.0, 9.0, 4.0, 5.0]
0.424067020416, [2.0, 11.0, 13.0, 3.0, 8.0, 14.0, 6.0, 10.0, 12.0, 7.0, 1.0, 9.0, 4.0, 5.0]
0.426059961319, [2.0, 11.0, 13.0, 9.0, 1.0, 7.0, 12.0, 10.0, 6.0, 14.0, 8.0, 3.0, 4.0, 5.0]
0.427961111069, [2.0, 8.0, 14.0, 6.0, 10.0, 12.0, 7.0, 1.0, 9.0, 13.0, 11.0, 3.0, 4.0, 5.0]
0.429887056351, [2.0, 8.0, 14.0, 6.0, 10.0, 1.0, 7.0, 12.0, 9.0, 13.0, 11.0, 3.0, 4.0, 5.0]
0.431788921356, [2.0, 8.0, 14.0, 6.0, 3.0, 11.0, 13.0, 9.0, 12.0, 7.0, 1.0, 10.0, 4.0, 5.0]
0.433738946915, [2.0, 8.0, 14.0, 11.0, 3.0, 6.0, 13.0, 9.0, 12.0, 7.0, 1.0, 10.0, 4.0, 5.0]
0.435682058334, [2.0, 8.0, 14.0, 11.0, 3.0, 6.0, 13.0, 7.0, 12.0, 9.0, 1.0, 10.0, 4.0, 5.0]
0.437554121017, [2.0, 10.0, 1.0, 9.0, 12.0, 7.0, 13.0, 6.0, 3.0, 11.0, 14.0, 8.0, 4.0, 5.0]
0.439450979233, [2.0, 13.0, 7.0, 12.0, 9.0, 1.0, 10.0, 6.0, 3.0, 11.0, 14.0, 8.0, 4.0, 5.0]
0.441313028336, [2.0, 13.0, 7.0, 10.0, 1.0, 9.0, 12.0, 6.0, 3.0, 11.0, 14.0, 8.0, 4.0, 5.0]
0.443155050278, [2.0, 13.0, 7.0, 10.0, 1.0, 9.0, 12.0, 6.0, 3.0, 8.0, 14.0, 11.0, 4.0, 5.0]
0.445079088211, [2.0, 13.0, 8.0, 3.0, 6.0, 12.0, 9.0, 1.0, 10.0, 7.0, 14.0, 11.0, 4.0, 5.0]
0.447031974792, [2.0, 13.0, 8.0, 3.0, 6.0, 11.0, 14.0, 7.0, 10.0, 1.0, 9.0, 12.0, 4.0, 5.0]
0.449130058289, [2.0, 10.0, 7.0, 14.0, 11.0, 6.0, 3.0, 8.0, 13.0, 1.0, 9.0, 12.0, 4.0, 5.0]
0.468513965607, [2.0, 10.0, 7.0, 14.0, 3.0, 6.0, 11.0, 8.0, 13.0, 1.0, 9.0, 12.0, 4.0, 5.0]
0.470580101013, [2.0, 10.0, 7.0, 14.0, 3.0, 6.0, 11.0, 8.0, 13.0, 1.0, 9.0, 12.0, 4.0, 5.0]
0.472577095032, [2.0, 10.0, 7.0, 14.0, 3.0, 6.0, 11.0, 1.0, 13.0, 8.0, 9.0, 12.0, 4.0, 5.0]
0.474605083466, [2.0, 10.0, 7.0, 14.0, 3.0, 6.0, 11.0, 8.0, 13.0, 1.0, 9.0, 12.0, 4.0, 5.0]
0.476628065109, [2.0, 10.0, 7.0, 14.0, 3.0, 6.0, 11.0, 8.0, 13.0, 1.0, 12.0, 9.0, 4.0, 5.0]
0.478667974472, [2.0, 1.0, 13.0, 8.0, 11.0, 6.0, 3.0, 14.0, 7.0, 10.0, 12.0, 9.0, 4.0, 5.0]
0.480817079544, [2.0, 1.0, 6.0, 11.0, 8.0, 13.0, 3.0, 14.0, 7.0, 10.0, 12.0, 9.0, 4.0, 5.0]
0.482912063599, [2.0, 1.0, 6.0, 11.0, 8.0, 13.0, 3.0, 14.0, 7.0, 12.0, 10.0, 9.0, 4.0, 5.0]
0.484879016876, [2.0, 1.0, 6.0, 11.0, 8.0, 13.0, 3.0, 14.0, 7.0, 12.0, 10.0, 9.0, 4.0, 5.0]
0.486953020096, [2.0, 1.0, 6.0, 11.0, 8.0, 3.0, 13.0, 14.0, 7.0, 12.0, 10.0, 9.0, 4.0, 5.0]
0.488829135895, [2.0, 1.0, 6.0, 11.0, 10.0, 12.0, 7.0, 14.0, 13.0, 3.0, 8.0, 9.0, 4.0, 5.0]
0.490749120712, [2.0, 1.0, 6.0, 11.0, 10.0, 12.0, 7.0, 14.0, 8.0, 3.0, 13.0, 9.0, 4.0, 5.0]
0.493041992188, [2.0, 1.0, 6.0, 11.0, 10.0, 12.0, 7.0, 14.0, 8.0, 13.0, 3.0, 9.0, 4.0, 5.0]
0.495060920715, [2.0, 1.0, 6.0, 11.0, 10.0, 12.0, 8.0, 14.0, 7.0, 13.0, 3.0, 9.0, 4.0, 5.0]
0.497028112411, [2.0, 1.0, 6.0, 11.0, 10.0, 12.0, 8.0, 14.0, 3.0, 13.0, 7.0, 9.0, 4.0, 5.0]
0.498933076859, [2.0, 1.0, 6.0, 11.0, 10.0, 12.0, 8.0, 14.0, 3.0, 13.0, 7.0, 9.0, 4.0, 5.0]
0.500819921494, [2.0, 1.0, 6.0, 11.0, 10.0, 12.0, 14.0, 8.0, 3.0, 13.0, 7.0, 9.0, 4.0, 5.0]
0.502682924271, [2.0, 1.0, 6.0, 11.0, 10.0, 12.0, 7.0, 13.0, 3.0, 8.0, 14.0, 9.0, 4.0, 5.0]
0.517754077911, [2.0, 1.0, 6.0, 11.0, 10.0, 12.0, 7.0, 13.0, 3.0, 8.0, 14.0, 9.0, 4.0, 5.0]
0.519838094711, [2.0, 1.0, 13.0, 7.0, 12.0, 10.0, 11.0, 6.0, 3.0, 8.0, 14.0, 9.0, 4.0, 5.0]
0.521906137466, [2.0, 1.0, 13.0, 7.0, 12.0, 10.0, 8.0, 3.0, 6.0, 11.0, 14.0, 9.0, 4.0, 5.0]
0.523926019669, [2.0, 1.0, 13.0, 7.0, 3.0, 8.0, 10.0, 12.0, 6.0, 11.0, 14.0, 9.0, 4.0, 5.0]
0.525967121124, [2.0, 1.0, 13.0, 7.0, 3.0, 8.0, 10.0, 12.0, 6.0, 11.0, 14.0, 9.0, 4.0, 5.0]
0.528038024902, [2.0, 1.0, 13.0, 3.0, 7.0, 8.0, 10.0, 12.0, 6.0, 11.0, 14.0, 9.0, 4.0, 5.0]
0.530034065247, [2.0, 1.0, 13.0, 3.0, 7.0, 8.0, 10.0, 12.0, 6.0, 9.0, 14.0, 11.0, 4.0, 5.0]
0.532078027725, [2.0, 1.0, 7.0, 3.0, 13.0, 8.0, 10.0, 12.0, 6.0, 9.0, 14.0, 11.0, 4.0, 5.0]
0.534096956253, [2.0, 1.0, 7.0, 3.0, 13.0, 8.0, 10.0, 12.0, 6.0, 9.0, 14.0, 11.0, 4.0, 5.0]
0.536247968674, [2.0, 1.0, 7.0, 3.0, 13.0, 8.0, 10.0, 12.0, 6.0, 9.0, 14.0, 11.0, 4.0, 5.0]
0.538223028183, [2.0, 1.0, 7.0, 11.0, 14.0, 9.0, 6.0, 12.0, 10.0, 8.0, 13.0, 3.0, 4.0, 5.0]
0.540287017822, [2.0, 1.0, 3.0, 13.0, 8.0, 10.0, 12.0, 6.0, 9.0, 14.0, 11.0, 7.0, 4.0, 5.0]
0.542269945145, [2.0, 10.0, 8.0, 13.0, 3.0, 1.0, 12.0, 6.0, 9.0, 14.0, 11.0, 7.0, 4.0, 5.0]
0.544245958328, [2.0, 11.0, 14.0, 9.0, 6.0, 12.0, 1.0, 3.0, 13.0, 8.0, 10.0, 7.0, 4.0, 5.0]
0.546251058578, [2.0, 11.0, 14.0, 10.0, 8.0, 13.0, 3.0, 1.0, 12.0, 6.0, 9.0, 7.0, 4.0, 5.0]
0.548351049423, [2.0, 11.0, 14.0, 10.0, 8.0, 13.0, 7.0, 9.0, 6.0, 12.0, 1.0, 3.0, 4.0, 5.0]
0.550308942795, [2.0, 11.0, 14.0, 10.0, 8.0, 13.0, 7.0, 9.0, 1.0, 12.0, 6.0, 3.0, 4.0, 5.0]
0.567800045013, [2.0, 11.0, 14.0, 10.0, 8.0, 13.0, 7.0, 9.0, 1.0, 12.0, 6.0, 3.0, 4.0, 5.0]
0.569858074188, [2.0, 11.0, 14.0, 10.0, 8.0, 13.0, 7.0, 9.0, 1.0, 12.0, 6.0, 3.0, 4.0, 5.0]
0.571888923645, [2.0, 11.0, 10.0, 14.0, 8.0, 13.0, 7.0, 9.0, 1.0, 12.0, 6.0, 3.0, 4.0, 5.0]
0.57400393486, [2.0, 11.0, 8.0, 14.0, 10.0, 13.0, 7.0, 9.0, 1.0, 12.0, 6.0, 3.0, 4.0, 5.0]
0.57605099678, [2.0, 11.0, 8.0, 14.0, 10.0, 13.0, 6.0, 12.0, 1.0, 9.0, 7.0, 3.0, 4.0, 5.0]
0.577968120575, [2.0, 14.0, 8.0, 11.0, 10.0, 13.0, 6.0, 12.0, 1.0, 9.0, 7.0, 3.0, 4.0, 5.0]
0.580112934113, [2.0, 14.0, 8.0, 12.0, 6.0, 13.0, 10.0, 11.0, 1.0, 9.0, 7.0, 3.0, 4.0, 5.0]
0.582126140594, [2.0, 14.0, 8.0, 12.0, 6.0, 13.0, 10.0, 11.0, 1.0, 9.0, 7.0, 3.0, 4.0, 5.0]
0.584070920944, [2.0, 13.0, 6.0, 12.0, 8.0, 14.0, 10.0, 11.0, 1.0, 9.0, 7.0, 3.0, 4.0, 5.0]
0.586091995239, [2.0, 13.0, 7.0, 9.0, 1.0, 11.0, 10.0, 14.0, 8.0, 12.0, 6.0, 3.0, 4.0, 5.0]
0.588153123856, [2.0, 13.0, 7.0, 9.0, 1.0, 11.0, 3.0, 6.0, 12.0, 8.0, 14.0, 10.0, 4.0, 5.0]
0.590174913406, [2.0, 13.0, 7.0, 9.0, 1.0, 11.0, 3.0, 6.0, 12.0, 8.0, 14.0, 10.0, 4.0, 5.0]
0.592196941376, [2.0, 12.0, 6.0, 3.0, 11.0, 1.0, 9.0, 7.0, 13.0, 8.0, 14.0, 10.0, 4.0, 5.0]
0.594207048416, [2.0, 12.0, 6.0, 14.0, 8.0, 13.0, 7.0, 9.0, 1.0, 11.0, 3.0, 10.0, 4.0, 5.0]
0.596219062805, [2.0, 12.0, 6.0, 14.0, 8.0, 13.0, 7.0, 9.0, 11.0, 1.0, 3.0, 10.0, 4.0, 5.0]
0.598360061646, [2.0, 12.0, 10.0, 3.0, 1.0, 11.0, 9.0, 7.0, 13.0, 8.0, 14.0, 6.0, 4.0, 5.0]
0.600395917892, [2.0, 9.0, 11.0, 1.0, 3.0, 10.0, 12.0, 7.0, 13.0, 8.0, 14.0, 6.0, 4.0, 5.0]
0.602350950241, [2.0, 9.0, 11.0, 1.0, 3.0, 10.0, 12.0, 14.0, 8.0, 13.0, 7.0, 6.0, 4.0, 5.0]
0.616926908493, [2.0, 10.0, 3.0, 1.0, 11.0, 9.0, 12.0, 14.0, 8.0, 13.0, 7.0, 6.0, 4.0, 5.0]
0.619163036346, [2.0, 10.0, 3.0, 1.0, 11.0, 9.0, 13.0, 8.0, 14.0, 12.0, 7.0, 6.0, 4.0, 5.0]
0.621257066727, [2.0, 10.0, 14.0, 8.0, 13.0, 9.0, 11.0, 1.0, 3.0, 12.0, 7.0, 6.0, 4.0, 5.0]
0.623274087906, [2.0, 10.0, 14.0, 8.0, 13.0, 9.0, 11.0, 1.0, 3.0, 12.0, 7.0, 6.0, 4.0, 5.0]
0.625303983688, [2.0, 10.0, 14.0, 8.0, 7.0, 12.0, 3.0, 1.0, 11.0, 9.0, 13.0, 6.0, 4.0, 5.0]
0.627300977707, [2.0, 10.0, 14.0, 8.0, 7.0, 12.0, 3.0, 1.0, 11.0, 9.0, 13.0, 6.0, 4.0, 5.0]
0.629252910614, [2.0, 10.0, 14.0, 8.0, 7.0, 12.0, 3.0, 13.0, 9.0, 11.0, 1.0, 6.0, 4.0, 5.0]
0.631247997284, [2.0, 10.0, 14.0, 8.0, 7.0, 12.0, 3.0, 13.0, 9.0, 11.0, 1.0, 6.0, 4.0, 5.0]
0.633261919022, [2.0, 10.0, 14.0, 12.0, 7.0, 8.0, 3.0, 13.0, 9.0, 11.0, 1.0, 6.0, 4.0, 5.0]
0.635298967361, [2.0, 10.0, 14.0, 12.0, 8.0, 7.0, 3.0, 13.0, 9.0, 11.0, 1.0, 6.0, 4.0, 5.0]
0.637298107147, [2.0, 10.0, 14.0, 12.0, 8.0, 7.0, 9.0, 13.0, 3.0, 11.0, 1.0, 6.0, 4.0, 5.0]
0.639289140701, [2.0, 10.0, 14.0, 12.0, 8.0, 7.0, 9.0, 13.0, 11.0, 3.0, 1.0, 6.0, 4.0, 5.0]
0.641324043274, [2.0, 11.0, 13.0, 9.0, 7.0, 8.0, 12.0, 14.0, 10.0, 3.0, 1.0, 6.0, 4.0, 5.0]
0.64346408844, [2.0, 1.0, 3.0, 10.0, 14.0, 12.0, 8.0, 7.0, 9.0, 13.0, 11.0, 6.0, 4.0, 5.0]
0.645447015762, [2.0, 1.0, 3.0, 10.0, 14.0, 12.0, 8.0, 7.0, 9.0, 13.0, 11.0, 6.0, 4.0, 5.0]
0.64751791954, [2.0, 1.0, 3.0, 6.0, 11.0, 13.0, 9.0, 7.0, 8.0, 12.0, 14.0, 10.0, 4.0, 5.0]
0.6495449543, [2.0, 13.0, 11.0, 6.0, 3.0, 1.0, 9.0, 7.0, 8.0, 12.0, 14.0, 10.0, 4.0, 5.0]
0.667997121811, [2.0, 13.0, 11.0, 6.0, 3.0, 1.0, 9.0, 7.0, 8.0, 12.0, 14.0, 10.0, 4.0, 5.0]
0.670506000519, [2.0, 13.0, 11.0, 6.0, 3.0, 1.0, 9.0, 7.0, 8.0, 12.0, 14.0, 10.0, 4.0, 5.0]
0.672873973846, [2.0, 7.0, 9.0, 1.0, 3.0, 6.0, 11.0, 13.0, 8.0, 12.0, 14.0, 10.0, 4.0, 5.0]
0.674993038177, [2.0, 7.0, 10.0, 14.0, 12.0, 8.0, 13.0, 11.0, 6.0, 3.0, 1.0, 9.0, 4.0, 5.0]
0.677140951157, [2.0, 3.0, 6.0, 11.0, 13.0, 8.0, 12.0, 14.0, 10.0, 7.0, 1.0, 9.0, 4.0, 5.0]
0.679237127304, [2.0, 14.0, 12.0, 8.0, 13.0, 11.0, 6.0, 3.0, 10.0, 7.0, 1.0, 9.0, 4.0, 5.0]
0.681270122528, [2.0, 14.0, 12.0, 8.0, 13.0, 6.0, 11.0, 3.0, 10.0, 7.0, 1.0, 9.0, 4.0, 5.0]
0.683274030685, [2.0, 14.0, 12.0, 8.0, 13.0, 6.0, 7.0, 10.0, 3.0, 11.0, 1.0, 9.0, 4.0, 5.0]
0.68529510498, [2.0, 14.0, 12.0, 8.0, 13.0, 6.0, 7.0, 10.0, 3.0, 11.0, 9.0, 1.0, 4.0, 5.0]
0.687305927277, [2.0, 14.0, 12.0, 8.0, 13.0, 6.0, 7.0, 10.0, 3.0, 11.0, 9.0, 1.0, 4.0, 5.0]
0.689268112183, [2.0, 14.0, 12.0, 8.0, 13.0, 6.0, 7.0, 10.0, 3.0, 9.0, 11.0, 1.0, 4.0, 5.0]
0.691261053085, [2.0, 14.0, 12.0, 8.0, 13.0, 6.0, 7.0, 10.0, 11.0, 9.0, 3.0, 1.0, 4.0, 5.0]
0.69326710701, [2.0, 14.0, 12.0, 9.0, 11.0, 10.0, 7.0, 6.0, 13.0, 8.0, 3.0, 1.0, 4.0, 5.0]
0.695326089859, [2.0, 6.0, 7.0, 10.0, 11.0, 9.0, 12.0, 14.0, 13.0, 8.0, 3.0, 1.0, 4.0, 5.0]
0.697340965271, [2.0, 6.0, 7.0, 10.0, 11.0, 9.0, 12.0, 3.0, 8.0, 13.0, 14.0, 1.0, 4.0, 5.0]
0.699289083481, [2.0, 6.0, 7.0, 10.0, 11.0, 9.0, 12.0, 3.0, 13.0, 8.0, 14.0, 1.0, 4.0, 5.0]
0.701365947723, [2.0, 6.0, 7.0, 10.0, 11.0, 9.0, 12.0, 3.0, 13.0, 8.0, 14.0, 1.0, 4.0, 5.0]
0.718886137009, [2.0, 6.0, 7.0, 10.0, 11.0, 9.0, 12.0, 3.0, 13.0, 8.0, 14.0, 1.0, 4.0, 5.0]
0.72133898735, [2.0, 6.0, 7.0, 10.0, 11.0, 9.0, 8.0, 13.0, 3.0, 12.0, 14.0, 1.0, 4.0, 5.0]
0.723721027374, [2.0, 6.0, 7.0, 10.0, 11.0, 14.0, 12.0, 3.0, 13.0, 8.0, 9.0, 1.0, 4.0, 5.0]
0.725832939148, [2.0, 6.0, 7.0, 14.0, 11.0, 10.0, 12.0, 3.0, 13.0, 8.0, 9.0, 1.0, 4.0, 5.0]
0.727983951569, [2.0, 6.0, 7.0, 14.0, 11.0, 10.0, 12.0, 3.0, 13.0, 8.0, 9.0, 1.0, 4.0, 5.0]
0.729934930801, [2.0, 14.0, 7.0, 6.0, 11.0, 10.0, 12.0, 3.0, 13.0, 8.0, 9.0, 1.0, 4.0, 5.0]
0.732038974762, [2.0, 12.0, 10.0, 11.0, 6.0, 7.0, 14.0, 3.0, 13.0, 8.0, 9.0, 1.0, 4.0, 5.0]
0.734122037888, [2.0, 11.0, 10.0, 12.0, 6.0, 7.0, 14.0, 3.0, 13.0, 8.0, 9.0, 1.0, 4.0, 5.0]
0.736143112183, [2.0, 11.0, 10.0, 12.0, 14.0, 7.0, 6.0, 3.0, 13.0, 8.0, 9.0, 1.0, 4.0, 5.0]
0.73811006546, [2.0, 11.0, 12.0, 10.0, 14.0, 7.0, 6.0, 3.0, 13.0, 8.0, 9.0, 1.0, 4.0, 5.0]
0.74017906189, [2.0, 10.0, 12.0, 11.0, 14.0, 7.0, 6.0, 3.0, 13.0, 8.0, 9.0, 1.0, 4.0, 5.0]
0.74241399765, [2.0, 10.0, 12.0, 11.0, 14.0, 7.0, 6.0, 3.0, 13.0, 8.0, 9.0, 1.0, 4.0, 5.0]
0.744401931763, [2.0, 1.0, 9.0, 8.0, 13.0, 3.0, 6.0, 7.0, 14.0, 11.0, 12.0, 10.0, 4.0, 5.0]
0.746424913406, [2.0, 12.0, 11.0, 14.0, 7.0, 6.0, 3.0, 13.0, 8.0, 9.0, 1.0, 10.0, 4.0, 5.0]
0.748538970947, [2.0, 12.0, 11.0, 14.0, 7.0, 6.0, 3.0, 13.0, 8.0, 1.0, 9.0, 10.0, 4.0, 5.0]
0.750545978546, [2.0, 12.0, 11.0, 14.0, 7.0, 1.0, 8.0, 13.0, 3.0, 6.0, 9.0, 10.0, 4.0, 5.0]
0.752536058426, [2.0, 12.0, 11.0, 14.0, 7.0, 1.0, 8.0, 10.0, 9.0, 6.0, 3.0, 13.0, 4.0, 5.0]
0.767277002335, [2.0, 12.0, 11.0, 14.0, 7.0, 1.0, 8.0, 10.0, 9.0, 6.0, 3.0, 13.0, 4.0, 5.0]
0.769417047501, [2.0, 12.0, 11.0, 14.0, 7.0, 1.0, 9.0, 10.0, 8.0, 6.0, 3.0, 13.0, 4.0, 5.0]
0.771619081497, [2.0, 6.0, 8.0, 10.0, 9.0, 1.0, 7.0, 14.0, 11.0, 12.0, 3.0, 13.0, 4.0, 5.0]
0.773683071136, [2.0, 6.0, 12.0, 11.0, 14.0, 7.0, 1.0, 9.0, 10.0, 8.0, 3.0, 13.0, 4.0, 5.0]
0.77573800087, [2.0, 6.0, 1.0, 7.0, 14.0, 11.0, 12.0, 9.0, 10.0, 8.0, 3.0, 13.0, 4.0, 5.0]
0.777822971344, [2.0, 6.0, 1.0, 7.0, 14.0, 11.0, 12.0, 9.0, 10.0, 8.0, 3.0, 13.0, 4.0, 5.0]
0.779820919037, [2.0, 6.0, 1.0, 7.0, 14.0, 11.0, 12.0, 9.0, 10.0, 8.0, 3.0, 13.0, 4.0, 5.0]
0.781769990921, [2.0, 6.0, 7.0, 1.0, 14.0, 11.0, 12.0, 9.0, 10.0, 8.0, 3.0, 13.0, 4.0, 5.0]
0.783766031265, [2.0, 3.0, 8.0, 10.0, 9.0, 12.0, 11.0, 14.0, 1.0, 7.0, 6.0, 13.0, 4.0, 5.0]
0.785803079605, [2.0, 3.0, 8.0, 10.0, 9.0, 12.0, 13.0, 6.0, 7.0, 1.0, 14.0, 11.0, 4.0, 5.0]
0.787805080414, [2.0, 3.0, 8.0, 12.0, 9.0, 10.0, 13.0, 6.0, 7.0, 1.0, 14.0, 11.0, 4.0, 5.0]
0.789812088013, [2.0, 3.0, 8.0, 14.0, 1.0, 7.0, 6.0, 13.0, 10.0, 9.0, 12.0, 11.0, 4.0, 5.0]
0.791810035706, [2.0, 3.0, 8.0, 14.0, 1.0, 7.0, 6.0, 13.0, 10.0, 9.0, 12.0, 11.0, 4.0, 5.0]
0.793812036514, [2.0, 12.0, 9.0, 10.0, 13.0, 6.0, 7.0, 1.0, 14.0, 8.0, 3.0, 11.0, 4.0, 5.0]
0.795850038528, [2.0, 12.0, 9.0, 10.0, 13.0, 6.0, 7.0, 1.0, 8.0, 14.0, 3.0, 11.0, 4.0, 5.0]
0.797848939896, [2.0, 12.0, 3.0, 14.0, 8.0, 1.0, 7.0, 6.0, 13.0, 10.0, 9.0, 11.0, 4.0, 5.0]
0.79984498024, [2.0, 12.0, 3.0, 14.0, 8.0, 1.0, 7.0, 6.0, 13.0, 10.0, 9.0, 11.0, 4.0, 5.0]
0.817477941513, [2.0, 12.0, 3.0, 14.0, 8.0, 13.0, 6.0, 7.0, 1.0, 10.0, 9.0, 11.0, 4.0, 5.0]
0.819983005524, [2.0, 12.0, 3.0, 14.0, 8.0, 13.0, 9.0, 10.0, 1.0, 7.0, 6.0, 11.0, 4.0, 5.0]
0.822230100632, [2.0, 12.0, 3.0, 13.0, 8.0, 14.0, 9.0, 10.0, 1.0, 7.0, 6.0, 11.0, 4.0, 5.0]
0.824324131012, [2.0, 10.0, 9.0, 14.0, 8.0, 13.0, 3.0, 12.0, 1.0, 7.0, 6.0, 11.0, 4.0, 5.0]
0.826491117477, [2.0, 10.0, 9.0, 14.0, 8.0, 6.0, 7.0, 1.0, 12.0, 3.0, 13.0, 11.0, 4.0, 5.0]
0.828448057175, [2.0, 10.0, 9.0, 14.0, 8.0, 6.0, 7.0, 1.0, 12.0, 3.0, 13.0, 11.0, 4.0, 5.0]
0.830449104309, [2.0, 10.0, 9.0, 14.0, 8.0, 6.0, 7.0, 1.0, 12.0, 3.0, 13.0, 11.0, 4.0, 5.0]
0.832458972931, [2.0, 10.0, 9.0, 14.0, 8.0, 6.0, 7.0, 3.0, 12.0, 1.0, 13.0, 11.0, 4.0, 5.0]
0.834449052811, [2.0, 7.0, 6.0, 8.0, 14.0, 9.0, 10.0, 3.0, 12.0, 1.0, 13.0, 11.0, 4.0, 5.0]
0.836453914642, [2.0, 7.0, 6.0, 8.0, 14.0, 9.0, 10.0, 3.0, 12.0, 1.0, 13.0, 11.0, 4.0, 5.0]
0.838494062424, [2.0, 7.0, 6.0, 8.0, 1.0, 12.0, 3.0, 10.0, 9.0, 14.0, 13.0, 11.0, 4.0, 5.0]
0.840456962585, [2.0, 7.0, 6.0, 8.0, 1.0, 12.0, 3.0, 10.0, 13.0, 14.0, 9.0, 11.0, 4.0, 5.0]
0.842438936234, [2.0, 7.0, 6.0, 8.0, 1.0, 12.0, 3.0, 10.0, 13.0, 11.0, 9.0, 14.0, 4.0, 5.0]
0.844460010529, [2.0, 7.0, 6.0, 8.0, 1.0, 12.0, 3.0, 10.0, 13.0, 11.0, 9.0, 14.0, 4.0, 5.0]
0.846472978592, [2.0, 3.0, 12.0, 1.0, 8.0, 6.0, 7.0, 10.0, 13.0, 11.0, 9.0, 14.0, 4.0, 5.0]
0.848480939865, [2.0, 13.0, 10.0, 7.0, 6.0, 8.0, 1.0, 12.0, 3.0, 11.0, 9.0, 14.0, 4.0, 5.0]
0.850481987, [2.0, 13.0, 10.0, 7.0, 6.0, 8.0, 1.0, 12.0, 3.0, 11.0, 9.0, 14.0, 4.0, 5.0]
0.867180109024, [2.0, 13.0, 10.0, 7.0, 6.0, 8.0, 1.0, 12.0, 3.0, 11.0, 9.0, 14.0, 4.0, 5.0]
0.869424104691, [2.0, 13.0, 10.0, 7.0, 6.0, 8.0, 1.0, 12.0, 3.0, 11.0, 9.0, 14.0, 4.0, 5.0]
0.871590137482, [2.0, 11.0, 3.0, 12.0, 1.0, 8.0, 6.0, 7.0, 10.0, 13.0, 9.0, 14.0, 4.0, 5.0]
0.873655080795, [2.0, 9.0, 13.0, 10.0, 7.0, 6.0, 8.0, 1.0, 12.0, 3.0, 11.0, 14.0, 4.0, 5.0]
0.875793933868, [2.0, 9.0, 13.0, 3.0, 12.0, 1.0, 8.0, 6.0, 7.0, 10.0, 11.0, 14.0, 4.0, 5.0]
0.87780714035, [2.0, 9.0, 13.0, 3.0, 12.0, 7.0, 6.0, 8.0, 1.0, 10.0, 11.0, 14.0, 4.0, 5.0]
0.880101919174, [2.0, 9.0, 3.0, 13.0, 12.0, 7.0, 6.0, 8.0, 1.0, 10.0, 11.0, 14.0, 4.0, 5.0]
0.882236003876, [2.0, 9.0, 10.0, 1.0, 8.0, 6.0, 7.0, 12.0, 13.0, 3.0, 11.0, 14.0, 4.0, 5.0]
0.884370088577, [2.0, 9.0, 10.0, 6.0, 8.0, 1.0, 7.0, 12.0, 13.0, 3.0, 11.0, 14.0, 4.0, 5.0]
0.886313915253, [2.0, 9.0, 10.0, 6.0, 8.0, 14.0, 11.0, 3.0, 13.0, 12.0, 7.0, 1.0, 4.0, 5.0]
0.888378143311, [2.0, 11.0, 14.0, 8.0, 6.0, 10.0, 9.0, 3.0, 13.0, 12.0, 7.0, 1.0, 4.0, 5.0]
0.890346050262, [2.0, 11.0, 13.0, 3.0, 9.0, 10.0, 6.0, 8.0, 14.0, 12.0, 7.0, 1.0, 4.0, 5.0]
0.892184019089, [2.0, 11.0, 13.0, 3.0, 9.0, 10.0, 6.0, 1.0, 7.0, 12.0, 14.0, 8.0, 4.0, 5.0]
0.894069910049, [2.0, 11.0, 13.0, 3.0, 9.0, 10.0, 6.0, 1.0, 12.0, 7.0, 14.0, 8.0, 4.0, 5.0]
0.89603304863, [2.0, 11.0, 13.0, 3.0, 9.0, 10.0, 6.0, 1.0, 12.0, 8.0, 14.0, 7.0, 4.0, 5.0]
0.898241996765, [2.0, 11.0, 13.0, 3.0, 9.0, 10.0, 14.0, 8.0, 12.0, 1.0, 6.0, 7.0, 4.0, 5.0]
0.900219917297, [2.0, 11.0, 13.0, 3.0, 9.0, 10.0, 14.0, 8.0, 12.0, 1.0, 6.0, 7.0, 4.0, 5.0]
0.91631102562, [2.0, 11.0, 13.0, 3.0, 12.0, 8.0, 14.0, 10.0, 9.0, 1.0, 6.0, 7.0, 4.0, 5.0]
0.919320106506, [2.0, 11.0, 13.0, 3.0, 12.0, 8.0, 14.0, 10.0, 6.0, 1.0, 9.0, 7.0, 4.0, 5.0]
0.922241926193, [2.0, 13.0, 11.0, 3.0, 12.0, 8.0, 14.0, 10.0, 6.0, 1.0, 9.0, 7.0, 4.0, 5.0]
0.924471139908, [2.0, 13.0, 11.0, 6.0, 10.0, 14.0, 8.0, 12.0, 3.0, 1.0, 9.0, 7.0, 4.0, 5.0]
0.92658495903, [2.0, 13.0, 11.0, 6.0, 10.0, 7.0, 9.0, 1.0, 3.0, 12.0, 8.0, 14.0, 4.0, 5.0]
0.92899107933, [2.0, 13.0, 14.0, 8.0, 12.0, 3.0, 1.0, 9.0, 7.0, 10.0, 6.0, 11.0, 4.0, 5.0]
0.931253910065, [2.0, 13.0, 14.0, 8.0, 12.0, 1.0, 3.0, 9.0, 7.0, 10.0, 6.0, 11.0, 4.0, 5.0]
0.933727025986, [2.0, 13.0, 14.0, 8.0, 12.0, 1.0, 3.0, 9.0, 6.0, 10.0, 7.0, 11.0, 4.0, 5.0]
0.935946941376, [2.0, 13.0, 14.0, 8.0, 3.0, 1.0, 12.0, 9.0, 6.0, 10.0, 7.0, 11.0, 4.0, 5.0]
0.938249111176, [2.0, 13.0, 14.0, 8.0, 11.0, 7.0, 10.0, 6.0, 9.0, 12.0, 1.0, 3.0, 4.0, 5.0]
0.940257072449, [2.0, 13.0, 14.0, 8.0, 11.0, 7.0, 10.0, 6.0, 9.0, 12.0, 3.0, 1.0, 4.0, 5.0]
0.942482948303, [2.0, 13.0, 14.0, 8.0, 11.0, 7.0, 10.0, 6.0, 3.0, 12.0, 9.0, 1.0, 4.0, 5.0]
0.944685935974, [2.0, 13.0, 14.0, 8.0, 3.0, 6.0, 10.0, 7.0, 11.0, 12.0, 9.0, 1.0, 4.0, 5.0]
0.946768045425, [2.0, 13.0, 14.0, 8.0, 3.0, 11.0, 7.0, 10.0, 6.0, 12.0, 9.0, 1.0, 4.0, 5.0]
0.948995113373, [2.0, 13.0, 14.0, 8.0, 3.0, 11.0, 7.0, 10.0, 6.0, 12.0, 9.0, 1.0, 4.0, 5.0]
0.963606119156, [2.0, 13.0, 14.0, 8.0, 3.0, 11.0, 7.0, 10.0, 6.0, 12.0, 9.0, 1.0, 4.0, 5.0]
0.96578502655, [2.0, 13.0, 14.0, 8.0, 3.0, 11.0, 7.0, 10.0, 6.0, 12.0, 9.0, 1.0, 4.0, 5.0]
0.967803955078, [2.0, 13.0, 14.0, 8.0, 3.0, 11.0, 7.0, 10.0, 6.0, 12.0, 9.0, 1.0, 4.0, 5.0]
0.969944000244, [2.0, 13.0, 14.0, 8.0, 3.0, 11.0, 7.0, 10.0, 6.0, 12.0, 9.0, 1.0, 4.0, 5.0]
0.972197055817, [2.0, 13.0, 14.0, 8.0, 3.0, 11.0, 7.0, 10.0, 6.0, 12.0, 9.0, 1.0, 4.0, 5.0]
0.974232912064, [2.0, 13.0, 14.0, 8.0, 3.0, 1.0, 9.0, 12.0, 6.0, 10.0, 7.0, 11.0, 4.0, 5.0]
0.976109981537, [2.0, 7.0, 10.0, 6.0, 12.0, 9.0, 1.0, 3.0, 8.0, 14.0, 13.0, 11.0, 4.0, 5.0]
0.977993965149, [2.0, 7.0, 10.0, 6.0, 12.0, 9.0, 1.0, 3.0, 11.0, 13.0, 14.0, 8.0, 4.0, 5.0]
0.979947090149, [2.0, 7.0, 10.0, 6.0, 12.0, 1.0, 9.0, 3.0, 11.0, 13.0, 14.0, 8.0, 4.0, 5.0]
0.981939077377, [2.0, 7.0, 10.0, 6.0, 12.0, 1.0, 14.0, 13.0, 11.0, 3.0, 9.0, 8.0, 4.0, 5.0]
0.983794927597, [2.0, 10.0, 7.0, 6.0, 12.0, 1.0, 14.0, 13.0, 11.0, 3.0, 9.0, 8.0, 4.0, 5.0]
0.985644102097, [2.0, 10.0, 7.0, 12.0, 6.0, 1.0, 14.0, 13.0, 11.0, 3.0, 9.0, 8.0, 4.0, 5.0]
0.987617969513, [2.0, 10.0, 7.0, 12.0, 11.0, 13.0, 14.0, 1.0, 6.0, 3.0, 9.0, 8.0, 4.0, 5.0]
0.9894759655, [2.0, 10.0, 7.0, 12.0, 11.0, 13.0, 14.0, 1.0, 6.0, 9.0, 3.0, 8.0, 4.0, 5.0]
0.991363048553, [2.0, 10.0, 7.0, 12.0, 11.0, 13.0, 14.0, 1.0, 6.0, 3.0, 9.0, 8.0, 4.0, 5.0]
0.993232965469, [2.0, 10.0, 7.0, 12.0, 11.0, 1.0, 14.0, 13.0, 6.0, 3.0, 9.0, 8.0, 4.0, 5.0]
0.995085954666, [2.0, 3.0, 6.0, 13.0, 14.0, 1.0, 11.0, 12.0, 7.0, 10.0, 9.0, 8.0, 4.0, 5.0]
0.996935129166, [2.0, 3.0, 6.0, 13.0, 14.0, 1.0, 11.0, 7.0, 12.0, 10.0, 9.0, 8.0, 4.0, 5.0]
1.01689696312, [2.0, 3.0, 6.0, 13.0, 14.0, 1.0, 11.0, 7.0, 10.0, 12.0, 9.0, 8.0, 4.0, 5.0]
1.01949810982, [2.0, 3.0, 6.0, 8.0, 9.0, 12.0, 10.0, 7.0, 11.0, 1.0, 14.0, 13.0, 4.0, 5.0]
1.0218770504, [2.0, 3.0, 6.0, 8.0, 7.0, 10.0, 12.0, 9.0, 11.0, 1.0, 14.0, 13.0, 4.0, 5.0]
1.02408003807, [2.0, 3.0, 6.0, 8.0, 7.0, 10.0, 12.0, 9.0, 11.0, 1.0, 14.0, 13.0, 4.0, 5.0]
1.0261220932, [2.0, 3.0, 6.0, 8.0, 7.0, 10.0, 11.0, 9.0, 12.0, 1.0, 14.0, 13.0, 4.0, 5.0]
1.02822494507, [2.0, 13.0, 14.0, 1.0, 12.0, 9.0, 11.0, 10.0, 7.0, 8.0, 6.0, 3.0, 4.0, 5.0]
1.03022098541, [2.0, 13.0, 14.0, 1.0, 12.0, 9.0, 11.0, 10.0, 7.0, 8.0, 6.0, 3.0, 4.0, 5.0]
1.03230810165, [2.0, 7.0, 10.0, 11.0, 9.0, 12.0, 1.0, 14.0, 13.0, 8.0, 6.0, 3.0, 4.0, 5.0]
1.03430294991, [2.0, 7.0, 10.0, 11.0, 9.0, 12.0, 1.0, 3.0, 6.0, 8.0, 13.0, 14.0, 4.0, 5.0]
1.03630614281, [2.0, 7.0, 10.0, 11.0, 9.0, 12.0, 13.0, 8.0, 6.0, 3.0, 1.0, 14.0, 4.0, 5.0]
1.03858995438, [2.0, 7.0, 10.0, 9.0, 11.0, 12.0, 13.0, 8.0, 6.0, 3.0, 1.0, 14.0, 4.0, 5.0]
1.04058694839, [2.0, 7.0, 10.0, 9.0, 11.0, 12.0, 13.0, 8.0, 6.0, 3.0, 1.0, 14.0, 4.0, 5.0]
1.04258513451, [2.0, 7.0, 10.0, 9.0, 11.0, 6.0, 8.0, 13.0, 12.0, 3.0, 1.0, 14.0, 4.0, 5.0]
1.04464292526, [2.0, 7.0, 10.0, 9.0, 11.0, 1.0, 3.0, 12.0, 13.0, 8.0, 6.0, 14.0, 4.0, 5.0]
1.04658293724, [2.0, 7.0, 10.0, 9.0, 11.0, 13.0, 12.0, 3.0, 1.0, 8.0, 6.0, 14.0, 4.0, 5.0]
1.04853606224, [2.0, 10.0, 7.0, 9.0, 11.0, 13.0, 12.0, 3.0, 1.0, 8.0, 6.0, 14.0, 4.0, 5.0]
1.06752300262, [2.0, 10.0, 7.0, 9.0, 12.0, 13.0, 11.0, 3.0, 1.0, 8.0, 6.0, 14.0, 4.0, 5.0]
1.07007312775, [2.0, 10.0, 7.0, 9.0, 12.0, 13.0, 11.0, 3.0, 14.0, 6.0, 8.0, 1.0, 4.0, 5.0]
1.07247114182, [2.0, 10.0, 7.0, 9.0, 12.0, 13.0, 1.0, 8.0, 6.0, 14.0, 3.0, 11.0, 4.0, 5.0]
1.0745780468, [2.0, 10.0, 7.0, 9.0, 12.0, 11.0, 3.0, 14.0, 6.0, 8.0, 1.0, 13.0, 4.0, 5.0]
1.07688713074, [2.0, 10.0, 7.0, 9.0, 12.0, 8.0, 6.0, 14.0, 3.0, 11.0, 1.0, 13.0, 4.0, 5.0]
1.07899594307, [2.0, 10.0, 7.0, 9.0, 11.0, 3.0, 14.0, 6.0, 8.0, 12.0, 1.0, 13.0, 4.0, 5.0]
1.08105111122, [2.0, 10.0, 7.0, 8.0, 6.0, 14.0, 3.0, 11.0, 9.0, 12.0, 1.0, 13.0, 4.0, 5.0]
1.08308005333, [2.0, 10.0, 7.0, 13.0, 1.0, 12.0, 9.0, 11.0, 3.0, 14.0, 6.0, 8.0, 4.0, 5.0]
1.08527493477, [2.0, 10.0, 7.0, 13.0, 1.0, 3.0, 11.0, 9.0, 12.0, 14.0, 6.0, 8.0, 4.0, 5.0]
1.08717799187, [2.0, 10.0, 7.0, 13.0, 1.0, 3.0, 11.0, 9.0, 12.0, 14.0, 6.0, 8.0, 4.0, 5.0]
1.08915400505, [2.0, 10.0, 7.0, 13.0, 3.0, 1.0, 11.0, 9.0, 12.0, 14.0, 6.0, 8.0, 4.0, 5.0]
1.09117293358, [2.0, 14.0, 12.0, 9.0, 11.0, 1.0, 3.0, 13.0, 7.0, 10.0, 6.0, 8.0, 4.0, 5.0]
1.09317708015, [2.0, 14.0, 12.0, 3.0, 1.0, 11.0, 9.0, 13.0, 7.0, 10.0, 6.0, 8.0, 4.0, 5.0]
1.09523105621, [2.0, 14.0, 12.0, 3.0, 7.0, 13.0, 9.0, 11.0, 1.0, 10.0, 6.0, 8.0, 4.0, 5.0]
1.09730601311, [2.0, 14.0, 12.0, 3.0, 7.0, 6.0, 10.0, 1.0, 11.0, 9.0, 13.0, 8.0, 4.0, 5.0]
1.09932899475, [2.0, 14.0, 12.0, 3.0, 1.0, 10.0, 6.0, 7.0, 11.0, 9.0, 13.0, 8.0, 4.0, 5.0]
1.1013250351, [2.0, 14.0, 12.0, 3.0, 1.0, 8.0, 13.0, 9.0, 11.0, 7.0, 6.0, 10.0, 4.0, 5.0]
1.11616611481, [2.0, 14.0, 12.0, 3.0, 1.0, 7.0, 11.0, 9.0, 13.0, 8.0, 6.0, 10.0, 4.0, 5.0]
1.1184720993, [2.0, 14.0, 12.0, 10.0, 6.0, 8.0, 13.0, 9.0, 11.0, 7.0, 1.0, 3.0, 4.0, 5.0]
1.12066602707, [2.0, 14.0, 12.0, 10.0, 6.0, 8.0, 11.0, 9.0, 13.0, 7.0, 1.0, 3.0, 4.0, 5.0]
1.12270402908, [2.0, 14.0, 12.0, 10.0, 6.0, 8.0, 11.0, 3.0, 1.0, 7.0, 13.0, 9.0, 4.0, 5.0]
1.12472200394, [2.0, 14.0, 12.0, 10.0, 6.0, 3.0, 11.0, 8.0, 1.0, 7.0, 13.0, 9.0, 4.0, 5.0]
1.12676811218, [2.0, 14.0, 12.0, 6.0, 10.0, 3.0, 11.0, 8.0, 1.0, 7.0, 13.0, 9.0, 4.0, 5.0]
1.12882113457, [2.0, 14.0, 12.0, 6.0, 10.0, 11.0, 3.0, 8.0, 1.0, 7.0, 13.0, 9.0, 4.0, 5.0]
1.13090109825, [2.0, 10.0, 6.0, 12.0, 14.0, 11.0, 3.0, 8.0, 1.0, 7.0, 13.0, 9.0, 4.0, 5.0]
1.1328690052, [2.0, 10.0, 6.0, 8.0, 3.0, 11.0, 14.0, 12.0, 1.0, 7.0, 13.0, 9.0, 4.0, 5.0]
1.13473892212, [2.0, 10.0, 14.0, 11.0, 3.0, 8.0, 6.0, 12.0, 1.0, 7.0, 13.0, 9.0, 4.0, 5.0]
1.13661909103, [2.0, 10.0, 14.0, 11.0, 3.0, 13.0, 7.0, 1.0, 12.0, 6.0, 8.0, 9.0, 4.0, 5.0]
1.13851594925, [2.0, 10.0, 14.0, 11.0, 12.0, 1.0, 7.0, 13.0, 3.0, 6.0, 8.0, 9.0, 4.0, 5.0]
1.14039897919, [2.0, 10.0, 14.0, 11.0, 12.0, 1.0, 7.0, 13.0, 3.0, 8.0, 6.0, 9.0, 4.0, 5.0]
1.14234495163, [2.0, 10.0, 14.0, 11.0, 12.0, 1.0, 7.0, 13.0, 3.0, 8.0, 6.0, 9.0, 4.0, 5.0]
1.14422106743, [2.0, 10.0, 6.0, 8.0, 3.0, 13.0, 7.0, 1.0, 12.0, 11.0, 14.0, 9.0, 4.0, 5.0]
1.14611411095, [2.0, 10.0, 6.0, 3.0, 8.0, 13.0, 7.0, 1.0, 12.0, 11.0, 14.0, 9.0, 4.0, 5.0]
1.14806103706, [2.0, 9.0, 14.0, 11.0, 12.0, 1.0, 7.0, 13.0, 8.0, 3.0, 6.0, 10.0, 4.0, 5.0]
1.16748213768, [2.0, 9.0, 14.0, 11.0, 12.0, 1.0, 7.0, 13.0, 8.0, 3.0, 6.0, 10.0, 4.0, 5.0]
1.16959214211, [2.0, 9.0, 14.0, 11.0, 12.0, 1.0, 10.0, 6.0, 3.0, 8.0, 13.0, 7.0, 4.0, 5.0]
1.17163395882, [2.0, 9.0, 14.0, 11.0, 12.0, 1.0, 10.0, 6.0, 3.0, 8.0, 13.0, 7.0, 4.0, 5.0]
1.17362213135, [2.0, 9.0, 14.0, 11.0, 12.0, 1.0, 10.0, 6.0, 3.0, 8.0, 13.0, 7.0, 4.0, 5.0]
1.1756670475, [2.0, 9.0, 14.0, 11.0, 12.0, 1.0, 10.0, 6.0, 7.0, 13.0, 8.0, 3.0, 4.0, 5.0]
1.17780303955, [2.0, 9.0, 14.0, 6.0, 10.0, 1.0, 12.0, 11.0, 7.0, 13.0, 8.0, 3.0, 4.0, 5.0]
1.17986702919, [2.0, 9.0, 14.0, 6.0, 10.0, 1.0, 12.0, 11.0, 8.0, 13.0, 7.0, 3.0, 4.0, 5.0]
1.18202996254, [2.0, 1.0, 10.0, 6.0, 14.0, 9.0, 12.0, 11.0, 8.0, 13.0, 7.0, 3.0, 4.0, 5.0]
1.184071064, [2.0, 1.0, 10.0, 12.0, 9.0, 14.0, 6.0, 11.0, 8.0, 13.0, 7.0, 3.0, 4.0, 5.0]
1.18605613708, [2.0, 1.0, 10.0, 12.0, 9.0, 14.0, 13.0, 8.0, 11.0, 6.0, 7.0, 3.0, 4.0, 5.0]
1.18807792664, [2.0, 9.0, 12.0, 10.0, 1.0, 14.0, 13.0, 8.0, 11.0, 6.0, 7.0, 3.0, 4.0, 5.0]
1.18996810913, [2.0, 9.0, 12.0, 10.0, 1.0, 14.0, 3.0, 7.0, 6.0, 11.0, 8.0, 13.0, 4.0, 5.0]
1.19181203842, [2.0, 9.0, 12.0, 14.0, 1.0, 10.0, 3.0, 7.0, 6.0, 11.0, 8.0, 13.0, 4.0, 5.0]
1.19372391701, [2.0, 9.0, 12.0, 14.0, 1.0, 10.0, 7.0, 3.0, 6.0, 11.0, 8.0, 13.0, 4.0, 5.0]
1.19557714462, [2.0, 9.0, 12.0, 14.0, 1.0, 3.0, 7.0, 10.0, 6.0, 11.0, 8.0, 13.0, 4.0, 5.0]
1.19762206078, [2.0, 12.0, 9.0, 14.0, 1.0, 3.0, 7.0, 10.0, 6.0, 11.0, 8.0, 13.0, 4.0, 5.0]
1.19958806038, [2.0, 12.0, 11.0, 6.0, 10.0, 7.0, 3.0, 1.0, 14.0, 9.0, 8.0, 13.0, 4.0, 5.0]
1.20162391663, [2.0, 12.0, 11.0, 6.0, 10.0, 7.0, 13.0, 8.0, 9.0, 14.0, 1.0, 3.0, 4.0, 5.0]
1.2177169323, [2.0, 14.0, 9.0, 8.0, 13.0, 7.0, 10.0, 6.0, 11.0, 12.0, 1.0, 3.0, 4.0, 5.0]
1.22016596794, [2.0, 14.0, 9.0, 8.0, 12.0, 11.0, 6.0, 10.0, 7.0, 13.0, 1.0, 3.0, 4.0, 5.0]
1.22240114212, [2.0, 1.0, 13.0, 7.0, 10.0, 6.0, 11.0, 12.0, 8.0, 9.0, 14.0, 3.0, 4.0, 5.0]
1.22454404831, [2.0, 1.0, 13.0, 3.0, 14.0, 9.0, 8.0, 12.0, 11.0, 6.0, 10.0, 7.0, 4.0, 5.0]
1.22658014297, [2.0, 13.0, 1.0, 3.0, 14.0, 9.0, 8.0, 12.0, 11.0, 6.0, 10.0, 7.0, 4.0, 5.0]
1.22865200043, [2.0, 13.0, 1.0, 3.0, 14.0, 6.0, 11.0, 12.0, 8.0, 9.0, 10.0, 7.0, 4.0, 5.0]
1.2307009697, [2.0, 3.0, 1.0, 13.0, 14.0, 6.0, 11.0, 12.0, 8.0, 9.0, 10.0, 7.0, 4.0, 5.0]
1.23270106316, [2.0, 3.0, 1.0, 13.0, 14.0, 11.0, 6.0, 12.0, 8.0, 9.0, 10.0, 7.0, 4.0, 5.0]
1.234623909, [2.0, 3.0, 1.0, 13.0, 14.0, 11.0, 6.0, 12.0, 8.0, 9.0, 10.0, 7.0, 4.0, 5.0]
1.23665213585, [2.0, 3.0, 1.0, 13.0, 14.0, 11.0, 6.0, 12.0, 8.0, 7.0, 10.0, 9.0, 4.0, 5.0]
1.23873400688, [2.0, 3.0, 1.0, 13.0, 14.0, 11.0, 6.0, 12.0, 8.0, 7.0, 10.0, 9.0, 4.0, 5.0]
1.24074697495, [2.0, 3.0, 1.0, 13.0, 14.0, 11.0, 6.0, 12.0, 8.0, 7.0, 10.0, 9.0, 4.0, 5.0]
1.24274897575, [2.0, 3.0, 1.0, 13.0, 14.0, 11.0, 6.0, 12.0, 8.0, 7.0, 10.0, 9.0, 4.0, 5.0]
1.24474692345, [2.0, 3.0, 1.0, 13.0, 14.0, 8.0, 12.0, 6.0, 11.0, 7.0, 10.0, 9.0, 4.0, 5.0]
1.24681210518, [2.0, 3.0, 1.0, 13.0, 14.0, 8.0, 12.0, 6.0, 11.0, 7.0, 10.0, 9.0, 4.0, 5.0]
1.24894213676, [2.0, 3.0, 1.0, 13.0, 7.0, 11.0, 6.0, 12.0, 8.0, 14.0, 10.0, 9.0, 4.0, 5.0]
1.25097608566, [2.0, 3.0, 11.0, 7.0, 13.0, 1.0, 6.0, 12.0, 8.0, 14.0, 10.0, 9.0, 4.0, 5.0]
1.2674870491, [2.0, 14.0, 8.0, 12.0, 6.0, 1.0, 13.0, 7.0, 11.0, 3.0, 10.0, 9.0, 4.0, 5.0]
1.26990914345, [2.0, 14.0, 8.0, 12.0, 6.0, 1.0, 9.0, 10.0, 3.0, 11.0, 7.0, 13.0, 4.0, 5.0]
1.27267098427, [2.0, 14.0, 8.0, 12.0, 6.0, 1.0, 9.0, 10.0, 3.0, 11.0, 7.0, 13.0, 4.0, 5.0]
1.27465105057, [2.0, 14.0, 8.0, 12.0, 11.0, 3.0, 10.0, 9.0, 1.0, 6.0, 7.0, 13.0, 4.0, 5.0]
1.27658700943, [2.0, 14.0, 8.0, 12.0, 11.0, 3.0, 9.0, 10.0, 1.0, 6.0, 7.0, 13.0, 4.0, 5.0]
1.27850604057, [2.0, 14.0, 6.0, 1.0, 10.0, 9.0, 3.0, 11.0, 12.0, 8.0, 7.0, 13.0, 4.0, 5.0]
1.28047704697, [2.0, 14.0, 12.0, 11.0, 3.0, 9.0, 10.0, 1.0, 6.0, 8.0, 7.0, 13.0, 4.0, 5.0]
1.28266692162, [2.0, 10.0, 9.0, 3.0, 11.0, 12.0, 14.0, 1.0, 6.0, 8.0, 7.0, 13.0, 4.0, 5.0]
1.28463602066, [2.0, 10.0, 9.0, 3.0, 11.0, 12.0, 13.0, 7.0, 8.0, 6.0, 1.0, 14.0, 4.0, 5.0]
1.28662204742, [2.0, 10.0, 9.0, 3.0, 11.0, 12.0, 13.0, 7.0, 8.0, 6.0, 1.0, 14.0, 4.0, 5.0]
1.28863096237, [2.0, 13.0, 12.0, 11.0, 3.0, 9.0, 10.0, 7.0, 8.0, 6.0, 1.0, 14.0, 4.0, 5.0]
1.29069113731, [2.0, 13.0, 11.0, 12.0, 3.0, 9.0, 10.0, 7.0, 8.0, 6.0, 1.0, 14.0, 4.0, 5.0]
1.29263710976, [2.0, 13.0, 10.0, 9.0, 3.0, 12.0, 11.0, 7.0, 8.0, 6.0, 1.0, 14.0, 4.0, 5.0]
1.29459095001, [2.0, 14.0, 1.0, 6.0, 8.0, 7.0, 11.0, 12.0, 3.0, 9.0, 10.0, 13.0, 4.0, 5.0]
1.29656910896, [2.0, 12.0, 11.0, 7.0, 8.0, 6.0, 1.0, 14.0, 3.0, 9.0, 10.0, 13.0, 4.0, 5.0]
1.29847598076, [2.0, 12.0, 10.0, 9.0, 3.0, 14.0, 1.0, 6.0, 8.0, 7.0, 11.0, 13.0, 4.0, 5.0]
1.30034303665, [2.0, 11.0, 7.0, 8.0, 6.0, 1.0, 14.0, 3.0, 9.0, 10.0, 12.0, 13.0, 4.0, 5.0]
1.31729793549, [2.0, 11.0, 7.0, 10.0, 9.0, 3.0, 14.0, 1.0, 6.0, 8.0, 12.0, 13.0, 4.0, 5.0]
1.31947898865, [2.0, 11.0, 7.0, 10.0, 9.0, 3.0, 14.0, 1.0, 6.0, 8.0, 13.0, 12.0, 4.0, 5.0]
1.32152605057, [2.0, 11.0, 9.0, 10.0, 7.0, 3.0, 14.0, 1.0, 6.0, 8.0, 13.0, 12.0, 4.0, 5.0]
1.32358503342, [2.0, 11.0, 9.0, 10.0, 7.0, 3.0, 14.0, 1.0, 6.0, 8.0, 13.0, 12.0, 4.0, 5.0]
1.32569098473, [2.0, 11.0, 9.0, 10.0, 6.0, 1.0, 14.0, 3.0, 7.0, 8.0, 13.0, 12.0, 4.0, 5.0]
1.32762503624, [2.0, 11.0, 9.0, 10.0, 6.0, 13.0, 8.0, 7.0, 3.0, 14.0, 1.0, 12.0, 4.0, 5.0]
1.32968211174, [2.0, 3.0, 7.0, 8.0, 13.0, 6.0, 10.0, 9.0, 11.0, 14.0, 1.0, 12.0, 4.0, 5.0]
1.33168506622, [2.0, 3.0, 7.0, 8.0, 13.0, 6.0, 10.0, 11.0, 9.0, 14.0, 1.0, 12.0, 4.0, 5.0]
1.33367800713, [2.0, 3.0, 7.0, 8.0, 13.0, 6.0, 10.0, 14.0, 9.0, 11.0, 1.0, 12.0, 4.0, 5.0]
1.33567404747, [2.0, 3.0, 7.0, 8.0, 9.0, 14.0, 10.0, 6.0, 13.0, 11.0, 1.0, 12.0, 4.0, 5.0]
1.337692976, [2.0, 3.0, 7.0, 8.0, 9.0, 13.0, 6.0, 10.0, 14.0, 11.0, 1.0, 12.0, 4.0, 5.0]
1.33965301514, [2.0, 6.0, 13.0, 9.0, 8.0, 7.0, 3.0, 10.0, 14.0, 11.0, 1.0, 12.0, 4.0, 5.0]
1.34163999557, [2.0, 6.0, 3.0, 7.0, 8.0, 9.0, 13.0, 10.0, 14.0, 11.0, 1.0, 12.0, 4.0, 5.0]
1.34363698959, [2.0, 11.0, 14.0, 10.0, 13.0, 9.0, 8.0, 7.0, 3.0, 6.0, 1.0, 12.0, 4.0, 5.0]
1.3456890583, [2.0, 11.0, 14.0, 10.0, 13.0, 9.0, 8.0, 7.0, 3.0, 6.0, 1.0, 12.0, 4.0, 5.0]
1.34767913818, [2.0, 11.0, 14.0, 10.0, 13.0, 6.0, 3.0, 7.0, 8.0, 9.0, 1.0, 12.0, 4.0, 5.0]
1.34969210625, [2.0, 11.0, 14.0, 10.0, 13.0, 6.0, 3.0, 7.0, 8.0, 9.0, 12.0, 1.0, 4.0, 5.0]
1.36690807343, [2.0, 11.0, 14.0, 10.0, 13.0, 6.0, 12.0, 9.0, 8.0, 7.0, 3.0, 1.0, 4.0, 5.0]
1.36927103996, [2.0, 11.0, 14.0, 10.0, 13.0, 6.0, 12.0, 3.0, 7.0, 8.0, 9.0, 1.0, 4.0, 5.0]
1.37138009071, [2.0, 7.0, 3.0, 12.0, 6.0, 13.0, 10.0, 14.0, 11.0, 8.0, 9.0, 1.0, 4.0, 5.0]
1.3735499382, [2.0, 7.0, 3.0, 6.0, 12.0, 13.0, 10.0, 14.0, 11.0, 8.0, 9.0, 1.0, 4.0, 5.0]
1.37572002411, [2.0, 7.0, 3.0, 14.0, 10.0, 13.0, 12.0, 6.0, 11.0, 8.0, 9.0, 1.0, 4.0, 5.0]
1.37781000137, [2.0, 7.0, 3.0, 14.0, 10.0, 13.0, 12.0, 6.0, 1.0, 9.0, 8.0, 11.0, 4.0, 5.0]
1.3798251152, [2.0, 7.0, 3.0, 14.0, 10.0, 13.0, 12.0, 1.0, 6.0, 9.0, 8.0, 11.0, 4.0, 5.0]
1.38183307648, [2.0, 7.0, 3.0, 14.0, 10.0, 12.0, 13.0, 1.0, 6.0, 9.0, 8.0, 11.0, 4.0, 5.0]
1.38384604454, [2.0, 7.0, 3.0, 14.0, 10.0, 12.0, 13.0, 11.0, 8.0, 9.0, 6.0, 1.0, 4.0, 5.0]
1.38583493233, [2.0, 7.0, 3.0, 14.0, 10.0, 12.0, 13.0, 1.0, 6.0, 9.0, 8.0, 11.0, 4.0, 5.0]
1.38782811165, [2.0, 7.0, 8.0, 9.0, 6.0, 1.0, 13.0, 12.0, 10.0, 14.0, 3.0, 11.0, 4.0, 5.0]
1.38982892036, [2.0, 7.0, 8.0, 9.0, 6.0, 12.0, 13.0, 1.0, 10.0, 14.0, 3.0, 11.0, 4.0, 5.0]
1.39181900024, [2.0, 8.0, 7.0, 9.0, 6.0, 12.0, 13.0, 1.0, 10.0, 14.0, 3.0, 11.0, 4.0, 5.0]
1.39382505417, [2.0, 8.0, 7.0, 12.0, 6.0, 9.0, 13.0, 1.0, 10.0, 14.0, 3.0, 11.0, 4.0, 5.0]
1.39582705498, [2.0, 8.0, 13.0, 9.0, 6.0, 12.0, 7.0, 1.0, 10.0, 14.0, 3.0, 11.0, 4.0, 5.0]
1.39791512489, [2.0, 8.0, 1.0, 7.0, 12.0, 6.0, 9.0, 13.0, 10.0, 14.0, 3.0, 11.0, 4.0, 5.0]
1.39997291565, [2.0, 12.0, 7.0, 1.0, 8.0, 6.0, 9.0, 13.0, 10.0, 14.0, 3.0, 11.0, 4.0, 5.0]
1.41784596443, [2.0, 12.0, 7.0, 1.0, 8.0, 13.0, 9.0, 6.0, 10.0, 14.0, 3.0, 11.0, 4.0, 5.0]
1.42002296448, [2.0, 12.0, 7.0, 1.0, 8.0, 3.0, 14.0, 10.0, 6.0, 9.0, 13.0, 11.0, 4.0, 5.0]
1.42198395729, [2.0, 8.0, 1.0, 7.0, 12.0, 3.0, 14.0, 10.0, 6.0, 9.0, 13.0, 11.0, 4.0, 5.0]
1.42387413979, [2.0, 8.0, 9.0, 6.0, 10.0, 14.0, 3.0, 12.0, 7.0, 1.0, 13.0, 11.0, 4.0, 5.0]
1.42572808266, [2.0, 13.0, 1.0, 7.0, 12.0, 3.0, 14.0, 10.0, 6.0, 9.0, 8.0, 11.0, 4.0, 5.0]
1.42758512497, [2.0, 13.0, 3.0, 12.0, 7.0, 1.0, 14.0, 10.0, 6.0, 9.0, 8.0, 11.0, 4.0, 5.0]
1.42954206467, [2.0, 13.0, 3.0, 12.0, 7.0, 1.0, 14.0, 10.0, 6.0, 9.0, 8.0, 11.0, 4.0, 5.0]
1.43156099319, [2.0, 13.0, 3.0, 12.0, 7.0, 1.0, 11.0, 8.0, 9.0, 6.0, 10.0, 14.0, 4.0, 5.0]
1.43541193008, [2.0, 13.0, 3.0, 12.0, 7.0, 1.0, 8.0, 11.0, 9.0, 6.0, 10.0, 14.0, 4.0, 5.0]
1.43789196014, [2.0, 13.0, 3.0, 12.0, 7.0, 1.0, 8.0, 11.0, 9.0, 6.0, 10.0, 14.0, 4.0, 5.0]
1.44018793106, [2.0, 13.0, 3.0, 12.0, 7.0, 11.0, 8.0, 1.0, 9.0, 6.0, 10.0, 14.0, 4.0, 5.0]
1.44230294228, [2.0, 13.0, 3.0, 6.0, 9.0, 1.0, 8.0, 11.0, 7.0, 12.0, 10.0, 14.0, 4.0, 5.0]
1.44435811043, [2.0, 13.0, 3.0, 1.0, 9.0, 6.0, 8.0, 11.0, 7.0, 12.0, 10.0, 14.0, 4.0, 5.0]
1.44636893272, [2.0, 13.0, 3.0, 1.0, 9.0, 6.0, 8.0, 11.0, 7.0, 12.0, 10.0, 14.0, 4.0, 5.0]
1.44832897186, [2.0, 13.0, 3.0, 11.0, 8.0, 6.0, 9.0, 1.0, 7.0, 12.0, 10.0, 14.0, 4.0, 5.0]
1.45032405853, [2.0, 13.0, 14.0, 10.0, 12.0, 7.0, 1.0, 9.0, 6.0, 8.0, 11.0, 3.0, 4.0, 5.0]
1.46613192558, [2.0, 11.0, 8.0, 6.0, 9.0, 1.0, 7.0, 12.0, 10.0, 14.0, 13.0, 3.0, 4.0, 5.0]
1.46847510338, [2.0, 11.0, 8.0, 14.0, 10.0, 12.0, 7.0, 1.0, 9.0, 6.0, 13.0, 3.0, 4.0, 5.0]
1.47057890892, [2.0, 12.0, 10.0, 14.0, 8.0, 11.0, 7.0, 1.0, 9.0, 6.0, 13.0, 3.0, 4.0, 5.0]
1.47266101837, [2.0, 12.0, 10.0, 14.0, 8.0, 11.0, 7.0, 1.0, 9.0, 6.0, 13.0, 3.0, 4.0, 5.0]
1.47469902039, [2.0, 12.0, 10.0, 14.0, 8.0, 11.0, 7.0, 1.0, 9.0, 3.0, 13.0, 6.0, 4.0, 5.0]
1.47672700882, [2.0, 12.0, 10.0, 14.0, 8.0, 11.0, 7.0, 1.0, 9.0, 3.0, 13.0, 6.0, 4.0, 5.0]
1.47868609428, [2.0, 12.0, 10.0, 14.0, 8.0, 11.0, 9.0, 1.0, 7.0, 3.0, 13.0, 6.0, 4.0, 5.0]
1.48074102402, [2.0, 12.0, 10.0, 9.0, 11.0, 8.0, 14.0, 1.0, 7.0, 3.0, 13.0, 6.0, 4.0, 5.0]
1.48280501366, [2.0, 12.0, 10.0, 9.0, 11.0, 8.0, 7.0, 1.0, 14.0, 3.0, 13.0, 6.0, 4.0, 5.0]
1.48512291908, [2.0, 12.0, 6.0, 13.0, 3.0, 14.0, 1.0, 7.0, 8.0, 11.0, 9.0, 10.0, 4.0, 5.0]
1.48708796501, [2.0, 12.0, 6.0, 13.0, 14.0, 3.0, 1.0, 7.0, 8.0, 11.0, 9.0, 10.0, 4.0, 5.0]
1.48910593987, [2.0, 12.0, 6.0, 13.0, 14.0, 3.0, 1.0, 7.0, 8.0, 11.0, 9.0, 10.0, 4.0, 5.0]
1.49108910561, [2.0, 12.0, 6.0, 10.0, 9.0, 11.0, 8.0, 7.0, 1.0, 3.0, 14.0, 13.0, 4.0, 5.0]
1.49311494827, [2.0, 12.0, 6.0, 10.0, 9.0, 11.0, 8.0, 7.0, 1.0, 14.0, 3.0, 13.0, 4.0, 5.0]
1.49525809288, [2.0, 12.0, 11.0, 9.0, 10.0, 6.0, 8.0, 7.0, 1.0, 14.0, 3.0, 13.0, 4.0, 5.0]
1.49728298187, [2.0, 12.0, 11.0, 13.0, 3.0, 14.0, 1.0, 7.0, 8.0, 6.0, 10.0, 9.0, 4.0, 5.0]
1.49926400185, [2.0, 13.0, 11.0, 12.0, 3.0, 14.0, 1.0, 7.0, 8.0, 6.0, 10.0, 9.0, 4.0, 5.0]
1.51905298233, [2.0, 13.0, 11.0, 12.0, 3.0, 14.0, 1.0, 7.0, 8.0, 6.0, 10.0, 9.0, 4.0, 5.0]
1.52154707909, [2.0, 13.0, 11.0, 12.0, 9.0, 10.0, 6.0, 8.0, 7.0, 1.0, 14.0, 3.0, 4.0, 5.0]
1.52383804321, [2.0, 13.0, 11.0, 12.0, 10.0, 9.0, 6.0, 8.0, 7.0, 1.0, 14.0, 3.0, 4.0, 5.0]
1.52597403526, [2.0, 13.0, 11.0, 12.0, 10.0, 7.0, 8.0, 6.0, 9.0, 1.0, 14.0, 3.0, 4.0, 5.0]
1.52814698219, [2.0, 13.0, 11.0, 12.0, 10.0, 7.0, 8.0, 6.0, 9.0, 1.0, 3.0, 14.0, 4.0, 5.0]
1.53009009361, [2.0, 13.0, 11.0, 12.0, 10.0, 7.0, 8.0, 6.0, 9.0, 1.0, 3.0, 14.0, 4.0, 5.0]
1.53209400177, [2.0, 6.0, 8.0, 7.0, 10.0, 12.0, 11.0, 13.0, 9.0, 1.0, 3.0, 14.0, 4.0, 5.0]
1.53410506248, [2.0, 6.0, 8.0, 7.0, 10.0, 14.0, 3.0, 1.0, 9.0, 13.0, 11.0, 12.0, 4.0, 5.0]
1.53611207008, [2.0, 6.0, 8.0, 7.0, 3.0, 14.0, 10.0, 1.0, 9.0, 13.0, 11.0, 12.0, 4.0, 5.0]
1.5381770134, [2.0, 6.0, 8.0, 7.0, 14.0, 3.0, 10.0, 1.0, 9.0, 13.0, 11.0, 12.0, 4.0, 5.0]
1.5402610302, [2.0, 6.0, 8.0, 7.0, 14.0, 3.0, 10.0, 13.0, 9.0, 1.0, 11.0, 12.0, 4.0, 5.0]
1.54225802422, [2.0, 6.0, 8.0, 7.0, 14.0, 3.0, 9.0, 13.0, 10.0, 1.0, 11.0, 12.0, 4.0, 5.0]
1.54425692558, [2.0, 6.0, 8.0, 7.0, 14.0, 3.0, 9.0, 13.0, 10.0, 12.0, 11.0, 1.0, 4.0, 5.0]
1.54624605179, [2.0, 6.0, 8.0, 7.0, 1.0, 11.0, 12.0, 10.0, 13.0, 9.0, 3.0, 14.0, 4.0, 5.0]
1.54819703102, [2.0, 6.0, 8.0, 7.0, 1.0, 11.0, 12.0, 10.0, 13.0, 9.0, 3.0, 14.0, 4.0, 5.0]
1.55020594597, [2.0, 6.0, 8.0, 11.0, 1.0, 7.0, 12.0, 10.0, 13.0, 9.0, 3.0, 14.0, 4.0, 5.0]
1.55218696594, [2.0, 6.0, 8.0, 3.0, 9.0, 13.0, 10.0, 12.0, 7.0, 1.0, 11.0, 14.0, 4.0, 5.0]
1.56681799889, [2.0, 6.0, 8.0, 3.0, 9.0, 11.0, 1.0, 7.0, 12.0, 10.0, 13.0, 14.0, 4.0, 5.0]
1.56895112991, [2.0, 6.0, 3.0, 8.0, 9.0, 11.0, 1.0, 7.0, 12.0, 10.0, 13.0, 14.0, 4.0, 5.0]
1.57094907761, [2.0, 6.0, 3.0, 8.0, 9.0, 11.0, 1.0, 12.0, 7.0, 10.0, 13.0, 14.0, 4.0, 5.0]
1.57308912277, [2.0, 6.0, 3.0, 8.0, 9.0, 11.0, 10.0, 7.0, 12.0, 1.0, 13.0, 14.0, 4.0, 5.0]
1.57507300377, [2.0, 6.0, 3.0, 12.0, 7.0, 10.0, 11.0, 9.0, 8.0, 1.0, 13.0, 14.0, 4.0, 5.0]
1.57716012001, [2.0, 6.0, 3.0, 12.0, 7.0, 10.0, 11.0, 13.0, 1.0, 8.0, 9.0, 14.0, 4.0, 5.0]
1.5792529583, [2.0, 6.0, 12.0, 3.0, 7.0, 10.0, 11.0, 13.0, 1.0, 8.0, 9.0, 14.0, 4.0, 5.0]
1.58130002022, [2.0, 6.0, 12.0, 3.0, 7.0, 10.0, 13.0, 11.0, 1.0, 8.0, 9.0, 14.0, 4.0, 5.0]
1.58324813843, [2.0, 6.0, 12.0, 3.0, 7.0, 14.0, 9.0, 8.0, 1.0, 11.0, 13.0, 10.0, 4.0, 5.0]
1.5852599144, [2.0, 6.0, 12.0, 3.0, 11.0, 1.0, 8.0, 9.0, 14.0, 7.0, 13.0, 10.0, 4.0, 5.0]
1.58724093437, [2.0, 6.0, 12.0, 3.0, 11.0, 1.0, 7.0, 14.0, 9.0, 8.0, 13.0, 10.0, 4.0, 5.0]
1.58924913406, [2.0, 6.0, 12.0, 3.0, 11.0, 1.0, 7.0, 8.0, 9.0, 14.0, 13.0, 10.0, 4.0, 5.0]
1.59127497673, [2.0, 6.0, 12.0, 3.0, 11.0, 9.0, 8.0, 7.0, 1.0, 14.0, 13.0, 10.0, 4.0, 5.0]
1.59328794479, [2.0, 6.0, 12.0, 8.0, 9.0, 11.0, 3.0, 7.0, 1.0, 14.0, 13.0, 10.0, 4.0, 5.0]
1.5953400135, [2.0, 6.0, 12.0, 14.0, 1.0, 7.0, 3.0, 11.0, 9.0, 8.0, 13.0, 10.0, 4.0, 5.0]
1.59735512733, [2.0, 12.0, 6.0, 14.0, 1.0, 7.0, 3.0, 11.0, 9.0, 8.0, 13.0, 10.0, 4.0, 5.0]
1.59934806824, [2.0, 12.0, 6.0, 14.0, 1.0, 7.0, 3.0, 11.0, 9.0, 8.0, 10.0, 13.0, 4.0, 5.0]
1.61805605888, [2.0, 12.0, 8.0, 9.0, 11.0, 3.0, 7.0, 1.0, 14.0, 6.0, 10.0, 13.0, 4.0, 5.0]
1.62051796913, [2.0, 12.0, 8.0, 9.0, 11.0, 3.0, 7.0, 1.0, 14.0, 6.0, 10.0, 13.0, 4.0, 5.0]
1.62275791168, [2.0, 12.0, 8.0, 9.0, 11.0, 3.0, 7.0, 1.0, 13.0, 10.0, 6.0, 14.0, 4.0, 5.0]
1.62485098839, [2.0, 12.0, 8.0, 9.0, 11.0, 3.0, 7.0, 1.0, 13.0, 6.0, 10.0, 14.0, 4.0, 5.0]
1.62697505951, [2.0, 12.0, 8.0, 9.0, 11.0, 3.0, 7.0, 1.0, 13.0, 6.0, 10.0, 14.0, 4.0, 5.0]
1.6289730072, [2.0, 12.0, 8.0, 9.0, 11.0, 3.0, 7.0, 1.0, 13.0, 6.0, 10.0, 14.0, 4.0, 5.0]
1.63104104996, [2.0, 12.0, 6.0, 13.0, 1.0, 7.0, 3.0, 11.0, 9.0, 8.0, 10.0, 14.0, 4.0, 5.0]
1.63302993774, [2.0, 12.0, 6.0, 7.0, 1.0, 13.0, 3.0, 11.0, 9.0, 8.0, 10.0, 14.0, 4.0, 5.0]
1.63502311707, [2.0, 12.0, 1.0, 7.0, 6.0, 13.0, 3.0, 11.0, 9.0, 8.0, 10.0, 14.0, 4.0, 5.0]
1.6370100975, [2.0, 12.0, 1.0, 7.0, 6.0, 13.0, 14.0, 10.0, 8.0, 9.0, 11.0, 3.0, 4.0, 5.0]
1.63896298409, [2.0, 12.0, 1.0, 7.0, 8.0, 10.0, 14.0, 13.0, 6.0, 9.0, 11.0, 3.0, 4.0, 5.0]
1.64101314545, [2.0, 3.0, 11.0, 9.0, 6.0, 13.0, 14.0, 10.0, 8.0, 7.0, 1.0, 12.0, 4.0, 5.0]
1.64306998253, [2.0, 3.0, 11.0, 10.0, 14.0, 13.0, 6.0, 9.0, 8.0, 7.0, 1.0, 12.0, 4.0, 5.0]
1.64504694939, [2.0, 11.0, 3.0, 10.0, 14.0, 13.0, 6.0, 9.0, 8.0, 7.0, 1.0, 12.0, 4.0, 5.0]
1.64707612991, [2.0, 11.0, 3.0, 10.0, 14.0, 13.0, 6.0, 9.0, 8.0, 12.0, 1.0, 7.0, 4.0, 5.0]
1.64924907684, [2.0, 11.0, 3.0, 10.0, 14.0, 13.0, 6.0, 9.0, 8.0, 1.0, 12.0, 7.0, 4.0, 5.0]
1.65135192871, [2.0, 11.0, 3.0, 10.0, 14.0, 13.0, 6.0, 9.0, 8.0, 1.0, 12.0, 7.0, 4.0, 5.0]
1.66560602188, [2.0, 11.0, 3.0, 10.0, 14.0, 13.0, 6.0, 8.0, 9.0, 1.0, 12.0, 7.0, 4.0, 5.0]
1.6675491333, [2.0, 11.0, 3.0, 10.0, 14.0, 13.0, 6.0, 1.0, 9.0, 8.0, 12.0, 7.0, 4.0, 5.0]
1.66941809654, [2.0, 11.0, 3.0, 12.0, 8.0, 9.0, 1.0, 6.0, 13.0, 14.0, 10.0, 7.0, 4.0, 5.0]
1.67129302025, [2.0, 11.0, 3.0, 14.0, 13.0, 6.0, 1.0, 9.0, 8.0, 12.0, 10.0, 7.0, 4.0, 5.0]
1.67320013046, [2.0, 11.0, 3.0, 14.0, 13.0, 6.0, 7.0, 10.0, 12.0, 8.0, 9.0, 1.0, 4.0, 5.0]
1.67513608932, [2.0, 11.0, 3.0, 14.0, 9.0, 8.0, 12.0, 10.0, 7.0, 6.0, 13.0, 1.0, 4.0, 5.0]
1.67714309692, [2.0, 11.0, 3.0, 14.0, 9.0, 8.0, 1.0, 13.0, 6.0, 7.0, 10.0, 12.0, 4.0, 5.0]
1.67902708054, [2.0, 11.0, 3.0, 14.0, 9.0, 8.0, 1.0, 13.0, 6.0, 12.0, 10.0, 7.0, 4.0, 5.0]
1.6808860302, [2.0, 11.0, 3.0, 14.0, 13.0, 1.0, 8.0, 9.0, 6.0, 12.0, 10.0, 7.0, 4.0, 5.0]
1.68282198906, [2.0, 8.0, 1.0, 13.0, 14.0, 3.0, 11.0, 9.0, 6.0, 12.0, 10.0, 7.0, 4.0, 5.0]
1.68471097946, [2.0, 12.0, 6.0, 9.0, 11.0, 3.0, 14.0, 13.0, 1.0, 8.0, 10.0, 7.0, 4.0, 5.0]
1.6865940094, [2.0, 12.0, 6.0, 9.0, 11.0, 3.0, 14.0, 13.0, 1.0, 8.0, 10.0, 7.0, 4.0, 5.0]
1.68852806091, [2.0, 12.0, 13.0, 14.0, 3.0, 11.0, 9.0, 6.0, 1.0, 8.0, 10.0, 7.0, 4.0, 5.0]
1.6905310154, [2.0, 12.0, 13.0, 14.0, 3.0, 11.0, 9.0, 6.0, 1.0, 8.0, 10.0, 7.0, 4.0, 5.0]
1.69251394272, [2.0, 12.0, 9.0, 11.0, 3.0, 14.0, 13.0, 6.0, 1.0, 8.0, 10.0, 7.0, 4.0, 5.0]
1.6944861412, [2.0, 12.0, 9.0, 11.0, 3.0, 14.0, 13.0, 6.0, 1.0, 8.0, 10.0, 7.0, 4.0, 5.0]
1.69640898705, [2.0, 12.0, 9.0, 11.0, 3.0, 14.0, 13.0, 6.0, 1.0, 8.0, 10.0, 7.0, 4.0, 5.0]
1.69848012924, [2.0, 12.0, 9.0, 11.0, 3.0, 14.0, 13.0, 6.0, 1.0, 8.0, 10.0, 7.0, 4.0, 5.0]
1.71764802933, [2.0, 6.0, 13.0, 14.0, 3.0, 11.0, 9.0, 12.0, 1.0, 8.0, 10.0, 7.0, 4.0, 5.0]
1.72009801865, [2.0, 6.0, 13.0, 14.0, 3.0, 11.0, 9.0, 12.0, 1.0, 8.0, 10.0, 7.0, 4.0, 5.0]
1.72249412537, [2.0, 6.0, 13.0, 14.0, 3.0, 1.0, 12.0, 9.0, 11.0, 8.0, 10.0, 7.0, 4.0, 5.0]
1.724599123, [2.0, 6.0, 13.0, 14.0, 3.0, 1.0, 12.0, 9.0, 11.0, 8.0, 7.0, 10.0, 4.0, 5.0]
1.72666096687, [2.0, 6.0, 13.0, 14.0, 7.0, 8.0, 11.0, 9.0, 12.0, 1.0, 3.0, 10.0, 4.0, 5.0]
1.72877502441, [2.0, 6.0, 3.0, 1.0, 12.0, 9.0, 11.0, 8.0, 7.0, 14.0, 13.0, 10.0, 4.0, 5.0]
1.73089003563, [2.0, 6.0, 3.0, 1.0, 12.0, 8.0, 11.0, 9.0, 7.0, 14.0, 13.0, 10.0, 4.0, 5.0]
