0.00146198272705, 6067
0.002769947052, 5096
0.00413393974304, 4584
0.00543093681335, 4328
0.00679802894592, 4130
0.00815892219543, 3957
0.00970387458801, 3799
0.0111169815063, 3642
0.0128319263458, 5859
0.0142328739166, 5208
0.0155289173126, 4747
0.0168318748474, 4578
0.0181500911713, 4354
0.0194239616394, 4235
0.0207829475403, 4069
0.0221209526062, 4049
0.0249738693237, 6619
0.0265429019928, 5639
0.027988910675, 4801
0.0294048786163, 4446
0.0307030677795, 4281
0.0320038795471, 4153
0.0333938598633, 4059
0.0348160266876, 3643
0.0378959178925, 5511
0.0393040180206, 4789
0.0406489372253, 4493
0.0421090126038, 4221
0.0434970855713, 3969
0.0450179576874, 3753
0.0466089248657, 3580
0.0492789745331, 6016
0.0505969524384, 5097
0.0518810749054, 4642
0.0531580448151, 4259
0.0544528961182, 4048
0.0558838844299, 3947
0.0572800636292, 3798
0.0586988925934, 3776
0.0616919994354, 6445
0.0630779266357, 5434
0.0644888877869, 4754
0.0658569335938, 4411
0.0671770572662, 4182
0.0685460567474, 3928
0.0711538791656, 6431
0.0725469589233, 5776
0.0738790035248, 5350
0.0752820968628, 5139
0.0767629146576, 4948
0.0783410072327, 4722
0.0798239707947, 4599
0.081197977066, 4367
0.0840270519257, 6766
0.0853490829468, 5741
0.0866229534149, 5110
0.0879600048065, 4690
0.0893080234528, 4385
0.0907030105591, 4181
0.0920579433441, 4120
0.0936188697815, 4075
0.0965440273285, 5887
0.0978429317474, 5152
0.0991590023041, 4469
0.100490093231, 4268
0.101899862289, 4171
0.103641986847, 4014
0.105046033859, 3951
0.106396913528, 3889
0.107740879059, 3879
0.110604047775, 6835
0.112134933472, 5849
0.113554000854, 4985
0.114948987961, 4470
0.11624288559, 4298
0.117537021637, 4142
0.118809938431, 4045
0.121659994125, 6711
0.123022079468, 5575
0.124376058578, 5123
0.125845909119, 4863
0.127295017242, 4606
0.128700971603, 4505
0.131386995316, 6931
0.132687091827, 5768
0.134132862091, 5002
0.135483026505, 4306
0.136838912964, 4052
0.138323068619, 3861
0.141047954559, 5829
0.142529964447, 5329
0.143924951553, 4859
0.145497083664, 4619
0.146874904633, 4404
0.148279905319, 4235
0.150938034058, 6844
0.152256011963, 5865
0.153574943542, 5354
0.154959917068, 4974
0.156358957291, 4700
0.157651901245, 4456
0.159128904343, 4104
0.160615921021, 4041
0.163670063019, 6939
0.165061950684, 5864
0.166408061981, 5334
0.167773008347, 4826
0.169089078903, 4582
0.170418977737, 4152
0.171752929688, 3972
0.1731300354, 3909
0.175998926163, 7036
0.17742395401, 5991
0.17900800705, 5168
0.180464982986, 4670
0.18178486824, 4478
0.183239936829, 4358
0.184596061707, 4220
0.185939073563, 4126
0.188677072525, 5982
0.190053939819, 5441
0.191403865814, 4999
0.192878961563, 4616
0.194406032562, 4406
0.196390867233, 4299
0.197788000107, 4209
0.2005879879, 6701
0.201971054077, 5477
0.203315019608, 4822
0.204699993134, 4427
0.206033945084, 4131
0.207376003265, 3902
0.208749055862, 3729
0.210156917572, 3577
0.213157892227, 7695
0.214535951614, 6611
0.215879917145, 5598
0.217194080353, 5165
0.218577861786, 4813
0.220016002655, 4481
0.221385955811, 4296
0.222763061523, 4145
0.224171876907, 4051
0.227065086365, 5945
0.228559017181, 5313
0.229997873306, 4710
0.231297969818, 4358
0.232631921768, 4138
0.23393702507, 3971
0.235256910324, 3796
0.236608028412, 3729
0.239383935928, 6853
0.240787982941, 5872
0.242182016373, 5106
0.243673086166, 4647
0.245064020157, 4456
0.246474027634, 4278
0.247891902924, 4129
0.249266862869, 4024
0.252100944519, 6636
0.253401041031, 5614
0.254721879959, 5219
0.256134986877, 4735
0.257462978363, 4387
0.25891494751, 4177
0.260346889496, 4057
0.263221025467, 6829
0.264611959457, 5675
0.265908002853, 5107
0.267196893692, 4834
0.268492937088, 4623
0.269763946533, 4500
0.272494077682, 5876
0.273877859116, 4914
0.275271892548, 4306
0.276902914047, 4055
0.278362035751, 3785
0.279804944992, 3628
0.281157970428, 3509
0.283840894699, 7662
0.285113096237, 6543
0.286511898041, 5595
0.287854909897, 4953
0.289184093475, 4584
0.290565013885, 4276
0.291974067688, 4138
0.29359793663, 4041
0.295141935349, 4001
0.298053979874, 6175
0.299406051636, 5678
0.300796985626, 5289
0.302181005478, 4859
0.303549051285, 4615
0.304934978485, 4486
0.307713031769, 7341
0.309228897095, 6202
0.310652971268, 5518
0.312048912048, 4917
0.313392877579, 4663
0.314915895462, 4409
0.316303014755, 4346
0.317658901215, 4293
0.318962097168, 4250
0.320276021957, 4195
0.323001861572, 5853
0.324349880219, 4756
0.32578587532, 4105
0.327265977859, 3973
0.328700065613, 3906
0.330092906952, 3859
0.331420898438, 3793
0.334136962891, 7431
0.335474967957, 6342
0.336822986603, 5283
0.338180065155, 4791
0.339556932449, 4371
0.340929031372, 4168
0.344002962112, 6390
0.34534907341, 5531
0.346734046936, 5031
0.348113059998, 4579
0.349426984787, 4305
0.350743055344, 4054
0.352053880692, 3881
0.353372097015, 3877
0.356127023697, 7883
0.357440948486, 6808
0.358907938004, 5818
0.360334873199, 4831
0.361765861511, 4477
0.363226890564, 4130
0.364614009857, 3834
0.365963935852, 3793
0.368668079376, 7611
0.369945049286, 6566
0.371277093887, 5676
0.37259888649, 4789
0.373925924301, 4397
0.375352859497, 4123
0.376770019531, 3949
0.379703044891, 7130
0.381088972092, 6130
0.382423877716, 5459
0.383728027344, 4841
0.385046005249, 4425
0.386363983154, 4151
0.387736082077, 3989
0.390495061874, 5920
0.39181303978, 5262
0.39327788353, 4852
0.394685983658, 4511
0.396069049835, 4227
0.397585868835, 4110
0.398962020874, 4092
0.400287866592, 4091
0.401684999466, 3920
0.404386997223, 6871
0.405719041824, 5782
0.407077074051, 4824
0.408534049988, 4452
0.410079956055, 4109
0.41149687767, 3885
0.412945985794, 3728
0.414313077927, 3579
0.415688991547, 3494
0.418407917023, 6795
0.419791936874, 6070
0.42111492157, 5459
0.422488927841, 4936
0.423841953278, 4611
0.425257921219, 4384
0.426721096039, 4300
0.429503917694, 6518
0.430775880814, 5546
0.432084083557, 4696
0.433379888535, 4214
0.434880971909, 3963
0.436342000961, 3899
0.437710046768, 3836
0.439035892487, 3775
0.441932916641, 7328
0.443495035172, 6335
0.444954872131, 5425
0.446475982666, 4575
0.447937011719, 4127
0.44929599762, 3907
0.450635910034, 3867
0.453435897827, 6133
0.454772949219, 5185
0.456150054932, 4802
0.457515001297, 4580
0.458936929703, 4351
0.460399866104, 4221
0.461772918701, 4102
0.463273048401, 4038
0.464639902115, 3985
0.465951919556, 3920
0.468697071075, 6785
0.470002889633, 5913
0.471385955811, 5181
0.472758054733, 4833
0.474057912827, 4450
0.475473880768, 4176
0.47691988945, 4025
0.478494882584, 3981
0.479944944382, 3922
0.482651948929, 6937
0.483958005905, 5849
0.485235929489, 4891
0.486667871475, 4362
0.48805308342, 4152
0.490745067596, 5349
0.492130041122, 4633
0.49361205101, 3926
0.495114088058, 3682
0.496742010117, 3408
0.499485969543, 7188
0.500818967819, 6033
0.502151012421, 5310
0.503447055817, 4739
0.504875898361, 4467
0.506242990494, 4295
0.507564067841, 4189
0.509022951126, 4137
0.511986970901, 7242
0.513396024704, 5949
0.514754056931, 5131
0.516148090363, 4601
0.517522096634, 4212
0.518863916397, 3894
0.521518945694, 5954
0.522885084152, 5055
0.524271965027, 4393
0.525726079941, 3904
0.528671979904, 6672
0.529964923859, 5578
0.531291007996, 4583
0.532621860504, 4264
0.534152984619, 4054
0.53549695015, 3809
0.536856889725, 3684
0.538270950317, 3644
0.541249990463, 7445
0.542762041092, 6452
0.544177055359, 5465
0.545597076416, 4730
0.546982049942, 4394
0.548352003098, 4120
0.549691915512, 3905
0.552371025085, 8028
0.553647994995, 6790
0.555015087128, 6014
0.556401014328, 5331
0.557708978653, 4982
0.559153079987, 4685
0.560553073883, 4482
0.561981916428, 4317
0.563549995422, 4219
0.564917087555, 4029
0.567638874054, 7086
0.568948030472, 6456
0.570251941681, 5953
0.571654081345, 5572
0.573024988174, 5327
0.574332952499, 5053
0.575824975967, 4829
0.577199935913, 4716
0.578566074371, 4663
0.579923868179, 4658
0.582889080048, 6613
0.584212064743, 5665
0.58581495285, 5187
0.587256908417, 4630
0.588595867157, 4351
0.589951038361, 4250
0.591288089752, 4186
0.592715978622, 4136
