0.00157117843628, 7450
0.00298619270325, 6283
0.00440812110901, 5468
0.00574922561646, 4936
0.00705218315125, 4491
0.0083601474762, 4103
0.00972700119019, 4009
0.0111191272736, 7155
0.0125482082367, 5992
0.0138590335846, 5013
0.0153260231018, 4785
0.0167641639709, 4605
0.0182280540466, 4425
0.0196301937103, 4348
0.0209991931915, 4324
0.023686170578, 6101
0.0250301361084, 4907
0.0263741016388, 4460
0.0278382301331, 4332
0.029256105423, 4215
0.0306150913239, 4147
0.0320661067963, 4094
0.0350461006165, 7953
0.0363471508026, 6798
0.0376760959625, 5907
0.0389702320099, 5134
0.0403010845184, 4545
0.0419239997864, 4271
0.043300151825, 4053
0.0446360111237, 3891
0.0474150180817, 6504
0.0488409996033, 5443
0.0502641201019, 4792
0.0517790317535, 4364
0.0534341335297, 4166
0.0547771453857, 4100
0.0560870170593, 4048
0.0574111938477, 3879
0.0587382316589, 3837
0.0614521503448, 6215
0.0628130435944, 5270
0.0642549991608, 4827
0.0656452178955, 4553
0.0670011043549, 4293
0.0684320926666, 4113
0.069785118103, 3940
0.071268081665, 3846
0.0739941596985, 7177
0.0754220485687, 5987
0.0767199993134, 4962
0.0781090259552, 4113
0.0794830322266, 3961
0.0808610916138, 3857
0.0837650299072, 5911
0.0853300094604, 5228
0.0867350101471, 4990
0.0880861282349, 4766
0.0894110202789, 4617
0.0907380580902, 4587
0.0921230316162, 4535
0.0948300361633, 5389
0.0962390899658, 4919
0.0975382328033, 4504
0.0990290641785, 4268
0.10049200058, 3989
0.101883172989, 3840
0.1047270298, 6877
0.106051206589, 5660
0.107372045517, 4833
0.10871219635, 4375
0.110052108765, 4026
0.111467123032, 3901
0.112813234329, 3794
0.115592002869, 6805
0.116995096207, 5507
0.118459224701, 4536
0.119932174683, 4328
0.121338129044, 4130
0.122648000717, 3939
0.124003171921, 3797
0.126731157303, 6629
0.128117084503, 5742
0.129455089569, 5156
0.130787134171, 4784
0.132266044617, 4604
0.133722066879, 4475
0.135159015656, 4368
0.136617183685, 4358
0.13792014122, 4355
0.140548229218, 5568
0.141851186752, 4986
0.14312505722, 4677
0.144569158554, 4502
0.145921230316, 4328
0.147258996964, 4177
0.148673057556, 4028
0.15159702301, 6842
0.153063058853, 5688
0.154535055161, 5059
0.155934095383, 4519
0.157230138779, 4317
0.158576011658, 4095
0.159889221191, 3975
0.161203145981, 3862
0.162546157837, 3839
0.163917064667, 3834
0.16677904129, 6698
0.168402194977, 5751
0.169833183289, 4921
0.17121219635, 4585
0.17255115509, 4285
0.173842191696, 3949
0.176482200623, 7615
0.177812099457, 6658
0.179227113724, 5848
0.180636167526, 5337
0.182027101517, 5011
0.18360209465, 4853
0.185023069382, 4734
0.186603069305, 4627
0.188019037247, 4512
0.189337015152, 4441
0.190732002258, 4378
0.193422079086, 5642
0.194768190384, 4452
0.196113109589, 4178
0.197461128235, 3941
0.200262069702, 6679
0.201798200607, 5460
0.203339099884, 4728
0.204772233963, 4419
0.206087112427, 4163
0.207424163818, 3935
0.208746194839, 3711
0.211525201797, 7313
0.212918996811, 6089
0.214282035828, 5359
0.21571803093, 4987
0.217133998871, 4644
0.218677043915, 4514
0.220093011856, 4462
0.222775220871, 6978
0.224096059799, 5979
0.225458145142, 5284
0.226810216904, 4800
0.228150129318, 4305
0.229499101639, 4051
0.232364177704, 6901
0.233787059784, 5797
0.235328197479, 5148
0.236793041229, 4641
0.238128185272, 4289
0.239475011826, 4078
0.240788221359, 3953
0.242150068283, 3917
0.244956016541, 6181
0.246314048767, 5391
0.247712135315, 4661
0.249203205109, 4439
0.250670194626, 4305
0.252066135406, 4185
0.253372192383, 4081
0.254712104797, 4016
0.256026029587, 3878
0.259040117264, 6509
0.26038813591, 5390
0.261726140976, 4692
0.263139009476, 4158
0.264463186264, 3950
0.265967130661, 3760
0.267384052277, 3697
0.268905162811, 3657
0.271705150604, 5813
0.273094177246, 4941
0.274434089661, 4429
0.275796175003, 4048
0.277103185654, 3819
0.278432130814, 3699
0.280083179474, 3580
0.281451225281, 3404
0.284378051758, 7740
0.285759210587, 6590
0.287150144577, 5638
0.288555145264, 4899
0.289894104004, 4580
0.291254997253, 4341
0.292614221573, 4112
0.294026136398, 3858
0.295393228531, 3739
0.298186063766, 7945
0.2996571064, 6875
0.301106214523, 6045
0.302496194839, 5420
0.303980112076, 5089
0.305413007736, 4879
0.306853055954, 4692
0.308230161667, 4561
0.309532165527, 4399
0.310898065567, 4359
0.31366109848, 6294
0.315064191818, 5438
0.316513061523, 4790
0.318070173264, 4408
0.319622039795, 4108
0.320990085602, 3946
0.322304010391, 3878
0.324961185455, 6623
0.32624912262, 5650
0.32767701149, 4681
0.329069137573, 4231
0.330407142639, 3850
0.331814050674, 3670
0.333226203918, 3607
0.334693193436, 3571
0.337467193604, 7131
0.338756084442, 6251
0.340057134628, 5780
0.341371059418, 5327
0.343070030212, 5027
0.344471216202, 4826
0.345832109451, 4697
0.347235202789, 4538
0.350069999695, 7184
0.351563215256, 6094
0.352938175201, 5191
0.354254007339, 4729
0.355603218079, 4425
0.356926202774, 4182
0.358249187469, 4069
0.359584093094, 4016
0.362282037735, 7131
0.363681077957, 6229
0.365129232407, 5567
0.366563081741, 5002
0.368010997772, 4799
0.370973110199, 7033
0.372391223907, 5825
0.373747110367, 5143
0.375109195709, 4780
0.376389026642, 4437
0.377743005753, 4227
0.379112005234, 3982
0.380457162857, 3959
0.381868124008, 3954
0.38329911232, 3950
0.384784221649, 3829
0.387623071671, 7059
0.388965129852, 6358
0.390272140503, 5669
0.391607999802, 5213
0.392901182175, 4905
0.394289016724, 4644
0.397037029266, 6628
0.398516178131, 5490
0.400066137314, 4756
0.401458024979, 4393
0.403053998947, 4170
0.404427051544, 3941
0.40572309494, 3816
0.40705704689, 3764
0.408361196518, 3719
0.409781217575, 3661
0.412506103516, 7360
0.413833141327, 6136
0.415307044983, 5163
0.41671204567, 4488
0.418187141418, 4108
0.419606208801, 4003
0.421033143997, 3850
0.422360181808, 3789
0.423672199249, 3769
0.425022125244, 3650
0.427849054337, 6525
0.429176092148, 5600
0.430502176285, 4803
0.432004213333, 4281
0.433416128159, 3851
0.434990167618, 3813
0.438388109207, 5894
0.439752101898, 5394
0.441111087799, 5056
0.44246006012, 4691
0.443824052811, 4417
0.445133209229, 4193
0.446482181549, 4080
0.447855234146, 4016
0.45086312294, 8150
0.452353000641, 7031
0.453730106354, 5956
0.455154180527, 5066
0.456618070602, 4437
0.4579641819, 4190
0.459324121475, 4041
0.460652112961, 3879
0.463433027267, 6691
0.46484708786, 5663
0.466239213943, 5040
0.467704057693, 4659
0.469024181366, 4292
0.470524072647, 4072
0.471929073334, 4019
0.47327208519, 4018
0.474589109421, 3827
0.477290153503, 5733
0.478694200516, 5139
0.480057001114, 4669
0.481380224228, 4286
0.482812166214, 4115
0.484252214432, 3955
0.485711097717, 3834
0.487134218216, 3766
0.488485097885, 3744
0.491255998611, 6664
0.492570161819, 5760
0.493980169296, 5164
0.495297193527, 4735
0.496666193008, 4503
0.498008012772, 4323
0.49942111969, 4188
0.500824213028, 4026
0.502377033234, 3973
0.505152225494, 5877
0.506488084793, 4653
0.507832050323, 4206
0.50919008255, 3959
0.510535001755, 3735
0.511892080307, 3404
0.513335227966, 3359
0.5163230896, 6873
0.517805099487, 5904
0.519253015518, 5235
0.520655155182, 4703
0.522121191025, 4440
0.523503065109, 4230
0.524854183197, 4050
0.52620100975, 3901
0.529033184052, 5955
0.530380010605, 5224
0.531828165054, 4852
0.533247232437, 4483
0.534725189209, 4303
0.537647008896, 6813
0.538981199265, 5922
0.540316104889, 5107
0.54162812233, 4740
0.542936086655, 4489
0.54429101944, 4316
0.545629024506, 4160
0.546960115433, 4011
0.54842209816, 3849
0.551400184631, 5100
0.552862167358, 4504
0.554339170456, 4152
0.555658102036, 3892
0.5569460392, 3682
0.558282136917, 3529
0.559671163559, 3509
0.562435150146, 6488
0.563837051392, 5330
0.565219163895, 4658
0.566659212112, 4424
0.569709062576, 7861
0.571109056473, 6723
0.57245516777, 5685
0.573746204376, 5004
0.575040102005, 4386
0.576366186142, 4163
0.577708005905, 4069
0.579092025757, 4016
0.581973075867, 6880
0.583520174026, 6194
0.584944009781, 5641
0.586449146271, 5226
0.587858200073, 4979
0.589189052582, 4837
0.590553998947, 4662
0.591920137405, 4577
0.593276023865, 4547
0.596064090729, 6870
0.597397089005, 5651
0.598753213882, 4919
0.600250005722, 4279
0.601757049561, 3859
0.603140115738, 3675
