1.70066380501, 51430.0
3.39112997055, 50294.0
5.09777593613, 49227.0
6.78619885445, 48169.0
8.47846293449, 47129.0
10.1596539021, 46090.0
11.8429389, 45112.0
13.5326268673, 44169.0
15.2180449963, 43259.0
16.9148859978, 42392.0
18.6108989716, 41563.0
20.2944459915, 40753.0
21.9771339893, 39934.0
23.6618528366, 39175.0
25.3429429531, 38417.0
27.0294778347, 37663.0
28.7241308689, 36928.0
30.411937952, 36206.0
32.0995309353, 35486.0
33.8107738495, 34769.0
35.4960298538, 34055.0
37.1775259972, 33374.0
38.8780829906, 32707.0
40.5748848915, 32047.0
42.265185833, 31354.0
43.9496588707, 30696.0
45.6376748085, 30066.0
47.3317580223, 29434.0
49.0380249023, 28805.0
50.7310409546, 28158.0
52.4092869759, 27562.0
54.0923588276, 26980.0
55.7812018394, 26406.0
57.4717988968, 25860.0
59.1420059204, 25345.0
60.8387668133, 24865.0
62.5246398449, 24426.0
64.2282168865, 23996.0
65.9087729454, 23564.0
67.6341907978, 23135.0
69.3595559597, 22671.0
71.0507388115, 22251.0
72.7390708923, 21867.0
74.4285838604, 21482.0
76.1166138649, 21115.0
77.8124969006, 20773.0
79.5233798027, 20434.0
81.2267098427, 20084.0
82.9128878117, 19750.0
84.5997798443, 19413.0
86.2894790173, 19094.0
87.9856629372, 18784.0
89.6812708378, 18474.0
91.3618187904, 18171.0
93.0553209782, 17876.0
94.7533409595, 17608.0
96.4443888664, 17353.0
98.1344139576, 17103.0
99.8262569904, 16780.0
101.512570858, 16540.0
103.208956003, 16308.0
104.903282881, 16089.0
106.588567019, 15868.0
108.278841019, 15656.0
109.976691008, 15450.0
111.6605618, 15250.0
113.33670783, 15055.0
115.018396854, 14850.0
116.714814901, 14658.0
118.406991005, 14468.0
120.099185944, 14282.0
121.784137011, 14100.0
123.487562895, 13920.0
125.182433844, 13744.0
126.873659849, 13561.0
128.565178871, 13371.0
130.264871836, 13207.0
131.955945969, 13033.0
133.650771856, 12863.0
135.335817814, 12712.0
137.037533998, 12568.0
138.750537872, 12427.0
140.438649893, 12282.0
142.128608942, 12141.0
143.814122915, 12011.0
145.496369839, 11886.0
147.182446957, 11761.0
148.875300884, 11637.0
150.55751586, 11517.0
152.246943951, 11406.0
153.939316988, 11283.0
155.625182867, 11179.0
157.311937809, 11076.0
158.999768972, 10975.0
160.691934824, 10872.0
162.384918928, 10784.0
164.07228899, 10697.0
165.761175871, 10575.0
167.442924023, 10489.0
169.149371862, 10392.0
170.838279009, 10306.0
172.527287006, 10225.0
174.224112988, 10145.0
175.906951904, 10069.0
177.598909855, 9994.0
179.298496008, 9921.0
180.987084866, 9848.0
182.686743021, 9774.0
184.382632017, 9704.0
186.074745893, 9636.0
187.756099939, 9570.0
189.450560808, 9483.0
191.141660929, 9424.0
192.813912868, 9369.0
194.539675951, 9314.0
196.233604908, 9250.0
197.92523098, 9187.0
199.621183872, 9101.0
201.320145845, 9047.0
203.017352819, 8993.0
204.699997902, 8940.0
206.38872385, 8890.0
208.086301804, 8845.0
209.776465893, 8800.0
211.461428881, 8761.0
213.140239, 8723.0
214.849578857, 8686.0
216.535156965, 8653.0
218.225217819, 8621.0
219.911624908, 8527.0
221.596856833, 8484.0
223.297999859, 8454.0
224.988616943, 8424.0
226.678068876, 8395.0
228.380322933, 8368.0
230.076741934, 8321.0
231.768304825, 8296.0
233.448043823, 8270.0
235.127019882, 8249.0
236.815990925, 8228.0
238.505889893, 8210.0
240.189498901, 8187.0
241.885257959, 8170.0
243.595560789, 8141.0
245.291731834, 8080.0
246.987850904, 8063.0
248.68095994, 8046.0
250.382894993, 8030.0
252.074361801, 8017.0
253.754836798, 8005.0
255.44114399, 7994.0
257.136592865, 7980.0
258.842499018, 7973.0
260.523226976, 7967.0
262.216130972, 7965.0
263.902051926, 7964.0
265.600548983, 7933.0
267.294721842, 7932.0
497.379912853, 7929.0
499.077510834, 7904.0
500.767916918, 7880.0
502.454241991, 7857.0
504.143229961, 7835.0
505.832762957, 7814.0
507.515635014, 7795.0
509.205092907, 7777.0
510.898866892, 7763.0
512.593873024, 7750.0
514.288186789, 7737.0
515.978825808, 7724.0
517.678877831, 7712.0
519.359041929, 7703.0
521.048578978, 7697.0
522.742492914, 7661.0
524.442166805, 7612.0
526.130065918, 7589.0
527.824651003, 7584.0
529.519776821, 7540.0
531.214468002, 7535.0
532.904784918, 7532.0
534.58425498, 7531.0
536.26967001, 7515.0
