1.12982296944, 7551.0
1.89322400093, 7889.0
2.65288710594, 8829.0
3.42578005791, 9058.0
4.20830893517, 9815.0
4.98126792908, 10588.0
5.74747395515, 11705.0
6.51538395882, 12109.0
7.28683209419, 12318.0
8.05124092102, 13313.0
8.81341791153, 13992.0
9.57769703865, 14279.0
10.3526871204, 14547.0
11.1712350845, 14702.0
11.9351329803, 15906.0
12.7089269161, 16352.0
13.4688971043, 17005.0
14.2238070965, 17564.0
14.9915969372, 18639.0
15.7504329681, 19859.0
16.5174310207, 19863.0
17.2889230251, 20141.0
18.0513720512, 21127.0
18.8194169998, 21825.0
19.5897409916, 21816.0
20.3527960777, 22526.0
21.1261479855, 22487.0
21.8956820965, 22825.0
22.6597440243, 23732.0
23.4241421223, 23955.0
24.1996729374, 24066.0
24.9659230709, 24394.0
25.7332129478, 24186.0
26.4956130981, 24694.0
27.2650530338, 25303.0
28.0364539623, 25203.0
28.8016541004, 25609.0
29.5693979263, 26163.0
30.3407309055, 26060.0
31.1172459126, 26507.0
31.8816559315, 26787.0
32.6410989761, 27330.0
33.3979439735, 27657.0
34.1701350212, 28501.0
34.9437699318, 28722.0
35.7053871155, 28759.0
36.4700438976, 28730.0
37.2527210712, 28807.0
38.0176489353, 29049.0
38.7867059708, 28771.0
39.5500509739, 29633.0
40.3177330494, 29730.0
41.0881590843, 29901.0
41.8772420883, 29896.0
42.6367709637, 29928.0
43.3998260498, 30412.0
44.1779680252, 30333.0
44.9489059448, 30599.0
45.7223510742, 30284.0
46.4914019108, 30430.0
47.2680139542, 30462.0
48.0378041267, 30681.0
48.8015630245, 30988.0
49.5635590553, 31346.0
50.3294811249, 32234.0
51.111823082, 32138.0
51.8785040379, 33403.0
52.6408569813, 34077.0
53.4023571014, 34059.0
54.1649401188, 34153.0
54.9250729084, 34346.0
55.6823039055, 34626.0
56.4428451061, 34660.0
57.2081038952, 34634.0
57.9791390896, 34729.0
58.738008976, 34982.0
59.4956660271, 34822.0
60.2624289989, 35203.0
61.0263268948, 34720.0
61.7860848904, 34929.0
62.5479030609, 35024.0
63.3089189529, 35030.0
64.0693769455, 35062.0
64.878111124, 35796.0
65.638696909, 35775.0
66.4002110958, 35068.0
67.163631916, 35107.0
67.9271550179, 34845.0
68.69246912, 34840.0
69.4568169117, 35249.0
70.2327709198, 35817.0
70.9996459484, 36825.0
71.7713310719, 36213.0
72.541064024, 36208.0
73.3089079857, 36183.0
74.069881916, 36380.0
74.8656849861, 36598.0
75.6301810741, 37478.0
76.3935489655, 38114.0
77.1760089397, 38774.0
77.9365880489, 39999.0
78.7094960213, 40060.0
79.4909160137, 40600.0
80.2687139511, 40396.0
81.0369260311, 40366.0
81.8066449165, 40218.0
82.5813319683, 40265.0
83.3462049961, 40420.0
84.1305189133, 41423.0
84.9072608948, 41309.0
85.6706559658, 41170.0
86.4374859333, 41644.0
87.2145750523, 41787.0
87.9929099083, 42218.0
88.760240078, 41748.0
89.5237059593, 41785.0
90.297508955, 42047.0
91.069881916, 42061.0
91.850992918, 42102.0
92.6109099388, 42424.0
93.3675370216, 43108.0
94.128264904, 43030.0
94.8964509964, 43440.0
95.6592109203, 43452.0
96.4237000942, 43487.0
97.1871271133, 43519.0
97.9549460411, 44208.0
98.7294490337, 43604.0
99.4933350086, 43742.0
100.263963938, 44383.0
101.038120031, 44453.0
101.803344965, 44453.0
102.572717905, 44617.0
103.337321997, 44550.0
104.100188971, 44954.0
104.871068001, 45171.0
105.635783911, 45170.0
106.398617029, 45195.0
107.169945002, 45170.0
107.936388016, 45065.0
108.693943977, 45034.0
109.463884115, 45098.0
110.244558096, 45117.0
111.018481016, 45060.0
111.780954123, 44403.0
112.547009945, 44209.0
113.307636976, 44806.0
114.071598053, 44920.0
114.841860056, 44786.0
115.616153955, 45301.0
116.386229992, 45363.0
117.153588057, 45260.0
117.917644978, 44968.0
118.680001974, 45133.0
119.451334953, 45415.0
120.218764067, 45625.0
120.983766079, 45812.0
121.745316982, 45290.0
122.502927065, 45368.0
123.269495964, 44974.0
124.030853987, 45066.0
124.790779114, 45657.0
125.546600103, 45767.0
126.322335005, 45612.0
127.085844994, 45464.0
127.854628086, 45707.0
128.613996983, 45508.0
129.378984928, 45562.0
130.151432991, 45555.0
130.918854952, 45565.0
131.675220013, 45601.0
132.443403006, 45592.0
133.217930079, 45912.0
133.995439053, 45424.0
134.752279043, 44863.0
135.521600008, 45407.0
136.292977095, 45401.0
137.053369045, 45328.0
137.813210964, 45384.0
138.571383953, 45102.0
139.345565081, 45003.0
140.109400034, 45537.0
140.874190092, 46022.0
141.631911993, 45929.0
142.397970915, 46598.0
143.155504942, 46275.0
143.918174028, 46395.0
144.675616026, 47521.0
145.439292908, 48213.0
146.224594116, 47732.0
146.984249115, 48009.0
147.743812084, 48210.0
148.506524086, 48310.0
149.267369032, 48907.0
150.03281498, 48914.0
150.796976089, 48631.0
151.567141056, 48619.0
152.331459999, 48987.0
153.098658085, 48734.0
153.856995106, 49482.0
154.608457088, 49133.0
155.379945993, 49491.0
156.148783922, 49482.0
156.912962914, 49773.0
157.667779922, 48992.0
158.432904005, 49277.0
159.196656942, 49225.0
159.966871977, 48807.0
160.728645086, 48872.0
161.492077112, 49360.0
162.262629986, 49203.0
163.033514977, 49277.0
163.793149948, 49158.0
164.556667089, 48963.0
165.333967924, 48891.0
166.093877077, 49011.0
166.869554043, 48768.0
167.636301041, 48786.0
168.398097992, 48764.0
169.156881094, 48802.0
169.915510893, 49195.0
170.693341017, 49171.0
171.464328051, 49161.0
172.224342108, 49330.0
172.98190403, 49694.0
173.744553089, 49548.0
174.50563693, 49923.0
175.272079945, 50003.0
176.034876108, 49831.0
176.793049097, 50589.0
177.553617001, 50552.0
178.321417093, 50848.0
179.084598064, 50983.0
179.844103098, 50869.0
180.614706993, 50875.0
181.376363993, 50404.0
182.142762899, 50042.0
182.902523041, 50072.0
183.668023109, 50124.0
184.439429998, 50118.0
185.204853058, 50423.0
185.964682102, 50656.0
186.742579937, 50354.0
187.504846096, 50790.0
188.265198946, 50988.0
189.020787954, 50705.0
189.784375906, 50773.0
190.552427053, 51104.0
191.315512896, 51077.0
192.080805063, 51396.0
192.847760916, 50850.0
193.626356125, 50841.0
194.396044016, 50764.0
195.166759014, 50595.0
195.929296017, 50682.0
196.695123911, 50622.0
197.45818305, 50399.0
198.220716953, 50399.0
198.984338045, 50541.0
199.749766111, 50490.0
200.531294107, 50675.0
201.295625925, 50300.0
202.062419891, 50684.0
202.827569962, 50497.0
203.590934992, 50396.0
204.362097979, 51150.0
205.122090101, 51115.0
205.888366938, 51115.0
206.657835007, 51020.0
207.474865913, 50905.0
208.240272045, 51268.0
209.010963917, 51522.0
209.77530098, 51485.0
210.538894892, 51485.0
211.3101089, 51102.0
212.080579996, 51447.0
212.845737934, 51327.0
213.615663052, 51135.0
214.384413958, 50776.0
215.146909952, 50133.0
215.913989067, 50036.0
216.676306009, 50074.0
217.436868906, 49853.0
218.201111078, 50957.0
218.974920988, 51560.0
219.740664959, 51907.0
220.510752916, 51715.0
221.284956932, 51673.0
222.060406923, 51771.0
222.826430082, 51769.0
223.589720964, 52146.0
224.361042023, 51974.0
225.12756896, 51981.0
225.894701958, 51739.0
226.664698124, 51291.0
227.441879034, 51428.0
228.221904039, 51512.0
228.989552975, 51981.0
229.750622034, 51844.0
230.515568972, 51129.0
231.283071995, 51038.0
232.047136068, 51126.0
232.808964014, 51222.0
233.573873997, 51938.0
234.345817089, 52040.0
235.116025925, 52143.0
235.881623983, 52083.0
236.644598007, 51468.0
237.412698984, 51859.0
238.177519083, 51458.0
238.94255805, 51104.0
239.707545996, 51070.0
240.475871086, 51227.0
241.260916948, 51239.0
242.029582024, 51247.0
242.796364069, 51288.0
243.572794914, 51302.0
244.350981951, 51864.0
245.119625092, 51648.0
245.890995026, 51973.0
246.653948069, 52003.0
247.444921017, 52108.0
248.22851491, 52493.0
248.996855974, 52388.0
249.759932995, 52373.0
250.529524088, 52327.0
251.295028925, 52092.0
252.058574915, 52139.0
252.825618029, 52313.0
253.591228962, 52329.0
254.365463972, 52521.0
255.138560057, 52360.0
255.907778025, 52520.0
256.667488098, 52356.0
257.44147706, 52198.0
258.210406065, 51459.0
258.975903034, 51638.0
259.741537094, 51352.0
260.508354902, 51099.0
261.275932074, 51080.0
262.047037125, 50974.0
262.808377028, 50955.0
263.572832108, 50972.0
264.342803955, 51409.0
265.108017921, 51524.0
265.870992899, 51740.0
266.63994503, 50893.0
267.412684917, 50977.0
268.179769039, 50629.0
268.947609901, 51068.0
269.714767933, 50768.0
270.479592085, 50615.0
271.249608994, 50667.0
272.022027016, 50986.0
272.788908005, 50993.0
273.555284023, 50990.0
274.320713997, 51200.0
275.083842039, 51233.0
275.852850914, 51384.0
276.622249126, 51164.0
277.388765097, 51924.0
278.153234959, 52044.0
278.912997007, 52619.0
279.682538986, 52619.0
280.453593016, 52575.0
281.220370054, 52469.0
281.991029024, 52018.0
282.767453909, 52649.0
283.531451941, 52734.0
284.297086954, 52749.0
285.057276011, 52688.0
285.825871944, 53040.0
286.598767996, 53310.0
287.367731094, 53333.0
288.135118961, 53439.0
288.91764307, 53835.0
289.710446119, 53558.0
290.489933968, 53621.0
291.259929895, 53580.0
292.027240992, 53703.0
292.798437119, 53164.0
293.584145069, 52772.0
294.354918957, 52878.0
295.128669024, 53037.0
295.911278009, 53125.0
296.681576014, 52726.0
297.445619106, 52872.0
298.209479094, 52990.0
298.978313923, 53084.0
299.747535944, 53705.0
300.519495964, 53412.0
301.287966967, 54191.0
302.059248924, 54584.0
302.846671104, 54559.0
303.613810062, 54498.0
304.380063057, 54558.0
305.146721125, 54848.0
305.912499905, 54600.0
306.677997112, 54578.0
307.442229986, 54574.0
308.216197014, 54394.0
308.983628035, 54391.0
309.759536028, 53899.0
310.529386044, 53980.0
311.294389009, 53484.0
312.061860085, 53484.0
312.826991081, 53834.0
313.590888977, 53687.0
314.360624075, 53200.0
315.127788067, 52946.0
315.890855074, 52736.0
316.659409046, 52068.0
317.418844938, 51875.0
318.182281971, 51908.0
318.943599939, 51872.0
319.703881979, 51721.0
320.47209096, 52057.0
321.243360996, 52409.0
322.003720999, 52440.0
322.77291894, 52596.0
323.541682959, 52901.0
324.304811954, 52618.0
325.062396049, 52821.0
325.828068972, 52979.0
326.595052004, 52367.0
327.366204977, 52462.0
328.129431963, 52467.0
328.890715122, 52589.0
329.650136948, 52544.0
330.433139086, 52413.0
331.207509995, 52418.0
331.972781897, 52462.0
332.735639095, 52604.0
333.508415937, 52352.0
334.287913084, 52191.0
335.051472902, 52269.0
335.816710949, 52439.0
336.580560923, 52416.0
337.358315945, 52659.0
338.124656916, 52409.0
338.899662971, 52147.0
339.669647932, 52443.0
340.435827971, 52438.0
341.197988033, 52211.0
341.957355976, 52044.0
342.717343092, 51742.0
343.496611118, 51419.0
344.260167122, 51415.0
345.018264055, 51467.0
345.778697968, 51542.0
346.540374041, 51343.0
347.306417942, 51382.0
348.070910931, 51178.0
348.830898046, 51075.0
349.594185114, 51131.0
350.373981953, 50896.0
351.140535116, 50534.0
351.904868126, 50844.0
352.672982931, 50985.0
353.439361095, 50905.0
354.201730013, 50555.0
354.973962069, 50269.0
355.740199089, 50181.0
356.512178898, 50093.0
357.288096905, 49945.0
358.049503088, 49980.0
358.810444117, 49999.0
359.579128027, 49791.0
360.359720945, 49874.0
361.115860939, 50097.0
361.880682945, 50233.0
362.648587942, 50365.0
363.413351059, 50265.0
364.183300972, 49919.0
364.944731951, 49919.0
365.711316109, 50108.0
366.475172997, 50175.0
367.242660046, 50670.0
368.005592108, 51499.0
368.769831896, 51426.0
369.534107924, 50804.0
370.304219007, 50811.0
371.077008963, 50006.0
371.843136072, 50487.0
372.615848064, 50051.0
373.379940033, 49997.0
374.137938023, 49965.0
374.904798985, 49974.0
375.669188976, 49948.0
376.432559013, 49726.0
377.189508915, 49974.0
377.960562944, 49581.0
378.732503891, 50184.0
379.491952896, 49663.0
380.252458096, 50524.0
381.01176095, 50394.0
381.780656099, 50394.0
382.543787003, 50394.0
383.303380013, 50814.0
384.059180975, 50663.0
384.833666086, 50914.0
385.597198009, 50993.0
386.361320972, 50940.0
387.124685049, 50913.0
387.895744085, 51419.0
388.661708117, 51420.0
389.429230928, 51908.0
390.198230982, 51889.0
390.984932899, 51886.0
391.751291037, 51498.0
392.519629002, 51335.0
393.280200005, 51907.0
394.044647932, 51897.0
394.809685946, 51919.0
395.571175098, 51745.0
396.34640789, 51003.0
397.114583015, 51225.0
397.890788078, 51249.0
398.656086922, 51351.0
399.41723299, 51320.0
400.184051991, 51201.0
400.955075026, 51580.0
401.721415043, 51789.0
402.496020079, 52146.0
403.255014896, 53135.0
404.031810045, 53357.0
404.81656003, 53376.0
405.58069396, 53411.0
406.343492985, 53429.0
407.106470108, 53970.0
407.87171793, 53910.0
408.632353067, 53921.0
409.398375034, 53578.0
410.161231995, 53712.0
410.929280043, 53666.0
411.700819016, 53454.0
412.46352911, 53710.0
413.229480028, 53743.0
414.042855978, 53863.0
414.815436125, 53740.0
415.576433897, 53740.0
416.342905045, 53824.0
417.108890057, 53798.0
417.873550892, 53795.0
418.6430161, 53944.0
419.406910896, 53999.0
420.185884953, 53741.0
420.957628965, 54068.0
421.720366955, 53849.0
422.479162931, 54164.0
423.249710083, 54370.0
424.025769949, 54168.0
424.795742989, 53902.0
425.572109938, 53861.0
426.334868908, 53301.0
427.097353935, 53328.0
427.860044003, 53287.0
428.624581099, 52985.0
429.392323971, 53625.0
430.152709961, 54107.0
430.918669939, 53957.0
431.676001072, 53952.0
432.444696903, 54021.0
433.2033391, 53841.0
433.965056896, 53334.0
434.737420082, 53384.0
435.502227068, 53701.0
436.262926102, 53177.0
437.02985096, 53181.0
437.791625023, 53185.0
438.555241108, 53891.0
439.325443983, 53891.0
440.095098972, 53881.0
440.860445023, 53753.0
441.618132114, 53683.0
442.381160021, 54266.0
443.146152973, 54289.0
443.915049076, 54314.0
444.673367023, 54296.0
445.453583002, 54380.0
446.215646982, 54400.0
446.984560013, 54083.0
447.747653961, 54010.0
448.517595053, 53433.0
