1.71926593781, 51021.0
3.41704702377, 50012.0
5.1047539711, 48918.0
6.79768586159, 47970.0
8.48864483833, 47057.0
10.1771910191, 46166.0
11.8605928421, 45257.0
13.5475170612, 44361.0
15.2382500172, 43488.0
16.9511158466, 42636.0
18.6418468952, 41727.0
20.3224730492, 40917.0
22.0103189945, 40112.0
23.6980960369, 39314.0
25.386400938, 38510.0
27.0647008419, 37760.0
28.7670688629, 37015.0
30.4514348507, 36244.0
32.1565220356, 35510.0
33.8420789242, 34793.0
35.5337209702, 34121.0
37.2346739769, 33410.0
38.9271948338, 32744.0
40.6207869053, 32093.0
42.3216040134, 31397.0
44.0221579075, 30758.0
45.7134580612, 30119.0
47.4245009422, 29509.0
49.1143820286, 28914.0
50.8023018837, 28335.0
52.4860839844, 27757.0
54.1745350361, 27182.0
55.8646419048, 26619.0
57.5616438389, 26064.0
59.244134903, 25550.0
60.9403018951, 25047.0
62.6463708878, 24548.0
64.342320919, 24017.0
66.0375099182, 23522.0
67.7259969711, 23035.0
69.4150009155, 22541.0
71.1063320637, 22078.0
72.8098759651, 21599.0
74.4997470379, 21138.0
76.1893148422, 20660.0
77.8942358494, 20205.0
79.5859549046, 19813.0
81.2831950188, 19377.0
82.9724349976, 18993.0
84.6749148369, 18603.0
86.373939991, 18215.0
88.0688970089, 17868.0
89.7556769848, 17522.0
91.4369430542, 17243.0
93.138628006, 16982.0
94.8320169449, 16713.0
96.5314068794, 16440.0
98.2221620083, 16184.0
99.9193668365, 15943.0
101.62241888, 15711.0
103.303390026, 15481.0
104.992156029, 15265.0
106.695778847, 15046.0
108.387210846, 14835.0
110.071759939, 14636.0
111.754668951, 14423.0
113.450418949, 14164.0
115.143590927, 13961.0
116.828479052, 13765.0
118.507422924, 13576.0
120.210011959, 13340.0
121.917364836, 13151.0
123.610967875, 12971.0
125.284569979, 12784.0
126.981010914, 12604.0
128.675395966, 12429.0
130.362459898, 12254.0
132.052250862, 12071.0
133.74563098, 11908.0
135.436115026, 11748.0
137.134155989, 11596.0
138.818301916, 11457.0
140.509307861, 11329.0
142.202554941, 11203.0
143.889119864, 11079.0
145.575194836, 10935.0
147.258424044, 10806.0
148.94709301, 10692.0
150.641196966, 10567.0
152.349197865, 10450.0
154.039427996, 10337.0
155.727967024, 10214.0
157.421706915, 10106.0
159.11016202, 10008.0
160.793426991, 9911.0
162.480823994, 9810.0
164.172328949, 9711.0
165.851660967, 9616.0
167.536432981, 9529.0
169.229555845, 9446.0
170.917458057, 9368.0
172.599279881, 9295.0
174.287233829, 9233.0
175.980360985, 9174.0
177.66691184, 9115.0
179.349688053, 9053.0
181.031192064, 8996.0
182.730341911, 8940.0
184.417710066, 8885.0
186.102921009, 8821.0
187.789613962, 8729.0
189.474762917, 8618.0
191.162111044, 8565.0
192.853244066, 8513.0
194.536995888, 8463.0
196.224328995, 8415.0
197.914624929, 8369.0
199.600807905, 8326.0
201.286393881, 8284.0
202.960376024, 8244.0
204.651731968, 8206.0
206.338799953, 8169.0
208.02739501, 8132.0
209.704032898, 8101.0
211.416015863, 8030.0
213.110774994, 7978.0
214.794986963, 7948.0
216.479213953, 7918.0
218.175392866, 7888.0
219.856237888, 7861.0
221.534049034, 7834.0
223.220530033, 7782.0
224.916623831, 7757.0
226.623383999, 7732.0
228.302518845, 7709.0
229.974447966, 7688.0
231.665385008, 7668.0
233.348819017, 7653.0
235.024948835, 7618.0
236.716779947, 7604.0
238.407521963, 7592.0
240.133647919, 7582.0
241.826309919, 7574.0
243.512022972, 7554.0
245.197382927, 7532.0
246.892498016, 7519.0
248.586950064, 7514.0
250.270661831, 7503.0
251.950357914, 7491.0
253.643612862, 7478.0
255.329602003, 7471.0
257.037539959, 7468.0
258.717619896, 7466.0
260.41444087, 7464.0
262.105463028, 7457.0
