1.77362990379, 52044.0
3.54645299911, 50868.0
5.33534479141, 49765.0
7.10134887695, 48720.0
8.86517190933, 47720.0
10.6282877922, 46655.0
12.3981750011, 45628.0
14.1651399136, 44643.0
15.9267718792, 43673.0
17.6852970123, 42739.0
19.4535069466, 41715.0
21.2408239841, 40813.0
23.0037968159, 39936.0
24.7649059296, 39065.0
26.5345327854, 38201.0
28.3039598465, 37365.0
30.070152998, 36565.0
31.8294599056, 35778.0
33.6000277996, 34997.0
35.3687958717, 34248.0
37.1585948467, 33492.0
38.9290578365, 32743.0
40.6975669861, 32013.0
42.4663438797, 31302.0
44.2369349003, 30602.0
46.0060358047, 29913.0
47.7785317898, 29272.0
49.5530319214, 28618.0
51.3194448948, 27989.0
53.1042668819, 27383.0
54.8634958267, 26812.0
56.6305348873, 26241.0
58.3975119591, 25691.0
60.1618199348, 25147.0
61.9268319607, 24608.0
63.6942977905, 24095.0
65.4581589699, 23606.0
67.2208399773, 23097.0
69.0129888058, 22585.0
70.7819290161, 22100.0
72.5476009846, 21619.0
74.3135588169, 21138.0
76.0768489838, 20637.0
77.844575882, 20187.0
79.6090447903, 19759.0
81.3745799065, 19369.0
83.1381208897, 19014.0
84.9277207851, 18722.0
86.6910769939, 18418.0
88.45773983, 18091.0
90.2160868645, 17801.0
91.9876840115, 17512.0
93.7590777874, 17231.0
95.5268998146, 16953.0
97.2934699059, 16688.0
99.0609288216, 16442.0
100.849316835, 16148.0
102.61788702, 15867.0
104.385027885, 15627.0
106.146513939, 15393.0
107.915374994, 15189.0
109.68847084, 14985.0
111.450767994, 14791.0
113.214216948, 14606.0
115.004561901, 14432.0
116.770354986, 14266.0
118.5375669, 14069.0
120.301725864, 13879.0
122.076111794, 13699.0
123.844321012, 13524.0
125.611898899, 13361.0
127.375769854, 13169.0
129.145380974, 13014.0
130.932600975, 12824.0
132.696476936, 12672.0
134.461670876, 12526.0
136.229873896, 12393.0
137.998255968, 12261.0
139.762791872, 12105.0
141.525458813, 11968.0
143.297576904, 11842.0
145.067687988, 11727.0
146.855757952, 11617.0
148.618975878, 11507.0
150.384146929, 11397.0
152.14979291, 11260.0
153.912428856, 11151.0
155.673046827, 11043.0
157.431017876, 10938.0
159.198199987, 10843.0
160.968739986, 10662.0
162.760988951, 10558.0
164.524263859, 10470.0
166.29309392, 10388.0
168.060633898, 10308.0
169.830361843, 10210.0
171.595153809, 10130.0
173.367376804, 10058.0
175.140738964, 9993.0
176.909077883, 9931.0
178.695428848, 9870.0
180.46773982, 9819.0
182.237322807, 9769.0
184.00219202, 9666.0
185.763552904, 9621.0
187.534062862, 9579.0
189.303576946, 9538.0
191.074512959, 9498.0
192.834007978, 9448.0
194.623203993, 9408.0
196.393329859, 9372.0
198.161796808, 9336.0
199.925977945, 9301.0
201.703012943, 9250.0
203.473255873, 9217.0
205.236627817, 9178.0
207.00125885, 9119.0
208.764503002, 9086.0
210.558104992, 9006.0
212.326725006, 8907.0
214.094661951, 8874.0
215.858332872, 8842.0
217.629799843, 8763.0
219.398122787, 8720.0
221.164084911, 8690.0
222.924290895, 8661.0
224.712666988, 8633.0
226.47803998, 8607.0
228.24414897, 8585.0
230.00861001, 8565.0
231.780394793, 8516.0
233.54930687, 8499.0
235.315223932, 8407.0
237.084213972, 8390.0
238.857614994, 8374.0
240.647386789, 8358.0
242.412719965, 8343.0
244.180048943, 8300.0
245.941442013, 8287.0
247.707828999, 8271.0
249.473708868, 8261.0
251.236149788, 8183.0
252.996871948, 8103.0
254.766124964, 8094.0
256.553853989, 8088.0
258.317494869, 8085.0
493.989842892, 8084.0
495.754833937, 8021.0
497.523870945, 7995.0
499.292842865, 7923.0
501.063655853, 7897.0
502.824356794, 7872.0
504.591231823, 7848.0
506.359571934, 7825.0
508.150259018, 7793.0
509.913702011, 7763.0
511.68691802, 7730.0
513.45875001, 7708.0
515.229909897, 7687.0
516.992139816, 7637.0
518.762998819, 7620.0
520.531629801, 7603.0
522.301913977, 7586.0
524.088235855, 7571.0
525.850662947, 7558.0
527.62409091, 7546.0
529.389859915, 7512.0
531.158091784, 7500.0
532.919292927, 7488.0
534.687949896, 7476.0
536.454238892, 7464.0
538.219491005, 7453.0
540.00446701, 7444.0
541.775818825, 7432.0
543.545367956, 7426.0
545.312726021, 7420.0
547.082871914, 7416.0
548.871609926, 7413.0
550.640620947, 7410.0
552.407842875, 7332.0
554.171314955, 7329.0
555.961750984, 7327.0
557.727172852, 7320.0
559.490052938, 7319.0
561.253510952, 7280.0
563.025321007, 7263.0
564.793799877, 7252.0
566.565063, 7242.0
568.325676918, 7240.0
570.095860004, 7233.0
