1.80273222923, 52047.0
3.58518218994, 50888.0
5.37469506264, 49765.0
7.20348906517, 48747.0
9.00425410271, 47769.0
10.7903661728, 46795.0
12.5785160065, 45819.0
14.3673601151, 44855.0
16.1645810604, 43973.0
17.9487061501, 43114.0
19.7323131561, 42283.0
21.5330281258, 41424.0
23.3587012291, 40608.0
25.148332119, 39678.0
26.9272921085, 38865.0
28.7189321518, 38059.0
30.512389183, 37218.0
32.3048980236, 36424.0
34.088239193, 35666.0
35.8824000359, 34875.0
37.6995592117, 34128.0
39.4937851429, 33381.0
41.2871930599, 32646.0
43.0711910725, 31923.0
44.8616700172, 31208.0
46.6527531147, 30537.0
48.4347691536, 29870.0
50.2206401825, 29192.0
52.0132582188, 28524.0
53.8444612026, 27874.0
55.6442110538, 27266.0
57.4685640335, 26662.0
59.3102471828, 26063.0
61.1131331921, 25480.0
62.9055140018, 24905.0
64.6887960434, 24339.0
66.4849770069, 23789.0
68.2846190929, 23240.0
70.0886380672, 22698.0
71.8712210655, 22174.0
73.6626372337, 21717.0
75.4586830139, 21203.0
77.2854850292, 20700.0
79.0734941959, 20276.0
80.866202116, 19781.0
82.6701190472, 19337.0
84.4743161201, 18897.0
86.300632, 18527.0
88.1156671047, 18129.0
89.919064045, 17787.0
91.724186182, 17471.0
93.5299510956, 17098.0
95.3284931183, 16796.0
97.1211481094, 16519.0
98.9155371189, 16227.0
100.710130215, 15937.0
102.516079187, 15663.0
104.312095165, 15396.0
106.118084192, 15146.0
107.919144154, 14880.0
109.707421064, 14664.0
111.493037224, 14455.0
113.275405169, 14234.0
115.063613176, 14023.0
116.848741055, 13831.0
118.656011105, 13648.0
120.475125074, 13477.0
122.287151098, 13309.0
124.082148075, 13133.0
125.881129026, 12965.0
127.685638189, 12758.0
129.541817188, 12595.0
131.380843163, 12436.0
133.209523201, 12286.0
135.025704145, 12148.0
136.818517208, 12010.0
138.633077145, 11882.0
140.424990177, 11752.0
142.222974062, 11613.0
144.026655197, 11441.0
145.821013212, 11279.0
147.614179134, 11159.0
149.408825159, 11042.0
151.22678113, 10926.0
153.017957211, 10811.0
154.808073997, 10708.0
156.585005999, 10607.0
158.379297018, 10511.0
160.173181057, 10414.0
161.969862223, 10329.0
163.756333113, 10245.0
165.573832035, 10067.0
167.366011143, 9974.0
169.159555197, 9892.0
170.952002048, 9778.0
172.760436058, 9698.0
174.559793234, 9619.0
176.371689081, 9542.0
178.148260117, 9467.0
179.947657108, 9368.0
181.797008038, 9297.0
183.614708185, 9228.0
185.423600197, 9165.0
187.228520155, 9103.0
189.024211168, 9041.0
190.824925184, 8981.0
192.623064041, 8924.0
194.422892094, 8869.0
196.235091209, 8814.0
198.054844141, 8760.0
199.851030111, 8708.0
201.644052029, 8659.0
203.442409039, 8613.0
205.224352121, 8569.0
207.026208162, 8525.0
208.821862221, 8487.0
210.625839233, 8450.0
212.422159195, 8414.0
214.24142313, 8379.0
216.040345192, 8324.0
217.837927103, 8290.0
219.64784503, 8248.0
221.444917202, 8212.0
223.244576216, 8179.0
225.053057194, 8146.0
226.851352215, 8113.0
228.695765018, 8081.0
230.494987011, 8034.0
232.295115232, 8006.0
234.108838081, 7978.0
235.904515028, 7951.0
237.739309072, 7919.0
239.573482037, 7893.0
241.416824102, 7870.0
243.247724056, 7848.0
245.07644105, 7827.0
246.86709404, 7807.0
248.685784101, 7790.0
250.503558159, 7774.0
252.335999012, 7751.0
254.140880108, 7737.0
255.964620113, 7725.0
257.778486013, 7631.0
259.572082996, 7619.0
261.362961054, 7610.0
263.173095226, 7602.0
264.975165129, 7597.0
266.767576218, 7581.0
268.561053038, 7577.0
270.358168125, 7573.0
272.16023016, 7570.0
273.957505226, 7567.0
542.69493103, 7564.0
544.482452154, 7549.0
546.269286156, 7536.0
548.070163012, 7524.0
549.849596024, 7514.0
59.547970057, 7579.0
561.33860898, 7572.0
