1.11710500717, 7302.0
1.87912607193, 8570.0
2.64174795151, 8854.0
3.39960503578, 9866.0
4.15392994881, 10840.0
4.9305961132, 11259.0
5.69196200371, 11633.0
6.45138192177, 12752.0
7.2073829174, 13343.0
7.97620797157, 13963.0
8.74211597443, 15143.0
9.50350093842, 15462.0
10.2620949745, 16710.0
11.030133009, 16872.0
11.8074800968, 17616.0
12.5670650005, 18245.0
13.3260481358, 19227.0
14.0922679901, 19691.0
14.8605310917, 19673.0
15.61865592, 20494.0
16.3854680061, 20918.0
17.1545269489, 20963.0
17.9283540249, 21270.0
18.709528923, 21805.0
19.4752521515, 22067.0
20.2404870987, 22308.0
21.0069200993, 23107.0
21.7724750042, 23978.0
22.5355300903, 25028.0
23.2968010902, 25599.0
24.0663650036, 25599.0
24.8376259804, 25676.0
25.6072099209, 25681.0
26.3673069477, 25478.0
27.1391890049, 26078.0
27.909594059, 26188.0
28.6760411263, 26457.0
29.4380121231, 27040.0
30.2066340446, 27737.0
30.9729640484, 28217.0
31.735943079, 28382.0
32.5128660202, 28880.0
33.2779769897, 29918.0
34.0453979969, 30370.0
34.8114390373, 30540.0
35.5741951466, 31269.0
36.3419229984, 30670.0
37.1073930264, 30660.0
37.8785979748, 30578.0
38.6408131123, 30688.0
39.4099669456, 31096.0
40.1743819714, 30994.0
40.9415450096, 30983.0
41.7043631077, 31172.0
42.4661870003, 32213.0
43.2299990654, 32968.0
44.0004930496, 33581.0
44.7668011189, 34039.0
45.5239429474, 33993.0
46.2951450348, 35191.0
47.061715126, 35444.0
47.8380460739, 35828.0
48.6014010906, 36064.0
49.3702890873, 36268.0
50.1386380196, 36550.0
50.9033780098, 36403.0
51.6668040752, 37070.0
52.4425461292, 37228.0
53.2140929699, 37000.0
53.9748110771, 37166.0
54.7350771427, 37315.0
55.5063910484, 37797.0
56.277351141, 37284.0
57.0432679653, 36796.0
57.8020861149, 36724.0
58.5666670799, 36452.0
59.3412840366, 36313.0
60.1172759533, 36316.0
60.8855409622, 36534.0
61.6456899643, 36599.0
62.416836977, 36573.0
63.1781980991, 36570.0
63.9388051033, 36931.0
64.7069449425, 36803.0
65.4732861519, 36989.0
66.2494809628, 37387.0
67.01218009, 37388.0
67.7729310989, 37997.0
68.5409231186, 37454.0
69.3067650795, 38424.0
70.0822939873, 38402.0
70.8478541374, 38713.0
71.6130149364, 38936.0
72.3827049732, 39274.0
73.1634750366, 39316.0
73.9313979149, 39414.0
74.7056679726, 39655.0
75.4732689857, 39759.0
76.2447431087, 39970.0
77.0143389702, 40581.0
77.7833459377, 41153.0
78.5494379997, 41268.0
79.3133559227, 41798.0
80.0856819153, 41982.0
80.853703022, 42198.0
81.6243140697, 42973.0
82.3883800507, 42896.0
83.15366292, 43378.0
83.9168591499, 43502.0
84.6846311092, 43731.0
85.4466049671, 43499.0
86.2118151188, 43982.0
86.981249094, 44264.0
87.7486379147, 44387.0
88.5133221149, 44110.0
89.2785160542, 44209.0
90.0434670448, 44142.0
90.8162269592, 44042.0
91.5827281475, 44170.0
92.3440301418, 44209.0
93.1070489883, 43698.0
93.8809800148, 43866.0
94.6475360394, 44047.0
95.4086520672, 44982.0
96.1732339859, 45181.0
96.9397051334, 45103.0
97.7025020123, 45299.0
98.4747149944, 45962.0
99.2392420769, 46140.0
100.01167798, 46463.0
100.785284996, 46350.0
101.559982061, 46441.0
102.327605009, 47379.0
103.098091125, 48326.0
103.86345005, 48475.0
104.628793001, 48316.0
105.394010067, 48565.0
106.162349939, 48566.0
106.946932077, 48509.0
107.716314077, 48464.0
108.477389097, 47977.0
109.237685919, 47767.0
110.003520966, 48151.0
110.773139, 48107.0
111.532113075, 48156.0
112.291239023, 48672.0
113.058839083, 48471.0
113.835468054, 48623.0
114.597620964, 48681.0
115.360682011, 48688.0
116.13381815, 48844.0
116.903048992, 48504.0
117.669430017, 48662.0
118.434834003, 48986.0
119.206190109, 48994.0
119.977596045, 49792.0
120.75458312, 50059.0
121.512109995, 50388.0
122.276137114, 50871.0
123.041908026, 50620.0
123.805554152, 50877.0
124.565340042, 50936.0
125.328135014, 50983.0
126.093706131, 50575.0
126.863804102, 50854.0
127.6414361, 51140.0
128.416877031, 51282.0
129.18859005, 51167.0
129.956752062, 51167.0
130.72615695, 51836.0
131.493696928, 51775.0
132.267066956, 51720.0
133.046359062, 51735.0
133.828048944, 51867.0
134.598232031, 52508.0
135.368185997, 52409.0
136.135564089, 52586.0
136.902755976, 52784.0
137.663489103, 52845.0
138.429877043, 52847.0
139.19737792, 52867.0
139.958245039, 52891.0
140.718189955, 53136.0
141.482227087, 53365.0
142.249856949, 53442.0
143.019911051, 53757.0
143.788336039, 53485.0
144.545329094, 53316.0
145.314007044, 53471.0
146.086839914, 53396.0
146.849225998, 53520.0
147.607499123, 54138.0
148.386798143, 54143.0
149.156808138, 54115.0
149.919489145, 54653.0
150.680163145, 54549.0
151.447857141, 54503.0
152.210438967, 54509.0
152.974097967, 54237.0
153.740253925, 53743.0
154.518872976, 53813.0
155.29045105, 54054.0
156.061479092, 53926.0
156.829149961, 53942.0
157.597609997, 53718.0
158.371963978, 53797.0
159.140471935, 53958.0
159.907494068, 54379.0
160.676245928, 54277.0
161.460468054, 54100.0
162.231554985, 54298.0
162.999659061, 53791.0
163.763646126, 53786.0
164.528145075, 53792.0
165.295222998, 53346.0
166.059252977, 53372.0
166.820997, 54194.0
167.584031105, 53664.0
168.367041111, 53322.0
169.137627125, 53407.0
169.90080905, 53605.0
170.667599916, 53317.0
171.436767101, 53508.0
172.209846973, 53477.0
172.971023083, 53500.0
173.739556074, 53802.0
174.504804134, 54425.0
175.279248953, 54351.0
176.042943954, 54888.0
176.806390047, 54544.0
177.567150116, 54544.0
178.327997923, 54823.0
179.089172125, 54807.0
179.854339123, 54839.0
180.616979122, 55484.0
181.38329792, 55540.0
182.156440973, 55127.0
182.918658972, 55609.0
183.683557987, 55735.0
184.448668003, 55611.0
185.212513924, 55708.0
185.974828005, 55217.0
186.742317915, 55281.0
187.503462076, 55103.0
188.267754078, 55242.0
189.032429934, 55027.0
189.799426079, 55126.0
190.562870026, 54876.0
191.326704979, 55424.0
192.087826014, 55424.0
192.85836792, 55712.0
193.637933016, 55674.0
194.422214031, 55544.0
195.187906981, 55560.0
195.968590021, 55845.0
196.743144035, 56077.0
197.506796122, 56230.0
198.278533936, 56244.0
199.054965019, 56113.0
199.827424049, 56113.0
200.592544079, 56359.0
201.3635571, 55955.0
202.133363008, 55644.0
202.950793982, 55621.0
203.716722965, 56071.0
204.477208138, 56237.0
205.237419128, 56082.0
206.012069941, 55632.0
206.774564028, 56140.0
207.533997059, 56477.0
208.297832012, 56596.0
209.079759121, 56346.0
209.847396135, 56147.0
210.61047411, 55573.0
211.389526129, 55528.0
212.187508106, 55966.0
212.959537029, 55932.0
213.729637146, 56204.0
214.490807056, 56322.0
215.276911974, 56130.0
216.068830967, 56462.0
216.845292091, 56151.0
217.612443924, 56562.0
218.388093948, 56691.0
219.160751104, 56601.0
219.929712057, 56994.0
220.694455147, 56806.0
221.472952127, 56434.0
222.242635965, 56642.0
223.018676996, 56421.0
223.786724091, 56201.0
224.54954505, 55775.0
225.318067074, 55745.0
226.088041067, 55811.0
226.852437973, 55551.0
227.618757963, 55572.0
228.394684076, 55602.0
229.168616056, 55579.0
229.949707985, 55435.0
230.719063997, 55529.0
231.489606142, 55423.0
232.254729033, 55283.0
233.017925978, 54790.0
233.782438993, 54300.0
234.546117067, 54677.0
235.310084105, 53859.0
236.070060968, 53597.0
236.838932037, 53446.0
237.60565114, 53274.0
238.374608994, 53255.0
239.139734983, 53009.0
239.906572104, 53496.0
240.674237013, 52988.0
241.442332983, 52296.0
242.205790043, 52474.0
242.971545935, 52403.0
243.743864059, 52420.0
244.510844946, 52552.0
245.281145096, 52757.0
246.050395966, 52947.0
246.809036016, 52738.0
247.577889919, 52703.0
248.346074104, 52946.0
249.106712103, 53112.0
249.863574028, 53173.0
250.633188009, 53285.0
251.399786949, 53400.0
252.171762943, 53552.0
252.937330961, 53848.0
253.702759027, 54113.0
254.471256018, 54940.0
255.235908985, 54298.0
256.012789965, 54298.0
256.793081999, 54566.0
257.556508064, 54349.0
258.318544149, 54253.0
259.08141613, 53831.0
259.848056078, 53809.0
260.611228943, 53750.0
261.383453131, 53882.0
262.149276972, 53896.0
262.915233135, 53204.0
263.689767122, 53208.0
264.454285145, 53233.0
265.220925093, 53231.0
265.982074022, 53375.0
266.75147295, 52774.0
267.53400898, 53063.0
268.297265053, 52967.0
269.060322046, 53078.0
269.830502033, 53304.0
270.611889124, 53098.0
271.37559104, 53351.0
272.142092943, 53474.0
272.912774086, 53773.0
273.675904989, 53930.0
274.438427925, 53938.0
275.203323126, 54577.0
275.968352079, 54176.0
276.735479116, 53935.0
277.527106047, 54111.0
278.303044081, 53970.0
279.084444046, 53454.0
279.859306097, 53506.0
280.628952026, 53784.0
281.403769016, 53539.0
282.173696995, 53505.0
282.94008112, 53606.0
283.703104973, 53495.0
284.471075058, 53320.0
285.232862949, 53650.0
286.000558138, 54135.0
286.760963917, 53978.0
287.521500111, 53903.0
288.289119959, 53903.0
289.055825949, 53963.0
289.816931009, 53609.0
290.579849958, 53430.0
291.353327036, 53430.0
292.128607988, 53375.0
292.896136999, 53128.0
293.65961194, 52772.0
294.420088053, 53018.0
295.187643051, 53136.0
295.953850985, 52584.0
296.720190048, 52337.0
297.48668313, 52396.0
298.256719112, 52631.0
299.022809982, 52729.0
299.783106089, 52588.0
300.552021027, 52558.0
301.318943977, 52958.0
302.086925983, 52649.0
302.849318981, 52869.0
303.609921932, 52321.0
304.376399994, 51811.0
305.150759935, 51751.0
305.913962126, 51396.0
306.678153992, 51804.0
307.444282055, 51769.0
308.210346937, 51786.0
308.976511955, 52119.0
309.74019599, 52463.0
310.511449099, 52571.0
311.292171001, 52368.0
312.060198069, 52636.0
312.821860075, 52670.0
313.597701073, 52757.0
314.367592096, 52606.0
315.131700993, 52575.0
315.895520926, 52526.0
316.665112019, 52539.0
317.439047098, 52580.0
318.216480017, 52557.0
318.987240076, 52413.0
319.752263069, 52397.0
320.518384933, 52956.0
321.288995981, 52730.0
322.060665131, 52730.0
322.822735071, 52959.0
323.59051013, 52761.0
324.357434034, 52658.0
325.131634951, 52391.0
325.890161037, 52888.0
326.645713091, 52881.0
327.408918142, 53012.0
328.172122955, 53140.0
328.929553986, 53349.0
329.686573982, 53347.0
330.452382088, 53414.0
331.21488595, 53572.0
331.984745026, 53484.0
332.74446702, 53427.0
333.506974936, 53366.0
334.272927046, 53328.0
335.038279057, 53334.0
335.805917025, 53677.0
336.570116997, 53698.0
337.336931944, 53570.0
338.100579023, 53531.0
338.864175081, 53967.0
339.62656498, 54170.0
340.394174099, 53642.0
341.157777071, 53478.0
341.918282986, 53358.0
342.682090998, 53184.0
343.452579975, 53502.0
344.215240002, 53744.0
344.970596075, 53254.0
345.735475063, 53403.0
346.502794027, 53363.0
347.271820068, 53478.0
348.03532815, 53690.0
348.81230092, 53708.0
349.580618143, 53350.0
350.343723059, 53440.0
351.109925032, 53495.0
351.869419098, 53013.0
352.635921955, 52908.0
353.398380995, 52918.0
354.161880016, 52827.0
354.919245005, 52766.0
355.680269003, 52746.0
356.443179131, 52588.0
357.201815128, 52598.0
357.958367109, 52215.0
358.738445997, 52360.0
359.505234003, 52602.0
360.274049997, 52794.0
361.032782078, 52939.0
361.803179026, 53530.0
362.568542957, 53783.0
363.338200092, 53314.0
364.104681969, 53414.0
364.876292944, 54057.0
365.657427073, 53985.0
366.424449921, 53601.0
367.186002016, 54197.0
367.94295001, 53527.0
368.707638025, 53438.0
369.472193956, 53437.0
370.234085083, 53594.0
370.992126942, 53617.0
371.76008296, 53477.0
372.543829918, 53475.0
373.313122988, 53502.0
374.073626041, 52941.0
374.848016024, 52898.0
375.628467083, 52898.0
376.417917967, 52901.0
377.185284138, 52503.0
377.96767211, 52686.0
378.732007027, 52585.0
379.506488085, 52846.0
380.266906023, 52830.0
381.032943964, 52839.0
381.817896128, 52718.0
382.589673042, 52673.0
383.356210947, 52568.0
384.122906923, 52518.0
384.884634018, 52668.0
385.646013021, 52637.0
386.411132097, 51919.0
387.177211046, 51677.0
387.937216997, 51527.0
388.701518059, 51637.0
389.47440505, 51780.0
390.250618935, 51680.0
391.019746065, 51897.0
391.789221048, 51737.0
392.556843996, 51689.0
393.331166983, 51072.0
394.094600916, 51075.0
394.860608101, 51106.0
395.620253086, 51771.0
396.388906956, 51867.0
397.151972055, 51098.0
397.912708998, 51031.0
398.671467066, 51196.0
399.431571007, 51118.0
400.205651999, 51081.0
400.974915981, 51335.0
401.74829793, 51088.0
402.520910025, 50731.0
403.29825592, 50949.0
404.070608139, 51407.0
404.84770298, 51839.0
405.616853952, 51956.0
406.387628078, 52270.0
407.160247087, 52322.0
407.940135956, 52207.0
408.707093954, 52366.0
409.466243982, 51921.0
410.231011152, 51974.0
410.995362997, 51512.0
411.755049944, 51491.0
412.511929035, 51568.0
413.291290045, 51583.0
414.061435938, 51750.0
414.832916975, 50917.0
415.593567133, 51385.0
416.361137152, 51291.0
417.136196136, 50853.0
417.905339003, 50641.0
418.668435097, 50659.0
419.442048073, 51058.0
420.216274023, 50981.0
420.979345083, 51100.0
421.739330053, 51602.0
422.500349045, 51629.0
423.267379045, 51707.0
424.031826973, 51772.0
424.79885006, 51855.0
425.561911106, 51729.0
426.336338043, 51719.0
427.111011028, 51836.0
427.87834692, 51689.0
428.647885084, 52201.0
429.415843964, 52064.0
430.188554049, 52097.0
430.95570302, 51573.0
431.714894056, 51485.0
432.487959146, 51519.0
433.258645058, 51550.0
434.03034997, 51954.0
434.794265985, 51712.0
435.56111002, 51703.0
436.325353146, 50934.0
437.089030027, 50969.0
437.849617958, 50605.0
438.615828037, 50885.0
439.380522013, 50891.0
440.139151096, 51095.0
440.909052134, 51344.0
441.688404083, 51682.0
442.451132059, 51896.0
443.214864969, 52129.0
443.979272127, 51884.0
444.748767138, 52090.0
445.521594048, 52139.0
446.289978027, 51886.0
447.055438042, 52043.0
447.826962948, 52328.0
448.604882002, 52332.0
