1.13166904449, 8056.0
1.90387892723, 8894.0
2.66395497322, 10155.0
3.43022704124, 10286.0
4.1923968792, 10937.0
4.96544599533, 11732.0
5.72420692444, 12602.0
6.51121497154, 13366.0
7.27698993683, 13357.0
8.03954696655, 14466.0
8.79808783531, 14797.0
9.56656002998, 15208.0
10.3289070129, 16349.0
11.0973780155, 16767.0
11.8691599369, 16866.0
12.6252110004, 17028.0
13.392138958, 17042.0
14.1546299458, 17975.0
14.9141600132, 18221.0
15.6663799286, 18684.0
16.4281990528, 18802.0
17.1885809898, 18903.0
17.949723959, 19550.0
18.7180278301, 20094.0
19.4877259731, 20890.0
20.2530269623, 21030.0
21.0181708336, 21198.0
21.7811608315, 21366.0
22.5995559692, 21850.0
23.3604650497, 22453.0
24.1346988678, 22840.0
24.8957209587, 23551.0
25.6680150032, 24709.0
26.4326889515, 24930.0
27.1977949142, 25580.0
27.9563469887, 25614.0
28.7189869881, 25371.0
29.4810009003, 25431.0
30.2433629036, 25428.0
31.0004389286, 26338.0
31.7647190094, 27121.0
32.5281128883, 27665.0
33.2881948948, 27194.0
34.0568189621, 27300.0
34.8254899979, 28356.0
35.5869660378, 29361.0
36.3455870152, 29499.0
37.1050419807, 29695.0
37.8644030094, 29708.0
38.637337923, 29733.0
39.3965940475, 29697.0
40.1657140255, 29972.0
40.9212930202, 30371.0
41.68385005, 30354.0
42.4430449009, 30386.0
43.2066750526, 30367.0
43.9675798416, 30848.0
44.7321848869, 31952.0
45.5043058395, 32819.0
46.2722518444, 32861.0
47.0429420471, 32970.0
47.8127570152, 33118.0
48.5762548447, 33126.0
49.3367478848, 33034.0
50.1094820499, 34374.0
50.8862128258, 34935.0
51.6522839069, 35074.0
52.4236569405, 34995.0
53.1940350533, 35433.0
53.9589419365, 36302.0
54.7199969292, 36759.0
55.4794960022, 36695.0
56.237983942, 36615.0
56.999712944, 36797.0
57.7669408321, 37201.0
58.5291490555, 37903.0
59.3000099659, 37764.0
60.0631649494, 37732.0
60.8296239376, 38015.0
61.5925738811, 37810.0
62.3516688347, 37754.0
63.1139130592, 38376.0
63.876791954, 38448.0
64.6390209198, 38209.0
65.396944046, 38192.0
66.1698639393, 38627.0
66.9403989315, 39059.0
67.7061028481, 38941.0
68.4700798988, 38506.0
69.2368099689, 39127.0
70.0093078613, 39085.0
70.7786538601, 39085.0
71.5355288982, 39579.0
72.2967689037, 39579.0
73.0601549149, 39563.0
73.8299088478, 39579.0
74.5981588364, 39884.0
75.3599328995, 40191.0
76.1197328568, 40158.0
76.8855619431, 40425.0
77.6566269398, 40425.0
78.4181149006, 40961.0
79.1747629642, 41005.0
79.9506628513, 41749.0
80.7120888233, 41677.0
81.4784669876, 42018.0
82.2464239597, 42193.0
83.0089039803, 42181.0
83.7721018791, 42207.0
84.5277440548, 42467.0
85.2883479595, 42337.0
86.0722329617, 42417.0
86.8441798687, 43031.0
87.6038529873, 42700.0
88.3661448956, 43284.0
89.1348478794, 43268.0
89.9044969082, 42436.0
90.6666009426, 43177.0
91.4245688915, 43759.0
92.2009768486, 43781.0
92.9815049171, 43893.0
93.7476198673, 44059.0
94.5167169571, 44562.0
95.2778458595, 43765.0
96.0442759991, 44292.0
96.8074090481, 44507.0
97.5777878761, 44566.0
98.3431899548, 44726.0
99.1120040417, 44933.0
99.8877308369, 45010.0
100.64959693, 44963.0
101.409888029, 44813.0
102.187515974, 45024.0
102.956312895, 44845.0
103.720651865, 45232.0
104.477396965, 44935.0
105.259659052, 45090.0
106.025094986, 45291.0
106.793970823, 44836.0
107.547622919, 44015.0
108.311290026, 43979.0
109.0733459, 44519.0
109.836058855, 44646.0
110.596797943, 45005.0
111.361366034, 44837.0
112.134732008, 44912.0
112.897470951, 45193.0
113.665528059, 45726.0
114.438182831, 45890.0
115.208169937, 45837.0
115.972674847, 45942.0
116.736809015, 45914.0
117.497958899, 46198.0
118.274386883, 46170.0
119.044616938, 46139.0
119.806681871, 46470.0
120.570891857, 47037.0
121.344269991, 47151.0
122.109593868, 47111.0
122.877336979, 47011.0
123.636718988, 47376.0
124.400642872, 47093.0
125.177587032, 46774.0
125.942559004, 46991.0
126.704640865, 46700.0
127.472831964, 46922.0
128.252836943, 46767.0
129.023995876, 46964.0
129.806411028, 47113.0
130.566902876, 46777.0
131.33840704, 46779.0
132.106341839, 46332.0
132.87209487, 46264.0
133.640854836, 45811.0
134.417733908, 46012.0
135.187741041, 46402.0
135.957334995, 46550.0
136.715189934, 47235.0
137.477216005, 47716.0
138.260432959, 47661.0
139.034569025, 47905.0
139.794000864, 47832.0
140.572955847, 47835.0
141.351589918, 47773.0
142.127920866, 48039.0
142.890663862, 47722.0
143.651710987, 47457.0
144.422407866, 47407.0
145.182729959, 47653.0
145.943817854, 47605.0
146.707742929, 47766.0
147.484133959, 47638.0
148.258144855, 47115.0
149.026700974, 46649.0
149.803473949, 46486.0
150.566972971, 46416.0
151.331984997, 46426.0
152.102969885, 45938.0
152.869808912, 46359.0
153.631273985, 46444.0
154.409726858, 46566.0
155.17757988, 46788.0
155.938936949, 46854.0
156.702543974, 46895.0
157.466320992, 46759.0
158.23038888, 47259.0
158.994051933, 47563.0
159.756573915, 47547.0
160.526294947, 47746.0
161.30328989, 47800.0
162.068965912, 48758.0
162.833643913, 49306.0
163.593111038, 49191.0
164.357143879, 48636.0
165.125257015, 48652.0
165.90307498, 48339.0
166.663435936, 48252.0
167.421005964, 48855.0
168.202311993, 49124.0
168.974799871, 49352.0
169.736507893, 49842.0
170.495369911, 49230.0
171.253666878, 49222.0
172.022519827, 49219.0
172.786203861, 50115.0
173.545130014, 50174.0
174.309684038, 50738.0
175.08047986, 50573.0
175.845160007, 50802.0
176.623178959, 50789.0
177.38499403, 50931.0
178.149258852, 50807.0
178.918746948, 50996.0
179.705032825, 50872.0
180.474232912, 50407.0
181.236011028, 51141.0
182.009203911, 51054.0
182.772022963, 51048.0
183.529129028, 50884.0
184.297149897, 51436.0
185.064216852, 51457.0
185.845103025, 51666.0
186.604532003, 51713.0
187.365133047, 51906.0
188.149198055, 52042.0
188.918455839, 51585.0
189.685009956, 51707.0
190.455112934, 51643.0
191.221675873, 52298.0
191.991899014, 52364.0
192.753804922, 52571.0
193.516165972, 52347.0
194.284771919, 52937.0
195.061760902, 52692.0
195.825556993, 53562.0
196.585640907, 53017.0
197.352485895, 53077.0
198.122604847, 53395.0
198.885803938, 53143.0
199.642796993, 52715.0
200.404477835, 52919.0
201.175482035, 52991.0
201.951308966, 53174.0
202.709913969, 52710.0
203.470723867, 53200.0
204.231775045, 52615.0
204.994423866, 52708.0
205.754669905, 52177.0
206.511600018, 52028.0
207.272685051, 51467.0
208.042575836, 51484.0
208.813655853, 51788.0
209.571784019, 52218.0
210.334522009, 52066.0
211.104454994, 52830.0
211.870326042, 52528.0
212.632133961, 53278.0
213.401564837, 53687.0
214.178135872, 53494.0
214.940990925, 53360.0
215.707070827, 53307.0
216.47181797, 53313.0
217.236606836, 52813.0
218.008232832, 52947.0
218.770316839, 53708.0
219.524750948, 53614.0
220.290930033, 53732.0
221.050091982, 53632.0
221.810549974, 53735.0
222.579572916, 53840.0
223.346920967, 54052.0
224.11420989, 54059.0
224.876392841, 53720.0
225.632781029, 53743.0
226.398206949, 54358.0
227.162682056, 54968.0
227.927667856, 54742.0
228.687039852, 55165.0
229.464798927, 55506.0
230.236326933, 55557.0
231.000684977, 55674.0
231.758628845, 55774.0
232.524543047, 55713.0
233.302531958, 56401.0
234.07062602, 56547.0
234.835199833, 56664.0
235.596179962, 56387.0
236.369070053, 56314.0
237.136652946, 56492.0
237.903717995, 56514.0
238.662181854, 56491.0
239.434042931, 57000.0
240.209826946, 56979.0
240.973436832, 56998.0
241.74267292, 56823.0
242.523707867, 57149.0
243.298751831, 57180.0
244.069941044, 57181.0
244.837328911, 56938.0
245.605674982, 56948.0
246.37221384, 57241.0
247.14386797, 56813.0
247.909443855, 56461.0
248.674762964, 56641.0
249.450284958, 56853.0
250.215455055, 56968.0
250.975391865, 57036.0
251.745457888, 57032.0
252.511518955, 56927.0
253.277220964, 56582.0
254.046851873, 56297.0
254.806277037, 56602.0
255.570922852, 56736.0
256.343852043, 56912.0
257.104189873, 56938.0
257.864527941, 56938.0
258.629639864, 57208.0
259.391775846, 56675.0
260.154906034, 56802.0
260.914255857, 56657.0
261.674478054, 56905.0
262.440520048, 56530.0
263.216272831, 56311.0
263.979959965, 56357.0
264.748437881, 56424.0
265.512568951, 56414.0
266.277338028, 56988.0
267.041875839, 56623.0
267.803063869, 55868.0
268.563993931, 55874.0
269.328424931, 56108.0
270.100119829, 55786.0
270.865666866, 55776.0
271.627922058, 55347.0
272.393553019, 55409.0
273.166746855, 54469.0
273.932891846, 54656.0
274.693009853, 54656.0
275.459895849, 54978.0
276.222074032, 54892.0
276.989147902, 54798.0
277.752115965, 54248.0
278.515923023, 54422.0
279.276031971, 54470.0
280.032543898, 54480.0
280.790429831, 54513.0
281.564590931, 54882.0
282.333029032, 54719.0
283.092316866, 54550.0
283.860370874, 54788.0
284.626556873, 54793.0
285.390193939, 54343.0
286.15076685, 54054.0
286.914172888, 54320.0
287.677014828, 54505.0
288.439478874, 54617.0
289.206406832, 54447.0
289.988348007, 54656.0
290.766145945, 54660.0
291.525204897, 54438.0
292.29308486, 54331.0
293.064499855, 55202.0
293.83336091, 54673.0
294.601762056, 54351.0
295.366150856, 54200.0
296.13158083, 54378.0
296.917855024, 54396.0
297.67738986, 54725.0
298.439470053, 54675.0
299.195482969, 55114.0
299.956421852, 54802.0
300.721772909, 54729.0
301.484242916, 54561.0
302.249616861, 54813.0
303.021414042, 54827.0
303.818991899, 55036.0
304.587647915, 55259.0
305.359949827, 54953.0
306.13965106, 55087.0
306.917552948, 54938.0
307.685381889, 54778.0
308.455991983, 54801.0
309.223187923, 55604.0
309.988411903, 55357.0
310.764680862, 55479.0
311.528954983, 55470.0
312.296598911, 55336.0
313.068797827, 54665.0
313.834986925, 54050.0
314.595849037, 54480.0
315.363370895, 54448.0
316.13451004, 54456.0
316.899705887, 54545.0
317.675088882, 54417.0
318.438796997, 54644.0
319.215119839, 54820.0
319.977334023, 54272.0
320.738241911, 53839.0
321.498791933, 54313.0
322.273458004, 53459.0
323.042713881, 53310.0
323.809970856, 53363.0
324.595741034, 53318.0
325.373432875, 52876.0
326.154320955, 52601.0
326.916928053, 52601.0
327.675909042, 53217.0
328.440559864, 52839.0
329.208160877, 52832.0
329.975353956, 52768.0
330.775034904, 52782.0
331.559283018, 52677.0
332.332243919, 52727.0
333.107350826, 52727.0
333.877820969, 53337.0
334.648028851, 53774.0
335.419652939, 54116.0
336.196133852, 54773.0
336.961807966, 55043.0
337.746003866, 54816.0
338.515720844, 54831.0
339.283885002, 54372.0
340.054703951, 53595.0
340.815342903, 54064.0
341.589689016, 54464.0
342.358386993, 54613.0
343.119186878, 54664.0
343.885622025, 55061.0
344.662796021, 54921.0
345.430577993, 55241.0
346.194530964, 55354.0
346.955279827, 55261.0
347.722257853, 55558.0
348.493609905, 55492.0
349.257751942, 55310.0
350.019336939, 55425.0
350.785758972, 55659.0
351.559705973, 55703.0
352.322108984, 56331.0
353.077937841, 56875.0
353.860463858, 56871.0
354.628752947, 57000.0
355.390897036, 56978.0
356.152948856, 56842.0
356.91760993, 56840.0
357.680141926, 56386.0
358.455997944, 56392.0
359.221459866, 56277.0
359.980696917, 56851.0
360.744493961, 56760.0
361.512542963, 56486.0
362.278684855, 56433.0
363.039430857, 56411.0
363.803655863, 56394.0
364.56514287, 56379.0
365.343176842, 56315.0
366.108161926, 56282.0
366.873348951, 56391.0
367.64664197, 56376.0
368.408653975, 56089.0
369.170815945, 56786.0
369.940521955, 57035.0
370.700093985, 57124.0
371.47910285, 57212.0
372.246446848, 56788.0
373.010068893, 56852.0
373.772284985, 56931.0
374.539978027, 56473.0
375.299430847, 56071.0
376.063056946, 56009.0
376.830137014, 56037.0
377.603005886, 56459.0
378.36796689, 56097.0
379.134359837, 56036.0
379.902829885, 55447.0
380.671864986, 55790.0
381.438745022, 55645.0
382.202457905, 55515.0
382.988782883, 55567.0
383.756386995, 55282.0
384.522378922, 55132.0
385.282553911, 54994.0
386.049576998, 54994.0
386.814713955, 54592.0
387.585033894, 54401.0
388.350385904, 54566.0
389.113673925, 54520.0
389.88101387, 55102.0
390.641556025, 55154.0
391.402238846, 55194.0
392.186646938, 54362.0
392.951879025, 54317.0
393.711531878, 54325.0
394.468518019, 54449.0
395.231240988, 54822.0
396.001528025, 54828.0
396.772946835, 55113.0
397.531250954, 55113.0
398.296933889, 55359.0
399.071363926, 55229.0
399.835559845, 55118.0
400.60619998, 54834.0
401.36531496, 54875.0
402.129530907, 54482.0
402.896870852, 54685.0
403.657610893, 54709.0
404.417675018, 54838.0
405.181439877, 54754.0
405.958812952, 54602.0
406.719030857, 54632.0
407.475280046, 54163.0
408.240646839, 54212.0
409.003880978, 53838.0
409.763751984, 53857.0
410.520799875, 53816.0
411.285984993, 53812.0
412.056213856, 54135.0
412.827677965, 54315.0
413.594939947, 53721.0
414.375860929, 53950.0
415.137699842, 54253.0
415.900100946, 53945.0
416.669746876, 53607.0
417.436956882, 53750.0
418.19945693, 53734.0
418.968742847, 54032.0
419.741489887, 54252.0
420.502240896, 54434.0
421.261948824, 54318.0
422.025687933, 54388.0
422.796635866, 54397.0
423.560189962, 54282.0
424.331264019, 54257.0
425.097028017, 54158.0
425.862005949, 54509.0
426.634562969, 54532.0
427.402508974, 55066.0
428.167275906, 55219.0
428.932658911, 55716.0
429.695180893, 55610.0
430.460473061, 55752.0
431.222538948, 55108.0
431.995820045, 54694.0
432.759878874, 54661.0
433.527906895, 54234.0
434.293238878, 54413.0
435.059025049, 54354.0
435.827255011, 54333.0
436.598865032, 54003.0
437.36452198, 53329.0
438.125972986, 53238.0
438.89104104, 53105.0
439.657989979, 53563.0
440.425591946, 53164.0
441.19007206, 53409.0
441.955647945, 53295.0
442.711702824, 53085.0
443.474138021, 53428.0
444.238046885, 53564.0
445.00056386, 53562.0
445.761934996, 53575.0
446.544456959, 53619.0
447.306195974, 53456.0
448.06710887, 53455.0
