1.13645482063, 7525.0
1.90532183647, 8018.0
2.67052292824, 8687.0
3.43559885025, 9279.0
4.20858383179, 10062.0
4.97198581696, 10621.0
5.73645782471, 11926.0
6.50580000877, 12365.0
7.2708439827, 12571.0
8.03821802139, 12738.0
8.8014318943, 12959.0
9.56252980232, 13885.0
10.326900959, 13978.0
11.0996129513, 13987.0
11.8666298389, 13990.0
12.6276328564, 14125.0
13.4014258385, 15462.0
14.1694738865, 15697.0
14.9529139996, 16416.0
15.7134709358, 17150.0
16.4761338234, 18531.0
17.2566809654, 19669.0
18.0197579861, 20183.0
18.7895720005, 20713.0
19.5523428917, 21547.0
20.3174269199, 22894.0
21.0892739296, 23294.0
21.8547389507, 24195.0
22.6271288395, 24179.0
23.3981478214, 24679.0
24.1833109856, 25494.0
24.9467418194, 25560.0
25.7102169991, 25650.0
26.4755299091, 26602.0
27.2432320118, 26676.0
28.0091049671, 27434.0
28.7759668827, 28200.0
29.5412988663, 28605.0
30.3254230022, 29698.0
31.0989899635, 29699.0
31.860699892, 29438.0
32.6241140366, 29689.0
33.3879668713, 29886.0
34.1509280205, 30048.0
34.9150588512, 30192.0
35.6770899296, 30695.0
36.444767952, 30618.0
37.2152869701, 31087.0
37.9853439331, 30380.0
38.7440299988, 30652.0
39.5098419189, 30996.0
40.2748780251, 31187.0
41.0428268909, 31182.0
41.8068878651, 31227.0
42.5739598274, 31556.0
43.3386769295, 31703.0
44.0967450142, 32125.0
44.8617999554, 32118.0
45.6326589584, 32078.0
46.398499012, 32057.0
47.1607689857, 32622.0
47.9180598259, 33501.0
48.6800899506, 33694.0
49.4426968098, 34160.0
50.212157011, 35007.0
50.9729008675, 35012.0
51.7406609058, 34981.0
52.5104439259, 34992.0
53.2794480324, 35849.0
54.0387158394, 36216.0
54.8089668751, 36824.0
55.5763399601, 36014.0
56.3403270245, 36259.0
57.0983090401, 37282.0
57.8544409275, 37169.0
58.6229929924, 37528.0
59.397192955, 38013.0
60.1597700119, 38160.0
60.9223020077, 38526.0
61.6848678589, 38926.0
62.4491739273, 39451.0
63.2260458469, 39185.0
63.9857769012, 39695.0
64.7514820099, 39782.0
65.5261788368, 39934.0
66.2920060158, 40021.0
67.0483779907, 39932.0
67.8054549694, 39943.0
68.5714359283, 40229.0
69.3371949196, 40524.0
70.0972528458, 40870.0
70.8538048267, 41497.0
71.6301980019, 41569.0
72.3967189789, 41684.0
73.1655068398, 41272.0
73.9248809814, 41452.0
74.6911079884, 42193.0
75.4555490017, 42616.0
76.2210979462, 43247.0
76.9802849293, 43015.0
77.7444498539, 43213.0
78.5339100361, 44213.0
79.2979879379, 44273.0
80.0586600304, 44898.0
80.8251178265, 44934.0
81.5891418457, 44934.0
82.3518309593, 44959.0
83.1134738922, 45027.0
83.8757469654, 45023.0
84.6403868198, 44813.0
85.4161818027, 45382.0
86.1794970036, 45820.0
86.9466979504, 46201.0
87.71357584, 46433.0
88.4856410027, 46133.0
89.2620968819, 46401.0
90.019744873, 46377.0
90.7836229801, 46489.0
91.5516178608, 47008.0
92.325273037, 46931.0
93.0869429111, 46740.0
93.8650898933, 46875.0
94.6333749294, 47168.0
95.4001479149, 47805.0
96.1644189358, 47620.0
96.931789875, 48170.0
97.7157828808, 47780.0
98.4916968346, 48032.0
99.2664878368, 47592.0
100.033659935, 47633.0
100.810321808, 47476.0
101.577116013, 47411.0
102.350150824, 47816.0
103.132895947, 47602.0
103.907828808, 46804.0
104.676224947, 47250.0
105.446301937, 47121.0
106.220438004, 47696.0
106.985308886, 47725.0
107.756421804, 47618.0
108.529428959, 47393.0
109.296423912, 47521.0
110.062346935, 47181.0
110.830396891, 47766.0
111.59436202, 48281.0
112.357481956, 48477.0
113.128572941, 49203.0
113.891222, 50029.0
114.656275034, 50041.0
115.416169882, 49587.0
116.18364501, 49025.0
116.94844389, 49013.0
117.715178967, 48752.0
118.484095812, 48153.0
119.258862972, 48332.0
120.01816082, 48012.0
120.792699814, 47997.0
121.554141998, 48073.0
122.319355011, 48408.0
123.08065486, 48536.0
123.841610909, 48723.0
124.602530956, 49141.0
125.368788958, 49151.0
126.153729916, 48688.0
126.917348862, 49243.0
127.684717894, 49738.0
128.446816921, 49694.0
129.215269804, 50355.0
129.978083849, 50501.0
130.746129036, 50520.0
131.510388851, 50587.0
132.281517029, 50764.0
133.059563875, 50731.0
133.819475889, 50779.0
134.577837944, 50471.0
135.343928814, 50546.0
136.107008934, 50778.0
136.867631912, 50730.0
137.636884928, 50978.0
138.415776968, 51076.0
139.190186977, 50890.0
139.961215973, 51083.0
140.728718996, 51436.0
141.491658926, 51469.0
142.254940033, 51427.0
143.023010015, 50933.0
143.782264948, 50920.0
144.54510498, 50909.0
145.309034824, 50772.0
146.066146851, 50761.0
146.841408968, 51569.0
147.609290838, 52355.0
148.380940914, 52269.0
149.142540932, 52187.0
149.899060965, 52171.0
150.688073874, 51774.0
151.453246832, 51306.0
152.215395927, 51665.0
152.974226952, 51659.0
153.73952198, 51707.0
154.504443884, 51608.0
155.267364979, 51477.0
156.025393009, 51052.0
156.790051937, 51519.0
157.561458826, 51239.0
158.323319912, 51996.0
159.083997011, 51931.0
159.845947981, 52036.0
160.621639013, 51925.0
161.389325857, 51952.0
162.151857853, 51952.0
162.926004887, 52147.0
163.699719906, 52159.0
164.462160826, 52361.0
165.223294973, 52781.0
165.978291988, 52523.0
166.74615097, 52325.0
167.521409988, 52579.0
168.291445971, 52548.0
169.04865694, 52330.0
169.811822891, 52151.0
170.583135843, 52156.0
171.346207857, 52390.0
172.104362011, 52331.0
172.861935854, 52369.0
173.638617992, 52369.0
174.40438199, 52717.0
175.164966822, 52905.0
175.920413017, 53165.0
176.685529947, 52787.0
177.450271845, 52901.0
178.21573782, 53316.0
178.978231907, 53393.0
179.743242025, 53232.0
180.524942875, 53188.0
181.289398909, 53383.0
182.046012878, 53968.0
182.818773985, 54452.0
183.585517883, 54568.0
184.353242874, 54787.0
185.115197897, 55327.0
185.884438992, 55137.0
186.650637865, 55256.0
187.423903942, 54495.0
188.182945967, 54751.0
188.937536955, 55206.0
189.699048996, 54954.0
190.469950914, 54955.0
191.232870817, 54987.0
191.990839005, 54814.0
192.756505966, 54765.0
193.527940989, 55054.0
194.302311897, 54810.0
195.061863899, 55091.0
195.830757856, 55038.0
196.599277973, 55048.0
197.366374016, 54656.0
198.135826826, 54522.0
198.915102005, 54346.0
199.677675009, 54083.0
200.446290016, 54482.0
201.211802959, 54613.0
201.977839947, 54225.0
202.742427826, 54097.0
203.507830858, 53932.0
204.26689291, 54018.0
205.029059887, 53849.0
205.793201923, 54257.0
206.564170837, 54273.0
207.329118013, 54083.0
208.091536999, 53908.0
208.857208967, 53924.0
209.629295826, 54126.0
210.405535936, 54340.0
211.162519932, 54346.0
211.923233986, 54683.0
212.682984829, 54918.0
213.461074829, 54950.0
214.225695848, 54932.0
215.009322882, 54853.0
215.77457881, 54558.0
216.535575867, 53906.0
217.296782017, 53323.0
218.057658911, 53423.0
218.823169947, 52817.0
219.585469007, 52817.0
220.345860004, 52863.0
221.120617867, 52731.0
221.890709877, 52653.0
222.655594826, 52637.0
223.419968843, 52521.0
224.184142828, 51593.0
224.949786901, 51137.0
225.719061852, 51137.0
226.511772871, 51826.0
227.277698994, 51201.0
228.050021887, 51061.0
228.817054987, 50937.0
229.578505993, 51485.0
230.341847897, 51225.0
231.103607893, 51219.0
231.864492893, 50917.0
232.645449877, 50941.0
233.404577017, 51065.0
234.166307926, 51404.0
234.941553831, 51394.0
235.708508968, 51482.0
236.470049858, 51499.0
237.235035896, 51695.0
237.999159813, 51704.0
238.762833834, 51690.0
239.528723955, 51421.0
240.294032812, 51423.0
241.059302807, 51155.0
241.835604906, 51172.0
242.599361897, 51148.0
243.362509012, 51105.0
244.124315023, 50849.0
244.884246826, 50746.0
245.648082018, 51042.0
246.412154913, 50927.0
247.176951885, 50980.0
247.941897869, 51347.0
248.710812807, 51067.0
249.480108023, 51074.0
250.256114006, 50826.0
251.020419836, 50814.0
251.785146952, 50807.0
252.551134825, 50948.0
253.322423935, 51234.0
254.091380835, 51064.0
254.853996038, 51053.0
255.624712944, 51186.0
256.388707876, 51422.0
257.151041031, 51441.0
257.915197849, 51001.0
258.674077988, 51020.0
259.438599825, 51763.0
260.212543964, 51799.0
260.973886967, 52383.0
261.733460903, 52160.0
262.512887001, 52353.0
263.27717495, 52291.0
264.049649954, 52738.0
264.814864874, 52744.0
265.581939936, 52472.0
266.347854853, 52234.0
267.116987944, 51848.0
267.881582022, 51861.0
268.655472994, 51820.0
269.426352978, 51688.0
270.191301823, 52252.0
270.95401597, 52100.0
271.71981883, 51958.0
272.493999958, 51815.0
273.264883995, 51862.0
274.03212285, 51939.0
274.794267893, 51901.0
275.573298931, 51893.0
276.33772397, 51653.0
277.099076986, 51572.0
277.860409021, 51846.0
278.623694897, 52138.0
279.387745857, 51419.0
280.146831989, 51380.0
280.903960943, 51837.0
281.669139862, 51631.0
282.441803932, 51935.0
283.200829983, 51920.0
283.964664936, 51537.0
284.73100996, 51399.0
285.49464488, 50979.0
286.255292892, 50555.0
287.013132811, 51336.0
287.782270908, 51333.0
288.554795027, 50949.0
289.344113827, 51266.0
290.104748964, 51399.0
290.874581814, 52159.0
291.635216951, 51916.0
292.392859936, 51761.0
293.151557922, 51558.0
293.924108982, 51204.0
294.698069811, 50933.0
295.466015816, 51086.0
296.236645937, 51536.0
296.992478848, 52532.0
297.765060902, 52288.0
298.524324894, 51254.0
299.28765893, 51463.0
300.043022871, 51760.0
300.80546689, 51942.0
301.572089911, 51969.0
302.335798979, 52912.0
303.108577013, 52907.0
303.874039888, 52801.0
304.640898943, 52860.0
305.40615201, 52256.0
306.172477961, 52285.0
306.935767889, 52368.0
307.70903182, 52243.0
308.475281954, 52192.0
309.239943981, 52059.0
310.011029005, 51661.0
310.774250984, 51268.0
311.535626888, 51731.0
312.293002844, 52040.0
313.054145813, 51940.0
313.819808006, 52297.0
314.582490921, 53358.0
315.340592861, 53807.0
316.100567818, 53367.0
316.87094903, 53311.0
317.638490915, 53084.0
318.39981699, 53256.0
319.161654949, 53411.0
319.932389975, 53437.0
320.701031923, 53253.0
321.464030027, 53094.0
322.229713917, 52846.0
323.023571014, 52641.0
323.79419899, 52907.0
324.560575008, 53191.0
325.322973013, 53522.0
326.085544825, 53488.0
326.850734949, 53009.0
327.615306854, 52540.0
328.381685972, 52587.0
329.152467012, 52847.0
329.927181959, 52944.0
330.689730883, 53120.0
331.450560808, 53278.0
332.213910818, 53455.0
332.988530874, 53792.0
333.76315093, 53834.0
334.525355816, 53888.0
335.295888901, 53802.0
336.058529854, 53454.0
336.846122026, 53650.0
337.615139961, 53646.0
338.373118877, 54002.0
339.145112991, 54297.0
339.912621021, 54540.0
340.678792953, 54911.0
341.445015907, 54629.0
342.216190815, 55202.0
342.990075827, 55165.0
343.774683952, 55567.0
344.539778948, 55306.0
345.323153019, 55306.0
346.094107866, 55292.0
346.862291813, 55070.0
347.627390862, 55059.0
348.390498877, 55048.0
349.156580925, 55093.0
349.924503803, 55123.0
350.698690891, 55047.0
351.464370966, 55094.0
352.229977846, 54606.0
352.993311882, 55154.0
353.765661955, 55087.0
354.528048992, 55075.0
355.303937912, 55032.0
356.062981844, 54957.0
356.821292877, 55336.0
357.591377974, 55492.0
358.355340958, 55667.0
359.116819859, 55614.0
359.883323908, 55664.0
360.646567822, 55382.0
361.417745829, 55036.0
362.189239025, 55132.0
362.952482939, 55185.0
363.718815804, 55200.0
364.496378899, 55052.0
365.274220943, 55047.0
366.048259974, 54846.0
366.827874899, 54528.0
367.607564926, 54372.0
368.387531996, 54675.0
369.157730818, 54735.0
369.934227943, 54934.0
370.699431896, 54892.0
371.474435806, 54518.0
372.239059925, 54237.0
373.001055002, 54635.0
373.770843029, 54439.0
374.543686867, 54629.0
375.317764997, 55236.0
376.075364828, 55334.0
376.837751865, 55064.0
377.620937824, 55307.0
378.385654926, 55306.0
379.155689001, 55393.0
379.923110008, 56239.0
380.694228888, 56659.0
381.465790987, 56203.0
382.230064869, 56211.0
383.003968954, 56839.0
383.774930954, 57064.0
384.553547859, 57140.0
385.32899189, 57314.0
386.087208033, 57098.0
386.856886864, 57712.0
387.621671915, 57604.0
388.390770912, 57620.0
389.155946016, 57792.0
389.928843021, 57796.0
390.696358919, 57447.0
391.471724033, 57677.0
392.237020969, 57608.0
393.015487909, 57483.0
393.799186945, 57405.0
394.566416979, 57194.0
395.3401649, 57019.0
396.096732855, 57143.0
396.860313892, 57477.0
397.624866962, 57541.0
398.403801918, 57681.0
399.168129921, 58239.0
399.93818903, 57694.0
400.707859039, 58223.0
401.46754694, 57543.0
402.232903957, 57883.0
402.996785879, 57930.0
403.767671824, 58490.0
404.542871952, 58311.0
405.325168848, 58293.0
406.092211008, 58182.0
406.86585784, 58229.0
407.637575865, 58274.0
408.411197901, 58082.0
409.183410883, 57993.0
409.95437789, 58190.0
410.719254971, 58206.0
411.483608961, 57986.0
412.261636019, 56984.0
413.034255028, 56986.0
413.800458908, 57205.0
414.56878686, 57035.0
415.330369949, 56841.0
416.09482789, 56504.0
416.871138811, 56586.0
417.643386841, 56110.0
418.417865038, 54990.0
419.197018862, 54328.0
419.966900826, 54481.0
420.72681284, 54431.0
421.498795986, 54271.0
422.267148018, 54453.0
423.030236006, 54110.0
423.792366028, 54130.0
424.552296877, 54308.0
425.330324888, 54051.0
426.094838858, 53505.0
426.862777948, 53791.0
427.626856804, 53670.0
428.388685942, 53520.0
429.152550936, 53031.0
429.914219856, 53384.0
430.671393871, 53405.0
431.439409018, 53723.0
432.214301825, 52865.0
432.97546792, 52999.0
433.739481926, 52828.0
434.500451803, 52233.0
435.273412943, 52226.0
436.035401821, 52228.0
436.796876907, 53037.0
437.559161901, 53412.0
438.327584028, 52748.0
439.103730917, 52809.0
439.868546009, 52583.0
440.634685993, 52548.0
441.412031889, 52439.0
442.177515984, 52431.0
442.937621832, 52297.0
443.69481802, 52058.0
444.461162806, 52294.0
445.226306915, 52265.0
445.995283842, 52478.0
446.751519918, 52055.0
447.513321877, 51619.0
448.277247906, 52249.0
