1.12506604195, 7815.0
1.88491415977, 7899.0
2.64465498924, 8585.0
3.42195415497, 9217.0
4.18434596062, 10463.0
4.947879076, 11094.0
5.71719098091, 11391.0
6.48783612251, 12459.0
7.24851512909, 12732.0
8.00577402115, 13789.0
8.76918506622, 14617.0
9.54107713699, 15654.0
10.3013601303, 16391.0
11.0672261715, 17323.0
11.8240931034, 17832.0
12.5942671299, 19023.0
13.3617630005, 19820.0
14.1206450462, 20295.0
14.8821051121, 20293.0
15.6472790241, 20869.0
16.4127991199, 21668.0
17.1754930019, 22066.0
17.9357850552, 22758.0
18.7158131599, 22982.0
19.481153965, 23354.0
20.2534530163, 23984.0
21.0215799809, 24893.0
21.7844970226, 25262.0
22.5465359688, 25194.0
23.3070390224, 25570.0
24.0734350681, 26039.0
24.8430559635, 25826.0
25.6211781502, 26462.0
26.395457983, 26676.0
27.1588101387, 26979.0
27.9181821346, 26896.0
28.6797680855, 26640.0
29.443377018, 27331.0
30.2090160847, 27645.0
30.9696240425, 27902.0
31.7328360081, 28283.0
32.5037779808, 28118.0
33.271075964, 28348.0
34.0379550457, 29016.0
34.8048810959, 29288.0
35.5700809956, 28883.0
36.3342521191, 29251.0
37.0978240967, 29676.0
37.8817620277, 29709.0
38.6487760544, 30066.0
39.422604084, 30099.0
40.1865291595, 30345.0
40.9530751705, 30807.0
41.7220571041, 31654.0
42.484210968, 31583.0
43.24584198, 32719.0
44.0104839802, 33766.0
44.7733969688, 34316.0
45.5400869846, 35052.0
46.3111970425, 35644.0
47.0727901459, 35781.0
47.8386900425, 36287.0
48.6010260582, 36707.0
49.3715860844, 36735.0
50.146556139, 36582.0
50.9073050022, 37416.0
51.6670689583, 37486.0
52.4265511036, 37480.0
53.194576025, 38391.0
53.955796957, 39196.0
54.7187831402, 39393.0
55.4850730896, 39450.0
56.246035099, 39653.0
57.0067999363, 39639.0
57.7657520771, 39868.0
58.5305831432, 39593.0
59.2965390682, 39892.0
60.0675930977, 40653.0
60.8320829868, 41382.0
61.6002099514, 40858.0
62.3598880768, 41505.0
63.1256051064, 41107.0
63.8884010315, 41741.0
64.649887085, 42323.0
65.4103929996, 42327.0
66.1762061119, 42331.0
66.9445879459, 42310.0
67.7089951038, 42796.0
68.469315052, 43869.0
69.2299439907, 44538.0
69.9939579964, 44386.0
70.7634871006, 44326.0
71.5229790211, 44326.0
72.2811069489, 44578.0
73.0587489605, 44856.0
73.8209049702, 44768.0
74.5800740719, 44686.0
75.3405041695, 44659.0
76.1038110256, 44273.0
76.8651909828, 44303.0
77.6288039684, 44516.0
78.3896501064, 44402.0
79.160722971, 44413.0
79.9334020615, 44336.0
80.6933820248, 44852.0
81.4501049519, 44832.0
82.2149009705, 44737.0
82.9775431156, 44921.0
83.7375020981, 45170.0
84.4956650734, 45562.0
85.2591249943, 45592.0
86.0205869675, 45591.0
86.7998600006, 45568.0
87.5594460964, 45500.0
88.3255820274, 45494.0
89.0907771587, 45676.0
89.8531420231, 46191.0
90.6117939949, 46152.0
91.3740091324, 46417.0
92.1355130672, 46390.0
92.8947720528, 46451.0
93.6684751511, 46834.0
94.4290180206, 47074.0
95.1934800148, 47244.0
95.9559631348, 47215.0
96.7348620892, 47202.0
97.4951920509, 47316.0
98.2655351162, 46812.0
99.0290379524, 46820.0
99.7990641594, 46275.0
100.575364113, 46393.0
101.348359108, 46528.0
102.114563942, 46549.0
102.875255108, 46652.0
103.645919085, 46151.0
104.417492151, 46110.0
105.18571496, 46003.0
105.96146512, 45982.0
106.724720001, 46083.0
107.507701159, 46770.0
108.27798605, 47090.0
109.044365168, 47071.0
109.808897018, 47360.0
110.567970037, 47284.0
111.331314087, 47308.0
112.093487978, 47521.0
112.852931023, 48388.0
113.614923, 48869.0
114.402280092, 48571.0
115.169389963, 48742.0
115.930207968, 49031.0
116.701845169, 48700.0
117.475871086, 48942.0
118.24112606, 48420.0
119.000825167, 48038.0
119.765841961, 48243.0
120.545140028, 48134.0
121.310170174, 48237.0
122.068776131, 48267.0
122.823497057, 48289.0
123.584944963, 48133.0
124.348199129, 48030.0
125.111912966, 48094.0
125.867908001, 48007.0
126.639837027, 48102.0
127.412091017, 48173.0
128.174707174, 48227.0
128.932158947, 48263.0
129.692826033, 47544.0
130.460220098, 47842.0
131.221441984, 47837.0
131.979171991, 48033.0
132.737326145, 48304.0
133.506891012, 48055.0
134.282824993, 47629.0
135.042979956, 47780.0
135.806226015, 47664.0
136.579889059, 47577.0
137.344159126, 47975.0
138.104958057, 47979.0
138.860914946, 47679.0
139.631044149, 48106.0
140.395096064, 47906.0
141.170092106, 47835.0
141.935657978, 47959.0
142.709522963, 48011.0
143.480679035, 48030.0
144.243203163, 48219.0
145.000786066, 48293.0
145.764340162, 48336.0
146.530128956, 48652.0
147.294156075, 48666.0
148.06219697, 48875.0
148.830167055, 48858.0
149.600113153, 48844.0
150.367148161, 48816.0
151.128265142, 49146.0
151.884868145, 49149.0
152.653819084, 48851.0
153.415799141, 49393.0
154.180957079, 49476.0
154.944658995, 48861.0
155.710924149, 49098.0
156.477226019, 48993.0
157.241193056, 49105.0
157.99935317, 48248.0
158.764899969, 48757.0
159.545563936, 48407.0
160.307435989, 48420.0
161.068284988, 47923.0
161.852252007, 47803.0
162.619390965, 47278.0
163.382995129, 46754.0
164.146815062, 46717.0
164.911355972, 47264.0
165.687709093, 47322.0
166.45145607, 47192.0
167.214900017, 48217.0
167.978470087, 48229.0
168.748739958, 48408.0
169.511185169, 48499.0
170.276973963, 48548.0
171.037668943, 49145.0
171.808588028, 48985.0
172.577681065, 48927.0
173.342113972, 48910.0
174.103353977, 49157.0
174.887506962, 49989.0
175.651116133, 50127.0
176.416537046, 50125.0
177.17683816, 49878.0
177.941601038, 50131.0
178.706297159, 50013.0
179.466398954, 50274.0
180.233953953, 50750.0
180.995836973, 51312.0
181.775925159, 51200.0
182.540320158, 50887.0
183.306184053, 50868.0
184.07140708, 50981.0
184.836236954, 51169.0
185.607048988, 51173.0
186.372200966, 51010.0
187.138306141, 50955.0
187.912009954, 50971.0
188.694931984, 50701.0
189.464914083, 50709.0
190.229869127, 50995.0
190.994544029, 50526.0
191.75791502, 50460.0
192.52532196, 50700.0
193.291610003, 50739.0
194.064084053, 50752.0
194.829990149, 50573.0
195.601602077, 50439.0
196.361082077, 50593.0
197.129956007, 50203.0
197.906260014, 50863.0
198.671988964, 50988.0
199.432877064, 50966.0
200.201903105, 51976.0
200.970106125, 52493.0
201.730967999, 52488.0
202.498279095, 51885.0
203.267282963, 52458.0
204.034934044, 51883.0
204.796633005, 51883.0
205.566337109, 51678.0
206.335759163, 51701.0
207.100486994, 51172.0
207.871386051, 51166.0
208.633862019, 51120.0
209.407524109, 50435.0
210.173447132, 50405.0
210.938799143, 50864.0
211.709721088, 50455.0
212.476729155, 50821.0
213.247673035, 50855.0
214.010461092, 50557.0
214.775117159, 50544.0
215.543996096, 50886.0
216.319128036, 50969.0
217.10165, 50933.0
217.883106947, 51433.0
218.651363134, 51467.0
219.43040514, 51696.0
220.20009017, 51757.0
220.965022087, 51573.0
221.739290953, 52319.0
222.526952982, 52272.0
223.303190947, 52341.0
224.077885151, 52044.0
224.843534946, 51967.0
225.616166115, 52023.0
226.385748148, 51541.0
227.153120041, 51736.0
227.916962147, 51735.0
228.684087038, 51767.0
229.463926077, 52016.0
230.229865074, 52743.0
230.995579958, 52618.0
231.760696173, 52618.0
232.525397062, 52476.0
233.287786961, 52633.0
234.04884696, 52653.0
234.809137106, 52344.0
235.578995943, 53321.0
236.360932112, 53302.0
237.124927998, 53047.0
237.887706041, 52704.0
238.660758972, 52609.0
239.426078081, 52769.0
240.187076092, 52232.0
240.950513124, 52395.0
241.718435049, 51725.0
242.484347105, 51620.0
243.258100986, 51571.0
244.01849103, 51917.0
244.782217026, 53132.0
245.549947023, 53171.0
246.32448411, 53157.0
247.096064091, 53133.0
247.861528158, 53213.0
248.634284019, 53035.0
249.400079966, 52867.0
250.173230171, 53029.0
250.933976173, 53137.0
251.695054054, 53256.0
252.458909988, 52880.0
253.217919111, 52689.0
253.973454952, 52893.0
254.735537052, 53186.0
255.501331091, 53741.0
256.260818005, 53800.0
257.029344082, 54383.0
257.800457954, 54217.0
258.566179991, 54630.0
259.325968027, 54392.0
260.085365057, 53741.0
260.850043058, 54474.0
261.616280079, 54306.0
262.379111052, 54862.0
263.136588097, 54845.0
263.907752037, 54895.0
264.673699141, 55500.0
265.439391136, 55428.0
266.203663111, 55234.0
266.971573114, 54556.0
267.73549509, 54062.0
268.498036146, 53891.0
269.256430149, 54134.0
270.020506144, 54079.0
270.793983936, 54079.0
271.557768106, 54509.0
272.319728136, 54752.0
273.078041077, 54778.0
273.839323044, 54424.0
274.606071949, 54348.0
275.364829063, 54359.0
276.131703138, 54379.0
276.90625, 54505.0
277.675652981, 54272.0
278.440746069, 54319.0
279.201770067, 54061.0
279.972300053, 53908.0
280.745846033, 54161.0
281.508547068, 54514.0
282.267240047, 54483.0
283.032083035, 54798.0
283.803766012, 54639.0
284.56368494, 53877.0
285.319960117, 53742.0
286.08428216, 53712.0
286.857152939, 53722.0
287.620414972, 53865.0
288.379222155, 54433.0
289.14180994, 54453.0
289.906314135, 54699.0
290.680449009, 54681.0
291.439972162, 54308.0
292.198028088, 54336.0
292.963683128, 54460.0
293.729298115, 54160.0
294.493508101, 54430.0
295.251034021, 54046.0
296.012696981, 54070.0
296.774747133, 54179.0
297.547940016, 54363.0
298.305097103, 54141.0
299.073923111, 54151.0
299.834474087, 54171.0
300.593632936, 54077.0
301.35039115, 53913.0
302.115406036, 53904.0
302.878890038, 53842.0
303.641296148, 53842.0
304.409077168, 53717.0
305.173964024, 53332.0
305.937973976, 53338.0
306.705042124, 52654.0
307.468868971, 52318.0
308.233581066, 52495.0
308.996090174, 52495.0
309.76353097, 52430.0
310.523751974, 52101.0
311.286489964, 51862.0
312.049981117, 51751.0
312.814289093, 51586.0
313.575176001, 51990.0
314.333760023, 51912.0
315.098091125, 51956.0
315.868076086, 52336.0
316.627892971, 52514.0
317.385481119, 52716.0
318.158830166, 52761.0
318.928570032, 52059.0
319.692705154, 51883.0
320.454190969, 51893.0
321.221482992, 51608.0
321.985309124, 52181.0
322.754445076, 51800.0
323.516612053, 52117.0
324.294872999, 52306.0
325.059426069, 52336.0
325.823135138, 53095.0
326.586929083, 53065.0
327.351160049, 53063.0
328.115466118, 52996.0
328.877928019, 52996.0
329.637681007, 52809.0
330.401360989, 53043.0
331.179458141, 52359.0
331.944668055, 51988.0
332.709704161, 51965.0
333.470195055, 51389.0
334.236144066, 51241.0
335.009540081, 51519.0
335.771543026, 51898.0
336.551061153, 51834.0
337.32447505, 52085.0
338.105174065, 52037.0
338.878664017, 52478.0
339.641948938, 52046.0
340.407577038, 51640.0
341.179017067, 51987.0
341.94426012, 51987.0
342.711591959, 52011.0
343.476168156, 52050.0
344.240776062, 51970.0
345.015000105, 52116.0
345.777112961, 51080.0
346.544551134, 51198.0
347.310312033, 50956.0
348.07999897, 51007.0
348.843794107, 50936.0
349.612697124, 51020.0
350.374854088, 50556.0
351.141849041, 50612.0
351.916105032, 50867.0
352.683084011, 51305.0
353.443758965, 51305.0
354.211425066, 51305.0
354.970654964, 51365.0
355.729740143, 51379.0
356.498826981, 51323.0
357.260462999, 51323.0
358.022454023, 51286.0
358.789355993, 50678.0
359.55560708, 50910.0
360.317789078, 51154.0
361.081807137, 50859.0
361.843100071, 50832.0
362.61144495, 51570.0
363.377660036, 51643.0
364.147696018, 52091.0
364.907413006, 52537.0
365.677667141, 52526.0
366.441776037, 53188.0
367.204054117, 53208.0
367.965724945, 53757.0
368.733745098, 53578.0
369.497984171, 53586.0
370.268253088, 53678.0
371.03025198, 53648.0
371.792521, 54367.0
372.563784122, 54548.0
373.339827061, 54497.0
374.103224993, 54311.0
374.863544941, 54377.0
375.635873079, 54391.0
376.397979975, 54416.0
377.163589954, 54600.0
377.925945997, 54600.0
378.706031084, 54745.0
379.469933033, 54403.0
380.23865509, 54300.0
380.995254993, 54177.0
381.763107061, 54120.0
382.525968075, 54062.0
383.28730011, 53929.0
384.049445152, 54071.0
384.81441617, 53921.0
385.594467163, 53385.0
386.35266304, 53707.0
387.135455132, 53529.0
387.895333052, 53916.0
388.662928104, 53953.0
389.422029018, 53603.0
390.186018944, 53586.0
390.948522091, 53683.0
391.712936163, 53107.0
392.487061977, 53245.0
393.245439053, 53020.0
393.999665976, 53294.0
394.761157036, 53332.0
395.517374992, 53357.0
396.277157068, 53232.0
397.038326025, 53568.0
397.799216986, 53139.0
398.558573008, 52615.0
399.327558041, 53460.0
400.089308023, 53604.0
400.851705074, 53627.0
401.616363049, 53862.0
402.373800039, 54206.0
403.127748966, 54035.0
403.897582054, 53862.0
404.661579132, 54331.0
405.427368164, 53917.0
406.201418161, 53851.0
406.965080023, 53856.0
407.734761, 53869.0
408.493705034, 53954.0
409.262892008, 53788.0
410.025154114, 53809.0
410.790807009, 53843.0
411.548673153, 53709.0
412.310079098, 53763.0
413.078344107, 53658.0
413.841999054, 53724.0
414.607856035, 53555.0
415.371762991, 53573.0
416.130059004, 52842.0
416.893593073, 52869.0
417.663197994, 52482.0
418.430583954, 51464.0
419.194698095, 51907.0
419.967057943, 52481.0
420.728743076, 51828.0
421.490139008, 51543.0
422.254488945, 51633.0
423.015308142, 51929.0
423.783275127, 52181.0
424.543463945, 52469.0
425.305490971, 52359.0
426.082957983, 51984.0
426.846589088, 52793.0
427.60772109, 52423.0
428.368944168, 52635.0
429.131104946, 52026.0
429.8954041, 51984.0
430.666589975, 52151.0
431.426092148, 51856.0
432.191661119, 51803.0
432.98479104, 51535.0
433.755072117, 50962.0
434.520056963, 50699.0
435.281516075, 50257.0
436.045248985, 50250.0
436.808290958, 50143.0
437.569075108, 49455.0
438.327979088, 49746.0
439.094643116, 49722.0
439.869413137, 49509.0
440.629590034, 49399.0
441.395948172, 49313.0
442.172601938, 49756.0
442.93622303, 49649.0
443.705845118, 50062.0
444.465760946, 50079.0
445.233675957, 50320.0
445.993750095, 50544.0
446.763612032, 50843.0
447.52233696, 50806.0
