1.1229121685, 7322.0
1.88643598557, 7806.0
2.64943909645, 8437.0
3.42770504951, 8915.0
4.19215798378, 9809.0
4.95484209061, 9890.0
5.71535396576, 11142.0
6.48745918274, 11927.0
7.26804304123, 12512.0
8.03945302963, 12809.0
8.80046010017, 13699.0
9.57210206985, 14224.0
10.3524451256, 14497.0
11.119767189, 15162.0
11.8820991516, 16054.0
12.6530761719, 16897.0
13.422506094, 17305.0
14.1832389832, 17767.0
14.9446811676, 18665.0
15.7109930515, 19146.0
16.4828310013, 19643.0
17.2584760189, 20184.0
18.0278151035, 21109.0
18.7905981541, 21624.0
19.5633721352, 21591.0
20.3339099884, 21538.0
21.1006240845, 22318.0
21.865003109, 22379.0
22.6365871429, 22442.0
23.4082610607, 22669.0
24.1875801086, 23658.0
24.947273016, 23834.0
25.7121629715, 24574.0
26.4811851978, 25386.0
27.2555270195, 25671.0
28.0261981487, 25988.0
28.7911171913, 26059.0
29.5682141781, 26206.0
30.3521959782, 26175.0
31.1234881878, 27043.0
31.8959891796, 28106.0
32.6681389809, 28560.0
33.4389960766, 29092.0
34.2077081203, 29119.0
34.9734070301, 29765.0
35.739770174, 30097.0
36.5124661922, 30640.0
37.2794821262, 31140.0
38.0478270054, 32311.0
38.8091580868, 32359.0
39.57508111, 32540.0
40.3388819695, 32549.0
41.0963590145, 33058.0
41.8610670567, 33320.0
42.6367251873, 33481.0
43.3991100788, 33822.0
44.1613590717, 34223.0
44.9312970638, 34217.0
45.6923420429, 34029.0
46.4585499763, 34512.0
47.2250070572, 34480.0
47.9969069958, 34681.0
48.7610180378, 35096.0
49.528247118, 35531.0
50.2995371819, 36124.0
51.0802221298, 36709.0
51.8518531322, 36750.0
52.6263439655, 37231.0
53.3913300037, 37230.0
54.1603591442, 37763.0
54.9249470234, 37882.0
55.6880600452, 37864.0
56.4529480934, 38232.0
57.2181761265, 38246.0
57.9961950779, 38409.0
58.7636461258, 38422.0
59.5301241875, 38910.0
60.2941830158, 38934.0
61.0570061207, 39494.0
61.8233311176, 39410.0
62.59851408, 38897.0
63.3652710915, 39062.0
64.1325540543, 39045.0
64.9096240997, 39631.0
65.6766951084, 39552.0
66.4434139729, 39557.0
67.2173700333, 39757.0
67.9837291241, 40365.0
68.7466750145, 40390.0
69.5089139938, 40529.0
70.2815380096, 40746.0
71.0476620197, 40730.0
71.8338861465, 40571.0
72.5948781967, 40222.0
73.3786990643, 40194.0
74.1426980495, 40583.0
74.904774189, 40495.0
75.6705350876, 41168.0
76.4378380775, 41202.0
77.202023983, 41284.0
77.971681118, 41469.0
78.7428331375, 41189.0
79.5123181343, 41881.0
80.2791900635, 41738.0
81.0428709984, 41635.0
81.8135969639, 41649.0
82.5824301243, 41850.0
83.354899168, 42077.0
84.1196131706, 41538.0
84.8815920353, 41848.0
85.6553730965, 42212.0
86.4357550144, 42293.0
87.2017719746, 41980.0
87.9766709805, 43074.0
88.7433049679, 43789.0
89.5173561573, 44425.0
90.2861261368, 44425.0
91.0453941822, 44702.0
91.8515231609, 44092.0
92.6252331734, 44373.0
93.3967120647, 44363.0
94.1598269939, 44361.0
94.9215831757, 44311.0
95.6917901039, 44987.0
96.459813118, 44958.0
97.2244729996, 44958.0
97.9879200459, 44710.0
98.7565050125, 44416.0
99.5318660736, 45059.0
100.301606178, 45048.0
101.059720993, 45041.0
101.824235201, 44811.0
102.597928047, 45493.0
103.373923063, 44998.0
104.141208172, 45581.0
104.904420137, 45568.0
105.692878008, 45879.0
106.460721016, 45494.0
107.224828005, 45247.0
107.982900143, 45334.0
108.75069499, 45833.0
109.516625166, 46117.0
110.281542063, 46006.0
111.043686152, 46051.0
111.819939137, 46645.0
112.597563028, 46881.0
113.360597134, 47150.0
114.121232033, 47167.0
114.88569808, 47001.0
115.652254105, 47500.0
116.413263083, 47885.0
117.171637058, 47682.0
117.938202143, 48062.0
118.702754974, 48960.0
119.47480607, 49406.0
120.239077091, 49597.0
120.998457193, 49640.0
121.763264179, 49609.0
122.533085108, 49987.0
123.302634001, 49788.0
124.05984211, 49930.0
124.826035023, 49863.0
125.594716072, 50628.0
126.377861977, 51548.0
127.138125181, 51913.0
127.907366037, 52048.0
128.669816017, 51654.0
129.433729172, 52181.0
130.197088003, 52197.0
130.961369991, 52359.0
131.724070072, 53083.0
132.486490011, 53108.0
133.254528999, 52918.0
134.030727148, 53056.0
134.798202991, 53346.0
135.562849998, 53145.0
136.324191093, 53658.0
137.086565971, 54312.0
137.870375156, 54527.0
138.642827988, 54527.0
139.409363985, 54479.0
140.185966969, 54455.0
140.960180998, 53814.0
141.721470118, 54064.0
142.486978054, 54071.0
143.247423172, 54124.0
144.012700081, 54443.0
144.786144972, 54507.0
145.567677021, 54485.0
146.337535143, 54518.0
147.113001108, 54556.0
147.885400057, 54915.0
148.660667181, 54981.0
149.432794094, 54240.0
150.203386068, 54384.0
150.969467163, 54316.0
151.747560978, 54957.0
152.515931129, 55047.0
153.30459404, 55252.0
154.07368803, 54942.0
154.841616154, 54746.0
155.610227108, 55409.0
156.382405043, 56216.0
157.146687984, 56235.0
157.918904066, 56194.0
158.684663057, 56301.0
159.456984043, 56230.0
160.239505053, 56352.0
161.010046005, 56399.0
161.786051989, 56507.0
162.555994987, 56331.0
163.320775986, 56626.0
164.082920074, 57043.0
164.84564805, 56985.0
165.61196804, 56791.0
166.382904053, 56814.0
167.163999081, 56567.0
167.929768085, 56710.0
168.692232132, 56610.0
169.46310401, 56795.0
170.232227087, 56970.0
170.99999404, 57003.0
171.772231102, 56958.0
172.546298981, 56961.0
173.317002058, 56770.0
174.094670057, 56826.0
174.859107018, 56826.0
175.626201153, 56815.0
176.39331007, 56829.0
177.152122021, 56685.0
177.93584013, 56696.0
178.709050179, 57116.0
179.480580091, 57255.0
180.242243052, 57068.0
181.01690197, 56804.0
181.816655159, 56738.0
182.59218812, 56775.0
183.362784147, 56428.0
184.134486198, 56547.0
184.900927067, 56657.0
185.666064978, 56589.0
186.430577993, 56448.0
187.189352989, 56585.0
187.9693501, 57016.0
188.742860079, 57222.0
189.508000135, 57066.0
190.267575979, 57607.0
191.031011105, 57493.0
191.798667192, 57418.0
192.564967155, 56996.0
193.329061985, 56465.0
194.089132071, 56540.0
194.860954046, 56903.0
195.627967119, 56873.0
196.39647007, 57066.0
197.156587124, 57322.0
197.938485146, 57378.0
198.718937159, 57228.0
199.502034187, 56685.0
200.260637999, 56059.0
201.028732061, 56058.0
201.809787035, 56078.0
202.574798107, 56097.0
203.338090181, 56150.0
204.096426964, 56191.0
204.861139059, 56268.0
205.631960154, 56977.0
206.395755053, 56803.0
207.152847052, 56394.0
207.940323114, 56433.0
208.719125032, 56422.0
209.481875181, 56375.0
210.242546082, 55587.0
211.022652149, 55884.0
211.795267105, 55780.0
212.56935811, 55682.0
213.333465099, 55106.0
214.107635975, 54714.0
214.88225913, 54142.0
215.654132128, 54205.0
216.419120073, 54425.0
217.183644056, 54162.0
217.952300072, 53617.0
218.725599051, 53600.0
219.488314152, 53531.0
220.254997969, 54218.0
221.019052982, 54340.0
221.79800415, 54546.0
222.581119061, 54263.0
223.343075991, 54398.0
224.106932163, 54341.0
224.872997999, 54268.0
225.63394618, 53939.0
226.392421007, 53490.0
227.155375004, 53385.0
227.923820019, 53135.0
228.701066017, 53365.0
229.467004061, 53071.0
230.236907005, 52441.0
231.005871058, 52186.0
231.779800177, 52211.0
232.545796156, 52656.0
233.308665991, 52095.0
234.077569008, 52247.0
234.839462042, 52151.0
235.609220028, 52084.0
236.377452135, 51614.0
237.14320302, 51885.0
237.910629034, 51746.0
238.67543602, 51548.0
239.44114399, 51558.0
240.203920126, 51427.0
240.968858004, 51585.0
241.73761797, 51523.0
242.505609989, 51835.0
243.270648003, 51535.0
244.038892984, 50988.0
244.803879023, 51219.0
245.565431118, 51231.0
246.327731133, 51729.0
247.094269991, 51630.0
247.864526987, 51644.0
248.631018162, 52350.0
249.411897182, 52567.0
250.174216032, 52587.0
250.943019152, 52468.0
251.711665154, 51838.0
252.481131077, 51359.0
253.245405197, 51409.0
254.009752035, 50833.0
254.771664143, 50316.0
255.552633047, 50354.0
256.319835186, 50354.0
257.089008093, 50515.0
257.855113029, 50735.0
258.623772144, 50855.0
259.3938272, 51267.0
260.160786152, 51316.0
260.92139101, 51592.0
261.685125113, 51222.0
262.466840029, 51553.0
263.241345167, 51552.0
264.010462046, 51317.0
264.771790028, 51055.0
265.53758502, 51185.0
266.299579144, 51209.0
267.064177036, 50549.0
267.831464052, 50793.0
268.604140997, 50554.0
269.381420135, 50554.0
270.143238068, 50420.0
270.909341097, 50286.0
271.675511122, 50437.0
272.44118309, 50406.0
273.200536966, 50866.0
273.957314968, 50549.0
274.730355978, 50361.0
275.501435995, 50548.0
276.279438972, 51045.0
277.04302001, 50868.0
277.815649033, 50418.0
278.587702036, 50486.0
279.357496023, 51362.0
280.122210979, 51562.0
280.898900032, 51971.0
281.666516066, 52154.0
282.43485713, 52790.0
283.209401131, 52920.0
283.97372818, 52899.0
284.739991188, 52590.0
285.502120018, 52216.0
286.262920141, 52103.0
287.024932146, 52192.0
287.796871185, 53021.0
288.563745022, 52953.0
289.327890158, 52953.0
290.10413909, 52949.0
290.874409199, 52777.0
291.641036987, 52358.0
292.404080153, 52197.0
293.165429115, 52056.0
293.930647135, 52056.0
294.697355032, 51948.0
295.460498095, 52060.0
296.219730139, 52060.0
296.990427017, 52122.0
297.763460159, 51702.0
298.527402163, 51663.0
299.290350199, 51145.0
300.055715084, 51452.0
300.826792002, 51938.0
301.593899965, 52060.0
302.357017994, 51632.0
303.136376143, 51891.0
303.917026997, 51415.0
304.686207056, 52132.0
305.44909215, 52051.0
306.213320017, 52302.0
306.979787111, 52496.0
307.744615078, 52178.0
308.506802082, 52196.0
309.270848036, 52189.0
310.048223019, 52536.0
310.814874172, 52744.0
311.579643011, 52403.0
312.345134974, 52105.0
313.112977028, 52763.0
313.882978201, 52647.0
314.653987169, 52413.0
315.428668976, 52432.0
316.197300196, 52155.0
316.984690189, 52696.0
317.751094103, 52840.0
318.5160532, 52999.0
319.291310072, 53459.0
320.069997072, 53292.0
320.842766047, 53078.0
321.609474182, 53213.0
322.382214069, 53054.0
323.151455164, 52758.0
323.934959173, 52874.0
324.700762987, 53038.0
325.464142084, 53025.0
326.235503197, 53099.0
326.998788118, 53067.0
327.760590076, 52865.0
328.521619081, 52840.0
329.289139032, 53245.0
330.054421186, 53045.0
330.830640078, 53519.0
331.598165989, 53377.0
332.366472006, 53431.0
333.133171082, 53953.0
333.902096987, 53814.0
334.671738148, 54234.0
335.449093103, 53868.0
336.219464064, 53890.0
336.998289108, 53443.0
337.765813112, 53449.0
338.530232191, 53593.0
339.299475193, 53593.0
340.063261032, 53724.0
340.826647997, 53872.0
341.598500967, 53676.0
342.366475105, 53632.0
343.13096714, 53672.0
343.898168087, 53400.0
344.665125132, 53334.0
345.427699089, 53579.0
346.188963175, 53621.0
346.948395967, 53580.0
347.708206177, 53291.0
348.471302032, 53314.0
349.24113512, 53270.0
350.008150101, 52880.0
350.770280123, 53196.0
351.54355216, 53463.0
352.310415983, 53762.0
353.073259115, 54049.0
353.841772079, 53644.0
354.61050415, 53438.0
355.379957199, 53641.0
356.154734135, 53675.0
356.922043085, 54111.0
357.699247122, 53974.0
358.465988159, 54683.0
359.22896409, 54485.0
359.993278027, 54527.0
360.760874987, 54301.0
361.523029089, 54461.0
362.285679102, 53685.0
363.047307968, 53442.0
363.812131166, 53759.0
364.58803916, 53810.0
365.353595972, 53970.0
366.111744165, 54076.0
366.875272036, 54037.0
367.637757063, 53825.0
368.403023005, 54021.0
369.166239023, 54083.0
369.925446987, 54432.0
370.690253019, 54430.0
371.470800161, 54402.0
372.240974188, 54359.0
373.000082016, 54662.0
373.765618086, 54868.0
374.541756153, 54858.0
375.308218002, 54683.0
376.078029156, 54515.0
376.845304966, 54824.0
377.614327192, 54884.0
378.390087128, 54353.0
379.159461021, 54424.0
379.925441027, 55008.0
380.688863993, 54969.0
381.450555086, 54671.0
382.21152997, 54696.0
382.980825186, 55016.0
383.75716114, 55309.0
384.538398027, 55333.0
385.309102058, 55476.0
386.072697163, 55189.0
386.835394144, 54919.0
387.603726149, 54789.0
388.368860006, 54761.0
389.128489971, 54666.0
389.898472071, 54737.0
390.663163185, 55035.0
391.430778027, 55125.0
392.202043056, 54891.0
392.965226173, 54474.0
393.737043142, 53974.0
394.500609159, 54010.0
395.259199142, 54127.0
396.024646044, 54121.0
396.794286013, 54149.0
397.556292057, 54810.0
398.320886135, 54848.0
399.093775034, 54597.0
399.861449003, 53808.0
400.624197006, 53845.0
401.39191699, 54251.0
402.167881012, 54206.0
402.942070007, 54271.0
403.704940081, 53837.0
404.470184088, 53638.0
405.24526, 53983.0
406.01712203, 53993.0
406.780482054, 54074.0
407.557145119, 54082.0
408.32133007, 54079.0
409.090589046, 53868.0
409.857172012, 53539.0
410.623092175, 53434.0
411.393157005, 53239.0
412.171192169, 53374.0
412.947319984, 53534.0
413.734177113, 53522.0
414.505400181, 54167.0
415.279530048, 54134.0
416.046832085, 54145.0
416.815556049, 54362.0
417.579385042, 54220.0
418.347138166, 53684.0
419.124891996, 53660.0
419.891437054, 53822.0
420.656740189, 53829.0
421.42318511, 53559.0
422.187345028, 53042.0
422.951301098, 53216.0
423.713587999, 52821.0
424.483993053, 52528.0
425.250066042, 52143.0
426.028414011, 52126.0
426.806831121, 52123.0
427.571555138, 52798.0
428.340862036, 52804.0
429.102677107, 52739.0
429.863718987, 52274.0
430.62263608, 52186.0
431.389970064, 52071.0
432.15951705, 52287.0
432.933205128, 52493.0
433.698498964, 51889.0
434.468517065, 52096.0
435.23648119, 51946.0
436.001039028, 51612.0
436.763506174, 51557.0
437.529368162, 51867.0
438.293945074, 51954.0
439.05550313, 52185.0
439.821133137, 52224.0
440.599589109, 52002.0
441.367108107, 52324.0
442.131649971, 52336.0
442.895059109, 52227.0
443.672936201, 52439.0
444.444576025, 52445.0
445.23290801, 52588.0
446.005360126, 52531.0
446.783629179, 52325.0
447.556241035, 52385.0
448.32301712, 52385.0
449.087105989, 52616.0
