1.12752103806, 7870.0
1.88872408867, 8095.0
2.66149997711, 8284.0
3.43470215797, 8636.0
4.20940613747, 9411.0
4.97448420525, 9841.0
5.73887515068, 10126.0
6.50792312622, 10754.0
7.27948617935, 11169.0
8.04259300232, 11828.0
8.80791211128, 12606.0
9.57223916054, 13311.0
10.3366291523, 14079.0
11.1196060181, 14764.0
11.8856811523, 14712.0
12.6657030582, 15764.0
13.4374270439, 15814.0
14.2121610641, 15824.0
14.9735250473, 16520.0
15.7433280945, 17536.0
16.5059909821, 17933.0
17.2727191448, 18259.0
18.0421230793, 18459.0
18.8103830814, 19171.0
19.5742621422, 19959.0
20.3327040672, 20013.0
21.0934200287, 20781.0
21.8558959961, 21414.0
22.6200931072, 22680.0
23.3838860989, 23081.0
24.143020153, 24057.0
24.9129002094, 24244.0
25.6834340096, 24618.0
26.4603900909, 25614.0
27.2229151726, 26572.0
27.9909021854, 26756.0
28.7586271763, 27010.0
29.5178010464, 27119.0
30.289427042, 27500.0
31.058027029, 27838.0
31.8277151585, 27798.0
32.595605135, 27742.0
33.3616070747, 29113.0
34.1257870197, 29252.0
34.8948421478, 29537.0
35.6606771946, 29984.0
36.4260342121, 30534.0
37.200067997, 31065.0
37.9767720699, 31306.0
38.7384660244, 30785.0
39.4990231991, 31079.0
40.2594060898, 31356.0
41.0307531357, 31564.0
41.7955720425, 31536.0
42.5577402115, 31468.0
43.3205862045, 31461.0
44.0909249783, 31313.0
44.8658959866, 31313.0
45.6309909821, 31313.0
46.3921430111, 31429.0
47.1601309776, 31528.0
47.9524691105, 31530.0
48.7160401344, 32311.0
49.4820020199, 32962.0
50.2531189919, 33332.0
51.0190751553, 33422.0
51.7896251678, 34045.0
52.5522630215, 34027.0
53.3119120598, 34408.0
54.0884671211, 34357.0
54.8519721031, 34398.0
55.6138110161, 34523.0
56.3748672009, 35001.0
57.1407999992, 35977.0
57.9048080444, 35958.0
58.6737730503, 35895.0
59.4338951111, 35803.0
60.2067461014, 35785.0
60.9725999832, 35804.0
61.733453989, 35939.0
62.4961891174, 35935.0
63.2644731998, 35935.0
64.0308361053, 36077.0
64.808229208, 36523.0
65.5794870853, 37125.0
66.3451201916, 37225.0
67.1174790859, 37225.0
67.879502058, 37596.0
68.6420211792, 38632.0
69.4149692059, 38541.0
70.1826992035, 38542.0
70.9415810108, 38770.0
71.6981520653, 39118.0
72.4680612087, 39038.0
73.232101202, 39348.0
73.996420145, 39204.0
74.75781703, 39272.0
75.5170350075, 39191.0
76.2817029953, 39206.0
77.0458741188, 39983.0
77.8089430332, 40030.0
78.5769600868, 40097.0
79.348608017, 40171.0
80.1144080162, 40409.0
80.8738541603, 41169.0
81.6322832108, 42114.0
82.4033801556, 42369.0
83.1678371429, 42105.0
83.9344329834, 42117.0
84.6938672066, 41985.0
85.4789750576, 41956.0
86.2459030151, 41868.0
87.0102660656, 42466.0
87.7714791298, 42593.0
88.5354371071, 42541.0
89.303358078, 43128.0
90.0668439865, 43638.0
90.8248181343, 43671.0
91.5882441998, 43677.0
92.3663971424, 43410.0
93.1379060745, 43714.0
93.9123160839, 43330.0
94.6734051704, 43131.0
95.4369010925, 43033.0
96.2001411915, 43413.0
96.9584650993, 44023.0
97.7176201344, 44041.0
98.4934570789, 44042.0
99.2777090073, 44241.0
100.038263083, 43953.0
100.798195124, 43552.0
101.561290979, 44202.0
102.326220989, 44753.0
103.090855122, 45065.0
103.847858191, 44959.0
104.607699156, 44807.0
105.377948046, 45390.0
106.149964094, 45416.0
106.909814119, 45330.0
107.670003176, 45207.0
108.433052063, 45234.0
109.193977118, 45464.0
109.950272083, 45460.0
110.713855028, 45926.0
111.475512981, 46012.0
112.233819008, 46398.0
112.998476028, 46323.0
113.751870155, 46327.0
114.512995005, 46272.0
115.276364088, 46238.0
116.034593105, 46617.0
116.790077209, 46547.0
117.552697182, 46454.0
118.317573071, 46411.0
119.07427907, 46362.0
119.836347103, 46490.0
120.593686104, 46516.0
121.357815027, 46865.0
122.118026018, 47344.0
122.878213167, 47623.0
123.639873981, 47785.0
124.40726614, 48192.0
125.171128988, 48297.0
125.931809187, 48494.0
126.700621128, 48630.0
127.464879036, 48612.0
128.225956202, 48729.0
128.98811698, 48920.0
129.749685049, 49238.0
130.513390064, 49666.0
131.279683113, 49815.0
132.042990208, 49860.0
132.80589509, 49447.0
133.572147131, 49321.0
134.333950996, 49359.0
135.097797155, 49158.0
135.856358051, 49116.0
136.630645037, 49683.0
137.394000053, 49280.0
138.161161184, 49769.0
138.923612118, 49539.0
139.69788003, 49566.0
140.472524166, 49967.0
141.23892808, 49556.0
142.001867056, 49940.0
142.765175104, 49711.0
143.529371023, 49072.0
144.295295, 49239.0
145.055656195, 49078.0
145.817862988, 48904.0
146.595385075, 48898.0
147.357235193, 49059.0
148.120810986, 49130.0
148.884376049, 48657.0
149.647186041, 48586.0
150.409183979, 48819.0
151.169883013, 49051.0
151.932417154, 49075.0
152.694211006, 49217.0
153.467775106, 49503.0
154.241286993, 49545.0
155.002104044, 49962.0
155.761599064, 49903.0
156.521955013, 50874.0
157.283653021, 51095.0
158.048235178, 50930.0
158.813412189, 50994.0
159.581555128, 51503.0
160.356535196, 51150.0
161.120068073, 51332.0
161.881198168, 51357.0
162.646959066, 51973.0
163.408358097, 51934.0
164.167113066, 51759.0
164.92898798, 51780.0
165.693598032, 51791.0
166.456933022, 51435.0
167.22668004, 51445.0
167.991651058, 52024.0
168.752824068, 51944.0
169.514453173, 51934.0
170.271598101, 52250.0
171.037388086, 52035.0
171.796108007, 52015.0
172.560518026, 51985.0
173.338376045, 52006.0
174.110585213, 52108.0
174.886613131, 52327.0
175.650528193, 52396.0
176.412899017, 52489.0
177.171092987, 52483.0
177.933679104, 52418.0
178.693053007, 52646.0
179.452292204, 52646.0
180.216341019, 52676.0
180.98607111, 52564.0
181.746598005, 52736.0
182.521775007, 53342.0
183.291828156, 53090.0
184.065059185, 52419.0
184.827834129, 52431.0
185.603872061, 52387.0
186.369682074, 52218.0
187.148897171, 52229.0
187.912338018, 52276.0
188.674182177, 52117.0
189.436035156, 52169.0
190.202354193, 51872.0
190.967432022, 52553.0
191.727920055, 52573.0
192.487066984, 52519.0
193.253115177, 52426.0
194.028064013, 52132.0
194.790610075, 51669.0
195.561906099, 51659.0
196.319409132, 52266.0
197.083851099, 52810.0
197.845293045, 52969.0
198.607304096, 52886.0
199.367365122, 52768.0
200.129561186, 52950.0
200.897233009, 52715.0
201.656228065, 52408.0
202.416453123, 52263.0
203.177036047, 52329.0
203.939218998, 52112.0
204.702870131, 52036.0
205.477341175, 52389.0
206.260573149, 52586.0
207.033328056, 52586.0
207.806127071, 52094.0
208.579323053, 52437.0
209.355149984, 52635.0
210.131079197, 52328.0
210.902401209, 52438.0
211.665512085, 52658.0
212.438364983, 52677.0
213.210111141, 52637.0
213.976049185, 53051.0
214.754940033, 52463.0
215.517335176, 52565.0
216.280072212, 53469.0
217.042036057, 53536.0
217.803315163, 53267.0
218.569935083, 53288.0
219.336146116, 52982.0
220.106765985, 53038.0
220.864063025, 53304.0
221.631736994, 53702.0
222.401584148, 53988.0
223.167117119, 54205.0
223.94345212, 53869.0
224.71107316, 53850.0
225.480332136, 54062.0
226.275675058, 53659.0
227.040500164, 53828.0
227.803745985, 54220.0
228.577553988, 54839.0
229.360791206, 54847.0
230.124968052, 54518.0
230.885699034, 54632.0
231.655567169, 54771.0
232.425872087, 54108.0
233.191046, 54133.0
233.956283092, 54241.0
234.722753048, 54226.0
235.495916128, 54064.0
236.26534915, 54064.0
237.029834032, 54629.0
237.79116106, 54504.0
238.56092, 54510.0
239.32238102, 54435.0
240.080618143, 54139.0
240.837857008, 54272.0
241.613054991, 53864.0
242.373023033, 54323.0
243.133841991, 54114.0
243.893585205, 54688.0
244.678322077, 54692.0
245.439405203, 54330.0
246.201472998, 54561.0
246.959481001, 54915.0
247.724667072, 55381.0
248.505284071, 54474.0
249.282834053, 54270.0
250.043449163, 54133.0
250.806467056, 54098.0
251.576002121, 54110.0
252.34141016, 54575.0
253.105854034, 55244.0
253.869511127, 55294.0
254.638628006, 55462.0
255.411473989, 55757.0
256.175752163, 55685.0
256.933232069, 55672.0
257.699483156, 55121.0
258.469497204, 55120.0
259.236385107, 55112.0
259.993087053, 55673.0
260.757985115, 55649.0
261.51950717, 55692.0
262.292204142, 55694.0
263.060796976, 55960.0
263.830820084, 55950.0
264.595566034, 55170.0
265.366122007, 55896.0
266.127770185, 55955.0
266.899869204, 55596.0
267.676599026, 55784.0
268.437175035, 55506.0
269.207777023, 55567.0
269.970866203, 55599.0
270.733218193, 55154.0
271.502249002, 54912.0
272.26155901, 54562.0
273.024917126, 54229.0
273.785695076, 54004.0
274.544097185, 54016.0
275.299511194, 54080.0
276.067896128, 54188.0
276.830190182, 54173.0
277.598013163, 54384.0
278.359659195, 53865.0
279.117158175, 54227.0
279.884917021, 54256.0
280.647420168, 54613.0
281.413722992, 55026.0
282.171374083, 54955.0
282.938700199, 54949.0
283.705840111, 55160.0
284.470828056, 55093.0
285.232155085, 54778.0
285.994771004, 54768.0
286.755493164, 54856.0
287.520444155, 54871.0
288.277758121, 54871.0
289.053134203, 54860.0
289.816627026, 54915.0
290.58219099, 55035.0
291.350329161, 55249.0
292.113327026, 55739.0
292.87748313, 56165.0
293.641250134, 55921.0
294.403969049, 55718.0
295.173578024, 55307.0
295.949831009, 55398.0
296.714706182, 55649.0
297.478007078, 55772.0
298.239715099, 55629.0
299.00161314, 56072.0
299.834504128, 56208.0
300.600605011, 55980.0
301.360015154, 56041.0
302.12817502, 55784.0
302.899764061, 54992.0
303.660629034, 55073.0
304.43068099, 54926.0
305.202512026, 55188.0
305.974166155, 54977.0
306.748723984, 55581.0
307.513034105, 55451.0
308.28057003, 54692.0
309.048195124, 54686.0
309.817682981, 54609.0
310.582887173, 54230.0
311.352194071, 54018.0
312.119311094, 53937.0
312.878647089, 53777.0
313.643998146, 54146.0
314.410638094, 54695.0
315.175893068, 54513.0
315.93881011, 53967.0
316.708037138, 54226.0
317.466233015, 54672.0
318.233734131, 55139.0
319.005846977, 55196.0
319.768091202, 54708.0
320.530510187, 54961.0
321.296380043, 54640.0
322.060065031, 54622.0
322.822636127, 54489.0
323.600506067, 54462.0
324.372169018, 54482.0
325.14054513, 54601.0
325.905408144, 54993.0
326.67919898, 54983.0
327.449918985, 55060.0
328.214656115, 55024.0
328.978188992, 55083.0
329.749408007, 55284.0
330.525851011, 55307.0
331.293204069, 55233.0
332.055015087, 54911.0
332.811764002, 55150.0
333.586579084, 55152.0
334.36473012, 55152.0
335.134782076, 55415.0
335.905719995, 55263.0
336.680222988, 55149.0
337.457287073, 55002.0
338.220171213, 55718.0
338.988800049, 55957.0
339.75161314, 55413.0
340.519481182, 55195.0
341.288545132, 55235.0
342.046550035, 54975.0
342.803982019, 54973.0
343.587005138, 54974.0
344.355081081, 54974.0
345.124533176, 55389.0
345.898253202, 55257.0
346.678812027, 55351.0
347.448598146, 55141.0
348.20985508, 55154.0
348.977035046, 54739.0
349.755822182, 54450.0
350.533982992, 54434.0
351.294800997, 54338.0
352.059316158, 54308.0
352.821528196, 54308.0
353.59762001, 54372.0
354.371484995, 54346.0
355.145718098, 54383.0
355.908293009, 54116.0
356.675034046, 53884.0
357.450534105, 53756.0
358.218346119, 53794.0
358.979269028, 53835.0
359.749150991, 54044.0
360.51575613, 53873.0
361.277509212, 53839.0
362.037713051, 53859.0
362.801306009, 54095.0
363.579035044, 54103.0
364.349092007, 54301.0
365.120140076, 53770.0
365.894527197, 53267.0
366.663284063, 53249.0
367.42860198, 53277.0
368.194051981, 52702.0
368.972691059, 52872.0
369.750778198, 52917.0
370.523963213, 53107.0
371.306344032, 53560.0
372.081097126, 53496.0
372.858134985, 54168.0
373.627818108, 54196.0
374.405721188, 54332.0
375.171203136, 54281.0
375.937105179, 54386.0
376.708334208, 54597.0
377.473972082, 54597.0
378.242748976, 54471.0
379.008150101, 54912.0
379.770140171, 54964.0
380.538931131, 54954.0
381.297244072, 55055.0
382.065985203, 54902.0
382.830621004, 54704.0
383.597455978, 54268.0
384.397574186, 53752.0
385.167481184, 54325.0
385.943165064, 54030.0
386.706192017, 54526.0
387.469549179, 55075.0
388.232159138, 55145.0
389.006476164, 55399.0
389.776781082, 55735.0
390.553389072, 55745.0
391.330456018, 55735.0
392.090963125, 55994.0
392.854673147, 56042.0
393.612138033, 55275.0
394.382004976, 55427.0
395.144674063, 55199.0
395.909178019, 55121.0
396.67447114, 55257.0
397.439709187, 54194.0
398.224127054, 54433.0
398.990142107, 54250.0
399.749181986, 54350.0
400.518159151, 54395.0
401.281789064, 54266.0
402.056324005, 54060.0
402.819130182, 54139.0
403.581462145, 53972.0
404.346005201, 53915.0
405.120729208, 54369.0
405.8809762, 54383.0
406.646275043, 53687.0
407.41061306, 53825.0
408.177103043, 53878.0
408.943973064, 54094.0
409.705043077, 53498.0
410.475517035, 53456.0
411.242427111, 53340.0
412.021784067, 53582.0
412.784594059, 53557.0
413.566153049, 53969.0
414.339357138, 54220.0
415.11376214, 54479.0
415.881390095, 54528.0
416.661446095, 54402.0
417.429292202, 54432.0
418.200474977, 54508.0
418.972137213, 54499.0
419.73360014, 53941.0
420.50694108, 53775.0
421.265880108, 53988.0
422.025074005, 53681.0
422.782457113, 54032.0
423.544395208, 54057.0
424.304593086, 54015.0
425.066450119, 53925.0
425.832514048, 53912.0
426.599627018, 53717.0
427.364562988, 53394.0
428.129105091, 54212.0
428.891175985, 54352.0
429.658207178, 54039.0
430.423040152, 54117.0
431.19079113, 53841.0
431.952438116, 53862.0
432.721574068, 53341.0
433.485251188, 53587.0
434.250680208, 53605.0
435.017593145, 53612.0
435.779575109, 53553.0
436.543848038, 53408.0
437.30719018, 53237.0
438.075365067, 53626.0
438.840631008, 53617.0
439.614514112, 53210.0
440.381312132, 53161.0
441.142260075, 53155.0
441.907539129, 52718.0
442.677914143, 52909.0
443.44899106, 52051.0
444.216258049, 52243.0
444.981204987, 52364.0
445.765259027, 52750.0
446.537553072, 52763.0
447.303325176, 53015.0
448.065486193, 52544.0
