1.72840189934, 54669.0
3.45200300217, 53401.0
5.17801904678, 52247.0
6.90883684158, 51072.0
8.63248991966, 49977.0
10.3531739712, 48925.0
12.072414875, 47900.0
13.8024499416, 46821.0
15.5275540352, 45810.0
17.2515699863, 44839.0
18.975030899, 43867.0
20.6980669498, 42897.0
22.4193768501, 41960.0
24.1529369354, 41043.0
25.8819699287, 40139.0
27.6051478386, 39208.0
29.3418989182, 38305.0
31.0791149139, 37382.0
32.8056018353, 36508.0
34.5324928761, 35715.0
36.2628259659, 34912.0
37.9911618233, 34119.0
39.7156000137, 33331.0
41.4406318665, 32548.0
43.183588028, 31769.0
44.9075779915, 31032.0
46.6303708553, 30343.0
48.3518629074, 29667.0
50.1104249954, 29011.0
51.8369498253, 28228.0
53.5548980236, 27589.0
55.2858819962, 26959.0
57.0176959038, 26319.0
58.7617518902, 25749.0
60.4876878262, 25137.0
62.2167789936, 24499.0
63.9416029453, 24006.0
65.6647899151, 23527.0
67.385710001, 23049.0
69.1072609425, 22574.0
70.8309750557, 22130.0
72.5588779449, 21696.0
74.3012299538, 21266.0
76.0286409855, 20808.0
77.7499909401, 20388.0
79.4786219597, 19968.0
81.209581852, 19485.0
82.9343299866, 19079.0
84.6595749855, 18696.0
86.3884558678, 18325.0
88.1178879738, 17965.0
89.8598489761, 17594.0
91.5892379284, 17216.0
93.3208589554, 16907.0
95.0423388481, 16576.0
96.7648630142, 16269.0
98.4885058403, 15976.0
100.221813917, 15725.0
101.952263832, 15477.0
103.677160025, 15206.0
105.410699844, 14902.0
107.128448963, 14644.0
108.857110977, 14394.0
110.584609032, 14157.0
112.310233831, 13920.0
114.028007984, 13689.0
115.751337051, 13466.0
117.479275942, 13248.0
119.205720901, 13045.0
120.93979001, 12851.0
122.667108059, 12665.0
124.395367861, 12480.0
126.122952938, 12302.0
127.839261055, 12119.0
129.570873976, 11957.0
131.308539867, 11809.0
133.034260988, 11666.0
134.757405996, 11523.0
136.496112823, 11390.0
138.230871916, 11258.0
139.952505827, 11131.0
141.675184965, 11007.0
143.40819788, 10883.0
145.135906935, 10762.0
146.86203599, 10602.0
148.584262848, 10487.0
150.315896988, 10376.0
152.056689978, 10258.0
153.793356895, 10148.0
155.525361061, 10038.0
157.250419855, 9926.0
158.97187686, 9827.0
160.70507288, 9732.0
162.435379028, 9611.0
164.160673857, 9519.0
165.898228884, 9431.0
167.620914936, 9348.0
169.347396851, 9243.0
171.071475983, 9133.0
172.81707406, 9051.0
174.549695969, 8971.0
176.278470039, 8893.0
178.008440971, 8797.0
179.732169867, 8645.0
181.485858917, 8584.0
183.215772867, 8525.0
184.934346914, 8467.0
186.665671825, 8414.0
188.395792007, 8362.0
190.127087831, 8310.0
191.850994825, 8268.0
193.585826874, 8230.0
195.316133976, 8122.0
197.062585831, 8047.0
198.784183025, 8010.0
200.50413394, 7975.0
202.231379986, 7943.0
203.957561016, 7895.0
205.684190989, 7863.0
207.407618046, 7815.0
209.134938002, 7786.0
210.864778042, 7757.0
212.613319874, 7728.0
214.341132879, 7700.0
216.0905509, 7672.0
217.841302872, 7644.0
219.568673849, 7619.0
221.286444902, 7594.0
223.013602018, 7573.0
224.741559982, 7553.0
226.46644783, 7533.0
228.206982851, 7516.0
229.939138889, 7501.0
231.670331955, 7429.0
233.402833939, 7406.0
235.13180089, 7393.0
236.873925924, 7380.0
238.627454042, 7367.0
240.359004974, 7356.0
242.091593981, 7327.0
243.826872826, 7316.0
245.557378054, 7299.0
247.288909912, 7288.0
249.019641876, 7279.0
250.741579056, 7222.0
252.469207048, 7205.0
254.197774887, 7198.0
255.929672956, 7194.0
257.649711847, 7192.0
259.387617826, 7185.0
