1.76091003418, 50270.0
3.50808906555, 49123.0
5.277520895, 47897.0
7.06116294861, 46774.0
8.83470797539, 45747.0
10.6136190891, 44799.0
12.3924260139, 43847.0
14.1770970821, 42907.0
15.9492809772, 41984.0
17.7200908661, 41097.0
19.4902200699, 40226.0
21.2572650909, 39431.0
23.051117897, 38652.0
24.8134260178, 37742.0
26.5811150074, 36981.0
28.3424050808, 36140.0
30.110585928, 35384.0
31.8820490837, 34657.0
33.650357008, 33971.0
35.4169449806, 33343.0
37.2127828598, 32716.0
38.9891979694, 32093.0
40.7607030869, 31476.0
42.5238878727, 30847.0
44.2954969406, 30256.0
46.0678470135, 29651.0
47.8379080296, 29056.0
49.6037569046, 28475.0
51.3807609081, 27908.0
53.1677839756, 27341.0
54.9344279766, 26798.0
56.7002849579, 26301.0
58.4674830437, 25797.0
60.2384159565, 25235.0
62.0040159225, 24734.0
63.7729458809, 24283.0
65.536714077, 23831.0
67.3069560528, 23386.0
69.0966119766, 22943.0
70.8624470234, 22503.0
72.6335039139, 22035.0
74.4096519947, 21627.0
76.1809279919, 21250.0
77.9450509548, 20831.0
79.7140600681, 20475.0
81.4871919155, 20120.0
83.2573859692, 19779.0
85.0448188782, 19445.0
86.810213089, 19143.0
88.5849349499, 18786.0
90.3588969707, 18446.0
92.1195530891, 18118.0
93.8785760403, 17838.0
95.651184082, 17546.0
97.4197590351, 17277.0
99.1783430576, 16981.0
100.963263035, 16731.0
102.724045992, 16442.0
104.495527029, 16191.0
106.261414051, 15953.0
108.025563955, 15730.0
109.787317038, 15521.0
111.554703951, 15312.0
113.335668087, 15104.0
115.099152088, 14886.0
116.883023977, 14686.0
118.676512957, 14495.0
120.444340944, 14307.0
122.213692904, 14120.0
123.977079868, 13940.0
125.74536705, 13759.0
127.513298988, 13476.0
129.275832891, 13309.0
131.034499884, 13144.0
132.824998856, 12980.0
134.595206022, 12820.0
136.360481024, 12669.0
138.119891882, 12521.0
139.886746883, 12373.0
141.655844927, 12228.0
143.423260927, 12084.0
145.187416077, 11954.0
146.95354104, 11825.0
148.743568897, 11697.0
150.507865906, 11571.0
152.269520044, 11449.0
154.028522015, 11336.0
155.794866085, 11224.0
157.559926033, 11054.0
159.321253061, 10946.0
161.078512907, 10831.0
162.860703945, 10729.0
164.624315977, 10630.0
166.387053967, 10535.0
168.144649982, 10440.0
169.910464048, 10355.0
171.677314997, 10272.0
173.439672947, 10192.0
175.199538946, 10112.0
176.970402002, 10032.0
178.754621029, 9957.0
180.519502878, 9891.0
182.277548075, 9792.0
184.041100025, 9729.0
185.807489872, 9671.0
187.569849014, 9618.0
189.330003977, 9560.0
191.097373009, 9507.0
192.862850904, 9455.0
194.647054911, 9406.0
196.414731026, 9357.0
198.17295289, 9305.0
199.938123941, 9260.0
201.698642969, 9217.0
203.461423874, 9177.0
205.217330933, 9136.0
206.991322041, 9097.0
208.767169952, 9041.0
210.564941883, 9003.0
212.330127001, 8970.0
214.104482889, 8937.0
215.899044991, 8867.0
217.655121088, 8835.0
219.407397985, 8804.0
221.167938948, 8775.0
222.926907063, 8750.0
224.683451891, 8703.0
226.463284016, 8672.0
228.227941036, 8639.0
229.993427992, 8606.0
231.754591942, 8581.0
233.508342981, 8512.0
235.276464939, 8489.0
237.040164948, 8467.0
238.800955057, 8445.0
240.561517, 8426.0
242.339182854, 8357.0
244.11064887, 8344.0
245.878496885, 8292.0
247.634481907, 8279.0
249.392446041, 8181.0
251.159257889, 8169.0
252.922601938, 8143.0
254.685962915, 8133.0
256.442338943, 8123.0
258.225692987, 8073.0
259.98771596, 8066.0
261.765136957, 8028.0
263.525277853, 8022.0
265.285347939, 8017.0
267.050628901, 8006.0
268.808048964, 8002.0
270.567156076, 7998.0
272.351677895, 7967.0
274.124710083, 7963.0
275.884275913, 7930.0
277.640428066, 7925.0
279.407424927, 7922.0
281.176202059, 7920.0
282.93867898, 7904.0
284.702848911, 7902.0
286.467102051, 7895.0
563.804692984, 7878.0
565.572818041, 7855.0
567.337580919, 7853.0
569.096816063, 7851.0
570.879616022, 7844.0
572.638148069, 7834.0
574.402993917, 7816.0
576.165989876, 7815.0
851.915076017, 7730.0
853.710501909, 7720.0
855.477490902, 7711.0
857.239110947, 7692.0
859.001710892, 7683.0
860.769200087, 7677.0
862.533987045, 7661.0
864.295487881, 7655.0
866.055219889, 7650.0
867.844487906, 7647.0
869.612215042, 7645.0
871.376743078, 7643.0
873.140820026, 7601.0
874.917660952, 7589.0
1145.49967098, 7588.0
1147.26721597, 7583.0
1149.02763486, 7578.0
1150.81554389, 7574.0
