1.69278788567, 49375.0
3.38033890724, 48187.0
5.07769393921, 47058.0
6.76875901222, 46064.0
8.44562482834, 45050.0
10.1190159321, 44094.0
11.8071570396, 43152.0
13.4879229069, 42265.0
15.177713871, 41340.0
16.8694958687, 40299.0
18.5612168312, 39419.0
20.2481620312, 38545.0
21.9362158775, 37665.0
23.6250648499, 36798.0
25.3047149181, 35963.0
26.9950139523, 35202.0
28.677492857, 34394.0
30.376693964, 33642.0
32.0644898415, 32922.0
33.7532320023, 32214.0
35.4419848919, 31500.0
37.1230409145, 30800.0
38.810147047, 30151.0
40.4984459877, 29503.0
42.1713490486, 28854.0
43.8585519791, 28221.0
45.5536279678, 27607.0
47.2411849499, 27000.0
48.9239649773, 26413.0
50.6082859039, 25820.0
52.2914869785, 25271.0
53.9820728302, 24750.0
55.6539678574, 24205.0
57.3456759453, 23717.0
59.0276689529, 23247.0
60.7274119854, 22800.0
62.4151558876, 22367.0
64.0938839912, 21973.0
65.7841398716, 21529.0
67.4719519615, 21119.0
69.1601998806, 20622.0
70.8435609341, 20220.0
72.5290958881, 19840.0
74.2359268665, 19475.0
75.9231338501, 19136.0
77.6399199963, 18790.0
79.3251888752, 18450.0
81.023100853, 18153.0
82.7010338306, 17825.0
84.3782670498, 17541.0
86.068625927, 17286.0
87.7530319691, 17046.0
89.4495110512, 16784.0
91.1315698624, 16560.0
92.8111848831, 16339.0
94.4846470356, 16139.0
96.1765069962, 15935.0
97.8621268272, 15707.0
99.5497899055, 15479.0
101.214961052, 15280.0
102.901031017, 15086.0
104.590848923, 14902.0
106.274616957, 14722.0
107.955728054, 14543.0
109.646966934, 14370.0
111.332685947, 14201.0
113.018033028, 14034.0
114.708658934, 13873.0
116.411048889, 13716.0
118.09956789, 13560.0
119.800874949, 13404.0
121.479476929, 13252.0
123.171051979, 13102.0
124.865120888, 12973.0
126.556824923, 12850.0
128.235388994, 12703.0
129.932426929, 12574.0
131.618442059, 12452.0
133.306005955, 12313.0
134.992305994, 12192.0
136.677367926, 12077.0
138.370193005, 11924.0
140.054916859, 11817.0
141.742643833, 11713.0
143.428474903, 11613.0
145.116801023, 11516.0
146.797926903, 11419.0
148.478646994, 11323.0
150.175473928, 11228.0
151.85292387, 11138.0
153.545152903, 11033.0
155.232799053, 10947.0
156.913360834, 10842.0
158.596369982, 10758.0
160.292544842, 10675.0
161.97924304, 10526.0
163.655205011, 10422.0
165.352210999, 10336.0
167.040688038, 10253.0
168.727864981, 10176.0
170.412807941, 10105.0
172.099575996, 10034.0
173.785387039, 9969.0
175.470173836, 9887.0
177.156093836, 9823.0
178.848135948, 9726.0
180.544327974, 9664.0
182.241209984, 9603.0
183.923734903, 9551.0
185.601021051, 9500.0
187.294932842, 9451.0
188.983968973, 9405.0
190.671149015, 9362.0
192.350355864, 9320.0
194.055575848, 9263.0
195.743573904, 9168.0
197.425195932, 9114.0
199.099005938, 9043.0
200.790495872, 9004.0
202.478253841, 8966.0
204.165066004, 8934.0
205.852381945, 8902.0
207.536965847, 8870.0
209.23533988, 8840.0
210.926466942, 8793.0
212.607820034, 8763.0
214.291514874, 8737.0
215.984633923, 8658.0
217.669482946, 8632.0
219.353185892, 8606.0
221.032951832, 8581.0
222.726089954, 8556.0
224.420714855, 8536.0
226.106364965, 8516.0
227.774134874, 8497.0
229.455445051, 8478.0
231.136436939, 8460.0
232.820055962, 8400.0
234.502390862, 8383.0
236.187314987, 8369.0
237.874650955, 8357.0
239.578192949, 8346.0
241.254194975, 8336.0
242.940270901, 8321.0
244.626008034, 8310.0
246.304405928, 8296.0
247.988301039, 8286.0
249.677886963, 8225.0
251.360852003, 8215.0
253.057394981, 8206.0
254.756746054, 8191.0
256.445554018, 8182.0
258.129225016, 8174.0
259.802861929, 8160.0
261.485625982, 8153.0
263.17511487, 8080.0
264.843663931, 8002.0
266.53281188, 7996.0
268.220077038, 7992.0
269.911819935, 7989.0
271.597920895, 7987.0
273.279459953, 7980.0
526.129056931, 7979.0
527.81050396, 7966.0
529.501567841, 7940.0
531.180491924, 7904.0
532.869905949, 7897.0
534.540837049, 7891.0
536.228445053, 7885.0
537.928894997, 7836.0
539.609838963, 7831.0
541.288761854, 7830.0
542.961869955, 7820.0
