1.67613005638, 48981.0
3.36036205292, 47921.0
5.04060792923, 46883.0
6.74156808853, 45805.0
8.4280269146, 44879.0
10.1166579723, 43842.0
11.8111929893, 42945.0
13.529736042, 42023.0
15.262542963, 41122.0
16.9615709782, 40258.0
18.6467499733, 39427.0
20.3383710384, 38646.0
22.0293149948, 37867.0
23.7034840584, 37104.0
25.3903229237, 36329.0
27.0901420116, 35547.0
28.783700943, 34786.0
30.465624094, 34074.0
32.1513578892, 33333.0
33.8491439819, 32707.0
35.5502490997, 32088.0
37.2264840603, 31441.0
38.9116621017, 30706.0
40.6099689007, 30099.0
42.3091039658, 29504.0
44.0018079281, 28912.0
45.688256979, 28307.0
47.365309, 27720.0
49.0581109524, 27143.0
50.7408308983, 26564.0
52.4194638729, 25986.0
54.1020328999, 25418.0
55.804972887, 24906.0
57.4978580475, 24336.0
59.1905119419, 23832.0
60.8769159317, 23365.0
62.5652999878, 22917.0
64.2510330677, 22479.0
65.9418549538, 22042.0
67.6280519962, 21638.0
69.3194329739, 21196.0
71.0157439709, 20801.0
72.7066309452, 20434.0
74.3951129913, 20076.0
76.0983390808, 19722.0
77.7894449234, 19381.0
79.4799358845, 19052.0
81.1711580753, 18729.0
82.8654830456, 18420.0
84.5568521023, 18107.0
86.2538750172, 17829.0
87.9389629364, 17503.0
89.6134049892, 17216.0
91.3004620075, 16950.0
92.9847738743, 16689.0
94.6769778728, 16429.0
96.3653180599, 16177.0
98.0536971092, 15941.0
99.7291080952, 15717.0
101.427078962, 15491.0
103.113862991, 15268.0
104.80704093, 15028.0
106.498966932, 14815.0
108.182322025, 14598.0
109.866961002, 14399.0
111.555316925, 14192.0
113.249485016, 13998.0
114.937341928, 13805.0
116.625325918, 13616.0
118.324095964, 13442.0
120.005336046, 13201.0
121.693861008, 13022.0
123.37194109, 12862.0
125.05752492, 12706.0
126.744714975, 12549.0
128.428580046, 12360.0
130.116844893, 12205.0
131.814548969, 12054.0
133.509502888, 11904.0
135.202755928, 11758.0
136.893443108, 11597.0
138.567734003, 11453.0
140.255292892, 11317.0
141.946839094, 11184.0
143.620982885, 11062.0
145.311297894, 10950.0
147.009511948, 10841.0
148.705461979, 10736.0
150.37985301, 10633.0
152.071994066, 10524.0
153.758972883, 10421.0
155.457534075, 10323.0
157.146596909, 10221.0
158.830914021, 10072.0
160.542577982, 9977.0
162.239182949, 9892.0
163.93266201, 9809.0
165.629366875, 9727.0
167.326016903, 9637.0
169.020036936, 9555.0
170.70599699, 9460.0
172.40080595, 9383.0
174.089106083, 9307.0
175.796981096, 9232.0
177.475379944, 9160.0
179.158488989, 9045.0
180.841096878, 8974.0
182.524396896, 8907.0
184.212044954, 8822.0
185.897259951, 8758.0
187.577754021, 8695.0
189.273840904, 8634.0
190.979772091, 8578.0
192.658185959, 8523.0
194.343173027, 8472.0
196.041372061, 8423.0
197.731127977, 8380.0
199.420084953, 8340.0
201.107757092, 8302.0
202.799536943, 8231.0
204.484381914, 8196.0
206.177447081, 8164.0
207.867316961, 8053.0
209.556045055, 8022.0
211.245001078, 7991.0
212.933789968, 7965.0
214.617620945, 7939.0
216.289298058, 7914.0
217.965555906, 7875.0
219.653747082, 7850.0
221.344754934, 7827.0
223.036827087, 7806.0
224.728034019, 7787.0
226.421995878, 7769.0
228.114670992, 7751.0
229.79975605, 7734.0
231.491338015, 7717.0
233.179455996, 7681.0
234.860702991, 7665.0
236.557054043, 7615.0
238.248277903, 7572.0
239.935853004, 7556.0
241.607939959, 7542.0
243.283664942, 7529.0
244.973956108, 7516.0
246.662766933, 7473.0
248.339874983, 7446.0
250.028218985, 7433.0
251.7339499, 7425.0
253.42048502, 7417.0
255.108757019, 7411.0
256.787760973, 7408.0
258.485706091, 7406.0
260.17739892, 7399.0
