1.76532101631, 48912.0
3.53098702431, 47713.0
5.29927706718, 46559.0
7.08177709579, 45491.0
8.85194015503, 44440.0
10.6156899929, 43412.0
12.3753299713, 42295.0
14.1409599781, 41342.0
15.9075090885, 40370.0
17.6687650681, 39397.0
19.4261419773, 38515.0
21.1974849701, 37680.0
22.9793109894, 36929.0
24.7376639843, 36193.0
26.4968011379, 35409.0
28.2610759735, 34741.0
30.0409469604, 34079.0
31.812939167, 33368.0
33.5778100491, 32661.0
35.3465139866, 32022.0
37.1108660698, 31386.0
38.9027340412, 30734.0
40.6647460461, 30144.0
42.4336640835, 29560.0
44.2026081085, 28994.0
45.9690749645, 28411.0
47.7291171551, 27844.0
49.4982190132, 27286.0
51.2658500671, 26729.0
53.0364570618, 26199.0
54.8232200146, 25692.0
56.5835850239, 25186.0
58.3484580517, 24703.0
60.1134369373, 24179.0
61.8746631145, 23699.0
63.6330320835, 23223.0
65.3994350433, 22754.0
67.1684000492, 22335.0
68.931344986, 21921.0
70.7157490253, 21505.0
72.4871900082, 21095.0
74.2545130253, 20688.0
76.0201220512, 20257.0
77.7897260189, 19855.0
79.5548729897, 19489.0
81.3227341175, 19129.0
83.0867791176, 18778.0
84.8484301567, 18450.0
86.6390991211, 18135.0
88.4051990509, 17821.0
90.1733231544, 17508.0
91.9409689903, 17195.0
93.7150981426, 16916.0
95.4812970161, 16608.0
97.241186142, 16360.0
99.0025689602, 16126.0
100.770914078, 15898.0
102.560811996, 15679.0
104.323060989, 15491.0
106.091402054, 15241.0
107.853570938, 15017.0
109.623325109, 14819.0
111.387002945, 14633.0
113.149451017, 14440.0
114.907950163, 14264.0
116.707849979, 14089.0
118.471446037, 13915.0
120.235485077, 13748.0
121.995414019, 13570.0
123.762957096, 13403.0
125.523720026, 13235.0
127.285802126, 13074.0
129.048138142, 12843.0
130.811331034, 12694.0
132.596378088, 12524.0
134.36472106, 12382.0
136.129819155, 12227.0
137.903337955, 12087.0
139.670176983, 11954.0
141.432433128, 11823.0
143.197735071, 11655.0
144.968925953, 11525.0
146.73332715, 11396.0
148.51752305, 11273.0
150.277117014, 11152.0
152.036434174, 11043.0
153.799217939, 10930.0
155.564109087, 10824.0
157.324571133, 10728.0
159.079493999, 10599.0
160.844305992, 10505.0
162.606647968, 10412.0
164.392188072, 10320.0
166.151556015, 10235.0
167.917017937, 10115.0
169.683205128, 10032.0
171.445651054, 9950.0
173.206248999, 9875.0
174.972109079, 9801.0
176.736760139, 9733.0
178.520251036, 9667.0
180.299724102, 9605.0
182.066895008, 9542.0
183.828099012, 9480.0
185.588850975, 9419.0
187.343383074, 9358.0
189.10871315, 9298.0
190.870193958, 9241.0
192.639111042, 9186.0
194.399326086, 9132.0
196.182476997, 9077.0
197.949402094, 8952.0
199.715433121, 8838.0
201.482310057, 8785.0
203.248708963, 8732.0
205.012663126, 8682.0
206.780478001, 8628.0
208.544846058, 8580.0
210.310845137, 8535.0
212.097800016, 8490.0
213.863929033, 8447.0
215.625281096, 8409.0
217.381993055, 8373.0
219.147323132, 8340.0
220.911062956, 8279.0
222.672539949, 8226.0
224.427519083, 8193.0
226.209978104, 8162.0
227.977694035, 8136.0
229.744263172, 8111.0
231.505134106, 8088.0
233.274606943, 8059.0
235.041578054, 8039.0
236.807037115, 8019.0
238.565911055, 8004.0
240.334242105, 7990.0
242.120903015, 7976.0
243.878880978, 7963.0
245.636014938, 7950.0
247.395184994, 7937.0
249.155848026, 7925.0
250.91594696, 7913.0
252.674328089, 7903.0
254.42890811, 7894.0
256.191454172, 7882.0
257.973571062, 7871.0
259.732625961, 7862.0
261.492841959, 7855.0
263.252715111, 7848.0
265.01662302, 7842.0
266.776074171, 7838.0
268.533710957, 7836.0
270.300568104, 7820.0
535.219290972, 7814.0
536.979042053, 7805.0
538.738690138, 7799.0
540.519711971, 7782.0
542.284291983, 7721.0
544.047533989, 7697.0
545.807976961, 7694.0
547.568160057, 7688.0
549.334146976, 7686.0
551.098775148, 7679.0
1107.28717208, 7663.0
1109.05399108, 7657.0
1110.816468, 7639.0
1112.57626605, 7634.0
1114.34651804, 7602.0
1116.11087394, 7597.0
1117.87351203, 7596.0
