1.72816586494, 49179.0
3.45507693291, 48013.0
5.19814896584, 46870.0
6.94933104515, 45784.0
8.69865489006, 44748.0
10.4392910004, 43745.0
12.1687879562, 42825.0
13.9116261005, 41906.0
15.6492199898, 41009.0
17.3783650398, 40133.0
19.1257450581, 39281.0
20.8494689465, 38436.0
22.6398489475, 37661.0
24.3961949348, 36888.0
26.1431429386, 36139.0
27.8916580677, 35383.0
29.6355779171, 34662.0
31.3773779869, 33963.0
33.1206679344, 33279.0
34.869560957, 32594.0
36.6333999634, 31948.0
38.4230699539, 31265.0
40.1779558659, 30596.0
41.9085569382, 29810.0
43.6554059982, 29174.0
45.4429149628, 28618.0
47.1959130764, 28078.0
48.9938790798, 27537.0
50.7609269619, 26936.0
52.5216350555, 26341.0
54.3025870323, 25837.0
56.0420670509, 25358.0
57.7909150124, 24914.0
59.5536899567, 24486.0
61.2859399319, 23997.0
63.0372760296, 23576.0
64.7669489384, 23159.0
66.5108239651, 22753.0
68.3001849651, 22328.0
70.0566809177, 21929.0
71.787774086, 21529.0
73.5416629314, 21135.0
75.2629430294, 20685.0
76.9817109108, 20301.0
78.7115900517, 19950.0
80.4346649647, 19577.0
82.1493849754, 19225.0
83.8662929535, 18836.0
85.5892698765, 18493.0
87.3118419647, 18151.0
89.0292859077, 17793.0
90.7541399002, 17457.0
92.4682159424, 17135.0
94.1888170242, 16847.0
95.9031460285, 16541.0
97.6221110821, 16269.0
99.3378019333, 15987.0
101.065694094, 15739.0
102.7893641, 15455.0
104.504040956, 15232.0
106.222182035, 14985.0
107.943083048, 14760.0
109.669621944, 14549.0
111.393342018, 14339.0
113.105279922, 14140.0
114.827460051, 13949.0
116.567111015, 13765.0
118.288758993, 13588.0
119.999573946, 13413.0
121.723294973, 13255.0
