1.12500095367, 7481.0
1.88802790642, 7745.0
2.65178394318, 8430.0
3.41331505775, 8852.0
4.17839193344, 9387.0
4.95753097534, 9852.0
5.72587990761, 10820.0
6.50447893143, 11702.0
7.27387189865, 12067.0
8.04579305649, 12697.0
8.81581497192, 12991.0
9.57853293419, 13809.0
10.3522019386, 14624.0
11.1201150417, 15333.0
11.8903539181, 15532.0
12.6669330597, 16351.0
13.4398570061, 16486.0
14.2028939724, 16211.0
14.9692070484, 16554.0
15.7329599857, 16819.0
16.4923670292, 17046.0
17.255038023, 17858.0
18.0346050262, 18584.0
18.797825098, 18831.0
19.5580670834, 18833.0
20.3179988861, 19204.0
21.0854959488, 19636.0
21.8503339291, 20145.0
22.6154429913, 20207.0
23.3803589344, 20999.0
24.1475150585, 21919.0
24.9250729084, 22551.0
25.6928379536, 22845.0
26.4590249062, 22906.0
27.2253820896, 22936.0
27.9972949028, 23368.0
28.7762029171, 23371.0
29.5440700054, 24103.0
30.3090019226, 24274.0
31.081829071, 24650.0
31.85668993, 24978.0
32.6313109398, 25267.0
33.3888130188, 25339.0
34.1510579586, 25419.0
34.9129719734, 25901.0
35.679256916, 26112.0
36.4340949059, 26431.0
37.1976408958, 26501.0
37.9624919891, 26501.0
38.7304160595, 26636.0
39.4898340702, 26497.0
40.2557308674, 26581.0
41.0390019417, 26910.0
41.7971019745, 27477.0
42.5652780533, 28008.0
43.3307430744, 28505.0
44.0991849899, 29181.0
44.8604109287, 29876.0
45.6288809776, 30056.0
46.4055650234, 30055.0
47.1775300503, 30647.0
47.9412779808, 31838.0
48.699878931, 32188.0
49.4627170563, 32984.0
50.2327210903, 33484.0
51.0047309399, 33566.0
51.7721850872, 33836.0
52.5432889462, 33841.0
53.3174118996, 34649.0
54.0841310024, 34646.0
54.8594110012, 34610.0
55.6194200516, 35972.0
56.3857080936, 35980.0
57.1591610909, 36033.0
57.9263908863, 36433.0
58.688521862, 36660.0
59.4642748833, 36622.0
60.2340509892, 36595.0
61.0037899017, 36320.0
61.7642240524, 36354.0
62.5337090492, 37378.0
63.2977919579, 37654.0
64.0635108948, 38093.0
64.8251199722, 38795.0
65.5900309086, 38979.0
66.360476017, 39022.0
67.1234240532, 38967.0
67.8807868958, 38757.0
68.6356699467, 38623.0
69.3998789787, 38619.0
70.1644740105, 38977.0
70.9324638844, 39220.0
71.6902320385, 40014.0
72.4637420177, 40282.0
73.238517046, 41482.0
74.0105190277, 41628.0
74.7715699673, 41728.0
75.5343608856, 41163.0
76.3090350628, 41165.0
77.0729060173, 41186.0
77.8337168694, 41133.0
78.6038269997, 42006.0
79.3816649914, 42199.0
80.1479430199, 42570.0
80.9150669575, 42608.0
81.6879360676, 42636.0
82.4560050964, 42869.0
83.2270309925, 42479.0
83.9880418777, 42710.0
84.7497239113, 43050.0
85.5139400959, 43328.0
86.285670042, 43194.0
87.0478510857, 42999.0
87.809005022, 42988.0
88.5769979954, 42887.0
89.3409609795, 43467.0
90.1056799889, 43678.0
90.8681299686, 43355.0
91.6320838928, 43560.0
92.3960390091, 43374.0
93.1693608761, 43345.0
93.9342360497, 43237.0
94.6979930401, 42925.0
95.4648170471, 43057.0
96.227905035, 43042.0
96.9883589745, 42884.0
97.7507660389, 42578.0
98.5273718834, 42632.0
99.2911219597, 43123.0
100.063611984, 43277.0
100.827702999, 43981.0
101.601590872, 44150.0
102.371005058, 45301.0
103.13556695, 45591.0
103.901480913, 46003.0
104.667669058, 46024.0
105.427900076, 46292.0
106.19075799, 46193.0
106.957005978, 46101.0
107.720638037, 46194.0
108.495996952, 46542.0
109.259943962, 46565.0
110.018934965, 46727.0
110.779658079, 46685.0
111.547359943, 46914.0
112.309788942, 47276.0
113.068103075, 47453.0
113.833132029, 47101.0
114.597002983, 47765.0
115.357420921, 47598.0
116.115895987, 47606.0
116.877089024, 47682.0
117.638318062, 47724.0
118.408654928, 47752.0
119.170258999, 48085.0
119.947721004, 47997.0
120.712037086, 47995.0
121.476408958, 48076.0
122.242420912, 47869.0
123.008173943, 47810.0
123.768442869, 48365.0
124.531790018, 48289.0
125.28887105, 48239.0
126.052000046, 48522.0
126.824826002, 48673.0
127.585026979, 48328.0
128.34753108, 48261.0
129.109713078, 48360.0
129.871772051, 48184.0
130.63587904, 48519.0
131.399628878, 48519.0
132.162301064, 49153.0
132.934621096, 49012.0
133.708554983, 48957.0
134.467803001, 48957.0
135.22603488, 49002.0
135.987566948, 49107.0
136.746525049, 48731.0
137.504615068, 48673.0
138.264606953, 48806.0
139.033489943, 48484.0
139.79190588, 48582.0
140.562292099, 49288.0
141.330105066, 49754.0
142.103615999, 48889.0
142.864938974, 49125.0
143.62638092, 49613.0
144.387654066, 49904.0
145.151316881, 49909.0
145.913892031, 50218.0
146.674906015, 49911.0
147.449326992, 49387.0
148.210926056, 49452.0
148.977668047, 49650.0
149.742358923, 49650.0
150.503427982, 49540.0
151.262398005, 48807.0
152.024875879, 49020.0
152.78449893, 49258.0
153.544002056, 49669.0
154.311807871, 49739.0
155.077976942, 49965.0
155.840422869, 49973.0
156.607030869, 50010.0
157.37797904, 49968.0
158.15299201, 50013.0
158.916090965, 50216.0
159.682015896, 50181.0
160.441483974, 50226.0
161.211870909, 50072.0
161.977658987, 50053.0
162.751475096, 49654.0
163.512844086, 49680.0
164.283071041, 50357.0
165.050595045, 50972.0
165.810343027, 51120.0
166.576821089, 51270.0
167.347578049, 51275.0
168.12074995, 51284.0
168.882961988, 51414.0
169.647008896, 51397.0
170.411292076, 51225.0
171.175971031, 51665.0
171.941154003, 51441.0
172.715022087, 51581.0
173.470973015, 51680.0
174.24938488, 51956.0
175.01233387, 52078.0
175.7749331, 51997.0
176.552249908, 52462.0
177.326243877, 52458.0
178.101474047, 52560.0
178.865993023, 52560.0
179.628906965, 52409.0
180.396306992, 52351.0
181.171513081, 52120.0
181.933588982, 51798.0
182.707679033, 51780.0
183.473051071, 52094.0
184.24563694, 52591.0
185.008862972, 52594.0
185.771319866, 52594.0
186.534502029, 53241.0
187.299459934, 52919.0
188.074171066, 52781.0
188.839907885, 52820.0
189.60167408, 53705.0
190.366277933, 53675.0
191.133111, 53516.0
191.894567013, 54001.0
192.66237998, 54298.0
193.430490971, 53775.0
194.19810605, 53622.0
194.967386007, 54043.0
195.728565931, 53622.0
196.504671097, 53622.0
197.272314072, 53365.0
198.035935879, 53368.0
198.80559206, 53320.0
199.566009998, 53464.0
200.339694023, 53934.0
201.105474949, 53619.0
201.875720024, 54036.0
202.656744957, 54047.0
203.425914049, 54064.0
204.189504862, 53691.0
204.946040869, 53560.0
205.711865902, 53558.0
206.482407093, 53817.0
207.247443914, 54025.0
208.01619792, 53568.0
208.789855003, 53709.0
209.555788994, 54064.0
210.321225882, 53798.0
211.085875988, 54027.0
211.843920946, 54382.0
212.632956028, 54304.0
213.411872864, 54419.0
214.17710495, 54041.0
214.939289093, 54050.0
215.70984292, 53794.0
216.471767902, 53697.0
217.235419989, 53707.0
217.993396997, 53735.0
218.769309998, 53706.0
219.531702042, 53453.0
220.296560049, 53543.0
221.0573771, 52743.0
221.838504076, 52515.0
222.604917049, 52732.0
223.377506971, 53219.0
224.149245977, 53635.0
224.921335936, 53670.0
225.693650961, 53686.0
226.465945005, 53684.0
227.235585928, 53825.0
228.00284791, 54062.0
228.803557873, 54158.0
229.581896067, 54128.0
230.349694014, 54355.0
231.110514879, 54352.0
231.87568593, 54318.0
232.647840977, 53980.0
233.418428898, 53776.0
234.184851885, 54298.0
234.953763008, 54240.0
235.727259874, 54044.0
236.485950947, 54084.0
237.249116898, 54120.0
238.012976885, 53714.0
238.779510975, 53628.0
239.538624048, 53797.0
240.304861069, 53301.0
241.06922698, 53567.0
241.832046986, 52820.0
242.607729912, 52817.0
243.367940903, 52792.0
244.134435892, 52727.0
244.899049997, 53043.0
245.67353797, 53692.0
246.43382597, 53354.0
247.204792023, 53221.0
247.968834877, 53024.0
248.73548007, 53000.0
249.522938013, 52950.0
250.29381609, 52463.0
251.060561895, 52612.0
251.826775074, 53320.0
252.590121031, 53286.0
253.356561899, 53447.0
254.150295019, 53448.0
254.926861048, 53097.0
255.68799901, 52979.0
256.457721949, 52690.0
257.223881006, 52852.0
257.992542028, 52906.0
258.762697935, 53051.0
259.532160044, 52935.0
260.299315929, 52614.0
261.062397957, 52371.0
261.849554062, 52527.0
262.614732981, 52185.0
263.397413969, 52524.0
264.166661024, 52521.0
264.930985928, 52554.0
265.711726904, 52397.0
266.48593998, 51874.0
267.258852959, 51707.0
268.021431923, 51360.0
268.780138016, 51547.0
269.549795866, 51737.0
270.32474494, 51976.0
271.086589098, 51865.0
271.849564075, 51903.0
272.61122489, 52023.0
273.371505976, 51946.0
274.134651899, 51927.0
274.896296024, 52230.0
275.652873039, 52055.0
276.432322025, 52145.0
277.197227001, 52068.0
277.95925498, 51886.0
278.717493057, 52049.0
279.492218018, 51506.0
280.26214695, 51460.0
281.025106907, 51025.0
281.785937071, 51137.0
282.546755075, 50691.0
283.325062037, 50689.0
284.093537092, 50695.0
284.849689007, 50702.0
285.6129179, 50658.0
286.389090061, 50658.0
287.15467, 51002.0
287.915865898, 50404.0
288.679970026, 50404.0
289.446978092, 49827.0
290.221323013, 50176.0
290.984364033, 50294.0
291.746944904, 50283.0
292.513876915, 50223.0
293.278331995, 49499.0
294.044185877, 49584.0
294.808682919, 50265.0
295.574832916, 50170.0
296.34510994, 50138.0
297.120815039, 49990.0
297.890640974, 49988.0
298.674278021, 50141.0
299.438463926, 50154.0
300.202553988, 50192.0
300.962486982, 50192.0
301.727118969, 49991.0
302.496536016, 49965.0
303.255981922, 50368.0
304.020570993, 50418.0
304.781646013, 50418.0
305.543772936, 50601.0
306.308338881, 50243.0
307.066760063, 50224.0
307.833621025, 50620.0
308.597333908, 51173.0
309.362942934, 51104.0
310.123809099, 50921.0
310.886835098, 50877.0
311.647804976, 50658.0
312.411263943, 51056.0
313.174520016, 51163.0
313.934607029, 51839.0
314.701497078, 52444.0
315.47378993, 52536.0
316.246984005, 53189.0
317.01741004, 52993.0
317.794625044, 52681.0
318.558815956, 52467.0
319.325526953, 52539.0
320.088739872, 52947.0
320.857029915, 52960.0
321.628582954, 53029.0
322.395474911, 53044.0
323.158111095, 53061.0
323.943834066, 53297.0
324.712183952, 53338.0
325.47500205, 53233.0
326.242420912, 53256.0
327.013846874, 53291.0
327.790174961, 53386.0
328.551177979, 53294.0
329.318691015, 53359.0
330.088522911, 53478.0
330.884521961, 52955.0
331.654407024, 52813.0
332.420774937, 52749.0
333.184103012, 52707.0
333.962244034, 52885.0
334.738493919, 52058.0
335.504078865, 52105.0
336.269795895, 52069.0
337.033940077, 52261.0
337.812759876, 52251.0
338.574919939, 52253.0
339.336010933, 52070.0
340.103383064, 52247.0
340.877810955, 52231.0
341.651695013, 52542.0
342.417834997, 52285.0
343.183551073, 52147.0
343.954577923, 51787.0
344.745984077, 51984.0
345.528160095, 51881.0
346.308043003, 51718.0
347.072458982, 52080.0
347.833785057, 52090.0
348.607088089, 52041.0
349.375669003, 52174.0
350.147317886, 51739.0
350.911179066, 51688.0
351.686244011, 51279.0
352.444274902, 51150.0
353.21085, 51423.0
353.974617004, 51219.0
354.735153913, 51490.0
355.494385004, 52100.0
356.255490065, 52403.0
357.027491093, 52735.0
357.796566963, 52859.0
358.569180012, 52972.0
359.336363077, 53034.0
360.097708941, 52689.0
360.860188961, 52840.0
361.62015295, 53056.0
362.394424915, 53060.0
363.1623559, 52881.0
363.932003975, 52895.0
364.692504883, 53033.0
365.468411922, 52771.0
366.230283022, 53018.0
366.990417004, 53172.0
367.751081944, 53156.0
368.517111063, 52542.0
369.276376963, 52534.0
370.037508011, 52527.0
370.794079065, 52288.0
371.564377069, 52958.0
372.338989973, 53006.0
373.102019072, 53184.0
373.862864017, 52526.0
374.625776052, 52689.0
375.391570091, 52672.0
376.170585871, 52843.0
376.933090925, 52898.0
377.702379942, 52999.0
378.494663954, 53069.0
379.261599064, 53118.0
380.03053093, 52599.0
380.792454958, 53243.0
381.557595968, 53158.0
382.318806887, 53343.0
383.093110085, 53052.0
383.854908943, 53134.0
384.62947607, 53209.0
385.404040098, 52992.0
386.166662931, 53019.0
386.957025051, 52507.0
387.728509903, 52160.0
388.490563869, 52073.0
389.251806021, 51839.0
390.021101952, 52549.0
390.787564993, 52795.0
391.554122925, 52798.0
392.335273981, 52562.0
393.101180077, 52472.0
393.862125874, 52487.0
394.627336025, 51863.0
395.388825893, 52242.0
396.157537937, 52139.0
396.919799089, 52097.0
397.691035032, 51909.0
398.454992056, 52236.0
399.229408026, 52305.0
399.995894909, 52427.0
400.7588799, 52039.0
401.525840044, 51763.0
402.288326025, 51749.0
403.052636862, 52628.0
403.817235947, 51830.0
404.585056067, 51653.0
405.350269079, 51856.0
406.120033026, 52505.0
406.892519951, 53237.0
407.658825874, 53731.0
408.418166876, 53744.0
409.191562891, 53700.0
409.960011005, 53807.0
410.729526997, 53136.0
411.491061926, 52942.0
412.252804995, 52996.0
413.018049955, 53398.0
413.78243804, 53434.0
414.545634031, 53498.0
415.308750868, 52739.0
416.067394018, 52705.0
416.831435919, 52989.0
417.605901957, 52538.0
418.375396013, 52511.0
419.138562918, 52436.0
419.90751791, 52461.0
420.669383049, 52022.0
421.440461874, 52080.0
422.199789047, 52170.0
422.96229291, 51841.0
423.719460011, 52363.0
424.476789951, 52356.0
425.241496086, 52340.0
426.019114971, 52720.0
426.779874086, 52389.0
427.544022083, 52377.0
428.308026075, 52578.0
429.076603889, 52516.0
429.837230921, 52513.0
430.597034931, 52484.0
431.355546951, 52570.0
432.120874882, 52223.0
432.893707037, 52209.0
433.655960083, 52483.0
434.424277067, 52387.0
435.188847065, 52259.0
435.955991983, 52292.0
436.721868038, 52329.0
437.489378929, 52516.0
438.251173973, 52994.0
439.021857023, 52991.0
439.795782089, 52988.0
440.561384916, 52839.0
441.328578949, 53166.0
442.09660697, 53271.0
442.861386061, 52977.0
443.624010086, 52881.0
444.386224031, 53279.0
445.152714014, 53227.0
445.919111013, 52923.0
446.694213867, 52627.0
447.45620203, 53223.0
448.220664024, 53161.0
