1.74126601219, 50795.0
3.46458888054, 49561.0
5.19073390961, 48433.0
6.92109894753, 47393.0
8.65144991875, 46376.0
10.3760359287, 45450.0
12.0981340408, 44559.0
13.8256759644, 43691.0
15.5702860355, 42794.0
17.2992138863, 41934.0
19.021914959, 41095.0
20.7409060001, 40261.0
22.4666368961, 39461.0
24.1975588799, 38631.0
25.9184689522, 37855.0
27.6400508881, 37059.0
29.3664300442, 36291.0
31.1085960865, 35548.0
32.8285748959, 34806.0
34.5461540222, 34041.0
36.275539875, 33327.0
38.0010020733, 32639.0
39.7210800648, 31935.0
41.4389278889, 31239.0
43.1662690639, 30576.0
44.8900010586, 29915.0
46.6253070831, 29252.0
48.3523159027, 28603.0
50.0833370686, 27958.0
51.8077480793, 27342.0
53.5290620327, 26756.0
55.2475049496, 26169.0
56.9745869637, 25607.0
58.7009820938, 25027.0
60.4247450829, 24485.0
62.1572039127, 23959.0
63.8792879581, 23455.0
65.6137459278, 22952.0
67.356317997, 22468.0
69.0865139961, 21991.0
70.845541954, 21582.0
72.5737400055, 21157.0
74.3412261009, 20682.0
76.0656409264, 20285.0
77.8006038666, 19887.0
79.5304310322, 19445.0
81.2620739937, 19060.0
82.9867219925, 18695.0
84.7134928703, 18329.0
86.4392390251, 17969.0
88.1659049988, 17643.0
89.8916480541, 17379.0
91.613576889, 17094.0
93.3470430374, 16808.0
95.0747320652, 16530.0
96.8041939735, 16284.0
98.5275349617, 16049.0
100.256325006, 15787.0
101.984919071, 15556.0
103.712996006, 15328.0
105.446157932, 15049.0
107.175355911, 14838.0
108.922278881, 14630.0
110.648525953, 14435.0
112.383519888, 14255.0
114.112631083, 14076.0
115.838663101, 13901.0
117.567542076, 13705.0
119.298130989, 13538.0
121.018830061, 13372.0
122.75560689, 13203.0
124.480341911, 13023.0
126.205152035, 12859.0
127.921915054, 12696.0
129.672715902, 12539.0
131.416202068, 12389.0
133.13893199, 12225.0
134.860202074, 12084.0
136.588826895, 11956.0
138.333020926, 11800.0
140.057322025, 11676.0
141.782198906, 11513.0
143.518703938, 11389.0
145.248261929, 11266.0
146.969558001, 11147.0
148.696518898, 11032.0
150.426732063, 10922.0
152.15448904, 10792.0
153.904875994, 10668.0
155.627412081, 10564.0
157.344255924, 10464.0
159.074321985, 10365.0
160.797529936, 10267.0
162.517037868, 10170.0
164.241198063, 10085.0
165.966958046, 9980.0
167.691276073, 9896.0
169.442424059, 9816.0
171.16544795, 9736.0
172.887935877, 9658.0
174.607518911, 9569.0
176.331161976, 9491.0
178.051171064, 9421.0
179.776701927, 9308.0
181.50562501, 9213.0
