1.73069810867, 53314.0
3.46085715294, 52086.0
5.21976113319, 50981.0
6.94337010384, 49894.0
8.66721105576, 48876.0
10.4032700062, 47855.0
12.1628360748, 46831.0
13.9032130241, 45833.0
15.6746201515, 44860.0
17.4165871143, 43852.0
19.1316759586, 42868.0
20.853523016, 41939.0
22.5824911594, 40985.0
24.3120341301, 40061.0
26.0248689651, 39181.0
27.7486650944, 38406.0
29.464509964, 37591.0
31.1989150047, 36734.0
32.937595129, 35947.0
34.6656291485, 35181.0
36.4038870335, 34419.0
38.1283071041, 33670.0
39.8404769897, 32942.0
41.5667159557, 32202.0
43.2852101326, 31544.0
45.0309660435, 30874.0
46.7948961258, 30215.0
48.5418400764, 29516.0
50.2838449478, 28862.0
52.0252001286, 28230.0
53.7492640018, 27685.0
55.4756600857, 27130.0
57.203979969, 26590.0
58.9229309559, 26042.0
60.6482851505, 25507.0
62.3912849426, 24995.0
64.1146380901, 24480.0
65.841091156, 23976.0
67.5644049644, 23474.0
69.2811789513, 22998.0
71.0029189587, 22532.0
72.7459449768, 22029.0
74.4848690033, 21596.0
76.2207269669, 21188.0
77.9594211578, 20794.0
79.6895060539, 20403.0
81.4180419445, 19953.0
83.1418919563, 19565.0
84.8698961735, 19188.0
86.6008200645, 18833.0
88.3259460926, 18479.0
90.0455830097, 18121.0
91.7856280804, 17804.0
93.5182311535, 17495.0
95.2499201298, 17194.0
96.9787061214, 16895.0
98.7146160603, 16592.0
100.502184153, 16315.0
102.227148056, 16042.0
103.950420141, 15745.0
105.682214022, 15495.0
107.429842949, 15230.0
109.156820059, 14959.0
110.883903027, 14730.0
112.619572163, 14513.0
114.349550962, 14257.0
116.076403141, 14046.0
117.796817064, 13842.0
119.521041155, 13616.0
121.248597145, 13417.0
122.985119104, 13241.0
124.718531132, 13068.0
126.449920177, 12918.0
128.176251173, 12774.0
129.896769047, 12626.0
131.62233901, 12484.0
133.347759962, 12347.0
135.066243172, 12188.0
136.803411007, 12065.0
138.541280985, 11932.0
140.280333042, 11814.0
142.030259132, 11700.0
143.783235073, 11582.0
145.514513016, 11477.0
147.244035959, 11373.0
148.980571985, 11271.0
150.707215071, 11171.0
152.436046124, 11075.0
154.17743516, 10980.0
155.898167133, 10863.0
157.633555174, 10776.0
159.382084131, 10690.0
161.122601032, 10605.0
162.847571135, 10504.0
164.571800947, 10425.0
166.293588161, 10346.0
168.008780956, 10267.0
169.739572048, 10189.0
171.467098951, 10112.0
173.189592123, 10035.0
174.914551973, 9958.0
176.638967991, 9881.0
178.363311052, 9809.0
180.077013969, 9746.0
181.79696703, 9689.0
183.51869607, 9634.0
185.258850098, 9579.0
186.987383127, 9518.0
188.70938611, 9464.0
190.442270041, 9411.0
192.170356035, 9362.0
193.895851135, 9206.0
195.619585991, 9160.0
197.344705105, 9079.0
199.062663078, 9034.0
200.795356989, 8989.0
202.519165993, 8944.0
204.244917154, 8902.0
205.958377123, 8862.0
207.697014093, 8820.0
209.423869133, 8782.0
211.136376143, 8745.0
212.856364965, 8709.0
214.600155115, 8673.0
216.317768097, 8608.0
218.027506113, 8511.0
219.748167038, 8477.0
221.47460413, 8443.0
223.199666023, 8381.0
224.921617985, 8349.0
226.639111996, 8317.0
228.360119104, 8289.0
230.090310097, 8261.0
231.814134121, 8235.0
233.527467012, 8190.0
235.248397112, 8167.0
236.963955164, 8122.0
238.682054996, 8099.0
240.397458076, 8014.0
