1.12976884842, 8472.0
1.89759993553, 8808.0
2.66147089005, 9719.0
3.42322707176, 10608.0
4.20185995102, 11873.0
4.96754097939, 12483.0
5.73695492744, 12898.0
6.50138902664, 13842.0
7.26992106438, 14514.0
8.03740406036, 15609.0
8.80158495903, 15758.0
9.56743597984, 16066.0
10.335146904, 16435.0
11.1164238453, 16606.0
11.8873770237, 16880.0
12.6536018848, 17829.0
13.4333369732, 18213.0
14.2123758793, 18252.0
14.9867079258, 18644.0
15.7554240227, 19201.0
16.5279798508, 19866.0
17.3015470505, 20285.0
18.0868210793, 21127.0
18.8485400677, 21486.0
19.6098358631, 22299.0
20.3798949718, 23015.0
21.1442060471, 23873.0
21.9113540649, 23938.0
22.6702709198, 24012.0
23.4530589581, 25162.0
24.22970891, 25207.0
25.0028319359, 25504.0
25.771780014, 25768.0
26.551404953, 25757.0
27.3112099171, 25944.0
28.0763978958, 26896.0
28.8343698978, 27150.0
29.5960428715, 26837.0
30.3627910614, 27765.0
31.1188769341, 28266.0
31.8853709698, 28532.0
32.6475560665, 28668.0
33.4156229496, 28798.0
34.1818740368, 28990.0
34.9398620129, 29810.0
35.7041990757, 30072.0
36.4669239521, 30339.0
37.2358088493, 30335.0
37.9909398556, 30888.0
38.7551710606, 30776.0
39.5173039436, 31475.0
40.2838659286, 32067.0
41.0437488556, 32373.0
41.8059039116, 32034.0
42.5686280727, 32083.0
43.3323700428, 32346.0
44.0930669308, 32451.0
44.850908041, 32628.0
45.6171159744, 32970.0
46.4019539356, 33354.0
47.1623010635, 33261.0
47.9266738892, 33471.0
48.6971409321, 33417.0
49.462980032, 34814.0
50.2327919006, 35159.0
50.9960179329, 35217.0
51.7743530273, 35698.0
52.5403659344, 35911.0
53.3038539886, 36934.0
54.065500021, 37536.0
54.8334879875, 37535.0
55.6070668697, 37446.0
56.3699948788, 37144.0
57.1342990398, 36662.0
57.9005079269, 36698.0
58.6773478985, 37634.0
59.4433970451, 37681.0
60.2063808441, 37918.0
60.9656460285, 38552.0
61.7310810089, 39371.0
62.4960699081, 39364.0
63.2626709938, 40046.0
64.0241470337, 40050.0
64.7973999977, 40409.0
65.5824859142, 40561.0
66.3518838882, 40635.0
67.1162359715, 40570.0
67.8819508553, 40725.0
68.6471259594, 40582.0
69.4128570557, 41776.0
70.1833949089, 41658.0
70.9478609562, 41620.0
71.7135410309, 41988.0
72.48802495, 41993.0
73.2512600422, 41999.0
74.0164198875, 41959.0
74.7848730087, 42685.0
75.5490739346, 43146.0
76.320472002, 43170.0
77.087982893, 43077.0
77.8574688435, 43100.0
78.6204519272, 44014.0
79.3943619728, 44124.0
80.1543779373, 44997.0
80.9217500687, 45359.0
81.6835739613, 45641.0
82.442800045, 45613.0
83.2041258812, 45631.0
83.9735450745, 44877.0
84.7360758781, 45245.0
85.4953968525, 46314.0
86.2644178867, 45571.0
87.0270850658, 45573.0
87.7935259342, 45999.0
88.5594799519, 46535.0
89.3222129345, 46423.0
90.0897099972, 46722.0
90.8557078838, 47081.0
91.6146509647, 47621.0
92.3787178993, 47543.0
93.1480050087, 47769.0
93.9131879807, 47496.0
94.6752178669, 47616.0
95.434265852, 47636.0
96.1987729073, 47129.0
96.9644539356, 48423.0
97.7265219688, 48621.0
98.4821000099, 49258.0
99.2448859215, 49296.0
100.016927958, 48887.0
100.787596941, 48494.0
101.547667027, 48253.0
102.316614866, 48097.0
103.079843998, 47963.0
103.846374035, 47754.0
104.614382029, 47701.0
105.384856939, 47697.0
106.159431934, 47587.0
106.923603058, 48708.0
107.681982994, 48383.0
108.451299906, 48383.0
109.219624996, 48759.0
109.985406876, 48902.0
110.747025013, 49097.0
111.508050919, 49105.0
112.27224803, 49329.0
113.048428059, 49816.0
113.816808939, 49801.0
114.590704918, 50373.0
115.361826897, 50611.0
116.136874914, 50504.0
116.903311014, 50412.0
117.665345907, 50086.0
118.436529875, 50033.0
119.20520401, 51129.0
119.980205059, 51308.0
120.741080999, 51639.0
121.504757881, 50858.0
122.270417929, 50856.0
123.036110878, 50839.0
123.797352076, 51526.0
124.551275969, 51536.0
125.31388402, 51232.0
126.079599857, 50781.0
126.847715855, 51057.0
127.604130983, 51103.0
128.366669893, 51303.0
129.128391027, 51657.0
129.888036013, 51766.0
130.643207073, 52284.0
131.408280849, 52793.0
132.173212051, 53042.0
132.93752408, 53038.0
133.702309847, 52961.0
134.478138924, 52932.0
135.283778906, 52943.0
136.044528008, 52873.0
136.803457975, 52883.0
137.569540024, 52664.0
138.331248045, 53137.0
139.091599941, 53114.0
139.85104394, 52921.0
140.619374037, 52400.0
141.395766973, 52773.0
142.166018963, 52582.0
142.93697691, 52974.0
143.694933891, 52553.0
144.467489004, 52133.0
145.240967035, 52357.0
146.00890398, 52442.0
146.785528898, 53110.0
147.553019047, 53406.0
148.315811872, 53731.0
149.081063032, 53554.0
149.846577883, 53544.0
150.615592957, 54212.0
151.379117012, 54176.0
152.138797998, 53563.0
152.8969419, 53666.0
153.675282955, 54133.0
154.441222906, 54136.0
155.204555035, 54250.0
155.966405869, 54239.0
156.731024027, 54218.0
157.494765997, 53399.0
158.254596949, 53593.0
159.017369986, 53824.0
159.790168047, 53940.0
160.569382906, 53439.0
161.33118701, 53950.0
162.091099024, 54469.0
162.853703022, 54795.0
163.614704847, 54621.0
164.379498959, 54319.0
165.139229059, 53914.0
165.896425009, 53711.0
166.65682888, 53399.0
167.428439856, 53433.0
168.189264059, 53268.0
168.947728872, 53003.0
169.709197044, 53428.0
170.473406076, 53317.0
171.234297037, 52211.0
171.994667053, 51870.0
172.757678986, 51939.0
173.522691011, 51500.0
174.298090935, 51307.0
175.060353994, 51204.0
175.826073885, 51148.0
176.590607882, 51064.0
177.351377964, 51000.0
178.117425919, 51352.0
178.883857012, 51348.0
179.644039869, 51624.0
180.412966967, 51752.0
181.189399004, 52228.0
181.964315891, 51966.0
182.727643013, 51807.0
183.491983891, 51788.0
184.262168884, 51332.0
185.026426077, 50641.0
185.790705919, 50538.0
186.55855298, 50503.0
187.320384026, 50517.0
188.091135979, 50427.0
188.861197948, 50454.0
189.63320303, 50236.0
190.392297029, 49933.0
191.152431011, 49523.0
191.915122986, 49392.0
192.674891949, 49792.0
193.446708918, 49712.0
194.20639801, 50002.0
194.981752872, 50441.0
195.745705843, 51036.0
196.511286974, 50923.0
197.273071051, 50368.0
198.044168949, 49993.0
198.809721947, 49813.0
199.577668905, 50316.0
200.341060877, 50153.0
201.107184887, 49743.0
201.877851963, 49754.0
202.642968893, 49675.0
203.40478301, 49609.0
204.164938927, 49876.0
204.926233053, 49677.0
205.68593502, 49657.0
206.446856976, 49754.0
207.206724882, 49650.0
207.985022068, 49669.0
208.751787901, 49644.0
209.517716885, 50327.0
210.283434868, 50458.0
211.055577993, 50502.0
211.821778059, 50448.0
212.584792852, 50658.0
213.343435049, 50356.0
214.114063025, 50519.0
214.888123989, 50168.0
215.647759914, 50534.0
216.408766031, 50630.0
217.175268888, 50866.0
217.939384937, 50854.0
218.710556984, 51227.0
219.473011017, 51510.0
220.232931852, 51547.0
220.995984077, 51675.0
221.764050007, 51833.0
222.523720026, 51687.0
223.281153917, 52183.0
224.054614067, 52226.0
224.822164059, 51800.0
225.596566916, 51758.0
226.365715981, 51814.0
227.130527973, 52021.0
227.890569925, 51987.0
228.65845108, 51940.0
229.426518917, 51651.0
230.193337917, 51663.0
230.958865881, 51118.0
231.724420071, 51100.0
232.491010904, 50125.0
233.261134863, 49845.0
234.028496027, 49486.0
234.794865847, 48693.0
235.585944891, 48596.0
236.364908934, 48534.0
237.131361008, 48545.0
237.895926952, 48217.0
238.663687944, 48233.0
239.435174942, 48304.0
240.20599103, 48550.0
240.969784975, 48656.0
241.729902029, 48154.0
242.496958971, 48627.0
243.263542891, 48715.0
244.030343056, 48721.0
244.80188489, 48698.0
245.574992895, 49298.0
246.339459896, 49413.0
247.103604078, 49746.0
247.868494987, 50036.0
248.62936902, 49868.0
249.401731014, 50262.0
250.167831898, 50303.0
250.938238859, 50317.0
251.70381999, 50468.0
252.474761963, 50550.0
253.245746851, 50503.0
254.010419846, 50954.0
254.77290988, 51103.0
255.555273056, 50834.0
256.327920914, 50850.0
257.093939066, 50877.0
257.871863842, 50992.0
258.648817062, 50428.0
259.419885874, 50554.0
260.185665846, 50493.0
260.945291996, 50511.0
261.713818073, 50787.0
262.494534016, 50721.0
263.270490885, 50721.0
264.043565989, 50048.0
264.805669069, 50001.0
265.572390079, 50000.0
266.345380068, 49989.0
267.109941006, 49928.0
267.872166872, 49876.0
268.639982939, 49718.0
269.420053005, 49375.0
270.181580067, 49197.0
270.94301796, 49532.0
271.712499857, 49238.0
272.48792696, 49188.0
273.260601997, 48926.0
274.025451899, 49162.0
274.797688961, 49050.0
275.566725016, 49023.0
276.355268955, 48888.0
277.118732929, 48965.0
277.886138916, 49002.0
278.674043894, 49001.0
279.43899107, 48981.0
280.20034194, 49098.0
280.963898897, 48923.0
281.732352018, 48994.0
282.496273994, 49078.0
283.266108036, 49289.0
284.024688959, 49586.0
284.792172909, 49948.0
285.559375048, 50025.0
286.330496073, 50123.0
287.089663982, 49711.0
287.854773045, 49789.0
288.618324041, 49511.0
289.387934923, 49159.0
290.156390905, 49502.0
290.924491882, 49471.0
291.688595057, 49691.0
292.451588869, 49106.0
293.210114002, 48892.0
293.974346876, 48822.0
294.735399008, 48702.0
295.505176067, 48723.0
296.269796848, 48595.0
297.034949064, 48888.0
297.794622898, 48919.0
298.554743052, 49055.0
299.315633059, 49645.0
300.079210043, 50047.0
300.845123053, 50264.0
301.605027914, 50672.0
302.361392021, 51143.0
303.122436047, 51163.0
303.890619993, 51569.0
304.656156063, 51369.0
305.424921989, 51452.0
306.185544968, 51811.0
306.950804949, 52230.0
307.722149849, 52180.0
308.482753038, 52318.0
309.242322922, 52437.0
310.017821074, 52483.0
310.77894187, 52343.0
311.536435843, 51830.0
312.297693014, 51933.0
313.059741974, 51444.0
313.824697018, 51116.0
314.589921951, 51694.0
315.353479862, 52391.0
316.118531942, 51897.0
316.897069931, 51971.0
317.65991497, 51977.0
318.425137043, 51439.0
319.195558071, 51625.0
319.958320856, 51454.0
320.719938993, 50942.0
321.481086016, 50941.0
322.254431963, 51302.0
323.015848875, 51247.0
323.789337873, 50792.0
324.558835983, 50992.0
325.318266869, 50672.0
326.078881025, 50353.0
326.840842009, 50413.0
327.601448059, 50711.0
328.359524012, 50473.0
329.121562004, 50762.0
329.882488012, 50887.0
330.649937868, 50897.0
331.411066055, 50696.0
332.173094988, 51372.0
332.937911987, 51778.0
333.700952053, 51901.0
334.472900867, 51868.0
335.237455845, 51651.0
336.003419876, 52130.0
336.76573205, 52056.0
337.535887957, 52065.0
338.298529863, 52473.0
339.059650898, 52370.0
339.824373007, 52683.0
340.58443594, 52644.0
341.350940943, 52528.0
342.113054991, 52501.0
342.876896858, 52373.0
343.635984898, 51612.0
344.407775879, 51684.0
345.17414403, 51628.0
345.942182064, 51632.0
346.706696033, 50896.0
347.470391989, 50683.0
348.239251852, 50674.0
349.007044077, 50723.0
349.76957798, 50712.0
350.52857089, 50586.0
351.303045034, 50589.0
352.06616497, 50644.0
352.827657938, 50272.0
353.588196993, 50307.0
354.358752966, 50191.0
355.129220963, 50559.0
355.896913052, 51192.0
356.667001009, 51136.0
357.447594881, 51037.0
358.213793993, 51434.0
358.978647947, 51322.0
359.737319946, 51193.0
360.504993916, 51793.0
361.285836935, 51776.0
362.049233913, 51793.0
362.810582876, 51505.0
363.574617863, 51228.0
364.354099989, 50712.0
365.117542028, 50757.0
365.883677006, 50535.0
366.646735907, 50298.0
367.41127491, 50501.0
368.171638966, 50402.0
368.93323493, 49918.0
369.691268921, 49497.0
370.456173897, 49704.0
371.228572845, 50130.0
371.995739937, 49954.0
372.758332968, 50149.0
373.527387857, 50321.0
374.294781923, 50678.0
375.057360888, 50613.0
375.820277929, 50375.0
376.586668968, 50289.0
377.351822853, 50195.0
378.121823072, 50444.0
378.882884979, 50477.0
379.647356987, 49717.0
380.418545961, 49702.0
381.186635017, 49881.0
381.947512865, 50059.0
382.707747936, 50141.0
383.472220898, 50806.0
384.240747929, 50575.0
385.012362957, 50628.0
385.772150993, 50596.0
386.538627863, 50977.0
387.298873901, 50978.0
388.061856031, 51222.0
388.825345039, 51065.0
389.588939905, 50536.0
390.348537922, 50371.0
391.106263876, 50683.0
391.870496035, 50582.0
392.628715992, 50497.0
393.389998913, 50289.0
394.150588989, 50209.0
394.905725002, 50218.0
395.665253878, 50207.0
396.426455975, 50063.0
397.186208963, 49690.0
397.946994066, 49757.0
398.723073006, 49887.0
399.487745047, 50163.0
400.245246887, 50074.0
401.01273489, 50110.0
401.799144983, 50075.0
402.567715883, 50502.0
403.330867052, 50474.0
404.088741064, 50494.0
404.849951029, 50481.0
405.625815868, 50186.0
406.388107061, 49695.0
407.146013021, 50049.0
407.908804893, 50605.0
408.671126842, 50458.0
409.442770958, 50166.0
410.200659037, 49786.0
410.960682869, 49945.0
411.737410069, 49995.0
412.501400948, 49393.0
413.263468981, 48684.0
414.029445887, 49459.0
414.802952051, 49011.0
415.572995901, 49130.0
416.342494011, 49261.0
417.102511883, 49450.0
417.885381937, 49442.0
418.662131071, 49694.0
419.430306911, 49528.0
420.192348957, 49728.0
420.964341879, 49396.0
421.744026899, 49396.0
422.508895874, 49409.0
423.272791862, 49415.0
424.039118052, 49513.0
424.811383963, 49424.0
425.588046074, 49451.0
426.350811005, 49118.0
427.116739988, 49164.0
427.880593061, 49114.0
428.643903017, 48796.0
429.405498981, 48113.0
430.169579983, 48055.0
430.943309069, 48145.0
431.720397949, 48086.0
432.494683981, 47964.0
433.253020048, 47868.0
434.022680998, 48174.0
434.783432007, 48334.0
435.543292999, 49258.0
436.301234007, 49417.0
437.068135023, 49241.0
437.828762054, 49475.0
438.58968997, 49119.0
439.359617949, 48923.0
440.131106853, 49109.0
440.908526897, 49227.0
441.678005934, 49494.0
442.449693918, 49754.0
443.220133066, 49910.0
443.993505001, 50583.0
444.763067961, 51208.0
445.530910969, 51851.0
446.320653915, 51800.0
447.092833042, 51838.0
447.862527847, 51314.0
