1.11697602272, 7397.0
1.88082194328, 8525.0
2.64089202881, 8895.0
3.40788006783, 9362.0
4.16738796234, 9867.0
4.92688107491, 10570.0
5.68280291557, 11656.0
6.44206309319, 12237.0
7.20209002495, 12959.0
7.96472597122, 13450.0
8.72441792488, 13772.0
9.48162007332, 14630.0
10.251429081, 15300.0
11.0162520409, 15370.0
11.7785909176, 16203.0
12.5362229347, 16418.0
13.2975690365, 17069.0
14.0580458641, 17880.0
14.8148789406, 17998.0
15.6347360611, 18732.0
16.4158899784, 19239.0
17.1822109222, 19507.0
17.9465789795, 20040.0
18.7142250538, 20089.0
19.4828059673, 20240.0
20.2445089817, 20490.0
21.0049419403, 21012.0
21.7805039883, 21492.0
22.5420119762, 22363.0
23.315860033, 23296.0
24.083493948, 23723.0
24.8470730782, 23680.0
25.601487875, 23688.0
26.3634700775, 23717.0
27.1226918697, 24148.0
27.8785729408, 24730.0
28.6462318897, 24495.0
29.4076349735, 25191.0
30.1772310734, 25289.0
30.9354588985, 25475.0
31.6999289989, 26189.0
32.464897871, 26444.0
33.2243590355, 26604.0
33.9896888733, 27346.0
34.7518560886, 27727.0
35.5184679031, 28396.0
36.2790129185, 28506.0
37.0465390682, 28751.0
37.8102300167, 29584.0
38.5827260017, 29698.0
39.3446400166, 29670.0
40.1048419476, 30344.0
40.8694429398, 31330.0
41.6365978718, 32432.0
42.4019169807, 33153.0
43.1628050804, 33686.0
43.9313900471, 34110.0
44.7159259319, 34179.0
45.4932899475, 34292.0
46.2741110325, 34133.0
47.0320460796, 34229.0
47.8108379841, 34882.0
48.5853629112, 34628.0
49.3497259617, 34920.0
50.1093928814, 35049.0
50.8740139008, 35182.0
51.6451830864, 34738.0
52.4156088829, 35014.0
53.1838009357, 36131.0
53.94272995, 36231.0
54.7218968868, 36259.0
55.4883818626, 36273.0
56.2517559528, 36873.0
57.0200500488, 36392.0
57.8005959988, 36173.0
58.5682530403, 36785.0
59.3297998905, 37816.0
60.0837140083, 37561.0
60.8530220985, 37640.0
61.612817049, 38196.0
62.3684029579, 38496.0
63.1290750504, 39402.0
63.9015538692, 39734.0
64.6711158752, 39654.0
65.4301989079, 39920.0
66.1825239658, 40861.0
66.940237999, 40718.0
67.7152729034, 40599.0
68.4831449986, 40701.0
69.2391660213, 40719.0
69.9922480583, 40710.0
70.7726290226, 41012.0
71.537719965, 41157.0
72.2967889309, 41157.0
73.0481688976, 41300.0
73.8517150879, 41252.0
74.6226420403, 41484.0
75.3993680477, 41072.0
76.1620509624, 41149.0
76.9241669178, 40820.0
77.7040250301, 40888.0
78.4658460617, 40941.0
79.2226629257, 41524.0
79.9823870659, 42102.0
80.7440600395, 41982.0
81.5121428967, 41844.0
82.2676289082, 42787.0
83.0345869064, 43212.0
83.8069219589, 43184.0
84.5790929794, 43654.0
85.3404538631, 44068.0
86.1021330357, 44451.0
86.8604640961, 44756.0
87.6284620762, 44752.0
88.3893129826, 44890.0
89.1430220604, 45391.0
89.9070680141, 45703.0
90.6779260635, 45787.0
91.454169035, 46218.0
92.230848074, 46361.0
92.9911880493, 46430.0
93.7572848797, 47402.0
94.5330209732, 47609.0
95.2981169224, 47211.0
96.0598199368, 47417.0
96.8187639713, 48023.0
97.5821208954, 47490.0
98.3475558758, 47261.0
99.1066570282, 47148.0
99.8876590729, 47864.0
100.659273863, 47997.0
101.428051949, 47973.0
102.193576097, 48430.0
102.960500956, 48654.0
103.730875015, 48680.0
104.518544912, 48739.0
105.288987875, 48922.0
106.059614897, 48979.0
106.824547052, 48952.0
107.591398954, 48966.0
108.349157095, 49868.0
109.109373093, 49480.0
109.875237942, 49540.0
110.641371012, 49467.0
111.407195091, 49507.0
112.192529917, 49843.0
112.955745935, 49910.0
113.72993207, 49789.0
114.501507044, 49982.0
115.267980099, 50162.0
116.030282021, 50141.0
116.805634975, 50099.0
117.570528984, 50062.0
118.349679947, 49904.0
119.114140987, 49936.0
119.882463932, 50221.0
120.64279604, 50238.0
121.402929068, 50241.0
122.162196875, 50696.0
122.9202981, 50710.0
123.678411007, 50796.0
124.444849014, 50875.0
125.213311911, 50817.0
126.020802021, 51081.0
126.779994011, 50797.0
127.53668499, 50848.0
128.297436953, 50868.0
129.057820082, 50568.0
129.822524071, 50574.0
130.585372925, 50883.0
131.356669903, 50977.0
132.132145882, 50776.0
132.893908024, 50577.0
133.652720928, 50567.0
134.415381908, 50496.0
135.174377918, 50414.0
135.933197021, 50717.0
136.693686962, 50524.0
137.454890013, 50222.0
138.210602045, 50603.0
138.982508898, 50524.0
139.7450459, 50381.0
140.516259909, 50316.0
141.284245968, 50263.0
142.041924953, 50020.0
142.802772999, 49938.0
143.567693949, 50059.0
144.329674959, 49986.0
145.085160971, 49811.0
145.855892897, 49044.0
146.613548994, 49242.0
147.371793985, 49227.0
148.131567001, 49739.0
148.891845942, 49935.0
149.646243095, 50013.0
150.403845072, 50049.0
151.161083937, 50190.0
151.93286109, 50192.0
152.703054905, 50383.0
153.476798058, 50835.0
154.23495388, 50841.0
154.99980998, 50626.0
155.76005888, 50468.0
156.525976896, 49571.0
157.35887289, 49674.0
158.111909866, 49664.0
158.879704952, 49852.0
159.653532982, 49944.0
160.423345089, 49894.0
161.202262878, 49711.0
161.963207006, 49949.0
162.731081963, 50499.0
163.494307041, 50317.0
164.252933979, 50601.0
165.018610001, 50819.0
165.786668062, 50499.0
166.55312109, 50500.0
167.326596975, 50484.0
168.087576866, 50260.0
168.850833893, 50772.0
169.614176989, 50620.0
170.373488903, 50518.0
171.130511999, 50230.0
171.907799959, 50207.0
172.686788082, 50169.0
173.448659897, 50156.0
174.20566988, 50773.0
174.97053504, 50742.0
175.73720789, 50734.0
176.501117945, 50481.0
177.257463932, 49913.0
178.028904915, 49858.0
178.796591043, 50352.0
179.575469017, 50184.0
180.342724085, 50214.0
181.116019011, 50128.0
181.88718009, 50121.0
182.660338879, 49923.0
183.441421032, 49892.0
184.196717978, 49355.0
184.965314865, 49501.0
185.738708019, 49579.0
186.508708, 49189.0
187.26337409, 49145.0
188.029084921, 49980.0
188.802100897, 49774.0
189.570785046, 49536.0
190.336526871, 49789.0
191.094194889, 49461.0
191.860842943, 49918.0
192.627513885, 50233.0
193.399012089, 50577.0
194.157500029, 50480.0
194.928142071, 50480.0
195.695080042, 51121.0
196.455926895, 51171.0
197.212183952, 50765.0
197.972217083, 51203.0
198.768537998, 51159.0
199.531966925, 50628.0
200.296279907, 50671.0
201.071153879, 50488.0
201.838335991, 50845.0
202.602149963, 51189.0
203.367731094, 51260.0
204.130335093, 51208.0
204.899609089, 51263.0
205.671281099, 51604.0
206.439249039, 51612.0
207.200901031, 51870.0
208.001854897, 51365.0
208.774194002, 51523.0
209.536612034, 51925.0
210.28903389, 52143.0
211.048873901, 51975.0
211.817430019, 51994.0
212.579413891, 51919.0
213.333487988, 52034.0
214.103507042, 51892.0
214.866219044, 51974.0
215.630869865, 52214.0
216.387814045, 52187.0
217.150250912, 52621.0
217.915239096, 52890.0
218.676589966, 52841.0
219.435247898, 52349.0
220.211953878, 52405.0
220.993491888, 52488.0
221.759763956, 52547.0
222.521807909, 52316.0
223.355660915, 52209.0
224.120769024, 51600.0
224.89449501, 51042.0
225.666889906, 51638.0
226.432512999, 51723.0
227.208169937, 51992.0
227.974557877, 51565.0
228.745347023, 51768.0
229.508302927, 51927.0
230.275598049, 51923.0
231.04024291, 52318.0
231.806915998, 52599.0
232.563785076, 52606.0
233.332483053, 52628.0
234.102652073, 52691.0
234.87126708, 53030.0
235.632051945, 52997.0
236.394453049, 53174.0
237.158802032, 53470.0
237.939936876, 53441.0
238.713017941, 53818.0
239.487751007, 53880.0
240.25199604, 53775.0
241.030639887, 53996.0
241.8051579, 53696.0
242.569627047, 53699.0
243.330904961, 53635.0
244.094603062, 53996.0
244.857634068, 54135.0
245.63963294, 53508.0
246.401427031, 53800.0
247.183266878, 53047.0
247.970244884, 52925.0
248.739948988, 52868.0
249.501139879, 52873.0
250.259582996, 52844.0
251.02410388, 52639.0
251.787374973, 52704.0
252.549072981, 52947.0
253.306313992, 53179.0
254.067141056, 53559.0
254.852576971, 53193.0
255.615228891, 53183.0
256.374248981, 53252.0
257.132534981, 52983.0
257.897892952, 53384.0
258.671765089, 53019.0
259.448011875, 52907.0
260.213352919, 52926.0
260.975068092, 52366.0
261.748209, 52363.0
262.518943071, 52572.0
263.287589073, 52430.0
264.047744036, 52463.0
264.811074972, 53047.0
265.57407093, 53300.0
266.34580493, 53242.0
267.106755018, 52891.0
267.870158911, 52833.0
268.644197941, 53316.0
269.413908005, 53160.0
270.182189941, 53162.0
270.958513021, 52878.0
271.729130983, 52491.0
272.494991064, 52293.0
273.260155916, 52305.0
274.028634071, 52539.0
274.808105946, 52504.0
275.569846869, 52443.0
276.333719969, 52443.0
277.088963985, 52520.0
277.853093863, 53039.0
278.614608049, 53135.0
279.377741098, 53336.0
280.135648966, 53347.0
280.924194098, 53448.0
281.70440793, 52815.0
282.464988947, 53043.0
283.234881878, 53143.0
284.016448975, 52941.0
284.784230947, 53104.0
285.550307035, 53076.0
286.317175865, 53566.0
287.083878994, 53375.0
287.854737997, 53417.0
288.63032794, 53587.0
289.391932964, 53693.0
290.164432049, 53521.0
290.925824881, 53588.0
291.69094491, 53677.0
292.452738047, 53812.0
293.215168953, 53768.0
293.98229003, 53603.0
294.74947691, 53788.0
295.520843983, 53786.0
296.283433914, 53581.0
297.04557991, 53943.0
297.815766096, 53743.0
298.585881948, 53881.0
299.35363102, 53834.0
300.131942987, 54188.0
300.910441875, 53983.0
301.684412003, 53981.0
302.453034878, 54218.0
303.213901997, 54253.0
303.983988047, 54247.0
304.746948957, 54018.0
305.502614975, 54015.0
306.273271084, 53729.0
307.046519995, 53247.0
307.814029932, 53070.0
308.572366953, 52782.0
309.345774889, 52757.0
310.107622862, 52841.0
310.880100965, 52821.0
311.642863035, 52878.0
312.418370962, 53019.0
313.195370913, 53006.0
313.974529028, 53197.0
314.746161938, 53183.0
315.517608881, 53140.0
316.294161081, 52827.0
317.056695938, 52857.0
317.826140881, 52597.0
318.591958046, 52884.0
319.353775024, 52784.0
320.122351885, 53181.0
320.897106886, 52660.0
321.662353992, 52030.0
322.438344002, 51853.0
323.213521957, 52160.0
323.980824947, 51709.0
324.744669914, 51450.0
325.507334948, 51783.0
326.270674944, 51870.0
327.042124987, 51843.0
327.814730883, 51853.0
328.592242002, 51561.0
329.364567995, 52264.0
330.129930019, 52069.0
330.900444984, 51730.0
331.664829016, 51726.0
332.451845884, 51629.0
333.21480608, 51293.0
333.983417988, 51024.0
334.747009039, 50882.0
335.514865875, 50559.0
336.303377867, 50664.0
337.083837986, 50832.0
337.853626966, 51346.0
338.62350297, 51409.0
339.388872862, 51334.0
340.149908066, 51731.0
340.915651083, 52395.0
341.687480927, 52504.0
342.458478928, 52500.0
343.230331898, 52566.0
343.992629051, 52651.0
344.756520033, 51639.0
345.518944025, 51611.0
346.28439188, 51850.0
347.046041965, 51706.0
347.814939976, 52198.0
348.582917929, 52155.0
349.345756054, 52187.0
350.115280867, 52470.0
350.877247095, 52593.0
351.639345884, 52472.0
352.416174889, 52253.0
353.192219973, 52295.0
353.957040071, 52795.0
354.726608992, 52972.0
355.496778965, 52884.0
356.265806913, 53045.0
357.034067869, 53492.0
357.81221199, 53706.0
358.573880911, 53528.0
359.338101864, 53694.0
360.103421926, 54171.0
360.871859074, 53585.0
361.639024973, 53267.0
362.401659012, 53485.0
363.183337927, 53657.0
363.957989931, 53452.0
364.720072985, 53990.0
365.483469009, 53736.0
366.249077082, 53822.0
367.019520044, 54043.0
367.790000916, 53592.0
368.561873913, 53551.0
369.323421955, 53256.0
370.093549013, 53660.0
370.864068985, 53698.0
371.62452507, 53232.0
372.391201019, 53126.0
373.147603035, 53259.0
373.910465956, 53371.0
374.669619083, 53394.0
375.430989981, 53037.0
376.194740057, 52606.0
376.973784924, 52711.0
377.737956047, 53047.0
378.513195038, 53103.0
379.267659903, 52719.0
380.030586004, 53049.0
380.794630051, 53063.0
381.557075024, 52368.0
382.318625927, 52781.0
383.082105875, 52810.0
383.863481045, 52711.0
384.625674963, 52630.0
385.382699966, 52826.0
386.151966095, 53259.0
386.918884039, 53550.0
387.688282967, 53963.0
388.448515892, 53991.0
389.219868898, 53991.0
389.985280991, 53906.0
390.759074926, 54012.0
391.524331093, 53856.0
392.286908865, 53788.0
393.060421944, 53905.0
393.820940971, 53620.0
394.581551075, 53179.0
395.343802929, 53364.0
396.128284931, 52984.0
396.893886089, 53019.0
397.672648907, 52668.0
398.439110041, 52838.0
399.210893869, 53498.0
399.980463982, 53458.0
400.745501041, 53587.0
401.508017063, 53572.0
402.28695488, 53940.0
403.066994905, 53713.0
403.847397089, 53705.0
404.638004065, 53858.0
405.423681974, 54434.0
406.201911926, 54396.0
406.97251606, 54370.0
407.753310919, 54349.0
408.519774914, 54264.0
409.288971901, 54214.0
410.057404995, 54060.0
410.821413994, 53652.0
411.593146086, 53652.0
412.362286091, 53855.0
413.135169983, 54212.0
413.905040026, 54108.0
414.672795057, 54217.0
415.442502022, 54122.0
416.211371899, 54261.0
416.979592085, 54487.0
417.745469093, 54487.0
418.533766031, 54563.0
419.299190044, 54302.0
420.064713001, 54335.0
420.830157042, 54586.0
421.604074001, 54903.0
422.370470047, 54889.0
423.137804031, 55025.0
423.906334877, 55223.0
424.691003084, 55274.0
425.468497992, 55071.0
426.240730047, 55727.0
427.002309084, 55608.0
427.785003901, 55603.0
428.554411888, 55557.0
429.328664064, 55357.0
430.0982759, 55303.0
430.866626978, 55397.0
431.657402039, 55218.0
432.435563087, 55732.0
433.201708078, 55505.0
433.96616292, 55501.0
434.737411022, 55131.0
435.505259037, 55348.0
436.270816088, 55950.0
437.034641981, 55637.0
437.801783085, 55498.0
438.585771084, 55027.0
439.353532076, 54836.0
440.117922068, 54653.0
440.88319993, 54743.0
441.656975985, 55423.0
442.418174028, 55272.0
443.184252977, 55369.0
443.961051941, 55016.0
444.723411083, 55058.0
445.497792006, 54944.0
446.258905888, 55041.0
447.026553869, 55237.0
447.786998987, 54757.0
448.553927898, 54204.0
