2.92009687424, 50482
4.79374694824, 54982
6.65639281273, 55141
8.52521800995, 55640
10.3862478733, 58302
12.2513809204, 61149
14.121006012, 65663
15.9811220169, 66506
17.8391978741, 68019
19.7024710178, 68473
21.5856947899, 69595
23.4533989429, 69940
25.3339989185, 71114
27.2002639771, 74067
29.0623447895, 74849
30.9319958687, 75988
32.7911138535, 77239
34.6489608288, 78225
36.4909689426, 79068
38.3414399624, 80788
40.2096998692, 80713
42.0768349171, 83378
43.9458248615, 83513
45.808360815, 84897
47.7019889355, 88182
49.6313788891, 88411
51.5369539261, 90910
53.4328579903, 92107
55.339979887, 95013
57.2731618881, 96706
59.1836948395, 98964
61.1146218777, 101227
63.0371489525, 106123
64.9568488598, 107391
66.9013009071, 107415
68.8154218197, 107746
70.7179048061, 109981
72.614948988, 112616
74.5150818825, 114794
76.43283391, 114770
78.3349318504, 118145
80.2430579662, 119499
82.150261879, 121825
84.0537469387, 123178
85.9668998718, 124302
87.859005928, 125216
89.7490479946, 126677
91.6336159706, 129807
93.5545518398, 130575
95.4658880234, 130476
97.37763381, 130785
99.2830188274, 131700
101.186214924, 132620
103.11508894, 132278
105.013921976, 132978
106.913851976, 132989
108.818096876, 133618
110.724735975, 133658
112.637667894, 134812
114.541986942, 136964
116.452409983, 137015
118.369906902, 136556
120.288477898, 137139
122.272789001, 138184
124.17855382, 138758
126.077859879, 138782
127.977571964, 139728
129.89888382, 140531
131.809868813, 142475
133.728434801, 143188
135.640053988, 144228
137.541836023, 147050
139.456146002, 146270
141.357563972, 147466
143.246076822, 147455
145.112926006, 148441
146.975885868, 148497
148.855298996, 148221
150.72100687, 149166
152.590453863, 149543
154.460682869, 150415
156.327965021, 149779
158.203863859, 149941
160.069394827, 151788
161.928987026, 151949
163.798689842, 151438
165.691461802, 150802
167.553188801, 150641
169.422258854, 150764
171.28945899, 153306
173.157675982, 153831
175.035611868, 154737
176.898444891, 155343
178.762305021, 155299
180.621170998, 155604
182.481799841, 157053
184.35373497, 157520
186.221197844, 157705
188.096079826, 158767
189.967556953, 160127
191.842417955, 162553
193.71369791, 166248
195.576565981, 165723
197.433568001, 167258
199.301954985, 168663
201.188876867, 168653
203.044442892, 171722
204.912601948, 174128
206.77699995, 174119
208.64496398, 173950
210.523273945, 174933
212.383526802, 176055
214.248883009, 177325
216.106031895, 178417
217.970167875, 178595
219.85731101, 178218
221.716094017, 178209
223.580132961, 178120
225.443647861, 178701
227.302371025, 178788
229.17226696, 179035
231.03689599, 179607
232.896413803, 181064
234.763281822, 183248
236.646670818, 182682
238.508044958, 184184
240.379166842, 184278
242.247426987, 186069
244.112454891, 189144
245.998112917, 189188
247.865647793, 190447
249.726303816, 192641
251.582231998, 193596
253.448740005, 195281
255.326974869, 196229
257.202968836, 193687
259.084195852, 193777
260.957695007, 194393
262.826689005, 194790
264.706815004, 195733
266.569631815, 198062
268.433668852, 199169
270.311832905, 201496
272.203346014, 201842
274.0711689, 200502
275.944415808, 199885
277.814507961, 200371
279.681932926, 201329
281.559391975, 199207
283.426371813, 199202
285.288913012, 199892
287.148313999, 204488
289.010052919, 204502
290.894495964, 205977
292.758436918, 206227
294.636348963, 206084
296.505378962, 207304
298.371886969, 207327
300.251217842, 208511
302.116396904, 208492
303.979429007, 207874
305.84045887, 207883
307.73631382, 207084
309.604340792, 208014
311.474696875, 206721
313.345290899, 206490
315.224502802, 205572
317.102820873, 205897
318.985378981, 205908
320.847587824, 205715
322.715152025, 204708
324.586992979, 207581
326.46381402, 206239
328.32793498, 206748
330.21092701, 208349
332.081086874, 211452
333.947590828, 211022
335.831561804, 212473
337.707512856, 213354
339.570752859, 213987
341.436378002, 213643
343.329488993, 213772
345.197520018, 214148
347.086049795, 215167
348.955621958, 214803
350.819373846, 214657
352.692976952, 214131
354.566720963, 214679
356.426878929, 216964
358.279658794, 218693
360.13853097, 221167
362.01046896, 221663
363.866422892, 221762
365.742398024, 223086
367.613596916, 222252
369.464873791, 223638
371.328336, 225112
373.185855865, 225954
375.052706957, 225546
376.915880919, 227448
378.800066948, 228104
380.671922922, 229153
382.561790943, 230022
384.436653852, 229815
386.298516989, 229744
388.175514936, 230584
390.052742004, 231654
391.91593194, 232385
393.792352915, 233480
395.661284924, 233703
397.544979811, 234274
399.416903973, 234447
401.290864944, 234716
403.16006279, 233818
405.024623871, 236336
406.895922899, 236495
408.763943911, 237770
410.628494978, 237539
412.493599892, 237539
414.38583684, 238036
416.255507946, 240084
418.13320899, 239298
420.009078026, 239298
421.877909899, 240099
423.760597944, 240006
425.624987841, 241151
427.483922958, 240068
429.346786976, 241379
431.219769955, 242475
433.098362923, 243485
434.96299696, 246980
436.829720974, 248090
438.69796586, 248166
440.566485882, 249208
442.439764977, 249663
444.301484823, 249934
446.159750938, 250113
448.026110888, 250734
449.91639185, 252589
451.787899971, 253677
453.662758827, 255481
455.534745932, 253819
457.406580925, 253014
459.29603982, 254476
461.159806013, 253792
463.01887989, 252984
464.884059906, 253189
466.750491858, 252907
468.625206947, 252104
470.48780489, 251502
472.362417936, 250875
474.245028019, 251323
476.105467796, 251536
477.975841999, 251968
479.836344957, 252057
481.697495937, 251319
483.559705973, 251671
485.445423841, 251647
487.333299875, 251934
489.198899984, 252858
491.06594491, 252843
492.944582939, 252608
494.830667019, 251804
496.695091963, 250976
498.557748795, 250499
500.426977873, 251928
502.294260025, 251971
504.174359798, 249793
506.040560961, 249004
507.920488834, 250581
509.786746979, 253418
511.658885956, 251908
513.536889791, 251448
515.400213957, 253068
517.261899948, 252867
519.130614996, 252553
521.014166832, 250337
522.875791788, 250337
524.746961832, 250753
526.610574007, 250109
528.46944499, 249168
530.35095787, 249168
532.215194941, 250006
534.104758024, 250454
535.959154844, 250412
537.85398984, 249208
539.764746904, 249286
541.637133837, 249674
543.520797968, 249127
545.395089865, 248203
547.260829926, 248527
549.144948959, 248046
551.010876894, 248290
552.873467922, 247524
554.739092827, 247913
556.634768963, 248372
558.509483814, 248515
560.381578922, 248996
562.254541874, 249468
564.133426905, 248530
566.0225389, 249086
567.889339924, 248183
569.771401882, 245735
571.670681953, 245641
573.544399977, 246214
575.435650826, 246119
577.303212881, 245132
579.173410892, 244560
581.046130896, 246155
582.917963982, 246259
584.800019979, 245748
586.663996935, 245748
588.543198824, 245746
590.405354023, 246355
592.289691925, 250681
594.159919977, 251412
596.035935879, 250794
597.907575846, 251877
599.775017977, 251741
601.655920982, 252144
603.524868011, 250043
605.388643026, 249219
607.252523899, 249947
609.125989914, 247791
611.007151842, 249049
612.877410889, 248921
614.743505955, 249455
616.626921892, 251279
618.491529942, 249890
620.362704992, 249491
622.222658873, 248581
624.094671965, 248652
625.967814922, 249482
627.859764814, 249899
629.733219862, 249791
631.611014843, 250742
633.479933023, 250558
635.356402874, 251543
637.248051882, 251174
639.123757839, 250812
640.992614985, 251266
642.866946936, 253352
644.74751091, 254197
646.63805294, 254334
648.513487816, 254725
650.391861916, 254661
652.271011829, 254257
654.153867006, 254123
656.040849924, 254123
657.914081812, 253788
659.785007, 254083
661.655483007, 254011
663.548385859, 253871
665.418465853, 254289
667.294317961, 254768
669.165041924, 255739
671.036989927, 255644
672.924225807, 255151
674.795341015, 255009
676.662841797, 254725
678.528848886, 257173
680.397274971, 256969
682.275401831, 257356
684.148695946, 258266
686.017710924, 258570
687.891927958, 258620
689.751906872, 258245
691.625806808, 260856
693.491539955, 262062
695.351723909, 260059
697.220526934, 261068
699.105756998, 261864
700.972529888, 263636
702.846311808, 263626
704.719577789, 264001
706.588612795, 263242
708.470579863, 263653
710.345170975, 261933
712.211230993, 262068
714.077360868, 262393
715.952608824, 261925
717.836627007, 260873
719.696996927, 261373
721.563534021, 262346
723.425333023, 262605
725.304910898, 262484
727.186756849, 261918
729.058405876, 261881
730.928138018, 260921
732.80398488, 260744
734.713181019, 260837
736.578680992, 261323
738.448480844, 261065
740.317039013, 261232
742.279408932, 261387
744.163936853, 260841
746.035314798, 261427
747.9024508, 260543
749.763454914, 261116
751.628911972, 260323
753.51198101, 260336
755.378407001, 260413
757.252686977, 258734
759.120360851, 258037
760.983389854, 258468
762.855862856, 258281
764.720672846, 258221
766.578744888, 256443
768.451911926, 255933
770.337624788, 256402
772.202392817, 255141
774.080187798, 254527
775.961453915, 254233
777.831739902, 252426
779.717369795, 251193
781.586441994, 251227
783.452472925, 252370
785.317287922, 251938
787.185477972, 253366
789.066635847, 252999
790.931032896, 253068
792.799594879, 252612
794.671612024, 253088
796.537343025, 253047
798.408109903, 252886
800.272883892, 253023
802.140723944, 252891
804.007532835, 253579
805.890400887, 253169
807.759636879, 253328
809.625775814, 253429
811.486246824, 253558
813.346051931, 254069
815.223672867, 253122
817.09233284, 253510
818.957201004, 253624
820.817095995, 252689
822.685073853, 253110
824.554633856, 253278
826.412101984, 253501
828.273865938, 253282
830.135118961, 253682
832.002168894, 254319
833.867347002, 254018
835.732630968, 253922
837.585040808, 254148
839.465615988, 253700
841.353792906, 253696
843.224602938, 252263
845.101591825, 251898
846.990223885, 251876
848.864796877, 252789
850.74175787, 253172
852.611212015, 252800
854.477681875, 254750
856.331811905, 255668
858.196945906, 256559
860.07303381, 256521
861.930640936, 255224
863.803033829, 254815
865.676981926, 254636
867.540298939, 258071
869.409126997, 258802
871.277633905, 260527
873.142323017, 260917
875.009567976, 261156
876.90267992, 260452
878.763247013, 261763
880.63060379, 263610
882.504906893, 263993
884.383626938, 264721
886.261756897, 264027
888.121469975, 264306
889.979234934, 264465
891.846380949, 263260
893.721174955, 264001
895.600364923, 262856
897.465848923, 261890
899.337369919, 261242
901.223495007, 261560
903.086720943, 260893
904.96023488, 260981
906.826463938, 261122
908.686314821, 260160
910.563062906, 260105
912.443707943, 259710
914.308018923, 257661
916.177173853, 255873
918.040566921, 256387
919.90891695, 256555
921.788393021, 257179
923.662107944, 257866
925.5276618, 258041
927.395504951, 258474
929.277443886, 258372
931.168018818, 258264
933.029763937, 258029
934.901301861, 258169
936.77760601, 257279
938.647991896, 256881
940.531037807, 256948
942.40385294, 256343
944.280810833, 254891
946.154682875, 255392
948.046046972, 255580
949.910681009, 255404
951.792131901, 256628
953.664530993, 256672
955.529909849, 255871
957.408496857, 257858
959.273639917, 258831
961.135068893, 258834
962.995419979, 258479
964.862857819, 254606
966.74702096, 253041
968.612931967, 253545
970.484551907, 253111
972.346819878, 253512
974.207075834, 253555
976.079198837, 253309
977.939822912, 254520
979.803811789, 254717
981.671664953, 254790
983.565490961, 255819
985.433157921, 255790
987.308701992, 255467
989.180871964, 255188
991.050836802, 256459
992.928429842, 256577
994.795979023, 256494
996.662196875, 256080
998.522087812, 255489
1000.38537693, 256680
1002.26246595, 256644
1004.12725592, 256585
1006.00636482, 257129
1007.87318802, 259016
1009.73476887, 258883
1011.61221886, 261781
1013.47309279, 261726
1015.33485579, 261730
1017.20646286, 261931
1019.09512496, 259496
1020.9597578, 260895
1022.82630992, 258122
1024.69743586, 258362
1026.56030083, 259976
1028.43546391, 259371
1030.29436898, 256573
1032.16671395, 255807
1034.02146387, 255621
1035.8905499, 255783
1037.765275, 257394
1039.63364482, 256475
1041.50290895, 257975
1043.37006998, 257593
1045.22692299, 257228
1047.09740281, 257731
1048.95961785, 257949
1050.81899691, 256020
1052.67621493, 255203
1054.5547688, 255561
1056.42002702, 255774
1058.30372095, 255870
1060.17971087, 254889
1062.04536986, 255477
1063.92526484, 255618
1065.79748082, 257274
1067.66292787, 257332
1069.52196693, 257344
1071.38552284, 257244
1073.263659, 259305
1075.12790799, 258956
1076.99677682, 258830
1078.8641839, 258689
1080.72391295, 259991
1082.59660888, 260810
1084.45877695, 260569
1086.3249929, 260856
1088.19277596, 259768
1090.08595681, 259653
1091.95342398, 263663
1093.82282591, 263948
1095.69909787, 263554
