4.26076793671, 261591
8.51145887375, 255741
12.7296478748, 250417
17.0127670765, 245991
21.2325460911, 241513
25.4658260345, 237331
29.6779909134, 233225
33.9332211018, 228976
38.1403589249, 225117
42.3554759026, 221295
46.5888800621, 217752
50.8503470421, 214138
55.1390891075, 210559
59.372674942, 207079
63.5890469551, 203877
67.8588700294, 200826
72.0599379539, 197518
76.3255059719, 194441
80.5484819412, 191192
84.7737269402, 188265
89.0413870811, 185413
93.2680430412, 182614
97.5354750156, 179826
101.766563892, 177118
105.970457077, 174343
110.17333293, 171699
114.409965992, 169120
118.611727953, 166459
122.805629015, 163940
127.007773876, 161507
131.20876193, 159001
135.454866886, 156506
139.645974874, 154202
143.867116928, 151940
148.054625034, 149684
152.241061926, 147280
156.478605986, 145157
160.679261923, 143072
164.881000996, 140983
169.099513054, 138989
173.303819895, 136935
177.553869963, 134971
181.92553997, 132930
186.122925997, 130938
190.34561801, 128994
194.605573893, 127180
198.847333908, 125397
203.067903996, 123638
207.29300499, 121958
211.506714106, 120252
215.757107973, 118555
219.975708008, 116776
224.204369068, 115072
228.389780998, 113465
232.58859396, 111948
236.848485947, 110449
241.097877026, 108977
245.333075047, 107537
249.552191973, 106003
253.769834042, 104435
258.042218924, 103027
262.282974958, 101610
266.499186039, 100231
270.752429962, 99033
275.022514105, 97694
279.236294031, 96445
283.451996088, 95261
287.692034006, 94081
291.933619976, 92861
296.196059942, 91681
300.417567968, 90486
304.66702795, 89329
308.887311935, 88164
313.101344109, 87030
317.346637011, 85897
321.546202898, 84894
325.752613068, 83919
329.956039906, 82858
334.163515091, 81909
338.408192873, 80984
342.618993044, 80146
346.817810059, 79340
351.014576912, 78456
355.253096104, 77663
359.462311029, 76883
363.653282881, 76108
367.858728886, 75359
372.053955078, 74625
376.288153887, 73825
380.483927011, 73122
384.862529039, 72363
389.05367589, 71657
393.244576931, 70970
397.495709896, 70353
401.690639973, 69753
405.899615049, 69153
410.09980607, 68555
414.325232029, 67961
418.587092876, 67364
422.803167105, 66769
427.026349068, 66230
431.226424932, 65682
435.460725069, 65140
439.678916931, 64604
443.899494886, 64081
448.110836029, 63605
452.293667078, 63132
456.526021004, 62697
460.717880964, 62268
464.937011957, 61843
469.13696599, 61422
473.33284688, 61025
477.581455946, 60646
481.789551973, 60273
485.977055073, 59906
490.184194088, 59541
494.408493042, 59188
498.662718058, 58614
502.855762005, 58121
507.068619967, 57544
511.250371933, 57159
515.478255033, 56813
519.700570107, 56474
523.892153978, 56160
528.090274096, 55850
532.297754049, 55491
536.537403107, 55186
540.725421906, 54888
544.922874928, 54597
549.117841959, 54313
553.298054934, 53785
557.536297083, 53512
561.764405966, 53246
565.9918859, 52981
570.212788105, 52722
574.424226999, 52482
578.661077976, 52194
582.872956991, 51960
587.080710888, 51703
591.279047012, 51475
595.524898052, 51256
599.714451075, 50916
603.903291941, 50700
608.095012903, 50495
612.292005062, 50298
616.523938894, 50061
620.716747046, 49808
624.916620016, 49570
629.110078096, 49371
633.292810917, 49189
637.537293911, 49008
641.725946903, 48836
645.914237022, 48667
650.092262983, 48513
654.278225899, 48360
658.509860992, 48210
662.704343081, 48067
666.9207201, 47932
671.104878902, 47799
675.331441879, 47671
679.522877932, 47543
683.742163897, 47426
687.926873922, 47325
692.120944977, 47226
696.351592064, 47130
700.545732021, 47035
704.750274897, 46949
708.956171989, 46865
713.141304016, 46781
717.376843929, 46701
721.583671093, 46623
725.789612055, 46537
729.996006966, 46460
734.201111078, 46380
738.469331026, 46310
742.669702053, 46235
746.881856918, 46168
751.071911097, 46102
755.303405046, 46038
759.50081706, 45977
763.697941065, 45924
767.896538973, 45848
772.093264103, 45717
776.329472065, 45661
780.511687994, 45610
784.70838809, 45132
788.888082027, 45088
793.056029081, 45045
797.286401033, 45004
801.483520031, 44970
805.680742025, 44948
809.89208293, 44928
814.091533899, 44914
818.330034018, 44900
822.534665108, 44887
826.727343082, 44852
830.913803101, 44840
835.144546986, 44810
839.329400063, 44795
843.520256996, 44787
847.730901957, 44739
851.938044071, 44733
856.163475037, 44728
860.370109081, 44627
864.564122915, 44623
868.746108055, 44614
872.943989038, 44610
877.202615976, 44609
881.406522036, 44608
885.595534086, 44563
