4.18330001831, 261432
8.34775400162, 256901
12.5542070866, 252276
16.7214460373, 248325
20.8933360577, 243909
25.0675890446, 239389
29.2325270176, 235390
33.4645369053, 231204
37.6355490685, 227436
41.7904810905, 223701
45.9533929825, 220126
50.1150209904, 216716
54.333343029, 213353
58.5078151226, 210097
62.6724500656, 206691
66.8477420807, 203670
71.0498669147, 200435
75.2148859501, 197247
79.3939819336, 194252
83.5625851154, 191325
87.7385029793, 188347
91.9356720448, 185449
96.1054010391, 182649
100.272619009, 179951
104.438240051, 177277
108.587543011, 174657
112.791692972, 172107
116.949402094, 169519
121.112713099, 167037
125.278710127, 164419
129.438863039, 161924
133.656466007, 159457
137.824213028, 157010
141.998167038, 154578
146.160701036, 152184
150.366198063, 149965
154.524224997, 147760
158.680848122, 145525
162.848042965, 143222
167.018026114, 141090
171.221288919, 138978
175.39831996, 136874
179.568892002, 134773
183.729535103, 132780
188.012412071, 130861
192.220552921, 128955
196.37600708, 127098
200.542237043, 124968
204.718799114, 123121
208.882755041, 121281
213.089566946, 119448
217.265414953, 117685
221.447391033, 115883
225.615893126, 114184
229.82636404, 112427
233.999572039, 110716
238.165378094, 109070
242.338809967, 107516
246.501176119, 105875
250.701183081, 104341
254.863796949, 102778
259.032092094, 101288
263.207576036, 99817
267.363529921, 98349
271.56366396, 96895
275.722381115, 95460
279.879118919, 94081
284.040585041, 92637
288.195084095, 91238
292.40376997, 89935
296.57565403, 88639
300.742381096, 87422
304.900707006, 86149
309.141107082, 84869
313.30718112, 83748
317.48061204, 82501
321.649262905, 81394
325.817033052, 80346
330.041700125, 79407
334.19788909, 78475
338.365946054, 77525
342.52097702, 76596
346.684758902, 75751
350.905559063, 74710
355.075449944, 73927
359.235533953, 73166
363.412423134, 72260
367.582756996, 71593
371.796772957, 70961
375.977210999, 70217
380.132885933, 69624
384.29707408, 69062
388.493384123, 68503
392.664954901, 67946
396.81912899, 67404
400.97764492, 66864
405.131539106, 66325
409.329097033, 65793
413.482800007, 65269
417.645134926, 64760
421.84397912, 64291
425.997009993, 63871
430.206056118, 63369
434.377880096, 62914
438.529150009, 62479
442.697928905, 62018
446.871262074, 61634
451.07945013, 61260
455.237980127, 60887
459.401164055, 60340
463.578421116, 59970
467.782882929, 59625
471.935579062, 59284
476.09580493, 58957
480.263624907, 58618
484.416777134, 58313
488.607701063, 58008
492.768548965, 57690
496.936289072, 57386
501.090225935, 57092
505.245839119, 56815
509.448888063, 56540
513.604167938, 56033
517.756953955, 55752
521.914849043, 55460
526.072372913, 55210
530.29312396, 54980
534.455483913, 54744
538.6222651, 54442
542.781748056, 54177
546.987643003, 53885
551.161140919, 53666
555.327853918, 53406
559.497393131, 53195
563.654160023, 52989
567.848134995, 52784
572.01206708, 52584
576.186162949, 52385
580.351119995, 52195
584.509423971, 52005
588.722208977, 51824
592.896582127, 51611
597.046288967, 51436
601.202453136, 51262
605.357903004, 51091
609.565419912, 50923
613.731766939, 50645
617.894169092, 50481
622.051773071, 50318
626.2446661, 50163
630.404150009, 50017
634.55347991, 49871
638.711693048, 49728
642.870090008, 49587
647.066622972, 49394
651.220756054, 49255
655.37567997, 49118
659.531202078, 48983
663.69217205, 48851
667.890245914, 48725
672.047168016, 48579
676.193753958, 48455
680.345349073, 48334
684.512444973, 48221
688.72675705, 47916
692.891057968, 47805
697.055962086, 47701
701.205976963, 47602
705.413640976, 47504
709.588968992, 47413
713.744588137, 47325
717.906840086, 47238
722.064018965, 47152
726.260447025, 47078
730.414915085, 46939
734.566389084, 46869
738.721841097, 46800
742.875454903, 46735
747.083820105, 46670
751.246469021, 46607
755.398021936, 46548
759.548892021, 46492
763.705132961, 46436
767.913878918, 46342
772.073341131, 46220
776.233631134, 46171
780.389910936, 46124
784.581174135, 46079
788.749784946, 46039
792.906001091, 45998
797.075670958, 45962
801.234025002, 45929
805.427362919, 45898
809.581489086, 45868
813.745129108, 45706
817.91238308, 45682
822.074248075, 45611
826.27909708, 45588
830.444602013, 45509
834.600170135, 45486
838.75218606, 45473
842.908196926, 45463
847.110026121, 45456
851.274946928, 45447
855.436242104, 45401
859.596447945, 45394
863.785111904, 45393
867.949775934, 45385
