4.19572687149, 271389
8.36486887932, 266729
12.5666530132, 261990
16.8025958538, 257352
20.9722590446, 253075
25.1571910381, 248532
29.4100739956, 244300
33.5850770473, 240170
37.8005800247, 236349
41.9986789227, 232539
46.2690060139, 228781
50.4715969563, 225040
54.6800789833, 221376
58.8840348721, 217810
63.0655260086, 214398
67.249601841, 210996
71.4362840652, 207569
75.6656880379, 204184
79.8739349842, 200865
84.038631916, 197753
88.2472150326, 194838
92.4378988743, 191758
96.6685769558, 188824
100.833688974, 185980
105.009674072, 183204
109.184574842, 180289
113.357491016, 177514
117.572538853, 174761
121.742572069, 171999
125.918257952, 169265
130.080816984, 166644
134.294896841, 164126
138.463276863, 161637
142.639384031, 158932
146.819228888, 156387
150.991107941, 154000
155.198721886, 151485
159.39752388, 149061
163.566742897, 146818
167.724439859, 144633
171.897693872, 142499
176.107137918, 140458
180.27547884, 138422
184.456060886, 136245
188.625736952, 133929
192.779666901, 131938
197.004554033, 129952
201.168793917, 128063
205.339176893, 126085
209.49485898, 124300
213.710891008, 122527
217.872362852, 120764
222.034339905, 119112
226.206004858, 117360
230.376460075, 115597
234.576089859, 113926
238.753684998, 112284
242.92513895, 110734
247.086094856, 109238
251.248348951, 107704
255.45586586, 106209
259.620676994, 104739
263.794822931, 103208
267.965636969, 101705
272.136842012, 100242
276.351033926, 98836
280.523607969, 97510
284.686872959, 96209
288.866001844, 94700
293.06908989, 93481
297.22970295, 92352
301.380833864, 91042
305.560338974, 89905
309.721195936, 88806
313.922265053, 87512
318.09919405, 86468
322.260411024, 85273
326.41448307, 84293
330.590759993, 83281
334.796958923, 82312
338.958781958, 81358
343.11737299, 80460
347.284240007, 79626
351.432180882, 78794
355.634500027, 78096
359.80456686, 77303
363.964627981, 76609
368.127562046, 75697
372.323353052, 75040
376.481755018, 74385
380.634944916, 73646
384.804636002, 72994
388.960294962, 72379
393.149821997, 71769
397.318031073, 71205
401.481482029, 70566
405.637897015, 70004
409.802439928, 69449
414.014405966, 68877
418.170979023, 68306
422.349192858, 67767
426.512959957, 67230
430.667294979, 66706
434.873174906, 66090
439.040577888, 65599
443.207113981, 65123
447.364712954, 64654
451.558587074, 64188
455.711681843, 63663
459.873725891, 63197
464.040053844, 62732
468.213857889, 62291
472.42277503, 61858
476.581732035, 61437
480.755053043, 61034
484.911774874, 60668
489.07062602, 60314
493.273894072, 59968
497.423434019, 59544
501.589424849, 59217
505.755887032, 58830
509.92031002, 58511
514.117645979, 58197
518.288318872, 57905
522.440996885, 57621
526.601006985, 57346
530.797111034, 57036
534.96005106, 56738
539.120754957, 56467
543.280722857, 56196
547.444299936, 55931
551.638418913, 55671
555.805327892, 55417
559.965621948, 55183
564.117245913, 54930
568.280721903, 54701
572.505987883, 54477
576.651507854, 54203
580.818958998, 54007
584.972321987, 53818
589.129586935, 53634
593.329690933, 53450
597.485280037, 53267
601.640488863, 53085
605.793429852, 52355
609.987172842, 51842
614.152148962, 51661
618.304116964, 51488
622.469907045, 51317
626.628993988, 51152
630.824790001, 50934
634.991639853, 50774
639.148339987, 50621
643.30634594, 50485
647.46783185, 50350
651.668092966, 50216
655.819815874, 50085
659.975123882, 49955
664.130452871, 49783
668.283619881, 49656
672.478983879, 49530
676.635643959, 49416
680.793654919, 49232
684.944468975, 49125
689.143458843, 49019
693.291326046, 48782
697.448418856, 48678
701.605140924, 48531
705.75881505, 48432
709.962977886, 48295
714.122294903, 48198
718.284487963, 48103
722.443747044, 48009
726.612565994, 47895
730.811787844, 47794
734.967707872, 47702
739.162895918, 47146
743.321142912, 47058
747.471694946, 46973
751.673852921, 46745
755.835698843, 46670
759.997886896, 46552
764.148392916, 46480
768.339020014, 46343
772.491095066, 46185
776.643419981, 46115
780.851956844, 46046
785.014358044, 45985
789.21376586, 45866
793.389277935, 45806
797.543936968, 45747
801.698554039, 45663
805.853536844, 45611
810.05674696, 45566
814.209125996, 45523
818.36529398, 45460
822.523206949, 45422
826.680775881, 45388
830.883235931, 45345
835.038542032, 45314
839.194648981, 45287
843.340811014, 45261
847.538496017, 45237
851.693186998, 45168
855.871088982, 45151
860.023030043, 45144
864.191932917, 45102
868.398041964, 44923
872.560454845, 44916
876.713656902, 44909
880.859974861, 44908
1711.31352186, 44881
1715.46156096, 44819
1719.670223, 44762
1723.83229494, 44714
1727.9779079, 44670
1732.1415329, 44627
1736.29836202, 44585
1740.4836359, 44559
1744.64421391, 44533
1748.79921007, 44508
1752.94508505, 44473
1757.10430503, 44448
1761.31833792, 44424
1765.46917391, 44403
1769.62898707, 44344
1773.78295207, 44324
1777.93182898, 44304
1782.129318, 44293
1786.28991604, 44284
1790.45232391, 44185
1794.63359785, 44180
1798.83327484, 44177
