2.92350888252, 50543
4.79250097275, 53634
6.66814303398, 54144
8.5385890007, 54842
10.4144530296, 57077
12.3042800426, 61511
14.1673648357, 63884
16.0321979523, 67272
17.8881149292, 67343
19.748996973, 74866
21.6214239597, 75559
23.4800238609, 75828
25.3448870182, 78692
27.2166910172, 80433
29.1052629948, 81761
30.9767179489, 85210
32.8359889984, 86206
34.7030060291, 87552
36.5751860142, 90279
38.4658579826, 90703
40.3388128281, 91840
42.2116868496, 97563
44.0753209591, 97898
45.9482429028, 98984
47.827630043, 101358
49.6925618649, 101104
51.5688269138, 103132
53.4318618774, 103898
55.298074007, 105785
57.1741938591, 109043
59.0446989536, 110733
60.9104478359, 114338
62.7736899853, 116083
64.6616630554, 118424
66.5302979946, 119913
68.3980219364, 121188
70.2685899734, 121891
72.1445448399, 124055
74.0284860134, 124735
75.9206669331, 128560
77.814647913, 130649
79.7158079147, 131096
81.6016540527, 132625
83.5079638958, 133976
85.3927779198, 136796
87.284528017, 137125
89.1636600494, 141120
91.0452020168, 141930
92.9305939674, 141868
94.8006830215, 141738
96.6808259487, 141815
98.5485930443, 147363
100.481643915, 148701
102.390216827, 151074
104.266058922, 152685
106.14429903, 154084
108.015420914, 154621
109.905452967, 155221
111.786824942, 159223
113.656033993, 160014
115.51927495, 162772
117.399721861, 163232
119.284782887, 164188
121.157088995, 164134
123.026698828, 164933
124.893748045, 165403
126.76618886, 166026
128.637199879, 168726
130.509263992, 169183
132.383563995, 170580
134.241297007, 170849
136.129644871, 173533
137.996284962, 174458
139.861932993, 176799
141.734544992, 176526
143.611822844, 177086
145.497733831, 177983
147.373093843, 179641
149.248649836, 179737
151.118914843, 178350
153.015482903, 178542
154.976316929, 178758
156.926383972, 178382
158.83581686, 177996
160.744479895, 180125
162.673990965, 180439
164.541590929, 179083
166.401373863, 182374
168.28441596, 183136
170.147614956, 183199
172.052723885, 181683
173.929371834, 181474
175.799263954, 182849
177.681054831, 186960
179.596704006, 185822
181.496646881, 188802
183.400970936, 190245
185.299510002, 189998
187.161855936, 189678
189.044471025, 188084
190.93500495, 190574
192.816251993, 193857
194.688364983, 193871
196.559619904, 193483
198.432121992, 194272
200.309598923, 195127
202.177404881, 195220
204.035627842, 197378
205.887752056, 197410
207.773054838, 199686
209.635812998, 201149
211.498265982, 200795
213.364228964, 199857
215.232352972, 200382
217.112385035, 202154
218.977434874, 202040
220.869192839, 202421
222.747298956, 201769
224.644665956, 202828
226.566920042, 204301
228.440551996, 204999
230.311142921, 204143
232.176198959, 204144
234.041164875, 205806
235.912909985, 206460
237.781527042, 206806
239.648691893, 207788
241.506852865, 207681
243.399292946, 207467
245.260403872, 207687
247.152711868, 209392
249.027323008, 210120
251.023370028, 209898
252.926693916, 211018
254.806054831, 212195
256.678817987, 211578
258.552592039, 211290
260.443815947, 213393
262.331747055, 211795
264.200438976, 211596
266.08978796, 211807
267.977987051, 212073
269.873965025, 212388
271.76590395, 212730
273.645622015, 213117
275.530220985, 214442
277.402819872, 214202
279.321146965, 216339
281.240151882, 216328
283.157994986, 215304
285.074542046, 216054
287.00177002, 216562
288.931406021, 215802
290.847731829, 217314
292.767158031, 218887
294.689389944, 218887
296.620244026, 220453
298.583176851, 220477
300.527227879, 220823
302.454941034, 221900
304.347934008, 223012
306.238447905, 224342
308.129566908, 224763
310.006755829, 224662
311.877751827, 226481
313.766361952, 226408
315.662721872, 228043
317.536521912, 228101
319.40052104, 231073
321.265244961, 230769
323.133471012, 229676
325.007062912, 227977
326.870187998, 228935
328.744122028, 229472
330.623946905, 229363
332.504839897, 229668
334.391729832, 230198
336.263247013, 230843
338.138870955, 230157
340.024674892, 229790
341.968785048, 231080
343.883929014, 232790
345.775400877, 234990
347.66368103, 238412
349.555943012, 242296
351.478760958, 241361
353.372583866, 239499
355.258710861, 239029
357.142735004, 241254
359.051702023, 243714
360.95301795, 243256
362.851102829, 242847
364.735496044, 243225
366.61085391, 242524
368.501211882, 242729
370.395927906, 242729
372.270275831, 242467
374.153992891, 241850
376.028324842, 241745
377.912992001, 241141
379.78511095, 240856
381.663275957, 239185
383.53857398, 241358
385.438753843, 241477
387.344902992, 241507
389.250638962, 242523
391.15561986, 243950
393.028394938, 243761
394.943135977, 243443
396.880020857, 242831
398.779620886, 243318
400.666331053, 244269
402.540845871, 243480
404.417386055, 244023
406.307899952, 243309
408.177317858, 242085
410.047935963, 243156
411.919241905, 243319
413.799790859, 244006
415.68234086, 242924
417.56009388, 242343
419.431030035, 244598
421.294062853, 243596
423.196398973, 244006
425.069592953, 245440
426.940956831, 244690
428.815522909, 245634
430.680798054, 248223
432.571248055, 250086
434.458353043, 251298
436.338387966, 250338
438.212057829, 250042
440.083660841, 251279
441.979403019, 250976
443.852856874, 250533
445.724010944, 250414
447.599314928, 250479
449.472146988, 250960
451.346621037, 250097
453.225779057, 248674
455.097391844, 249333
456.969583035, 249646
458.86844492, 253067
460.742502928, 253449
462.609354973, 252730
464.480967999, 253164
466.345330954, 252728
468.230341911, 253762
470.10226202, 251288
471.966020823, 250480
473.833287001, 250611
475.704058886, 251476
477.590112925, 251736
479.462717056, 251668
481.336362839, 253670
483.213341951, 254389
485.087790966, 254634
486.964145899, 255704
488.841959, 257710
490.711845875, 257831
492.580148935, 258134
494.481725931, 257106
496.351408958, 260153
498.234498024, 258041
500.103534937, 258739
501.975553036, 258004
503.86409688, 256759
505.74613905, 258457
507.627262831, 258710
509.503571033, 260333
511.379523039, 260080
513.264736891, 259594
515.138569832, 260028
517.022495031, 259697
518.898306847, 259699
520.770710945, 260649
522.650225878, 260305
524.527261972, 260276
526.398466825, 259497
528.263589859, 259582
530.164407015, 260273
532.036778927, 261482
533.905730009, 261227
535.782667875, 261834
537.659051895, 262103
539.545474052, 261090
541.428195953, 261186
543.304142952, 261186
545.181311846, 261324
547.059967995, 258872
548.951447964, 257864
550.826761007, 259397
552.725899935, 259497
554.603884935, 258994
556.482012987, 259232
558.363489866, 258055
560.24285388, 259192
562.121837854, 259148
563.992429972, 258888
565.896193981, 260450
567.768739939, 259389
569.642025948, 259902
571.520215988, 259070
573.395093918, 258939
575.283879042, 258015
577.157577991, 258016
579.032693863, 255239
580.905997992, 257164
582.786597013, 260244
584.681304932, 260834
586.551755905, 259323
588.435801029, 259316
590.319699049, 259982
592.208677053, 261680
594.102241993, 262126
595.972158909, 262026
597.852144003, 262007
599.731773853, 262014
601.652118921, 260096
603.540920019, 260866
605.417512894, 260950
607.301025867, 261585
609.177247047, 259439
611.075819016, 258962
612.963937044, 257066
614.85303688, 256393
616.738850832, 256981
618.639868975, 256605
620.527835846, 255407
622.399763823, 255496
624.28497982, 255237
626.160511017, 255481
628.047094822, 255303
629.92591095, 254696
631.820659876, 254588
633.693837881, 253521
635.570499897, 253410
637.468539, 253333
639.347440004, 252925
641.210966825, 254397
643.081467867, 254301
644.949396849, 255008
646.833073854, 257211
648.707766056, 254731
650.595186949, 254503
652.466668844, 253332
654.340627909, 253507
656.237800837, 253534
658.10214901, 253351
659.980037928, 251797
661.851121902, 252513
663.719261885, 251583
665.591919899, 251529
667.459913015, 252355
669.32719183, 252505
671.190564871, 252622
673.089108944, 252622
674.957857847, 250883
676.818372965, 251364
678.683471918, 251612
680.550037861, 250618
682.431659937, 249453
684.307857037, 248397
686.181748867, 248460
688.050066948, 250273
689.917920828, 251794
691.828282833, 251578
693.703261852, 251584
695.575351954, 251988
697.441046, 250875
699.305376053, 250213
701.182602882, 250673
703.053701878, 249894
704.921897888, 250523
706.779026031, 251243
708.6736269, 251420
710.542678833, 252272
712.408308029, 252840
714.285647869, 253710
716.157546997, 254242
718.091446877, 255017
719.982419014, 256554
721.860709906, 257865
723.738302946, 258073
725.617375851, 257208
727.509824991, 256916
729.382551908, 256796
731.256458998, 256796
733.138185978, 255705
735.015357018, 256265
736.897572994, 256161
738.771667957, 256312
740.644891977, 256372
742.509647846, 257820
744.406960964, 255719
746.281774998, 254814
748.144539833, 254939
750.020056963, 256010
751.901808977, 256353
753.796543837, 256859
755.665117979, 258045
757.539640903, 258198
759.40060401, 257993
761.265683889, 257654
763.140478849, 259694
765.005650997, 259222
766.887704849, 258522
768.760788918, 258941
770.631566048, 258880
772.503175974, 258935
774.371718884, 259938
776.245559931, 259458
778.128275871, 259483
780.032773018, 260621
781.899982929, 260720
783.764894962, 260774
785.640329838, 261257
787.504217863, 262352
789.39714694, 262415
791.269315004, 262814
793.153417826, 263383
795.033933878, 263826
796.902667999, 264555
798.790200949, 262478
800.67761898, 261904
802.560490847, 261468
804.433032036, 261534
806.307525873, 261360
808.17791605, 261518
810.066736937, 260888
811.932092905, 261034
813.793176889, 259719
815.689420938, 259210
817.563541889, 258662
819.426512003, 259238
821.294534922, 258476
823.157193899, 258300
825.040170908, 257235
826.905632973, 257257
828.772397995, 257153
830.631436825, 257837
832.497114897, 255854
834.376436949, 254347
836.238863945, 256390
838.108618975, 257079
839.974370003, 258596
841.845963001, 259972
843.717493057, 260204
845.587560892, 262109
847.456441879, 261714
849.320329905, 262494
851.209657907, 263403
853.073634863, 263337
854.936709881, 264572
856.809756041, 263921
858.693480968, 264220
860.584444046, 263852
862.461875916, 263852
864.326015949, 263452
866.186482906, 263669
868.053724051, 261397
869.932531834, 264604
871.793581009, 265342
873.660519838, 265341
875.527657986, 264612
877.402711868, 265109
879.272868872, 265858
881.148999929, 266194
883.020769835, 265765
884.889330864, 267416
886.782923937, 266667
888.656865835, 267850
890.51791501, 268704
892.418346882, 268684
894.297298908, 268684
896.186903954, 267709
898.067648888, 266618
899.941289902, 267954
901.813829899, 267921
903.67966485, 268013
905.561239004, 267331
907.431455851, 267138
909.307076931, 266595
911.176281929, 270040
913.046210051, 269578
914.918648958, 268802
916.788357019, 268624
918.664554834, 270890
920.530421972, 270628
922.427556992, 268182
924.309319973, 266486
926.212345839, 265257
928.106734991, 266499
930.004189968, 266119
931.895932913, 266247
933.79064393, 266570
935.657580853, 266596
937.529434919, 269362
939.408088923, 268422
941.30231595, 268639
943.169523954, 270047
945.036216974, 269935
946.908495903, 270935
948.785724878, 271009
950.668118954, 271353
952.539335966, 271093
954.404505968, 270641
956.27175498, 270556
958.168982029, 269306
960.040854931, 269277
961.908431053, 269599
963.775456905, 269235
965.647946835, 269841
967.536056042, 269701
969.405407906, 269612
971.283860922, 270619
973.151068926, 272032
975.025043011, 269495
976.927002907, 267439
978.803354979, 268132
980.679342985, 266065
982.563364029, 266035
984.437018871, 265200
986.321897984, 264433
988.197355986, 264566
990.067528009, 264888
991.942067862, 265079
993.843449831, 265566
995.715230942, 264564
997.584708929, 263362
999.460867882, 263124
1001.326051, 263794
1003.22401905, 264282
1005.11380982, 264910
1007.00136399, 264905
1008.88070798, 264265
1010.77299595, 264702
1012.67255282, 264118
1014.56598186, 264340
1016.4497509, 265554
1018.32922196, 265557
1020.2018919, 265224
1022.104599, 265633
1023.98843193, 266161
1025.86325502, 265943
1027.72439885, 263227
1029.61855102, 263569
1031.49307084, 262880
1033.35466695, 263293
1035.22260594, 263627
1037.08243895, 262056
1038.96110797, 262093
1040.83003592, 261844
1042.69430995, 262159
1044.56201291, 264589
1046.43537784, 263627
1048.349231, 263275
1050.21282101, 263113
1052.08102393, 262967
1053.94993997, 264449
1055.81441188, 264909
1057.68507099, 264214
1059.55897093, 264094
1061.42483401, 264081
1063.28994298, 265998
1065.18539596, 265277
1067.06156301, 265728
1068.93206, 265695
1070.80294895, 265463
1072.67347288, 265050
1074.55861187, 263879
1076.42872596, 263691
1078.30389094, 264715
1080.16842699, 264629
1082.04177499, 263832
1083.92366099, 263528
1085.78383183, 264799
1087.65478086, 263100
1089.525841, 262892
1091.38857889, 262226
1093.25911283, 263050
1095.1236949, 264285
1096.99169183, 264762
1098.87617803, 264059
