2.91631197929, 47769
4.78145098686, 49507
6.66588902473, 52673
8.53721308708, 54050
10.4133660793, 56190
12.2863209248, 57440
14.1527559757, 61052
16.032558918, 66233
17.8825829029, 71240
19.7481110096, 74055
21.6171400547, 77148
23.4903659821, 78673
25.3722300529, 80248
27.2463929653, 80130
29.1200320721, 83297
30.9927499294, 84313
32.8928198814, 86262
34.7651679516, 87102
36.633202076, 88631
38.5055289268, 88995
40.368803978, 89310
42.2704749107, 90690
44.1458690166, 91305
46.0166230202, 90971
47.8918700218, 91074
49.7642149925, 97261
51.6506109238, 99524
53.5108408928, 100848
55.3706009388, 103598
57.2422060966, 104235
59.1195690632, 106973
60.9936881065, 107003
62.8637509346, 108810
64.7337560654, 110462
66.6013798714, 112404
68.4964790344, 112789
70.3577210903, 112733
72.2228269577, 116433
74.0910630226, 117003
75.9852199554, 117032
77.8956170082, 119579
79.7761209011, 120439
81.6720070839, 120818
83.5429759026, 121459
85.44384408, 123309
87.3402869701, 125408
89.2149860859, 128435
91.0821609497, 128556
92.955532074, 128497
94.8198390007, 129284
96.6952359676, 126362
98.5674879551, 128093
100.440450907, 127127
102.301369905, 125888
104.192724943, 129594
106.053304911, 130868
107.921643019, 131891
109.787051916, 135003
111.656414986, 137127
113.543242931, 138401
115.418781042, 140398
117.29151988, 140819
119.158463001, 145251
121.036854029, 147816
122.920224905, 148730
124.787137985, 149676
126.651043892, 151324
128.517078876, 152501
130.382165909, 153248
132.260637045, 154986
134.132672071, 155461
136.006057024, 155296
137.869958878, 157775
139.763613939, 159535
141.626743078, 164345
143.494251966, 165664
145.360625029, 167276
147.233099937, 166405
149.120033979, 166577
150.993577003, 170094
152.862400055, 172131
154.727318048, 172456
156.611553907, 172226
158.501462936, 172629
160.367402077, 172673
162.225862026, 173038
164.092216969, 172406
165.969744921, 172812
167.851402044, 173842
169.729424953, 174579
171.604701042, 176451
173.467611074, 177439
175.357753038, 177494
177.236604929, 177556
179.101100922, 179709
180.973736048, 179935
182.839389086, 180231
184.728103876, 180689
186.602910995, 180604
188.471874952, 181872
190.370881081, 183431
192.246721983, 183484
194.134759903, 184184
196.000972033, 186520
197.872404099, 186764
199.740120888, 186688
201.608624935, 184506
203.481002092, 185966
205.347131014, 183959
207.228647947, 186805
209.102961063, 186595
210.999505997, 185449
212.866115093, 188404
214.731072903, 191637
216.596611977, 191463
218.462641954, 192443
220.347836018, 193161
222.223402023, 192758
224.109580994, 192463
225.985002995, 192048
227.860599041, 192048
229.745060921, 192878
231.614568949, 195536
233.482624054, 197193
235.357774019, 197158
237.221018076, 197257
239.10384202, 197175
240.990182877, 197504
242.87944603, 197559
244.759468079, 197916
246.69174695, 198786
248.57088995, 198791
250.439877033, 198097
252.314944029, 198106
254.187052965, 201070
256.087610006, 199171
257.972294092, 199583
259.849179029, 200253
261.722416878, 200349
263.606076956, 200612
265.49514389, 200823
267.372402906, 203417
269.25521493, 203034
271.132821083, 203055
273.011610031, 203819
274.889364958, 204216
276.760228872, 203872
278.636714935, 206584
280.504689932, 205179
282.40494895, 206608
284.273030996, 207020
286.134703875, 207690
288.0093081, 208640
289.875341892, 208889
291.767333984, 209654
293.651895046, 210024
295.53320694, 210305
297.404577971, 210204
299.278889894, 210202
301.164701939, 209769
303.034032106, 210927
304.903565884, 211545
306.793459892, 211911
308.662412882, 214026
310.539211988, 213812
312.410130024, 213609
314.279668093, 213875
316.150686979, 213976
318.049537897, 213863
319.917007923, 213723
321.786902905, 215780
323.662606955, 215574
325.536909103, 217001
327.425606012, 217399
329.297661066, 217363
331.169019938, 217438
333.038193941, 218796
334.910125017, 217620
336.791836023, 219315
338.670842886, 217945
340.542768002, 217964
342.410984039, 217788
344.278182983, 220059
346.160078049, 220224
348.030463934, 221516
349.898919106, 221654
351.771131992, 223287
353.662151098, 223035
355.547699928, 224506
357.415215969, 225235
359.289921045, 224072
361.162972927, 222945
363.053133965, 223026
364.931150913, 222460
366.805866003, 223550
368.672806025, 224170
370.54807806, 224486
372.435729027, 225093
374.307657957, 227561
376.17236495, 227724
378.040445089, 229228
379.903666973, 230653
381.777704954, 230771
383.649004936, 232257
385.517316103, 232002
387.385933876, 231579
389.313345909, 230912
391.185658932, 230889
393.054132938, 228799
394.920280933, 227354
396.790865898, 226280
398.683613062, 227177
400.567996979, 227670
402.445033073, 229133
404.319467068, 229304
406.200947046, 228857
408.097840071, 230209
409.994791985, 230696
411.863607883, 230897
413.745676994, 230867
415.629149914, 230468
417.523001909, 231099
419.397522926, 229742
421.282706022, 230138
423.178001881, 231080
425.08653903, 231447
426.97617197, 230639
428.84109807, 231752
430.710722923, 232083
432.584907055, 231156
434.472604036, 231230
436.346327066, 231902
438.216466904, 231573
440.081441879, 232244
441.950999975, 232236
443.836811066, 232348
445.709629059, 231940
447.578983068, 233301
449.456489086, 233127
451.324363947, 232070
453.204411983, 233627
455.086256027, 234477
456.965327978, 238693
458.839602947, 239839
460.741991997, 239785
462.620372057, 239270
464.491374969, 237801
466.359972, 237519
468.233853102, 237491
470.114991903, 237349
471.990505934, 238715
473.860358, 239680
475.734256029, 239843
477.615527868, 239879
479.507879972, 239770
481.379493952, 240025
483.335609913, 239265
485.209392071, 240672
487.082576036, 240536
488.9596591, 240949
490.835328102, 241596
492.708636045, 241859
494.582761049, 241698
496.502050877, 241283
498.381191015, 239962
500.252549887, 239860
502.129607916, 240819
504.001210928, 240406
505.894701004, 239566
507.778501987, 240627
509.657584906, 240561
511.539881945, 240965
513.430527925, 240738
515.325809956, 240298
517.198374987, 240298
519.064660072, 241111
520.936263084, 238324
522.802135944, 238462
524.684984922, 238207
526.563349009, 238497
528.439414024, 238211
530.316670895, 238176
532.21826005, 238018
534.087110996, 239211
535.954883099, 238726
537.830960035, 238379
539.709913015, 238696
541.601734877, 238525
543.480567932, 238418
545.367459059, 238408
547.266428947, 239033
549.200119972, 238443
551.122174025, 239534
553.058330059, 238930
554.992116928, 239763
556.919934988, 239688
558.793389082, 240937
560.675985098, 242031
562.556962967, 242437
564.477756023, 242143
566.39782691, 242558
568.3358531, 243180
570.195481062, 243875
572.061419964, 243811
573.941922903, 245088
575.879412889, 245208
577.802789927, 246980
579.676475048, 245834
581.559838057, 245333
583.440367937, 243506
585.333915949, 243956
587.227308989, 244265
589.09727788, 244181
590.968776941, 243464
592.843331099, 243918
594.714268923, 243912
596.596299887, 243792
598.54361105, 243733
600.421144009, 243393
602.296022892, 244284
604.216585875, 244194
606.095510006, 244308
607.964339018, 244300
609.841439009, 244139
611.715751886, 244854
613.607336998, 244871
615.477132082, 249299
617.352758884, 250209
619.219655991, 250334
621.095791101, 251730
622.984607935, 251678
624.858494997, 251725
626.732064962, 253719
628.6065979, 253346
630.480210066, 253841
632.362842083, 253434
634.247353077, 252926
636.12154007, 252621
637.99306798, 253228
639.891062975, 253253
641.766768932, 253392
643.638127089, 253393
645.511488914, 253430
647.384418964, 255292
649.281238079, 256163
651.172188997, 253312
653.058161974, 253424
654.940175056, 253418
656.834420919, 251704
658.733124971, 250976
660.60817194, 251258
662.474695921, 250324
664.350003958, 251020
666.221381903, 251214
668.10312891, 250267
669.991941929, 249754
671.872385025, 250550
673.745877028, 250438
675.64774704, 249942
677.52749896, 250405
679.399240017, 251313
681.275029898, 250529
683.144567013, 250867
685.035326958, 252278
686.913544893, 250762
688.785927057, 250786
690.662770033, 249587
692.547127962, 249587
694.437289953, 250046
696.307115078, 249940
698.18759799, 249994
700.059907913, 250158
701.92811203, 252445
703.808906078, 251854
705.70437789, 253207
707.587105036, 253830
709.461404085, 254024
711.356237888, 255637
713.223844051, 254820
715.089809895, 254736
716.960000992, 255154
718.826204062, 254594
720.711862087, 252326
722.585602999, 252122
724.469565868, 251834
726.341235876, 251950
728.211728096, 252718
730.096637011, 253055
731.97053194, 253078
733.830091953, 252170
735.687663078, 252561
737.544751883, 252481
739.428456068, 252372
741.313812017, 252507
743.183937073, 253312
745.052203894, 253134
746.958888054, 251411
748.82968092, 252254
750.711442947, 253447
752.584685087, 253041
754.457272053, 253041
756.346157074, 253439
758.224989891, 253046
760.107007027, 253252
761.977756977, 253476
763.856473923, 254235
765.745547056, 254185
767.618833065, 254735
769.490151882, 254688
771.357910872, 256479
773.229038, 256399
775.110467911, 256536
776.987906933, 255847
778.863758087, 255900
780.7341609, 255897
782.636557102, 256006
784.506362915, 256026
786.37550807, 256546
788.251527071, 254407
790.126116991, 254224
792.039450884, 255932
793.921827078, 255739
795.805618048, 255739
797.67827487, 258323
799.557220936, 258706
801.445017099, 258448
803.31338191, 258440
805.184329033, 260465
807.060395002, 260506
808.932206869, 259984
810.806914091, 260687
812.674315929, 261176
814.568645954, 261553
816.43492794, 261969
818.334187031, 262728
820.201977015, 262342
822.069118977, 262354
823.946299076, 262354
825.816473961, 263736
827.700500011, 263701
829.568403006, 265823
831.44472003, 265704
833.310786963, 266282
835.17988205, 266803
837.072813034, 266748
838.937354088, 268482
840.800437927, 267223
842.6676929, 268014
844.557307005, 267219
846.449146032, 267197
848.320619106, 267396
850.18937993, 266968
852.053940058, 267406
853.951076031, 268151
855.821126938, 268638
857.692283869, 267745
859.565295935, 267822
861.429910898, 267907
863.31410408, 266798
865.189409018, 266566
867.064058065, 266160
868.931806087, 266159
870.800791025, 266225
872.683810949, 266148
874.54776001, 267440
876.4117589, 266526
878.277740955, 266525
880.146080971, 267062
882.024065018, 267112
883.892895937, 266022
885.762433052, 266227
887.627939939, 267053
889.52865696, 267140
891.392528057, 267504
893.258060932, 268623
895.125869036, 269085
897.00127697, 268737
898.884279013, 268750
900.751412868, 269582
902.620590925, 269132
904.49513793, 265671
906.368764877, 264737
908.267823935, 263714
910.131721973, 263783
911.99823308, 262434
913.872313023, 262397
915.743251085, 263565
917.62202096, 262295
919.495871067, 262200
921.368336916, 263269
923.243580103, 263998
925.142338991, 263898
927.011445999, 261488
928.877237082, 261025
930.753927946, 261151
932.626493931, 260316
934.516239882, 262319
936.390918016, 264118
938.259268999, 264258
940.122564077, 264572
941.989902973, 263361
943.895149946, 263059
945.765460968, 262962
947.626620054, 262617
949.498368979, 262844
951.361159086, 263718
953.235349894, 263273
955.108319044, 262534
956.979167938, 263206
958.844956875, 264684
960.755105019, 266405
962.623744011, 266212
964.507374048, 265352
966.382324934, 265570
968.252882957, 264419
970.140888929, 264143
972.016004086, 265303
973.892803907, 266137
975.764587879, 264172
977.643841982, 263692
979.528014898, 263173
981.390269995, 264213
983.252131939, 265219
985.107568026, 266159
986.976877928, 265301
988.850116014, 263385
990.711176872, 260857
992.576454878, 260642
994.434911013, 260031
996.323312998, 259363
998.182811022, 259363
1000.04530191, 258197
1001.91425395, 257887
1003.77930999, 257601
1005.65996289, 257223
1007.5316329, 256219
1009.39119697, 256140
1011.25515604, 256089
1013.13526011, 255130
1015.01893497, 253710
1016.88110209, 253566
1018.73966789, 251374
1020.60550189, 251284
1022.47252607, 251038
1024.34399295, 251298
1026.20887804, 251093
1028.08358908, 251718
1029.94717693, 252034
1031.84711504, 252778
1033.71683788, 254472
1035.57757688, 255610
1037.44066405, 256359
1039.32146692, 256435
1041.20743108, 257816
1043.0831449, 259219
1044.9497571, 260146
1046.81656003, 259641
1048.68724608, 260479
1050.5708909, 259081
1052.43540192, 258893
1054.29804897, 258734
1056.16723895, 256786
1058.03150702, 257071
1059.89962602, 258827
1061.76743889, 259053
1063.65179396, 260273
1065.52200389, 261797
1067.40608096, 261899
1069.25784206, 261020
1071.1422081, 260108
1073.05597305, 258691
1074.93589211, 259609
1076.8177681, 259833
1078.68429708, 260143
1080.569906, 260955
1082.43733191, 263188
1084.31071091, 263681
1086.19409299, 263742
1088.06105304, 265774
1089.92972994, 267106
1091.79735303, 265317
1093.65810895, 265430
1095.53703403, 266310
1097.40595889, 265229
