2.76566410065, 48111
4.60391306877, 50445
6.44285607338, 54128
8.29548716545, 56188
10.1281120777, 58846
11.9592900276, 58945
13.8326840401, 60549
15.6736309528, 63328
17.5247511864, 67544
19.3595461845, 70665
21.1921019554, 73897
23.0498020649, 78035
24.8890149593, 79250
26.7318091393, 79358
28.5784699917, 81356
30.4260540009, 82383
32.2723221779, 84376
34.1316699982, 86277
35.9693310261, 87111
37.8089230061, 89104
39.6557350159, 89658
41.5080640316, 93037
43.3512971401, 93036
45.1976549625, 95934
47.0330150127, 100112
48.9032621384, 101237
50.7451059818, 105424
52.6013300419, 108506
54.4408380985, 108811
56.2804069519, 110405
58.1583659649, 113967
60.0079109669, 117263
61.8408441544, 117509
63.6860141754, 119320
65.5445940495, 120332
67.38945508, 121329
69.2433669567, 122160
71.0952630043, 125750
72.9433450699, 130249
74.7982831001, 133380
76.6704201698, 134605
78.5233640671, 135357
80.3741769791, 136647
82.2296869755, 136647
84.1222341061, 138358
85.9662530422, 139778
87.8226931095, 140345
89.6761729717, 144344
91.5070111752, 146188
93.3661360741, 148474
95.2016179562, 147943
97.0412549973, 148475
98.8942241669, 148617
100.736440182, 151510
102.595021963, 150582
104.447018147, 151071
106.299324036, 155241
108.155593157, 155249
110.017702103, 155645
111.867124081, 157969
113.714693069, 159082
115.564933062, 159926
117.412650108, 160965
119.267696142, 164774
121.107454062, 166931
122.943809986, 169244
124.779580116, 169428
126.615375042, 170428
128.476196051, 172449
130.31114316, 173149
132.147675991, 173205
133.992782116, 174711
135.832098007, 175699
137.681461096, 175073
139.518562078, 177458
141.353291035, 178593
143.190099955, 179251
145.036070108, 180779
146.89996314, 180978
148.740066051, 181233
150.572311163, 181644
152.414571047, 181421
154.276514053, 183162
156.113204002, 183371
157.959406137, 183888
159.803379059, 182269
161.656593084, 182988
163.511371136, 183200
165.361606121, 183278
167.209732056, 181640
169.055608034, 181878
170.900815964, 182240
172.759947062, 185402
174.618328094, 189380
176.461449146, 189378
178.310091972, 188341
180.155008078, 190337
182.010423183, 190107
183.869120121, 190767
185.712238073, 190785
187.55550313, 192395
189.41564703, 192244
191.26929903, 192593
193.116487026, 193936
194.970415115, 194212
196.822528124, 193932
198.681478024, 195396
200.524911165, 195095
202.363798141, 195977
204.219601154, 196885
206.062844038, 201044
207.913858175, 201033
209.760495186, 202173
211.603665113, 202778
213.442104101, 204192
215.306509018, 202064
217.158919096, 202025
218.995517969, 203146
220.832031965, 203143
222.691235065, 202698
224.56094718, 209302
226.409139156, 209861
228.259045124, 208112
230.113857985, 208389
231.979122162, 211199
233.845328093, 211551
235.688527107, 212500
237.539627075, 212478
239.392889023, 212414
241.249778032, 212429
243.102588177, 214726
244.953456163, 214922
246.798083067, 216220
248.634128094, 217028
250.478907108, 216145
252.325042009, 221177
254.184784174, 221399
256.03884697, 221797
257.911511183, 221200
259.783375025, 222250
261.636978149, 223542
263.488264084, 223563
265.338816166, 223220
267.179278135, 223230
269.054739952, 222630
270.9202981, 225698
272.756946087, 225242
274.618716955, 225271
276.548138142, 225445
278.417977095, 223435
280.298844099, 223895
282.150721073, 223790
284.019207954, 224052
285.910140991, 222741
287.797258139, 222815
289.683043003, 223641
291.568519115, 224990
293.456067085, 225597
295.345784187, 225849
297.21659112, 224027
299.098124027, 223930
300.992769957, 224181
302.877343178, 226593
304.795242071, 225417
306.687863111, 226188
308.593050957, 226310
310.481446028, 226852
312.362720966, 226578
314.230028152, 226574
316.086764097, 227015
317.989650965, 226941
319.928395987, 226915
321.814859152, 226913
323.713970184, 227071
325.611639023, 227670
327.461466074, 226868
329.314423084, 229009
331.177240133, 229260
333.023262978, 228720
334.869706154, 228124
336.727930069, 228191
338.622218132, 228693
340.517174006, 228932
342.397706032, 228296
344.276704073, 226257
346.214998007, 227653
348.122367144, 227968
350.049924135, 228071
351.916852951, 226984
353.77375102, 226885
355.667350054, 226875
357.635980129, 226564
359.519895077, 226227
361.378424168, 235314
363.330057144, 236828
365.230308056, 236564
367.115277052, 236368
369.024775982, 236273
370.912290096, 236242
372.785009146, 236480
374.658898115, 236513
376.55066514, 236770
378.416984081, 237171
380.258928061, 234760
382.117015123, 234894
384.002262115, 235001
385.880761147, 235385
387.751562119, 234911
389.627885103, 232370
391.491548061, 230308
393.352276087, 229567
395.204852104, 230046
397.059816122, 229219
398.897717953, 229123
400.757719994, 229267
402.6376791, 229342
404.473320961, 228877
406.314625025, 230557
408.169893026, 230145
410.069221973, 231109
411.950056076, 232276
413.821839094, 233788
415.675194979, 233279
417.541576147, 233520
419.398025036, 233368
421.284337044, 233721
423.136362076, 233989
424.99109602, 234017
426.852010965, 234452
428.732185125, 235845
430.599256992, 234709
432.470247984, 236948
434.323863029, 236271
436.19519496, 236612
438.075860977, 237406
439.915487051, 237239
441.767266035, 239946
443.620769024, 241577
445.465044022, 241149
447.36443615, 239704
449.233675003, 240002
451.188528061, 239992
453.105540037, 239618
454.989776134, 238895
456.916510105, 239021
458.867696047, 241256
460.767667055, 241110
462.685420036, 240912
464.603665113, 240565
466.549615145, 240870
468.466210127, 239931
470.383318186, 239995
472.280351162, 239912
474.196228027, 239690
476.115774155, 239987
478.017546177, 240140
479.916427135, 240514
481.847488165, 240419
483.770653009, 241244
485.698594093, 241840
487.605210066, 240969
489.516097069, 241108
491.42606616, 240197
493.321693182, 240528
495.212687969, 240976
497.099199057, 240411
498.960088015, 240498
500.837151051, 241013
502.714039087, 241074
504.575042963, 241780
506.425824165, 241381
508.28580308, 241086
510.165667057, 242264
512.026741982, 240727
513.893299103, 242669
515.756153107, 243343
517.614405155, 244518
519.494018078, 244528
521.502959967, 244535
523.360733032, 244965
525.267825127, 243680
527.192265987, 242837
529.098961115, 242872
530.98281312, 243612
532.865595102, 245124
534.788755178, 245088
536.729348183, 245253
538.624636173, 244769
540.505187035, 242842
542.39695096, 242173
544.278504133, 244696
546.208441973, 244063
548.082137108, 244326
550.03226018, 244010
551.930134058, 245076
553.821243048, 244616
555.754501104, 246139
557.712229967, 247774
559.604485035, 248054
561.506482124, 248032
563.404504061, 247645
565.289031982, 246917
567.176790953, 247054
569.079470158, 248009
570.94501996, 245281
572.812199116, 246990
574.679337025, 247290
576.534846067, 248046
578.385189056, 248415
580.243878126, 247692
582.122168064, 247886
583.970359087, 249758
585.827896118, 249187
587.697813034, 249544
589.553837061, 248750
591.429084063, 249309
593.291287184, 249124
595.152076006, 249019
597.023236036, 249179
598.888728142, 249524
600.758433104, 250325
602.615705013, 249525
604.473207951, 248698
606.326038122, 248917
608.191817045, 249364
610.061144114, 248799
611.921277046, 247320
613.783190966, 247156
615.654387951, 246649
617.523929119, 245860
619.381978989, 245669
621.243538141, 246949
623.101346016, 247803
624.960572004, 248917
626.842363119, 249372
628.697075129, 249496
630.545201063, 251900
632.4094491, 251879
634.275069952, 251600
636.139258146, 248044
637.999475002, 248079
639.850753069, 249737
641.710757017, 250494
643.587330103, 250419
645.452522039, 250607
647.311004162, 250848
649.17288208, 252280
651.039628983, 251969
652.926578045, 252057
654.791679144, 250345
656.651921034, 250752
658.507003069, 249938
660.367048979, 249613
662.25444603, 249826
664.118316174, 249557
665.989137173, 249787
667.850161076, 249567
669.717969179, 249806
671.58810997, 251378
673.451338053, 250697
675.314913988, 250660
677.176244974, 250399
679.050836086, 250355
680.920081139, 251143
682.775841951, 252073
684.634524107, 251904
686.504501104, 251004
688.385928154, 252144
690.239524126, 252115
692.106157064, 253098
693.970365047, 254213
695.832885027, 253473
697.710458994, 253930
699.572494984, 253959
701.43334198, 254229
703.290652037, 254261
705.147367954, 253166
707.031044006, 254495
708.895785093, 252207
710.764284134, 250481
712.625424147, 250543
714.486713171, 250803
716.364375114, 250667
718.222831011, 251242
720.078660011, 251288
721.939320087, 251223
723.820069075, 251380
725.672115088, 252245
727.534029007, 250837
729.39727211, 251826
731.26129508, 253675
733.142389059, 252366
735.005738974, 251863
736.86489296, 250899
738.729737043, 250822
740.600098133, 251528
742.478765011, 251910
744.353799105, 251323
746.221982002, 252006
748.083224058, 252240
749.95246911, 252411
751.815716028, 251838
753.689442158, 252392
755.548052073, 251214
757.426687956, 254007
759.305670977, 253089
761.164448023, 253215
763.030064106, 253326
764.890832186, 254159
766.746749163, 253439
768.62541008, 256389
770.491827965, 256500
772.344861984, 255579
774.234428167, 255733
776.098757982, 256911
777.970299959, 257174
779.83000803, 257997
781.696288109, 258584
783.562348127, 258502
785.417710066, 258561
787.314357042, 258826
789.263390064, 259215
791.161854029, 259300
793.032677174, 259165
794.911180973, 260543
796.75978899, 261361
798.613636017, 261340
800.469341993, 260610
802.325801134, 261408
804.206151962, 261221
806.113456011, 261304
808.002294064, 261330
809.986207008, 259923
811.91399312, 259558
813.810239077, 259491
815.74024415, 257956
817.677313089, 258281
819.590319157, 258258
821.501996994, 260627
823.402098179, 260750
825.294388056, 261293
827.191231012, 261134
829.105854988, 260779
831.004966021, 260105
832.863811016, 259917
834.732234001, 261083
836.618230104, 259586
838.515334129, 258307
840.445297956, 255533
842.346940994, 256054
844.230736017, 255862
846.097860098, 255859
847.967453003, 256770
849.860826015, 256895
851.730421066, 257506
853.598574162, 257611
855.471817017, 258548
857.359200954, 258917
859.247843981, 259027
861.112874031, 260864
862.975229979, 260925
864.844035149, 262428
866.745835066, 261911
868.625756025, 261519
870.55359602, 260955
872.439498186, 259988
874.334570169, 261260
876.243424177, 261239
878.128072023, 262002
879.993349075, 262087
881.872282982, 261883
883.756788969, 261887
885.638332129, 262687
887.518342018, 263116
889.410621166, 262238
891.318797112, 261063
893.193391085, 259299
895.076626062, 260373
896.968314171, 260033
898.840934038, 262193
900.789772987, 262072
902.673520088, 262107
904.546602964, 262817
906.423964977, 266070
908.299221039, 264756
910.1845541, 264518
912.060775995, 262781
913.959900141, 264081
915.84375, 263811
917.740432024, 263831
919.607650995, 263628
921.481387138, 263384
923.357489109, 264488
925.239912033, 266044
927.104981184, 265701
928.981923103, 263879
930.855365038, 264660
932.723633051, 264050
934.584140062, 264291
936.450111151, 265626
938.364876986, 265290
940.239017963, 265948
942.128421068, 265391
944.024744987, 265536
945.895293951, 267406
947.77325201, 265221
949.678632021, 265220
951.593363047, 265804
953.482777119, 266156
955.361713171, 266129
957.248197079, 266233
959.137711048, 266642
961.03395915, 266784
962.907337189, 266872
964.775887012, 265609
966.650664091, 265424
968.541406155, 265427
970.400485039, 262523
972.266908169, 263766
974.172997952, 264512
976.063244104, 265664
977.95325613, 264249
979.821201086, 263718
981.681627035, 263709
983.565847158, 263884
985.438217163, 263434
987.293696165, 263651
989.163182974, 262872
991.029459, 263841
992.902652979, 264252
994.76591301, 265191
996.640434027, 265545
998.510847092, 264649
1000.38763404, 262676
1002.26294208, 263119
1004.13399911, 263118
1005.99988198, 263645
1007.87358403, 263681
1009.76683402, 262446
1011.63594103, 262292
1013.50459218, 262400
1015.39855003, 262400
1017.30079412, 262435
1019.21777606, 262296
1021.11478996, 262270
1023.00431418, 262609
1024.96544909, 262061
1026.90561318, 263604
1028.82161498, 263867
1030.74026513, 263519
1032.64541316, 263000
1034.51805615, 263470
1036.39575195, 263639
1038.28782296, 263825
1040.16359401, 264391
1042.03318596, 263676
1043.91040015, 263807
1045.81514215, 266756
1047.71240711, 266209
1049.60033512, 266392
1051.4798491, 267723
1053.35109997, 267753
1055.26397014, 267828
1057.13900518, 267891
1059.02594614, 268071
1060.91937709, 268888
1062.80061817, 269210
1064.68142414, 268548
1066.56365418, 268106
1068.44767499, 267286
1070.32934999, 264619
1072.21782899, 265546
1074.11586714, 265959
1075.99082708, 266446
1077.86198401, 266914
1079.73817706, 268430
1081.63671303, 264813
1083.50850415, 264031
1085.38625312, 264257
1087.28336596, 263533
1089.19056916, 262219
1091.10728407, 262023
1092.99350119, 264385
1094.87189102, 264568
