2.90943384171, 49593
4.77933096886, 50607
6.65466380119, 53569
8.54275178909, 54617
10.4071009159, 58613
12.3166489601, 60470
14.1949689388, 62044
16.0616469383, 62765
17.9439868927, 64342
19.8200318813, 69236
21.6961848736, 76697
23.5752468109, 78258
25.4716668129, 79569
27.3461778164, 84026
29.2169117928, 86632
31.0845208168, 89046
32.9569468498, 90448
34.8578038216, 94176
36.7424619198, 96518
38.6142737865, 99133
40.4966278076, 99635
42.3959658146, 101426
44.2872288227, 103442
46.1533048153, 105291
48.0227119923, 107257
49.8797409534, 113891
51.7381768227, 115904
53.61281991, 116357
55.4737010002, 118368
57.3360419273, 118368
59.2060208321, 118146
61.1216769218, 122859
62.9848117828, 122562
64.8467040062, 122766
66.7176380157, 125184
68.5848929882, 126311
70.4621288776, 126975
72.3409588337, 127132
74.2389647961, 128392
76.1369338036, 129695
78.0428769588, 132779
80.0443608761, 134189
81.9408769608, 134055
83.8303179741, 133906
85.6934947968, 134932
87.5514228344, 137640
89.4211928844, 138877
91.2884268761, 141059
93.1547949314, 142559
95.0243499279, 142422
96.913038969, 144423
98.7698597908, 148624
100.624406815, 148471
102.505711794, 148541
104.367036819, 149264
106.239331007, 146988
108.110054016, 147191
109.974308968, 146882
111.839569807, 150920
113.716100931, 152740
115.595716, 153565
117.465229988, 154469
119.348193884, 153262
121.21544385, 154113
123.089219809, 155891
124.969990969, 157526
126.840577841, 157867
128.703183889, 160108
130.578639984, 161742
132.473029852, 162518
134.337177992, 163683
136.204281807, 164361
138.076332808, 165121
139.939339876, 168181
141.826572895, 170419
143.692867994, 171659
145.554134846, 172626
147.423484802, 173615
149.299935818, 174203
151.179533005, 175223
153.040687799, 175657
154.932240963, 174827
156.833575964, 175483
158.723026991, 179163
160.605039835, 180977
162.494580984, 181137
164.377039909, 181987
166.260119915, 182752
168.157325983, 182769
170.025738955, 183416
171.891263008, 185196
173.763911963, 186137
175.637898922, 185999
177.526682854, 189262
179.398773909, 190635
181.27473402, 191039
183.142515898, 191839
185.024174929, 192678
186.910526991, 195440
188.771709919, 197011
190.635792017, 196900
192.506951809, 197090
194.370445967, 198573
196.25649786, 198702
198.141486883, 200858
200.015093803, 201130
201.896324873, 201372
203.797446966, 201506
205.662259817, 202668
207.531246901, 205175
209.401503801, 205637
211.272476912, 206182
213.159068823, 209833
215.101990938, 207986
217.024004936, 208818
218.933043003, 208956
220.800431967, 208851
222.695500851, 209580
224.561128855, 210395
226.427929878, 209803
228.297020912, 209217
230.166213989, 209288
232.066242933, 208588
233.939714909, 207897
235.831641912, 206267
237.71401, 206449
239.625513792, 208902
241.504879951, 209308
243.371346951, 209331
245.232628822, 211322
247.098305941, 212551
248.979671001, 210334
250.849798918, 211758
252.7238729, 211885
254.586102962, 211920
256.458897829, 213738
258.338701963, 216560
260.200951815, 218361
262.061816931, 218646
263.923326015, 219932
265.78332901, 219267
267.663527966, 219800
269.535609961, 220852
271.395916939, 220836
273.262159824, 218745
275.149106979, 216994
277.01037097, 218667
278.87213397, 220209
280.743838787, 220586
282.614856958, 221200
284.503702879, 222040
286.383744955, 222128
288.262217999, 222756
290.130671978, 223388
292.005500793, 223622
293.885061979, 224689
295.747059822, 225645
297.613173962, 225653
299.477610826, 226070
301.350207806, 227436
303.233295918, 228090
305.102716923, 228064
306.970630884, 230614
308.843910933, 230778
310.736662865, 231771
312.603887796, 231056
314.466262817, 231709
316.33266902, 232412
318.180683851, 232423
320.06840682, 232906
321.946753979, 232064
323.833589792, 232157
325.705323935, 232157
327.593670845, 232282
329.473015785, 232398
331.338382006, 232197
333.214104891, 231870
335.079284906, 233326
336.942336798, 233470
338.823838949, 236420
340.707934856, 236886
342.584741831, 238432
344.463693857, 238661
346.366515875, 238924
348.239709854, 240305
350.106517792, 241203
351.972775936, 243179
353.835429907, 243998
355.718133926, 245724
357.599192858, 245788
359.467608929, 247570
361.335483789, 247396
363.205566883, 248781
365.088710785, 250697
366.954862833, 251000
368.827451944, 251997
370.694928885, 251996
372.561698914, 251962
374.449723959, 252237
376.323674917, 251951
378.192017794, 251585
380.060565948, 251610
381.952033997, 252067
383.818022966, 252431
385.674151897, 252720
387.541212797, 252957
389.398193836, 253847
391.271915913, 254518
393.142116785, 255313
395.008271933, 256854
396.873713017, 256850
398.745860815, 258210
400.630803823, 258163
402.496907949, 257484
404.373578787, 256805
406.236856937, 259860
408.098204851, 260004
409.982098818, 259618
411.855225801, 259552
413.721881866, 257771
415.60661602, 257400
417.50651598, 259076
419.370464802, 258500
421.22812891, 259484
423.091305017, 260177
424.952171803, 260175
426.830788851, 259795
428.702672958, 259505
430.565112829, 262325
432.433379889, 262076
434.302722931, 262898
436.180421829, 264724
438.044660807, 264724
439.911906958, 265590
441.77955389, 265225
443.646205902, 265696
445.526275873, 265591
447.392927885, 265587
449.260892868, 265166
451.133643866, 264820
453.037737846, 265354
454.909824848, 265541
456.778477907, 262895
458.643486977, 261572
460.502810955, 260280
462.396060944, 260305
464.264731884, 262074
466.129738808, 262714
467.995708942, 263622
469.864075899, 264345
471.743493795, 265690
473.603626966, 265814
475.470690012, 263750
477.336330891, 265366
479.200758934, 266713
481.080348969, 266840
482.949661016, 266750
484.809999943, 266899
486.685248852, 267174
488.590924978, 267298
490.477713823, 267958
492.350233793, 269340
494.221727848, 270027
496.095127821, 269848
497.982880831, 272336
499.858989954, 272888
501.730712891, 272359
503.603101969, 271768
505.480040789, 272846
507.366619825, 271504
509.234201908, 271438
511.104151964, 271577
512.972177982, 271757
514.836218834, 270990
516.720757961, 271126
518.583667994, 269641
520.443094015, 269629
522.31537199, 270152
524.209810972, 269784
526.069861889, 270072
527.933272839, 269420
529.797883987, 269249
531.658413887, 269630
533.536800861, 269270
535.40703392, 269449
537.281512976, 270100
539.146096945, 269128
541.023343801, 268405
542.900498867, 269245
544.767478943, 269245
546.632539988, 270380
548.497931004, 269999
550.354575872, 269568
552.236698866, 269568
554.106881857, 269610
555.982141972, 270097
557.854163885, 267004
559.749205828, 266562
561.61042285, 265138
563.481981993, 263803
565.347279787, 263048
567.211227894, 262739
569.085503817, 262693
570.948501825, 262817
572.818395853, 262582
574.690346956, 262738
576.569085836, 263459
578.457399845, 264212
580.326715946, 267394
582.198347807, 267980
584.076956987, 267872
585.940603971, 267688
587.817179918, 267653
589.694283962, 266659
591.571203947, 267608
593.459456921, 266410
595.348786831, 265489
597.212183952, 264759
599.068389893, 265173
600.948177814, 262523
602.814359903, 262702
604.695166826, 261099
606.578216791, 262582
608.454513788, 260714
610.329059839, 261213
612.202167988, 262578
614.077340841, 262912
615.947810888, 261629
617.819192886, 261624
619.685544014, 261158
621.553876877, 261003
623.434928894, 261147
625.303934813, 260717
627.173017979, 260377
629.04554081, 260068
630.940791845, 259706
632.808576822, 259716
634.662016869, 259609
636.525621891, 259465
638.390819788, 259190
640.272218943, 258958
642.143167973, 259321
644.011304855, 258103
645.88198781, 257040
647.755823851, 257077
649.627157927, 256962
651.505667925, 257837
653.379055977, 257255
655.270094872, 257216
657.140446901, 256906
659.017935991, 254061
660.895825863, 254413
662.764266968, 254413
664.641968012, 255494
666.544983864, 259129
668.4117558, 256047
670.278273821, 254937
672.156117916, 254632
674.026223898, 252930
675.93716979, 252687
677.951938868, 252610
679.827610016, 253021
681.696473837, 253961
683.569867849, 252753
685.450732946, 253157
687.313134909, 252958
689.180732012, 253063
691.057329893, 252970
692.920086861, 251863
694.806310892, 249665
696.674963951, 251637
698.548209906, 251783
700.419291973, 254678
702.313027859, 253644
704.172547817, 250796
706.047927856, 250451
707.909140825, 251297
709.767534971, 252012
711.649113894, 252451
713.51848197, 252522
715.381820917, 252139
717.241194963, 254143
719.117065907, 255082
720.991075993, 255077
722.846913815, 255084
724.713438988, 255053
726.575545788, 254376
728.438089848, 254518
730.321393967, 254500
732.198678017, 254987
734.067624807, 254927
735.949707985, 254829
737.850304842, 255087
739.716769934, 255707
741.576719999, 255072
743.448387861, 255783
745.308367968, 255783
747.188251019, 256495
749.055599928, 257054
750.920955896, 257634
752.783074856, 257089
754.646881819, 257166
756.518730879, 257487
758.380117893, 257615
760.241910934, 258004
762.10529685, 257696
763.962553978, 256630
765.836054802, 258808
767.706116915, 259962
769.567451954, 259913
771.441236973, 260076
773.332167864, 262440
775.201575994, 260542
777.068610907, 261834
778.935185909, 262008
780.800182819, 261417
782.674978018, 262011
784.538668871, 261878
786.413010836, 262517
788.281431913, 262348
790.151257992, 263938
792.037249804, 263289
793.906618834, 263328
795.773494959, 263923
797.634706974, 264857
799.496063948, 263710
801.36934185, 263673
803.238967896, 263788
805.111004829, 263542
806.976436853, 263858
808.86448288, 264514
810.717916965, 264161
812.575013876, 263598
814.438432932, 263668
816.293756962, 262285
818.18727994, 261749
820.071928978, 262232
821.967878819, 263186
823.861751795, 263012
825.730218887, 264781
827.613792896, 264761
829.476915836, 264402
831.342561007, 264633
833.201299906, 263251
835.051690817, 263271
836.931540966, 265148
838.821823835, 265752
840.687355995, 266469
842.560154915, 264841
844.453202963, 262882
846.313336849, 261803
848.172555923, 262750
850.032776833, 262391
851.899276018, 261918
853.772978783, 262216
855.642092943, 261009
857.509984016, 260303
859.377914906, 259852
861.237918854, 262378
863.115742922, 261141
864.975269794, 260740
866.846151829, 262068
868.712551832, 263670
870.569602966, 264247
872.451005936, 264247
874.323055983, 263358
876.186185837, 262895
878.051339865, 263398
879.937157869, 263051
881.798082829, 263381
883.653664827, 263382
885.513764858, 263585
887.374658823, 263850
889.257982016, 264862
891.124507904, 265021
892.985860825, 263886
894.92185092, 264058
896.794716835, 264768
898.674347878, 264186
900.541166782, 262918
902.407857895, 264974
904.274008989, 263676
906.136826992, 264813
908.017727852, 265483
910.039497852, 264944
911.903111935, 264944
913.778666973, 264850
915.679032803, 264627
917.551717997, 266089
919.412344933, 265847
921.282087803, 265288
923.155999899, 265929
925.035920858, 266589
926.907671928, 266084
928.776371002, 266164
930.639810801, 265778
932.511566877, 266120
934.396459818, 268657
936.261232853, 268598
938.130753994, 269309
939.994390011, 267731
941.861896992, 268130
943.747425795, 268431
945.624732971, 268436
947.497215986, 268884
949.369109869, 268747
951.261260986, 268904
953.133204937, 268144
955.00225091, 268340
956.86853385, 267100
958.731197834, 267401
960.611809015, 267388
962.486480951, 267523
964.354277849, 268085
966.222098827, 267785
968.092682838, 268693
969.978004932, 268816
971.846617937, 268866
973.716241837, 269026
975.582078934, 268965
977.456149817, 268254
979.337900877, 267680
981.196280956, 267796
983.062247992, 267625
984.972487926, 265184
986.892769814, 265891
988.786754847, 264964
990.671907902, 264142
992.548520803, 263676
994.422194004, 262802
996.314796925, 262662
998.194966793, 262818
1000.06263781, 262837
1001.95128083, 262147
1003.85706401, 262658
1005.74723196, 262548
1007.62959981, 262746
1009.50732684, 263998
1011.38688397, 264471
1013.27012897, 264328
1015.1581049, 264130
1017.04642701, 263891
1018.92920089, 265355
1020.8129828, 265243
1022.73063684, 266459
1024.60623789, 267474
1026.49172401, 265937
1028.36779881, 265739
1030.24465299, 265107
1032.1401608, 264807
1034.01471591, 264746
1035.89028001, 264326
1037.75375891, 264186
1039.66949987, 264189
1041.55332279, 264293
1043.42592001, 264050
1045.30148101, 264064
1047.17216492, 264091
1049.03697491, 263608
1050.92449093, 263945
1052.81211782, 264213
1054.68238997, 264386
1056.558079, 263269
1058.45908189, 263468
1060.32267594, 263898
1062.18146586, 260731
1064.04593992, 260454
1065.90958095, 260717
1067.78931594, 260626
1069.65850687, 259015
1071.52331281, 258811
1073.38979793, 258312
1075.25967598, 257818
1077.14439201, 257818
1079.01021981, 255823
1080.88308382, 255533
1082.74745178, 255403
1084.6119349, 256423
1086.491992, 256391
1088.36375284, 257435
1090.26726699, 257596
1092.14498281, 258224
1094.04529095, 258206
1095.91579199, 257910
