2.9112200737, 50605
4.77822709084, 53015
6.64241600037, 54008
8.50183010101, 55308
10.3663129807, 56643
12.2420501709, 58734
14.1223330498, 59996
15.9823801517, 63485
17.8567769527, 66072
19.7292740345, 71631
21.6001391411, 73023
23.488227129, 78256
25.3555309772, 78256
27.2167451382, 80370
29.0813579559, 84009
30.9450490475, 84238
32.8203520775, 84244
34.6972830296, 84279
36.5650811195, 89592
38.4299800396, 91177
40.3007311821, 93597
42.1747550964, 96234
44.0345320702, 96756
45.8898141384, 100791
47.7570610046, 102671
49.6464190483, 104238
51.5121531487, 106073
53.3792641163, 106766
55.2438721657, 107968
57.1044771671, 109246
58.9906229973, 109940
60.8561980724, 111586
62.7194411755, 112401
64.5882470608, 115660
66.4555211067, 117836
68.328895092, 117919
70.1985640526, 118975
72.0650219917, 118008
73.9254961014, 119104
75.7939591408, 120629
77.6648290157, 123537
79.5171639919, 124106
81.3749229908, 124355
83.2543430328, 125201
85.1383500099, 128084
87.0019960403, 131116
88.8738801479, 132495
90.7415730953, 133691
92.6101360321, 133709
94.5011050701, 135272
96.3638310432, 137454
98.226432085, 138221
100.097412109, 140531
102.012717962, 141122
103.884554148, 141185
105.757833958, 144730
107.62344408, 144414
109.483913183, 145270
111.353911161, 145596
113.221573114, 147147
115.087790966, 147320
116.946208954, 147805
118.810899019, 149188
120.695862055, 151242
122.569235086, 153642
124.440240145, 154672
126.311640024, 156431
128.179769993, 156744
130.061257124, 157896
131.925517082, 159716
133.790354013, 160588
135.658173084, 161473
137.539597034, 164638
139.416699171, 165220
141.296240091, 165162
143.169888973, 166453
145.040436029, 166576
146.917453051, 166512
148.79953599, 166822
150.670701027, 167759
152.553632021, 167802
154.425686121, 168547
156.317332983, 169478
158.190592051, 170917
160.07676506, 171132
161.945163012, 172552
163.81390214, 172549
165.701426983, 174907
167.566017151, 177975
169.450073004, 178932
171.323352098, 179794
173.18632412, 180269
175.072517157, 180606
176.946165085, 180535
178.817373991, 180405
180.688369036, 180610
182.562306166, 182097
184.434579134, 180748
186.303393126, 180361
188.173936129, 180750
190.047772169, 182447
191.940675974, 181276
193.814466953, 181878
195.692823172, 181877
197.564912081, 181446
199.435019016, 181630
201.317119122, 185134
203.17920804, 186561
205.037893057, 186346
206.911812067, 188747
208.775449038, 188848
210.656579018, 189870
212.528398037, 189859
214.397910118, 189863
216.268785954, 190215
218.143131971, 191425
220.01640296, 191141
221.881888151, 189546
223.74593401, 188632
225.609264135, 190396
227.518126011, 188800
229.389564037, 189424
231.25810504, 190665
233.126995087, 189793
234.998358965, 189956
236.886152029, 191541
238.749705076, 191506
240.61245513, 192709
242.481424093, 193710
244.35060215, 194842
246.226499081, 197472
248.102187157, 201513
249.971122026, 201928
251.843315125, 202568
253.713513136, 202046
255.587440968, 201529
257.455249071, 201713
259.319020987, 201962
261.184885025, 201366
263.072941065, 202001
264.963171959, 204091
266.840024948, 203654
268.711990118, 204325
270.584912062, 203419
272.477447987, 204100
274.421355963, 206099
276.288336039, 207351
278.160984993, 207367
280.029793024, 207449
281.908434153, 207853
283.778393984, 208795
285.648238182, 209685
287.510444164, 209547
289.380437136, 209335
291.249183178, 210412
293.105617046, 210489
294.960572004, 210893
296.824659109, 210777
298.710459948, 210474
300.585713148, 210111
302.449849129, 208973
304.313929081, 209904
306.189172029, 210238
308.081963062, 209984
309.960131168, 209638
311.826819181, 209319
313.703713179, 209317
315.575773954, 208991
317.457632065, 208633
319.334048033, 207694
321.20472908, 207708
323.075322151, 210555
324.952027082, 212844
326.841539145, 212059
328.721011162, 212835
330.583924055, 213276
332.469465017, 216635
334.359373093, 217764
336.228939056, 217288
338.104866028, 219403
339.973726034, 218348
341.838386059, 219784
343.726809025, 219758
345.594449043, 221608
347.454863071, 223189
349.325881004, 223205
351.194048166, 222440
353.074078083, 222269
354.946310997, 222780
356.823791981, 221444
358.69344306, 220276
360.564087152, 220509
362.438382149, 221984
364.318887949, 222079
366.185485125, 221065
368.052186012, 220726
369.934609175, 218993
371.79364109, 219659
373.665445089, 218138
375.532014132, 217283
377.389729023, 217283
379.271285057, 218409
381.136042118, 220092
382.999341011, 222071
384.874732971, 226612
386.737717152, 228708
388.619343996, 230161
390.494143009, 230414
392.362836123, 229570
394.229474068, 229793
396.099373102, 229551
397.968523026, 230493
399.822875023, 231679
401.693717003, 229751
403.556079149, 229896
405.440468073, 230715
407.300704002, 233505
409.170629025, 233313
411.042018175, 235929
412.912620068, 235358
414.811376095, 236288
416.68244195, 235389
418.547306061, 234699
420.414077997, 234334
422.287162066, 233735
424.171465158, 232506
426.047872066, 232962
427.919448137, 231806
429.798717022, 234450
431.677297115, 234042
433.551671982, 233718
435.42355299, 234570
437.297510147, 235797
439.173379183, 236562
441.07090807, 236072
442.943977118, 237524
444.826447964, 238061
446.720385075, 239544
448.596091032, 237416
450.479510069, 237020
452.341571093, 237119
454.203761101, 238419
456.086205959, 238355
457.952173948, 237528
459.82884717, 237998
461.697644949, 238431
463.567830086, 239004
465.441517115, 240504
467.306244135, 240362
469.16635704, 241828
471.034672022, 243242
472.908203125, 245055
474.791531086, 247437
476.694173098, 247350
478.569869041, 247896
480.453166008, 247094
482.323794127, 246633
484.190417051, 244940
486.082468987, 244293
487.953310013, 243922
489.825091124, 243575
491.698662043, 243822
493.571779013, 242546
495.455281973, 242731
497.335464001, 242720
499.217998028, 242975
501.093891144, 242312
502.963373184, 241113
504.836982965, 242307
506.70728898, 240881
508.582789183, 243922
510.448055983, 244296
512.33110404, 246781
514.197540045, 248270
516.068979025, 248138
517.94679904, 248104
519.833724976, 247690
521.726013184, 245726
523.588881016, 246649
525.454935074, 248442
527.329076052, 248703
529.198677063, 248665
531.081035137, 251809
532.954010963, 250375
534.830964088, 251312
536.696372032, 250927
538.570856094, 250366
540.450592041, 249508
542.325855017, 250049
544.187589169, 249980
546.062921047, 250514
547.95639205, 251413
549.83357501, 251291
551.712888956, 251217
553.582158089, 250302
555.455221176, 251016
557.346241951, 251023
559.224030018, 252313
561.087373018, 252730
562.967784166, 254218
564.837172031, 254252
566.714620113, 253660
568.591638088, 255258
570.464698076, 254838
572.332318068, 255637
574.208058119, 255671
576.082091093, 255545
577.949375153, 255641
579.816362143, 255792
581.685017109, 257093
583.573528051, 257271
585.437074184, 257140
587.309281111, 256433
589.180891991, 255920
591.051630974, 255643
592.937848091, 255176
594.80922699, 255484
596.674596071, 256283
598.543498993, 256311
600.421525002, 255832
602.302140951, 256442
604.178418159, 258636
606.057851076, 259364
607.931979179, 259312
609.812339067, 259682
611.689795017, 259968
613.549172163, 259944
615.408215046, 259123
617.278532982, 258920
619.17892909, 259360
621.050917149, 258772
622.932492971, 258464
624.811839104, 258567
626.680124044, 258532
628.570830107, 257913
630.449021101, 257426
632.317679167, 258550
634.182883024, 258763
636.043096066, 259596
637.922940016, 257950
639.809966087, 257727
641.688346148, 258395
643.55667305, 258289
645.442038059, 257996
647.312052011, 258367
649.17463398, 257134
651.043183088, 257785
652.913722992, 258887
654.799981117, 258343
656.662100077, 258649
658.549319983, 257525
660.41673398, 257592
662.286532164, 257517
664.179043055, 257199
666.046842098, 257794
667.913472176, 257414
669.783054113, 258060
671.648205996, 257681
673.535128117, 258910
675.408804178, 257991
677.28136301, 257865
679.156818151, 259717
681.039515972, 259490
682.923905134, 259545
684.801944971, 260418
686.673213005, 259604
688.554102182, 259571
690.446657181, 259526
692.316499949, 259305
694.19751215, 258863
696.065330029, 258257
697.93415904, 258042
699.82238698, 257602
701.695060968, 257589
703.559463978, 259355
705.432023048, 258998
707.302508116, 258533
709.184934139, 257796
711.059582949, 257684
712.931442976, 257860
714.804434061, 257427
716.682620049, 257756
718.572211027, 257924
720.438337088, 256326
722.297149181, 256034
724.170020103, 256119
726.060110092, 256189
727.924797058, 257299
729.814685106, 256210
731.69306612, 254945
733.56633997, 253793
735.456341982, 255530
737.32823205, 256626
739.200780153, 257008
741.071907997, 256997
742.946149111, 257069
744.828221083, 257604
746.707535982, 256781
748.58327508, 257293
750.459419966, 257288
752.338483095, 256026
754.218033075, 255998
756.086935997, 256497
757.955938101, 256351
759.836155176, 257448
761.740785122, 257136
763.61157012, 256978
765.484989166, 256342
767.360080004, 255720
769.224707127, 255274
771.117861986, 254341
772.990278006, 255575
774.853600979, 256535
776.715836048, 256460
778.576599121, 255096
780.454514027, 256418
782.327998161, 256433
784.201985121, 256310
786.074021101, 256362
787.954744101, 257963
789.831725121, 257998
791.695106983, 258763
793.571195126, 259283
795.442662954, 259064
797.335778952, 260234
799.195441961, 261213
801.057806015, 261917
802.927952051, 259406
804.804332972, 259487
806.721834183, 259714
808.594334126, 261875
810.468189955, 262290
812.34533906, 262215
814.223102093, 261252
816.12685895, 260888
818.023341179, 261100
819.904597998, 260981
821.776359081, 259733
823.654196024, 259116
825.535005093, 259227
827.410195112, 261294
829.280323982, 261245
831.153527021, 260224
833.051913023, 259867
834.918526173, 260637
836.78898406, 258545
838.666002035, 258723
840.537564039, 258899
842.424606085, 262661
844.293637991, 262814
846.159866095, 262950
848.044099092, 261361
849.916521072, 259194
851.798387051, 260440
853.676124096, 260726
855.550549984, 258212
857.427428961, 259930
859.305840015, 259808
861.193297148, 260675
863.067406178, 260606
864.951148987, 259006
866.823256969, 259543
868.723304987, 259207
870.600645065, 259957
872.477905989, 260139
874.348643064, 260246
876.21570611, 260476
878.104105949, 260273
879.979357958, 259183
881.848577023, 259308
883.720342159, 259683
885.581402063, 258730
887.460456133, 257376
889.336869001, 258112
891.207834959, 256930
893.077319145, 257000
894.950987101, 256949
896.819092035, 257291
898.683263063, 255163
900.541408062, 254842
902.414000988, 254978
904.298269987, 254886
906.169063091, 253473
908.043271065, 253497
909.917901039, 253910
911.780488014, 253893
913.666290998, 253946
915.533980131, 256690
917.392590046, 258103
919.260189056, 257519
921.1319561, 258187
923.011518002, 257102
924.890805006, 257850
926.767199993, 256377
928.637813091, 256759
930.513869047, 257874
932.404365063, 259023
934.27308917, 259119
936.135985136, 257299
937.998936176, 257486
939.890930176, 257182
941.758062124, 257181
943.624786139, 257217
945.49406004, 257730
947.362444162, 258880
949.264177084, 260194
951.149762154, 260006
953.020581961, 260362
954.892852068, 259174
956.764943123, 259090
958.642251015, 258743
960.506991148, 259146
962.380707026, 259260
964.24407506, 259334
966.107685089, 259794
967.974673033, 259611
969.837847948, 259458
971.712001085, 259626
973.591236115, 259936
975.48297596, 259628
977.355080128, 259627
979.23974514, 260113
981.111984968, 261507
982.987406015, 262459
984.882055044, 262543
986.749700069, 262606
988.619037151, 263355
990.490286112, 262939
992.359855175, 263236
994.239753962, 263119
996.115453005, 261555
997.988676071, 260956
999.860321045, 260506
1001.73496914, 259989
1003.61258602, 259929
1005.47376609, 259942
1007.3375001, 261333
1009.20698118, 262003
1011.09595418, 261706
1012.96356416, 261427
1014.83741999, 261317
1016.71175313, 261174
1018.57956696, 264807
1020.46922517, 266087
1022.33787012, 266131
1024.20443916, 267620
1026.07866812, 267385
1027.950109, 267394
1029.83327317, 267394
1031.70092416, 268943
1033.57026815, 267634
1035.43588495, 268489
1037.30835795, 268772
1039.18500113, 269127
1041.05317903, 270003
1042.92374015, 271473
1044.78998804, 271730
1046.67608809, 272466
1048.54179215, 273512
1050.40569711, 273382
1052.27116203, 273195
1054.14034414, 275901
1056.02532816, 275813
1057.891675, 275048
1059.75330496, 274755
1061.61427617, 272665
1063.47767115, 276609
1065.35545516, 276559
1067.22924995, 276365
1069.10366607, 276060
1070.97319508, 275800
1072.84420705, 275877
1074.71503901, 276311
1076.57742095, 278518
1078.43587208, 279167
1080.29843903, 278243
1082.18395495, 278833
1084.04689217, 278695
1085.92226005, 278172
1087.78939915, 278713
1089.66388202, 279428
1091.55900812, 279205
1093.42983913, 278328
1095.29526997, 279795
