2.94480800629, 48951
4.83794784546, 50296
6.72100186348, 52540
8.60377883911, 56416
10.5084998608, 57470
12.3783268929, 59568
14.2367799282, 62879
16.1077029705, 65652
17.9700069427, 69392
19.8525898457, 72679
21.7127649784, 73408
23.5747718811, 75611
25.443516016, 79625
27.3069930077, 81213
29.1786570549, 84339
31.0447659492, 85837
32.9108350277, 85870
34.773444891, 88128
36.6627550125, 91816
38.5281739235, 94919
40.3867030144, 95437
42.2525930405, 95861
44.1157159805, 104189
45.9953639507, 105281
47.8515689373, 106446
49.7115569115, 108306
51.5688250065, 111629
53.4316389561, 112720
55.3073780537, 113643
57.1782050133, 114602
59.0398249626, 116307
60.9188828468, 115993
62.7916369438, 115835
64.6874530315, 119932
66.5736689568, 120385
68.4535138607, 120833
70.3247919083, 124676
72.2192440033, 126917
74.1073548794, 128199
75.9768249989, 130773
77.8463609219, 131221
79.7174630165, 133406
81.6082179546, 134923
83.4647250175, 137753
85.3352718353, 138418
87.2021980286, 139569
89.0621118546, 145135
90.9566500187, 147703
92.8254008293, 147563
94.6928009987, 147269
96.5546619892, 147693
98.4208369255, 148327
100.301362038, 148611
102.16900301, 149927
104.04014802, 149948
105.913606882, 150146
107.809063911, 153996
109.699252844, 155981
111.567625999, 156019
113.431833982, 157310
115.29605794, 157771
117.177109957, 157781
119.039744854, 159697
120.906162024, 159693
122.785801888, 162431
124.653313875, 162858
126.53687501, 163112
128.399037838, 163563
130.258057833, 165121
132.118545055, 168615
133.983803988, 168621
135.852488995, 169952
137.722419977, 171255
139.58878994, 172238
141.452810049, 172348
143.350456953, 172403
145.234458923, 172703
147.097080946, 174618
148.961055994, 175104
150.823719025, 175693
152.70994091, 175259
154.571714878, 175518
156.435622931, 176095
158.301533937, 176693
160.169765949, 177819
162.069056034, 179970
163.943306923, 180278
165.845257998, 181017
167.728085041, 182417
169.605288982, 182365
171.477184057, 184778
173.347568989, 184923
175.213362932, 187243
177.085811853, 187404
178.971815825, 187059
180.837084055, 186471
182.695282936, 187407
184.575194836, 188291
186.453290939, 189335
188.342687845, 191096
190.225313902, 191968
192.098201036, 192256
193.975015879, 191533
195.850661993, 193133
197.737325907, 193315
199.609204054, 194182
201.472733974, 196452
203.342099905, 197254
205.213248968, 197432
207.082073927, 198045
208.967509031, 198995
210.831503868, 201895
212.700294971, 201898
214.596773863, 202092
216.468261957, 202122
218.330657959, 202953
220.224688053, 203941
222.090997934, 205973
223.976682901, 205088
225.83536005, 205469
227.699651003, 205181
229.564390898, 206560
231.43024087, 206758
233.317875862, 205826
235.194197893, 207014
237.060236931, 205830
238.934715033, 207018
240.810695887, 207464
242.69691205, 207464
244.57323885, 208158
246.442692041, 208065
248.311600924, 208452
250.208407879, 208430
252.078223944, 208786
253.942004919, 209669
255.808140039, 210521
257.676537991, 211253
259.559057951, 211677
261.42424202, 211278
263.293881893, 215005
265.154793024, 213563
267.014369011, 215009
268.895056963, 214037
270.753746986, 214349
272.615458965, 215032
274.476496935, 213423
276.337930918, 214149
278.2032969, 215232
280.066812038, 216517
281.930791855, 215504
283.793226004, 214920
285.688917875, 214923
287.552067995, 214480
289.414105892, 213391
291.276093006, 213903
293.140681982, 214516
295.026782036, 214545
296.883102894, 215186
298.747233868, 217492
300.612995863, 215753
302.47396493, 216433
304.354127884, 217262
306.216678858, 217659
308.079308987, 216869
309.956590891, 216627
311.825536966, 217765
313.702816963, 218308
315.573137045, 219037
317.443658829, 219651
319.3132689, 220428
321.210669994, 220309
323.094532967, 220879
324.966223955, 221303
326.836562872, 222442
328.705070019, 223672
330.588693857, 224963
332.457742929, 224876
334.329241037, 224888
336.196359873, 225008
338.059819937, 225824
339.945240021, 225433
341.813719988, 225331
343.680228949, 226531
345.544193029, 226649
347.407471895, 229247
349.274279833, 229947
351.144898891, 229687
353.018311977, 230038
354.931236982, 229867
356.881547928, 230210
358.780977964, 230370
360.643761873, 230191
362.519075871, 230432
364.393944025, 231576
366.279196978, 233480
368.136368036, 233080
370.003593922, 233945
371.868721962, 234178
373.727695942, 237004
375.609455824, 235995
377.472220898, 236100
379.334275961, 235609
381.195545912, 235642
383.055124998, 235702
384.924595833, 237506
386.789964914, 237514
388.653635025, 238363
390.515028, 238114
392.40959096, 237897
394.272367954, 236521
396.132261038, 237654
398.002537966, 237581
399.872263908, 237478
401.758558989, 237225
403.619429827, 235819
405.490172863, 234885
407.357717991, 234958
409.234715939, 235870
411.116505861, 233683
412.995100021, 233588
414.859000921, 233643
416.723886013, 234483
418.584578991, 234659
420.454670906, 234352
422.319243908, 233827
424.186527967, 234387
426.051395893, 234502
427.944171906, 234742
429.814090014, 234602
431.677746058, 235081
433.541579008, 235050
435.405558825, 236999
437.295861959, 238467
439.15277791, 239048
441.016974926, 238886
442.877373934, 239432
444.740250826, 238968
446.621911049, 240483
448.490461826, 238148
450.355031013, 238447
452.232420921, 238425
454.103322983, 239606
455.985229015, 239483
457.86044693, 239244
459.730411053, 239204
461.596515894, 239056
463.491345882, 239641
465.363746881, 241701
467.229744911, 242315
469.100879908, 242441
470.979630947, 242447
472.874376059, 243693
474.74356699, 244282
476.612408876, 245925
478.492391825, 245447
480.363806009, 245418
482.255561829, 244327
484.131700993, 247035
486.003216028, 247470
487.870868921, 248269
489.732594013, 247865
491.603204966, 248624
493.47252202, 248608
495.333448887, 248354
497.192760944, 248346
499.087170839, 247264
500.963678837, 246883
502.842201948, 246806
504.714185953, 246291
506.588541031, 247406
508.481432915, 247894
510.346894026, 247817
512.210734844, 249057
514.075551033, 247695
515.946801901, 250215
517.85045886, 250210
519.771245003, 250632
521.656734943, 250227
523.535366058, 250876
525.406970024, 250657
527.283349991, 250245
529.153429031, 250096
531.022147894, 250343
532.901121855, 250357
534.801013947, 249198
536.672152996, 249132
538.54271698, 249300
540.413151026, 250173
542.281227827, 250357
544.172472954, 251289
546.034838915, 251277
547.903530836, 250934
549.768241882, 251031
551.628134966, 250980
553.523625851, 251471
555.387569904, 249976
557.249460936, 250691
559.116533041, 249784
560.975816965, 248040
562.846933842, 247873
564.714643955, 247239
566.58630085, 247185
568.454047918, 248274
570.348187923, 248922
572.225589037, 248226
574.095099926, 248418
575.961555958, 248149
577.833468914, 248595
579.739058018, 250131
581.59818697, 251475
583.466171026, 251460
585.333006859, 252734
587.19529295, 253348
589.083557844, 254006
590.945000887, 253192
592.810076952, 256465
594.675638914, 258215
596.536294937, 258464
598.406471014, 258062
600.272101879, 257668
602.144218922, 257574
604.005698919, 257262
605.905093908, 257451
607.77023983, 257471
609.630885839, 256721
611.496983051, 256486
613.389518976, 256220
615.323537827, 256126
617.227109909, 256524
619.159876823, 256983
621.079947948, 257445
623.001353979, 257563
624.930891991, 257579
626.796716928, 254567
628.651486874, 256731
630.513731003, 257049
632.373263836, 257407
634.242339849, 256672
636.106488943, 256106
637.972570896, 256112
639.837040901, 255470
641.733150005, 256761
643.604388952, 256773
645.462028027, 257177
647.33265996, 256985
649.206238031, 255363
651.096722841, 255418
652.953901052, 254886
654.821122885, 256948
656.688545942, 255898
658.544939995, 257303
660.424568892, 258492
662.289892912, 259596
664.154253006, 259346
666.021317005, 259847
667.884073019, 257432
669.755324841, 256996
671.630283833, 257297
673.496984005, 257074
675.369356871, 256843
677.257447004, 258149
679.119508982, 258499
681.010902882, 256094
682.8870399, 256372
684.776451826, 255597
686.666687965, 254344
688.535486937, 253220
690.412583828, 256392
692.287184, 256112
694.162356853, 256562
696.04746604, 256577
697.916120052, 257172
699.781239033, 255466
701.650850058, 256852
703.514335871, 256475
705.392470837, 254186
707.26815486, 253715
709.140369892, 253461
711.009821892, 254654
712.91701293, 254090
714.785070896, 253570
716.646519899, 253203
718.516067028, 251315
720.387131929, 253930
722.279496908, 254955
724.146029949, 254070
726.013023853, 254094
727.880967855, 254575
729.749093056, 255734
731.640141964, 255527
733.506464958, 253942
735.377596855, 253004
737.25215888, 252379
739.122097015, 251103
740.992576838, 250411
742.861668825, 249854
744.722431898, 250842
746.579644918, 252348
748.471969843, 253838
750.344449043, 253565
752.20599699, 253163
754.077571869, 253031
755.945157051, 252401
757.831532955, 252401
759.691433907, 252079
761.557649851, 253323
763.418825865, 253571
765.282269955, 253037
767.164788008, 253405
769.039499044, 253560
770.898490906, 254494
772.770412922, 254501
774.634040833, 254516
776.511514902, 256129
778.396710873, 257414
780.391005039, 257368
782.25406599, 257243
784.143969059, 256915
786.011845827, 256798
787.875960827, 258419
789.754370928, 258178
791.634004831, 257733
793.522614002, 258032
795.387277842, 257556
797.252523899, 258840
799.123904943, 259144
800.984571934, 259349
802.86838603, 259430
804.740905046, 260272
806.604100943, 255675
808.47329998, 255592
810.346427917, 256217
812.218852997, 253655
814.088275909, 253308
815.959022999, 252796
817.844696045, 252317
819.74474287, 252185
821.609752893, 251691
823.481200933, 251225
825.363765001, 251172
827.234734058, 250564
829.117012024, 250963
830.97752285, 249226
832.848091841, 251846
834.71125102, 251979
836.571660042, 251929
838.450618982, 251700
840.317975998, 251044
842.187556028, 251456
844.043640852, 251456
845.904685974, 250783
847.772193909, 250379
849.647114992, 247053
851.519608021, 247202
853.376215935, 247189
855.276921988, 247927
857.146321058, 247077
859.007371902, 247145
860.872664928, 247420
862.73754406, 247617
864.628046989, 247137
866.496767998, 247070
868.366153955, 247497
870.229967833, 247850
872.089555979, 247852
873.972134829, 248631
875.848077059, 247338
877.710748911, 245209
879.577237844, 245140
881.436383009, 245540
883.306521893, 247423
885.188897848, 248052
887.056280851, 247925
888.914991856, 248182
890.805593967, 248033
892.683760881, 248312
894.54547286, 248250
896.409730911, 248280
898.274158001, 246997
900.157126904, 245960
902.014610052, 246000
903.882558823, 246133
905.745674849, 245915
907.598042965, 247551
909.468518972, 247432
911.326212883, 249897
913.181627035, 249738
915.049337864, 249507
916.910848856, 247968
918.791533947, 248234
920.655134916, 248123
922.514924049, 249497
924.393693924, 248503
926.287063837, 249750
928.155100822, 249964
930.02126503, 250433
931.890563011, 247445
933.757977962, 247841
935.645210981, 247231
937.508308887, 249474
939.378068924, 250338
941.238365889, 249961
943.100055933, 247709
944.983834028, 247327
946.846958876, 247910
948.70566988, 247251
950.576377869, 247171
952.439713001, 246615
954.305649042, 245809
956.170773983, 245600
958.032374859, 245544
959.89316988, 246663
961.778854847, 247305
963.645344973, 247249
965.506866932, 246907
967.37614584, 247999
969.242038965, 246641
971.130652905, 246753
972.990636826, 247421
974.858902931, 253634
976.721207857, 252449
978.582401991, 252467
980.464803934, 252569
982.331473827, 251884
984.207593918, 251606
986.079216957, 250423
987.947144985, 250648
989.821686983, 250736
991.693570852, 251081
993.56280303, 249661
995.433374882, 247348
997.333772898, 247639
999.209090948, 248035
1001.07691193, 248016
1002.94672585, 249203
1004.820683, 249893
1006.7083559, 247625
1008.57329488, 246446
1010.42847991, 245851
1012.28758883, 244698
1014.13910484, 243203
1016.02776003, 244159
1017.90481591, 244214
1019.77822089, 246133
1021.64819002, 246612
1023.52089095, 246681
1025.39985704, 247097
1027.27459598, 246485
1029.14504194, 246074
1031.00902104, 246446
1032.90358996, 246945
1034.77255297, 249087
1036.63438487, 248528
1038.50214005, 249272
1040.37004495, 249031
1042.26046491, 249314
1044.12953496, 249408
1045.99794102, 249406
1047.86205792, 248921
1049.73157001, 247989
1051.62593389, 249762
1053.49081397, 249791
1055.35497093, 250356
1057.22479391, 249938
1059.0928309, 249383
1060.96615601, 249164
1062.83672094, 249462
1064.71012998, 249735
1066.576473, 250134
1068.46812105, 250603
1070.33812499, 250998
1072.20795798, 251592
1074.08172393, 252786
1075.95249891, 252570
1077.84193087, 253579
1079.70323706, 253499
1081.57107782, 252509
1083.44012904, 252984
1085.30560899, 253645
1087.1852839, 254525
1089.05064392, 254547
1090.91863489, 255625
1092.78672099, 255057
1094.65153384, 255177
