2.87456297874, 46959
4.73536801338, 48741
6.61569905281, 50914
8.47655105591, 52247
10.3470339775, 53596
12.2076508999, 56205
14.0630319118, 60407
15.9253618717, 61044
17.8141348362, 61437
19.6724469662, 63052
21.5410978794, 63017
23.400769949, 65503
25.2593388557, 65860
27.141065836, 66643
29.0464310646, 66643
30.949960947, 69642
32.8545608521, 73331
34.7272338867, 75689
36.5985269547, 76665
38.4547998905, 79696
40.3224208355, 82056
42.185767889, 84462
44.0690078735, 84418
45.9463210106, 88252
47.8067810535, 90608
49.6672358513, 95788
51.5295119286, 95232
53.4196000099, 95932
55.2744870186, 96402
57.1497290134, 98554
59.0088779926, 98921
60.8691790104, 100711
62.7477049828, 102375
64.6189439297, 104785
66.4787709713, 106458
68.342279911, 108178
70.2193698883, 108096
72.0870950222, 110731
73.9414498806, 112064
75.8071818352, 112815
77.6699969769, 112956
79.5302848816, 115809
81.3931319714, 117122
83.2474770546, 119453
85.1256129742, 122929
87.0024600029, 123060
88.8981170654, 127581
90.7568788528, 132036
92.6203789711, 132088
94.4872879982, 134905
96.3780338764, 138353
98.2668738365, 136368
100.133163929, 137440
101.989976883, 139614
103.875469923, 141004
105.74161005, 143993
107.61814785, 144468
109.480275869, 147715
111.350781918, 148898
113.226428986, 149228
115.093539953, 148830
116.969272852, 147485
118.837355852, 147590
120.695518017, 150465
122.563194036, 151033
124.443971872, 152742
126.299077034, 154474
128.165518045, 155113
130.027482033, 158143
131.895457983, 159798
133.783792973, 161068
135.65161705, 161473
137.517565012, 161531
139.387346983, 161051
141.252018929, 162946
143.133553028, 163097
145.002620935, 161816
146.869336843, 164244
148.731962919, 164587
150.591351032, 164997
152.460085869, 166677
154.322787046, 167100
156.179717064, 167200
158.045763969, 167175
160.075759888, 169625
161.964248896, 169574
163.838295937, 171969
165.703834057, 173101
167.573117018, 175958
169.462597847, 177074
171.334604025, 179690
173.201983929, 179910
175.083169937, 180574
176.946460962, 181411
178.821550846, 181812
180.680927992, 182665
182.540765047, 184117
184.398957014, 184852
186.255876064, 184559
188.124207973, 185206
189.988415003, 186263
191.843481064, 186241
193.706755877, 188838
195.588001966, 189770
197.444417, 189761
199.306756973, 191474
201.165304899, 190096
203.024026871, 192224
204.910691977, 192008
206.779917002, 192771
208.647352934, 192076
210.517348051, 192428
212.380944967, 192629
214.253000975, 192629
216.113270998, 195645
217.979357958, 196127
219.846150875, 196339
221.702445984, 197262
223.569081068, 198131
225.421768904, 199809
227.280632019, 200117
229.137471914, 202977
231.014369011, 202175
232.869768858, 203308
234.740483046, 203857
236.606694937, 204268
238.469321966, 204400
240.347344875, 202125
242.206882, 201780
244.065708876, 202060
245.926156998, 201881
247.779736042, 201725
249.648627043, 201167
251.504637957, 201713
253.379770994, 201219
255.251065969, 201862
257.11241889, 201862
258.990071058, 201505
260.858105898, 201293
262.722396851, 202509
264.608377934, 203286
266.505271912, 203781
268.367712975, 204019
270.230213881, 204426
272.093792915, 205400
273.961755991, 205364
275.847733974, 206185
277.715847015, 207033
279.580641031, 206650
281.444849014, 206781
283.306373835, 206830
285.179224014, 206363
287.03863287, 210685
288.904695034, 211228
290.765543938, 208915
292.621923923, 207729
294.495105982, 207864
296.35372591, 208745
298.21436286, 208727
300.082041979, 209602
301.965620995, 209273
303.828557014, 209269
305.689265966, 209149
307.553448915, 209161
309.412808895, 212604
311.290814877, 212574
313.155470848, 212106
315.012225866, 214096
316.876065969, 214868
318.736762047, 214877
320.617938042, 214958
322.475857973, 213963
324.339366913, 214003
326.197872877, 213381
328.055866003, 212479
329.926261902, 213961
331.789211988, 214628
333.646622896, 214016
335.509956837, 214257
337.391824007, 216072
339.246578932, 216857
341.108640909, 217170
342.972174883, 215702
344.82814002, 216846
346.704344988, 216774
348.564126015, 217225
350.416493893, 219074
352.282883883, 219647
354.144979, 219608
356.013947964, 219493
357.868892908, 218831
359.730368853, 215538
361.589711905, 217361
363.442422867, 217725
365.307771921, 217917
367.167292833, 218339
369.023519039, 219259
370.887704849, 219255
372.769526005, 219198
374.625051975, 217771
376.488776922, 219318
378.347208023, 220835
380.197562933, 221017
382.076601982, 220127
383.93512392, 220298
385.794290066, 221195
387.651875019, 219884
389.509125948, 220396
391.377449036, 224550
393.228208065, 224460
395.085167885, 227656
396.948184967, 228566
398.812716961, 228777
400.684882879, 229277
402.54447484, 229897
404.404037952, 229877
406.270344973, 229732
408.154922962, 230624
410.017344952, 229681
411.88360405, 229776
413.736886024, 229802
415.599452019, 230016
417.473235846, 229935
419.349923849, 230157
421.204941034, 230171
423.076869965, 230504
424.94440484, 230908
426.823410034, 230810
428.697700024, 233292
430.584183931, 233809
432.45131588, 233362
434.317965984, 234705
436.201598883, 240043
438.077409983, 239498
439.937425852, 243637
441.830821991, 243233
443.737092972, 243682
445.608276844, 243670
447.477010965, 243805
449.347275019, 246047
451.210263968, 247269
453.099488974, 247569
454.963701963, 246210
456.83604002, 247272
458.710669041, 246947
460.577527046, 246862
462.450773954, 247560
464.313814878, 247887
466.180124044, 247956
468.044018984, 247372
469.906198978, 246048
471.778828859, 245659
473.640466928, 245509
475.494979858, 245152
477.353313923, 245082
479.234467983, 245536
481.09215188, 245486
482.954341888, 245981
484.815146923, 246493
486.676969051, 246067
488.562764883, 246104
490.428114891, 246646
492.290472984, 246978
494.160229921, 245234
496.027175903, 245371
497.903132915, 246486
499.76392889, 250863
501.637187958, 251042
503.504876852, 251334
505.366314888, 252996
507.235905886, 254604
509.101310015, 255220
510.961694956, 255396
512.839931965, 253214
514.725570917, 253622
516.585159063, 253739
518.467449903, 252784
520.327203989, 252817
522.187209845, 252847
524.067721844, 252574
525.934448957, 252302
527.790523052, 250853
529.651344061, 250739
531.506811857, 249504
533.377987862, 249819
535.238604069, 251648
537.101029873, 251610
538.961981058, 250103
540.827997923, 249852
542.70153904, 249360
544.56466198, 249497
546.428635836, 252071
548.290520906, 252155
550.174496889, 254242
552.038054943, 254195
553.903714895, 254293
555.77499795, 254650
557.634299994, 255745
559.515193939, 255771
561.377424955, 255605
563.250543833, 253625
565.127377033, 254195
566.997434855, 254060
568.876451969, 254125
570.734305859, 253759
572.603193045, 253121
574.465539932, 253236
576.328326941, 253228
578.202338934, 254688
580.050922871, 252486
581.905998945, 252856
583.767658949, 253773
585.661231041, 254120
587.531081915, 254185
589.393569946, 253919
591.254745007, 252833
593.121345043, 253214
595.027858019, 253483
596.895859003, 251810
598.759621859, 251734
600.632833004, 251331
602.497664928, 251367
604.378865004, 250390
606.246839046, 250243
608.116822004, 250613
609.98032999, 249201
611.848994017, 249937
613.719792843, 250752
615.581582069, 250349
617.435477018, 249348
619.299058914, 248557
621.176198959, 248752
623.028238058, 248829
624.913203955, 248549
626.774224043, 249314
628.628901005, 249936
630.51020503, 249924
632.375997066, 250862
634.238474846, 251890
636.111894846, 252055
637.974025011, 252039
639.849851847, 252451
641.712903976, 252451
643.572788, 252424
645.428868055, 252144
647.291885853, 252995
649.161522865, 253626
651.04447484, 253956
652.905583858, 254772
654.771025896, 254514
656.653382063, 255327
658.506674051, 255542
660.375663042, 254787
662.235586882, 254221
664.090757847, 253679
665.971462965, 253729
667.853672981, 254716
669.728796005, 255908
671.594462872, 255690
673.454712868, 256367
675.328451872, 256223
677.195159912, 256392
679.062159061, 256449
680.919407845, 256684
682.773493052, 256074
684.643445969, 256113
686.512204885, 257042
688.375922918, 257030
690.243432999, 258054
692.122927904, 260509
693.975682974, 261622
695.838889837, 262492
697.698207855, 264110
699.554901838, 264378
701.43185997, 263835
703.292575836, 264153
705.159484863, 264031
707.023011923, 264062
708.885951042, 260426
710.753006935, 260985
712.608021021, 262529
714.466253996, 262037
716.32199502, 262013
718.177533865, 261968
720.043307066, 261460
721.894964933, 262440
723.74684, 265113
725.607537031, 264916
727.485724926, 265130
729.340736866, 265227
731.200592995, 265456
733.058665991, 266781
734.909155846, 266824
736.782554865, 266868
738.634505987, 267149
740.489574909, 266665
742.351109028, 266120
744.206845045, 266000
746.061118841, 266250
747.913552999, 265850
749.792672873, 266656
751.652922869, 267305
753.516576052, 266965
755.385408878, 267360
757.242743015, 265392
759.097681999, 263457
760.956791878, 263669
762.835393906, 263608
764.694890022, 262790
766.557384968, 263150
768.420223951, 263037
770.282572985, 262920
772.160124063, 262489
774.023704052, 261533
775.883038044, 260448
777.748093843, 259537
779.617504835, 259795
781.489601851, 260840
783.494498968, 260038
785.355262041, 260344
787.216578007, 257764
789.072324038, 256988
790.936234951, 256627
792.792908907, 256019
794.647809982, 256318
796.508203983, 256205
798.387187004, 257235
800.248434067, 256219
802.112211943, 256453
803.972265005, 255735
805.830950022, 254233
807.710140944, 254264
809.573812962, 254637
811.434939861, 254678
813.299829006, 253921
815.157341003, 254529
817.02688098, 254180
818.887434959, 254237
820.743314981, 255153
822.594958067, 255440
824.454232931, 253322
826.321455956, 253728
828.182898045, 253313
830.03463006, 253176
831.897294044, 252448
833.781898022, 251950
835.641722918, 253237
837.506290913, 254129
839.384275913, 253328
841.243522882, 253326
843.124994993, 252291
844.9879179, 251084
846.849954844, 251006
848.715539932, 249882
850.574023008, 250243
852.46051693, 248398
854.317743063, 248622
856.199532986, 248979
858.06325388, 249021
859.916389942, 248660
861.781111956, 248583
863.638622999, 245427
865.497937918, 245060
867.354083061, 244328
869.243741035, 244400
871.097086906, 246248
872.960471869, 246995
874.83682704, 249781
876.71885705, 249917
878.620491028, 250001
880.504935026, 249674
882.362030983, 249513
884.230869055, 249668
886.09361887, 249155
887.961465836, 248675
889.81851697, 248820
891.675721884, 250162
893.533553839, 250441
895.384122849, 250297
897.253005981, 249790
899.108690977, 250550
900.96269393, 249248
902.820140839, 249465
904.700618029, 252807
906.561775923, 251619
908.430104971, 251860
910.293726921, 252727
912.141115904, 253456
914.022269964, 252674
915.883075953, 252544
917.75, 251596
919.62410593, 252445
921.844857931, 253245
923.72321701, 253332
925.579051018, 251987
927.444876909, 251189
929.30460906, 251241
931.169179916, 250838
933.037226915, 250050
934.89773488, 250369
936.764639854, 251754
938.627213001, 252086
940.549908876, 252556
942.465692043, 253536
944.394842863, 253823
946.316164017, 255239
948.208642006, 256296
950.089926958, 257169
951.95518589, 255905
953.815331936, 256415
955.684448004, 256680
957.548707008, 255778
959.418967009, 255447
961.272407055, 255507
963.137640953, 254738
964.999666929, 252586
966.861294985, 252964
968.739565849, 252629
970.606937885, 252597
972.466234922, 253095
974.327779055, 253023
976.210494995, 253727
978.087404013, 253766
979.952029943, 254184
981.817657948, 254146
983.679816961, 254143
985.567348003, 255152
987.430248976, 255769
989.300840855, 255964
991.170572042, 255958
993.037103891, 255537
994.924515009, 255838
996.790798903, 258325
998.660886049, 258488
1000.54489899, 258058
1002.41212296, 258346
1004.287462, 257614
1006.15436506, 255821
1008.02166295, 256256
1009.89141202, 254021
1011.789644, 253616
1013.65309691, 251781
1015.52288103, 252156
1017.3898859, 252401
1019.25429201, 252950
1021.14121699, 252690
1023.00889087, 252593
1024.87477803, 252312
1026.73869491, 252310
1028.60188293, 253461
1030.4792819, 251605
1032.33766484, 253885
1034.19800687, 254192
1036.06249189, 254117
1037.92412591, 254006
1039.80339193, 253816
1041.66624999, 251621
1043.52492499, 251888
1045.38679886, 253015
1047.28294897, 252924
1049.16025496, 251488
1051.0279119, 253465
1052.90389991, 251592
1054.76724601, 252757
1056.65222907, 251979
1058.51573992, 252232
1060.40638089, 252952
1062.29589891, 251479
1064.17243099, 251514
1066.05937004, 251426
1067.92533898, 251295
1069.79448295, 251864
1071.65690494, 251186
1073.51641703, 252016
1075.39325905, 252121
1077.25376201, 252012
1079.11496186, 252022
1080.98088288, 252368
1082.87465405, 251650
1084.75308704, 251692
1086.64784288, 251547
1088.52101803, 251339
1090.3998549, 251889
1092.29335189, 252012
