2.98268890381, 50854
4.84443187714, 51293
6.6975710392, 53840
8.55321502686, 55534
10.4134950638, 57951
12.2885699272, 58036
14.1443209648, 58473
16.0098719597, 62328
17.9050910473, 63966
19.7692549229, 67072
21.6372458935, 68668
23.4991490841, 70766
25.3539009094, 73033
27.2088959217, 75714
29.0898458958, 78817
30.9523749352, 82257
32.8039319515, 84977
34.6710140705, 86939
36.5374999046, 88289
38.4144198895, 90753
40.2776999474, 91016
42.1320869923, 93195
43.9908299446, 93637
45.8554010391, 94083
47.7305729389, 95394
49.604831934, 100635
51.4738309383, 100601
53.345566988, 101489
55.2161290646, 101917
57.0887858868, 102767
58.9602749348, 106943
60.8331050873, 115472
62.6915409565, 116596
64.5853340626, 116596
66.4444589615, 117472
68.3219079971, 118098
70.1888699532, 121220
72.0517339706, 124803
73.9273719788, 126362
75.7918169498, 128388
77.6558508873, 128566
79.5173130035, 131713
81.3795368671, 133089
83.263835907, 133729
85.1330699921, 136344
87.0006239414, 138791
88.8626508713, 140426
90.7247130871, 142049
92.5923810005, 140922
94.4532899857, 141396
96.3150839806, 145552
98.1781029701, 145968
100.07088089, 146223
101.933176041, 147330
103.787911892, 150276
105.651876926, 151546
107.513177872, 151677
109.389729977, 153197
111.257349968, 153221
113.118095875, 153846
114.976686001, 154402
116.845436096, 154808
118.728240013, 157247
120.607238054, 158847
122.473644018, 159057
124.342675924, 159174
126.205781937, 159429
128.092639923, 160496
129.967470884, 160673
131.831445932, 162524
133.696132898, 162811
135.585494041, 164020
137.451801062, 165000
139.319613934, 164830
141.19432807, 165524
143.05665493, 166155
144.941662073, 165175
146.815099955, 166011
148.702023983, 167476
150.566087008, 167043
152.436487913, 167308
154.32019496, 168180
156.190448046, 169110
158.065098047, 167864
159.935005903, 169971
161.80478096, 170079
163.678209066, 169116
165.543703079, 171999
167.407963991, 173642
169.264106035, 175267
171.153038025, 176817
173.022759914, 179185
174.890354872, 179503
176.768450022, 179172
178.646334887, 183534
180.537791967, 184373
182.433387995, 185702
184.300354004, 186725
186.15774703, 187825
188.026652098, 190241
189.917659998, 191916
191.780653, 192097
193.657530069, 192116
195.523786068, 192128
197.401140928, 193704
199.264894962, 195894
201.126566887, 195813
202.988259077, 195924
204.840244055, 195389
206.724159002, 195445
208.592459917, 195521
210.457321882, 195290
212.329351902, 196805
214.195170879, 197326
216.078432083, 197380
217.944652081, 199224
219.807018995, 198590
221.666168928, 197931
223.526918888, 197732
225.407084942, 198192
227.269917965, 199261
229.13577795, 198862
230.998710871, 201013
232.862364054, 201465
234.728461981, 201712
236.593939066, 201666
238.460407019, 201331
240.323050022, 203406
242.215633869, 202981
244.088485956, 203792
245.958497047, 203961
247.829164028, 203534
249.702965021, 207098
251.588391066, 206340
253.463344097, 206278
255.333474874, 204123
257.196498871, 203672
259.065464973, 203693
260.946058989, 203205
262.81397295, 205451
264.687241077, 206882
266.555576086, 206223
268.420872927, 207796
270.289998055, 208041
272.152205944, 208217
274.018761873, 208307
275.876427889, 208266
277.773258924, 209600
279.639992952, 210713
281.502171993, 210612
283.376106977, 211537
285.256151915, 209748
287.150413036, 210188
289.01195097, 211004
290.869463921, 210800
292.725600958, 211342
294.60227108, 209911
296.48703599, 210945
298.355696917, 213392
300.230285883, 214141
302.106477022, 214269
303.973399878, 215060
305.84424901, 215170
307.714057922, 217245
309.578561068, 219928
311.435468912, 220707
313.325412989, 221842
315.195713043, 221978
317.062345982, 223599
318.933518887, 222781
320.805043936, 222678
322.685800076, 222882
324.555751085, 221933
326.422633886, 223389
328.285085917, 223254
330.145279884, 223543
332.02078104, 225723
333.881434917, 224795
335.765842915, 224731
337.632509947, 224692
339.491545916, 223657
341.368215084, 224285
343.235957861, 225004
345.107321024, 225533
346.974245071, 225147
348.870686054, 225383
350.733377934, 227271
352.594987869, 227526
354.467716932, 227509
356.338169098, 227527
358.218421936, 226782
360.089379072, 226503
361.952746868, 228028
363.811414003, 228274
365.672724009, 229553
367.550961971, 231254
369.417252064, 232177
371.289371967, 231871
373.156841993, 231376
375.016047955, 232208
376.880537033, 234341
378.745298862, 234353
380.602707863, 233990
382.468546867, 234681
384.355654955, 234342
386.224452972, 234478
388.085926056, 234632
389.955012083, 235652
391.818176031, 235651
393.69620204, 235610
395.555623055, 235451
397.417425871, 235307
399.278976917, 234749
401.150225878, 234806
403.025346994, 234245
404.886158943, 234452
406.75783205, 234455
408.615926027, 232923
410.472836018, 232622
412.342226982, 231703
414.204536915, 233275
416.068049908, 233121
417.932044029, 234573
419.815860987, 235379
421.678261995, 236147
423.543798923, 236369
425.41265893, 237834
427.275794983, 237829
429.161442995, 239786
431.038908005, 240288
432.898458004, 240669
434.755475044, 241303
436.618417025, 243142
438.496180058, 242019
440.362936974, 242351
442.233188868, 242453
444.106765985, 244286
445.983221054, 244343
447.850097895, 244148
449.703221083, 245945
451.563612938, 244452
453.419040918, 244584
455.291433096, 245978
457.159859896, 245837
459.024827003, 246090
460.905664921, 245429
462.773143053, 244435
464.651859999, 244718
466.519900084, 244590
468.386494875, 244648
470.253509998, 244190
472.124057055, 244322
474.006617069, 244053
475.870501995, 244925
477.74209404, 244940
479.618005991, 244854
481.487673044, 245047
483.359283924, 245256
485.223694086, 244554
487.085785866, 244580
488.945110083, 243210
490.83413291, 241032
492.701873064, 241147
494.561003923, 240280
496.42762804, 239787
498.29263401, 240332
500.176642895, 239474
502.043570042, 239260
503.902582884, 239324
505.7600739, 238178
507.626803875, 238206
509.513099909, 240282
511.391265869, 240380
513.270011902, 241012
515.143342018, 244444
517.023216009, 244041
518.895153046, 244209
520.761134863, 242737
522.619220018, 242824
524.477591038, 243040
526.369010925, 240649
528.234397888, 240693
530.101415873, 242875
531.97145009, 243298
533.840965986, 242826
535.736799955, 243585
537.607057095, 243981
539.470424891, 244968
541.333745003, 245011
543.200007915, 245181
545.085141897, 245027
546.952749968, 244804
548.821165085, 245026
550.686114073, 243673
552.548919916, 243575
554.419386864, 243467
556.296710968, 242842
558.157422066, 243369
560.016179085, 243632
561.907922983, 245507
563.771905899, 245228
565.633980989, 243973
567.499234915, 242380
569.361504078, 242696
571.242920876, 242858
573.105998039, 238109
574.968985081, 237911
576.826480865, 237463
578.780626059, 237299
580.659607887, 237076
582.527435064, 236124
584.405700922, 237912
586.28361702, 237930
588.148232937, 237908
590.020726919, 240965
591.884204865, 243983
593.74883008, 243107
595.609920979, 243916
597.497063875, 244074
599.363121033, 244060
601.226521969, 243283
603.14020896, 245333
605.061415911, 246125
606.984735012, 246319
608.88726902, 246692
610.779064894, 246727
612.669312954, 246714
614.563822031, 245565
616.466517925, 248683
618.356235981, 249274
620.232071877, 249366
622.08179307, 249192
623.945177078, 247210
625.818813086, 246529
627.693100929, 247328
629.562267065, 248026
631.418550968, 246695
633.309954882, 245922
635.174911976, 245944
637.037806988, 246886
638.907710075, 247378
640.774463892, 247362
642.655863047, 245886
644.522739887, 248329
646.384959936, 248587
648.248735905, 248587
650.120699883, 249011
652.009082079, 245932
653.887033939, 246357
655.757190943, 245249
657.623635054, 248422
659.489865065, 248577
661.358954906, 248604
663.225241899, 249127
665.088871956, 249504
666.949755907, 249097
668.842689991, 248740
670.718363047, 248756
672.583842039, 249644
674.453209877, 248947
676.321762085, 249930
678.203733921, 249817
680.076200962, 249426
681.944346905, 248510
683.804881096, 249286
685.673404932, 248734
687.558212042, 249205
689.433260918, 247612
691.304538965, 247209
693.173177958, 249218
695.041728973, 250458
696.909559965, 250062
698.773680925, 251999
700.643848896, 251804
702.506397009, 252128
704.390949011, 252641
706.257288933, 252015
708.122478008, 252435
709.991622925, 252837
711.855782986, 252188
713.739934921, 252052
715.610012054, 252234
717.479084015, 251384
719.345231056, 251497
721.21208787, 250780
723.091721058, 252623
724.96101594, 252465
726.836636066, 252099
728.711469889, 252263
730.580125093, 252282
732.448870897, 251888
734.322237968, 249758
736.188940048, 250016
738.046437025, 251088
739.945112944, 251247
741.820523977, 251223
743.686611891, 252112
745.55717206, 252035
747.427290916, 251416
749.315208912, 250316
751.192189932, 250469
753.058311939, 251666
754.926054955, 254253
756.799274921, 253670
758.689178944, 253561
760.556515932, 253602
762.433363914, 253815
764.301387072, 254070
766.163048029, 255197
768.028373003, 254397
769.887502909, 254590
771.74723506, 254641
773.601809978, 253071
775.49294591, 256444
777.359131098, 256730
779.224607944, 256581
781.090946913, 255328
782.958801031, 256307
784.844161034, 256874
786.70186305, 256884
788.568379879, 257219
790.437462091, 257064
792.32813406, 257232
794.221406937, 257844
796.098701954, 256695
797.981653929, 256706
799.856025934, 256898
801.727758884, 255543
803.60215807, 256124
805.469506979, 254465
807.340708971, 253081
809.204606056, 251872
811.101783037, 251927
812.97637105, 252138
814.843288898, 252429
816.718062878, 252222
818.58789897, 252050
820.479894876, 251508
822.344832897, 251226
824.202219963, 251896
826.059911966, 252065
827.932904005, 251198
829.810119867, 251120
831.674768925, 253718
833.544928074, 255766
835.412353992, 256037
837.277601957, 256037
839.147397995, 256243
841.021125078, 255965
842.886621952, 255302
844.750295877, 255174
846.652966976, 255201
848.527112961, 255121
850.387465954, 257016
852.246771097, 256704
854.111571074, 255882
855.990688086, 255733
857.861705065, 254063
859.728616953, 254214
861.586698055, 253760
863.452769041, 254655
865.334603071, 255511
867.196537018, 255434
869.070528984, 255774
870.938771009, 254396
872.804475069, 254694
874.67662406, 254747
876.547515869, 254609
878.415826082, 254728
880.277008057, 254030
882.167325974, 253030
884.037610054, 252156
885.899893999, 253440
887.768992901, 255339
889.630433083, 256398
891.512181997, 256320
893.377255917, 256434
895.237673044, 256708
897.093981028, 255553
898.955615997, 255098
900.845278978, 256009
902.712385893, 256330
904.581654072, 256277
906.449544907, 255808
908.320652008, 256513
910.189022064, 257388
912.056401014, 258985
913.935366869, 259333
915.798971891, 258163
917.688354015, 259869
919.563448906, 261249
921.437398911, 261442
923.309114933, 261445
925.183033943, 262046
927.073904991, 261934
928.949125051, 262124
930.82177496, 262070
932.691804886, 261189
934.58408308, 262322
936.488833904, 263725
938.356857061, 262554
940.231838942, 264061
942.110888004, 263244
943.983713865, 264174
945.847502947, 264859
947.715051889, 263889
949.581094027, 265060
951.439984083, 264752
953.320615053, 265250
955.18889308, 264119
957.063796997, 263567
958.941735029, 264461
960.821372986, 263019
962.707823038, 262870
964.574935913, 262894
966.451942921, 262015
968.335875034, 262072
970.207689047, 263959
972.093775988, 261777
973.963248968, 261009
975.835159063, 258637
977.707031012, 259046
979.574625015, 260604
981.447110891, 260129
983.314336061, 259155
985.181242943, 259166
987.045590878, 258093
988.937290907, 258588
990.811892033, 256951
992.679760933, 257428
994.557013035, 256771
996.455005884, 257661
998.340635061, 258106
1000.21144795, 257851
1002.07776904, 257815
1003.94383192, 258036
1005.81784987, 257132
1007.71106005, 256818
1009.59588909, 256345
1011.47539496, 253879
1013.35368609, 254193
1015.23213291, 254459
1017.12718296, 257004
1019.00386, 256989
1020.87264204, 255006
1022.73826194, 254908
1024.63296199, 255206
1026.50322604, 254705
1028.37471509, 256209
1030.24756408, 253954
1032.11422491, 253906
1034.00576401, 253866
1035.87520289, 253444
1037.74409389, 252516
1039.61338806, 252758
1041.48925304, 252742
1043.37770605, 251502
1045.25075293, 252170
1047.12346697, 252823
1049.08176494, 253233
1050.96190691, 251673
1052.836411, 251593
1054.70805001, 253670
1056.58201098, 252795
1058.45467305, 251948
1060.34650302, 252935
1062.22926903, 252357
1064.10507703, 252893
1065.9842279, 252158
1067.85099792, 253206
1069.74023008, 252920
1071.61086702, 254434
1073.47865486, 253599
1075.34572101, 252856
1077.22186899, 252496
1079.11097503, 251333
1080.98396802, 252126
1082.86011887, 251387
1084.74000597, 252460
1086.60958886, 251714
1088.48277688, 253181
1090.35035992, 253025
1092.22151399, 253522
1094.08989, 253224
