2.96970891953, 48474
4.86909103394, 50731
6.74045300484, 51760
8.62147092819, 52743
10.5014908314, 56166
12.3709230423, 56797
14.2707619667, 59782
16.2260420322, 64556
18.1319589615, 66521
20.0460669994, 67347
21.9784319401, 70831
23.8659348488, 73572
25.755081892, 75050
27.6363768578, 76537
29.5834460258, 77141
31.5243959427, 79209
33.4263429642, 80913
35.2768900394, 81880
37.1365058422, 83227
39.040407896, 83242
41.0261268616, 83342
42.9552340508, 83363
44.8298909664, 85648
46.7106840611, 86268
48.6968648434, 90756
50.6442480087, 91827
52.6059360504, 93656
54.5847139359, 95172
56.4868049622, 99097
58.3918628693, 99804
60.2624509335, 100638
62.1480610371, 105674
64.0262098312, 106362
65.8889529705, 106925
67.7708649635, 107930
69.6471190453, 107951
71.5202388763, 111647
73.3895308971, 113420
75.2680199146, 115657
77.192937851, 117681
79.0978229046, 119052
81.0043008327, 119119
82.9058849812, 124542
84.8037159443, 126100
86.7342059612, 126982
88.6638360023, 128201
90.5310430527, 127372
92.4603769779, 127372
94.346889019, 129382
96.2217209339, 129918
98.1024098396, 130043
99.9750118256, 134504
101.842672825, 134659
103.729765892, 134682
105.595890045, 135907
107.514262915, 135954
109.436110973, 136084
111.298549891, 136761
113.174304962, 137958
115.036196947, 138629
116.893484831, 136515
118.746547937, 137216
120.609020948, 139402
122.506191969, 138993
124.37970686, 139255
126.252236843, 142687
128.125362873, 142891
130.012845993, 144030
131.863564014, 145900
133.719009876, 146682
135.581321955, 146725
137.442775011, 146718
139.324431896, 148198
141.18285203, 148952
143.041744947, 148497
144.893694878, 148495
146.768584013, 149073
148.649989843, 152134
150.511721849, 152504
152.389791965, 153925
154.267536879, 156050
156.18155694, 157033
158.132938862, 160291
160.049232006, 159987
161.974398851, 163954
163.907955885, 163419
165.843696833, 163546
167.763486862, 164396
169.680649042, 164596
171.625551939, 164704
173.552996874, 166845
175.490320921, 167484
177.393731833, 167583
179.254864931, 167405
181.114302874, 166956
182.97029686, 166441
184.850716829, 167134
186.738069057, 169747
188.606354952, 172906
190.470479965, 174887
192.324302912, 176450
194.209128857, 176609
196.074641943, 177961
197.950809956, 179651
199.829071999, 180031
201.720981836, 180244
203.589555979, 180669
205.464452028, 180888
207.32969594, 182783
209.194934845, 182690
211.078095913, 183353
212.956871986, 183353
214.838072062, 183671
216.71698904, 184835
218.641423941, 185249
220.601202965, 186150
222.538260937, 186263
224.476318836, 188397
226.400377989, 187891
228.314909935, 191323
230.241474867, 189612
232.158356905, 190256
234.077033043, 191273
236.003494978, 192440
237.947916031, 192573
239.870115042, 192412
241.796181917, 192462
243.720963001, 192453
245.641024828, 193498
247.579422951, 194252
249.490273952, 193077
251.358388901, 193575
253.212251902, 195675
255.093191862, 195610
256.984519958, 197126
258.854032993, 199112
260.712645054, 198849
262.569164991, 198667
264.445052862, 199860
266.338402987, 200749
268.232998848, 201871
270.091989994, 200479
271.952893019, 201775
273.830679893, 200855
275.702115059, 200488
277.62116003, 201047
279.517003059, 200528
281.368806839, 200563
283.24720788, 202161
285.12191987, 200865
287.010392904, 204113
288.887707949, 204791
290.771963835, 204889
292.698950052, 205574
294.607811928, 205708
296.496068001, 205708
298.355953932, 206444
300.221503973, 206656
302.168584824, 205562
304.067786932, 206955
305.931643009, 205666
307.83848691, 206828
309.79782486, 206212
311.758448839, 207831
313.720252991, 211343
315.673581839, 211360
317.594460964, 212203
319.533790827, 212540
321.45669198, 214339
323.378813982, 214339
325.28686285, 215578
327.210438967, 216317
329.144369841, 216813
331.050431967, 216643
332.92246604, 214322
334.790397882, 214925
336.649276972, 217346
338.522193909, 217259
340.38262105, 218422
342.247517824, 218417
344.131793976, 218447
346.028439045, 219629
347.895689964, 219581
349.767298937, 219568
351.641808033, 219921
353.52063489, 221077
355.413970947, 219530
357.293329954, 219808
359.165287018, 220713
361.033157825, 219384
362.917932034, 220781
364.796536922, 219777
366.655827045, 219979
368.531890869, 222238
370.408665895, 222833
372.266713858, 222687
374.140629053, 224820
376.021371841, 226686
377.900454044, 224035
379.789427996, 224166
381.683018923, 225220
383.554308891, 226378
385.442420959, 227544
387.318343878, 227311
389.17770505, 227583
391.060365915, 227840
392.92702198, 228168
394.792819023, 232702
396.662420034, 232961
398.542227983, 232849
400.439368963, 233603
402.309516907, 233828
404.182337999, 234640
406.052943945, 235147
407.927894831, 238076
409.82852006, 238384
411.712757826, 237747
413.587759018, 238332
415.475514889, 239841
417.404804945, 240366
419.318865061, 240766
421.215883017, 239899
423.103157997, 239915
424.986047983, 239851
426.894445896, 239331
428.767675877, 239858
430.651768923, 240568
432.528985977, 240472
434.427105904, 240168
436.328294039, 240401
438.202445984, 240659
440.073655844, 241718
441.973701954, 241133
443.913120031, 240657
445.810894012, 240544
447.738525867, 242996
449.653390884, 243945
451.545486927, 244222
453.44854784, 243759
455.349369049, 244404
457.23028183, 244822
459.111660004, 244795
461.023196936, 244260
462.958240032, 244412
464.884807825, 243542
466.810372829, 243315
468.712189913, 243280
470.598527908, 243854
472.481415033, 242992
474.355727911, 243321
476.229045868, 243650
478.094306946, 243819
479.956568956, 244017
481.828162909, 244614
483.692841053, 244575
485.557831049, 244484
487.43302083, 244826
489.327587843, 245729
491.207820892, 245960
493.080926895, 246451
494.958591938, 246229
496.845406055, 246170
498.746355057, 247748
500.626148939, 248529
502.498328924, 248064
504.388460875, 247695
506.268568993, 247327
508.151479006, 248121
510.017638922, 247498
511.90019083, 247634
513.778728962, 247255
515.657935858, 246840
517.539888859, 246918
519.404212952, 246806
521.293817997, 246799
523.251286983, 247163
525.216897011, 247147
527.19331193, 246575
529.11045599, 250103
531.113518953, 250043
533.070476055, 250156
535.059052944, 251425
536.970583916, 251999
538.930866003, 253105
540.854933023, 252454
542.768904924, 253875
544.689069033, 253166
546.611665964, 256658
548.487128019, 256276
550.372521877, 253353
552.242562056, 252239
554.226683855, 251672
556.109645844, 252103
557.999532938, 252708
559.895648956, 254055
561.796056986, 256460
563.676674843, 256517
565.555794001, 256320
567.435513973, 257141
569.315841913, 257132
571.207667828, 257331
573.095355988, 255401
574.974966049, 255503
576.845072985, 255439
578.732635975, 256444
580.618854046, 257213
582.491957903, 258374
584.371382952, 258837
586.254780054, 259309
588.133751869, 257738
590.019295931, 258568
591.900733948, 257758
593.817047834, 258506
595.786829948, 258082
597.718811035, 258586
599.592478991, 258097
601.481622934, 258097
603.356691837, 258624
605.233834982, 260893
607.157695055, 260509
609.063907862, 260181
610.97673893, 260223
612.858705997, 260336
614.744498968, 260313
616.641167879, 259477
618.525104046, 260316
620.414293051, 259351
622.305578947, 259292
624.190280914, 259129
626.094471931, 259225
627.991596937, 258763
629.897125006, 260834
631.787107944, 261284
633.698124886, 261868
635.575794935, 261862
637.456591845, 261196
639.339599848, 261613
641.220470905, 261691
643.116067886, 261374
645.008905888, 261934
646.893013954, 261516
648.77797699, 260894
650.665721893, 261288
652.582450867, 261162
654.477478981, 261349
656.36696887, 260313
658.259006977, 258260
660.145884991, 258589
662.053380966, 257255
663.947288036, 257057
665.831012011, 257160
667.725090981, 256979
669.634536982, 256979
671.515544891, 257970
673.396927834, 258704
675.305572033, 258721
677.200903893, 259131
679.097098827, 262599
681.02028203, 262865
682.895243883, 262389
684.770678997, 262260
686.645218849, 261615
688.525225878, 261590
690.392518997, 262045
692.272634983, 262158
694.191838026, 261553
696.071754932, 261175
697.958904982, 260301
699.82801795, 261406
701.701766014, 261427
703.579674006, 261100
705.457727909, 260734
707.318893909, 260761
709.194358826, 260594
711.082823992, 259622
712.980232954, 259046
714.91263485, 258649
716.831374884, 258278
718.747478962, 257733
720.657472849, 257571
722.579596043, 258249
724.512476921, 257730
726.403872013, 257015
728.295840979, 255986
730.193264008, 255856
732.091521978, 256387
734.000684977, 255937
735.881023884, 256400
737.758623838, 256036
739.652243853, 256585
741.561048031, 256551
743.459897995, 256804
745.343706846, 258382
747.236011982, 258267
749.12549305, 258120
751.023637056, 261315
752.900431871, 261975
754.774566889, 262504
756.644943953, 261393
758.519052982, 258294
760.408931971, 257716
762.29021287, 257289
764.183009863, 258375
766.070875883, 259585
767.949102879, 259224
769.845944881, 258857
771.732925892, 260507
773.612563848, 262645
775.495470047, 262325
777.414348841, 261483
779.323932886, 260901
781.217068911, 260766
783.097833872, 260035
784.983297825, 260306
786.889765024, 261008
788.773727894, 261093
790.660547972, 261236
792.546607018, 262620
794.426236868, 262541
796.32309103, 262457
798.203933001, 262379
800.088465929, 262580
801.970366955, 262144
803.851954937, 262307
805.745822906, 262454
807.631701946, 262969
809.511797905, 262007
811.398385048, 260999
813.301403046, 260893
815.2019279, 260894
817.09919405, 260853
818.97962594, 261534
820.859655857, 260991
822.739925861, 262071
824.62244606, 261344
826.49900198, 261433
828.387295008, 262518
830.268461943, 263435
832.164496899, 264029
834.047657013, 264357
835.928663015, 263327
837.804292917, 262756
839.679563046, 261630
841.572691917, 260954
843.460902929, 260105
845.354190826, 260024
847.244982958, 259945
849.14989686, 259943
851.023885965, 260314
852.905478954, 260678
854.786715984, 261136
856.669150829, 261846
858.561842918, 261357
860.444525003, 262548
862.321077824, 260088
864.194062948, 259647
866.076915979, 258880
867.989003897, 259151
869.864995956, 260634
871.728157043, 258646
873.597962856, 258240
875.467808962, 258508
877.371243, 260568
879.260864019, 261990
881.147380829, 261991
883.047724962, 262699
884.959323883, 262763
886.857849836, 265753
888.768733978, 265753
890.667732954, 265860
892.563942909, 265896
894.471256018, 266207
896.35777998, 264342
898.239058971, 264401
900.115145922, 263363
901.997261047, 264939
903.897310019, 265504
905.769981861, 265059
907.655184031, 266333
909.539031029, 266317
911.453171968, 267061
913.340289831, 268998
915.212302923, 269860
917.08216691, 269294
918.959223986, 269676
920.855845928, 271309
922.730372906, 269973
924.61491704, 270064
926.487735033, 269910
928.36350894, 269167
930.257297039, 267534
932.132298946, 266954
934.010613918, 268939
935.889117956, 268045
937.769132853, 266427
939.663516998, 266221
941.536968946, 267014
943.409282923, 266766
945.286882877, 268323
947.15989995, 268271
949.068347931, 267401
950.955749035, 267780
952.831570864, 268438
954.719315052, 269160
956.628305912, 270002
958.510772943, 270229
960.401317835, 272327
962.282879829, 271988
964.174484968, 270964
966.082504988, 271273
967.963966846, 271353
969.891072989, 272039
971.774642944, 272588
973.656060934, 273479
975.547303915, 273166
977.423696041, 272303
979.303438902, 272333
981.186977863, 271580
983.071305037, 269846
984.966696024, 268634
986.859156847, 268101
988.743701935, 267784
990.645787001, 266643
992.55380702, 266923
994.450754881, 266914
996.32258606, 267351
998.194310904, 267461
1000.10624099, 267285
1001.99518585, 267837
1003.92136598, 269014
1005.82142687, 269904
1007.73125792, 270827
1009.59479785, 270580
1011.48955488, 269884
1013.39926505, 268320
1015.31969786, 268374
1017.24023795, 268633
1019.17603493, 269188
1021.10987687, 266844
1023.05767703, 266675
1024.98182702, 266780
1026.90186906, 265402
1028.82905483, 265337
1030.72655892, 264806
1032.62785888, 267901
1034.55923796, 267868
1036.45840192, 268293
1038.38769293, 267679
1040.33589888, 267939
1042.22511697, 265731
1044.12847495, 265573
1046.00452304, 265058
1047.91580892, 264929
1049.82658601, 266012
1051.7240839, 264623
1053.62701297, 264051
1055.53901601, 265278
1057.46614099, 264824
1059.34473491, 264348
1061.21976995, 262903
1063.09733891, 262918
1065.00180888, 263287
1066.87300801, 263287
1068.76043296, 263201
1070.64124084, 262336
1072.51796985, 261928
1074.40383387, 262272
1076.27777886, 262141
1078.16750383, 262141
1080.04163098, 261650
1081.93258595, 260926
1083.84146786, 261138
1085.71551394, 260808
1087.59091783, 260706
1089.47134304, 261540
1091.36076498, 261745
1093.30590296, 261448
1095.18416095, 261408
1097.05650902, 261587
1098.93024206, 261794
1100.83707905, 261050
1102.70531106, 260710
1104.58931899, 261138
1106.47312188, 261573
