0.00293803215027, 7943
0.00494408607483, 7943
0.00697302818298, 7943
0.00897812843323, 7943
0.0110650062561, 7935
0.0132179260254, 7865
0.0153610706329, 7865
0.0182020664215, 7865
0.0208969116211, 7865
0.0229790210724, 7865
0.0256628990173, 7865
0.0278511047363, 7865
0.0299470424652, 7865
0.0322999954224, 7865
0.0343749523163, 7865
0.0369629859924, 7865
0.0643730163574, 7865
0.0670869350433, 7865
0.0694189071655, 7865
0.0716919898987, 7865
0.0738151073456, 7865
0.0758550167084, 7865
0.0778579711914, 7865
0.0798559188843, 7865
0.08185505867, 7865
0.083878993988, 7865
0.0859339237213, 7865
0.0880560874939, 7865
0.0907490253448, 7865
0.0934720039368, 7865
0.0960659980774, 7865
0.0984020233154, 7865
0.100466966629, 7865
0.114491939545, 7865
0.11695599556, 7865
0.119271039963, 7865
0.121511936188, 7865
0.123599052429, 7865
0.125832080841, 7865
0.128010034561, 7865
0.130074977875, 7865
0.132097959518, 7865
0.134145975113, 7865
0.136178970337, 7865
0.138212919235, 7865
0.140269041061, 7865
0.14231801033, 7865
0.14435005188, 7865
0.146395921707, 7865
0.148435115814, 7865
0.150564908981, 7865
0.152586936951, 7865
0.181479930878, 7865
0.18420290947, 7865
0.186842918396, 7865
0.189196109772, 7865
0.191395998001, 7865
0.193821907043, 7865
0.196074962616, 7865
0.198096990585, 7865
0.200153112411, 7865
0.20216012001, 7865
0.204190969467, 7865
0.206234931946, 7865
0.208306074142, 7865
0.210330963135, 7865
0.21235704422, 7865
0.214375019073, 7865
0.216505050659, 7865
0.218539953232, 7865
0.250567913055, 7865
0.252998113632, 7865
0.255291938782, 7865
0.257364034653, 7865
0.259371042252, 7865
0.261414051056, 7865
0.263433933258, 7865
0.265449047089, 7865
0.267476081848, 7865
0.269505977631, 7865
0.271867990494, 7865
0.273955106735, 7865
0.275994062424, 7865
0.278013944626, 7865
0.280048131943, 7865
0.282077074051, 7865
0.284080028534, 7865
0.286595106125, 7865
0.288656949997, 7865
0.314738988876, 7865
0.318443059921, 7865
0.320718050003, 7865
0.322811126709, 7865
0.324825048447, 7865
0.326829910278, 7865
0.328805923462, 7865
0.330784082413, 7865
0.332756996155, 7865
0.33474612236, 7865
0.336720943451, 7865
0.338717937469, 7865
0.340719938278, 7865
0.34271812439, 7865
0.344722032547, 7865
0.346695899963, 7865
0.348669052124, 7865
0.3508040905, 7865
0.352787017822, 7865
0.381488084793, 7865
0.384104013443, 7865
0.386536121368, 7865
0.388767957687, 7865
0.391247987747, 7865
0.393794059753, 7865
0.396040916443, 7865
0.398149967194, 7865
0.400595903397, 7865
0.402903079987, 7865
0.405297040939, 7865
0.407382011414, 7865
0.409649133682, 7865
0.411901950836, 7865
0.414118051529, 7865
0.416177988052, 7865
0.418232917786, 7865
0.467112064362, 7865
0.469195127487, 7865
0.47120308876, 7865
0.473266124725, 7865
0.475296020508, 7865
0.477318048477, 7865
0.479408025742, 7865
0.481410980225, 7865
0.483407020569, 7865
0.485409021378, 7865
0.487416028976, 7865
0.489417076111, 7865
0.49143910408, 7865
0.493443012238, 7865
0.495449066162, 7865
0.497455120087, 7865
0.499460935593, 7865
0.501507043839, 7865
0.503590106964, 7865
0.531289100647, 7865
0.535031080246, 7865
0.537518024445, 7865
0.539808034897, 7865
0.541928052902, 7865
0.543949127197, 7865
0.546003103256, 7865
0.548038959503, 7865
0.55006313324, 7865
0.552084922791, 7865
0.554107904434, 7865
0.556159973145, 7865
0.558192968369, 7865
0.560214996338, 7865
0.562226057053, 7865
0.56423997879, 7865
0.566452980042, 7865
0.56849694252, 7865
0.579786062241, 7865
0.58272600174, 7865
0.585916996002, 7865
0.587907075882, 7865
0.589934110641, 7865
0.591952085495, 7865
0.593976020813, 7865
0.595982074738, 7865
0.598012924194, 7865
0.600018978119, 7865
0.602031946182, 7865
0.604012012482, 7865
0.605993032455, 7865
0.60803604126, 7865
0.609993934631, 7865
0.611979961395, 7865
0.61397600174, 7865
0.615998983383, 7865
0.628931999207, 7865
0.631325006485, 7865
0.633908987045, 7865
0.635983943939, 7865
0.638021945953, 7865
0.640105962753, 7865
0.642163038254, 7865
0.644216060638, 7865
0.646270990372, 7865
0.648342132568, 7865
0.650548934937, 7865
0.652589082718, 7865
0.654618024826, 7865
0.65665102005, 7865
0.658652067184, 7865
0.660732030869, 7865
0.662755966187, 7865
0.664902925491, 7865
0.666925907135, 7865
0.679095983505, 7865
0.692938089371, 7865
0.695046901703, 7865
0.697196006775, 7865
0.699327945709, 7865
0.701384067535, 7865
0.703488111496, 7865
0.705542087555, 7865
0.707808971405, 7865
0.709885120392, 7865
0.71209192276, 7865
0.714226007462, 7865
0.716247081757, 7865
0.732194900513, 7865
0.736607074738, 7865
0.739396095276, 7865
0.741971969604, 7865
0.744336128235, 7865
0.746514081955, 7865
0.748482942581, 7865
0.750510931015, 7865
0.75250005722, 7865
0.754508972168, 7865
0.75655913353, 7865
0.758589029312, 7865
0.76060795784, 7865
0.762628078461, 7865
0.764652013779, 7865
0.766712903976, 7865
0.768778085709, 7865
0.798680067062, 7865
0.802449941635, 7865
0.804708957672, 7865
0.806792020798, 7865
0.808800935745, 7865
0.810791015625, 7865
0.812783956528, 7865
0.814780950546, 7865
0.816772937775, 7865
0.818778991699, 7865
0.820771932602, 7865
0.822760105133, 7865
0.824801921844, 7865
0.826797962189, 7865
0.828794956207, 7865
0.830786943436, 7865
0.832793951035, 7865
0.834860086441, 7865
0.864191055298, 7865
0.866714954376, 7865
0.868978023529, 7865
0.871053934097, 7865
0.8731341362, 7865
0.875303030014, 7865
0.877445936203, 7865
0.879503011703, 7865
0.881560087204, 7865
0.883708953857, 7865
0.885838031769, 7865
0.887897014618, 7865
0.890053033829, 7865
0.892269134521, 7865
0.894316911697, 7865
0.896409988403, 7865
0.898549079895, 7865
0.900753974915, 7865
0.913101911545, 7865
0.91607093811, 7865
0.918317079544, 7865
0.920363903046, 7865
0.922418117523, 7865
0.924606084824, 7865
0.926681041718, 7865
0.928748130798, 7865
0.930872917175, 7865
0.9332010746, 7865
0.935254096985, 7865
0.937283039093, 7865
0.939314126968, 7865
0.941536903381, 7865
0.943730115891, 7865
0.945936918259, 7865
0.948063135147, 7865
0.950119018555, 7865
0.96671295166, 7865
0.969110965729, 7865
0.97124004364, 7865
0.973323106766, 7865
0.975464105606, 7865
0.97752904892, 7865
0.979607105255, 7865
0.982213020325, 7865
0.984429121017, 7865
0.986649990082, 7865
0.988789081573, 7865
0.990855932236, 7865
0.99290895462, 7865
0.994985103607, 7865
0.997059106827, 7865
0.999140024185, 7865
1.00132799149, 7865
1.00353097916, 7865
1.03482604027, 7865
1.03841090202, 7865
1.04127192497, 7865
1.04426813126, 7865
1.04701590538, 7865
1.04980802536, 7865
1.0524289608, 7865
1.0547709465, 7865
1.05733704567, 7865
1.05948209763, 7865
1.06160497665, 7865
1.06381797791, 7865
1.06621694565, 7865
1.06830906868, 7865
1.07059001923, 7865
1.0727751255, 7865
1.09917998314, 7865
1.10174608231, 7865
1.10393691063, 7865
1.10600805283, 7865
1.10816812515, 7865
1.11038613319, 7865
1.11244797707, 7865
1.11448001862, 7865
1.11651206017, 7865
1.11853790283, 7865
1.12060809135, 7865
1.12265992165, 7865
1.12468910217, 7865
1.12672400475, 7865
1.12876296043, 7865
1.13078999519, 7865
1.13283801079, 7865
1.13495993614, 7865
1.13697099686, 7865
1.1661529541, 7865
1.16974496841, 7865
1.17232990265, 7865
1.17473602295, 7865
1.1772480011, 7865
1.17951607704, 7865
1.18156790733, 7865
1.1835899353, 7865
1.1855840683, 7865
1.18762898445, 7865
1.18967795372, 7865
1.19168305397, 7865
1.19368100166, 7865
1.19567394257, 7865
1.19765496254, 7865
1.19963598251, 7865
1.20175004005, 7865
1.20374107361, 7865
1.23564100266, 7865
1.23819303513, 7865
1.24037599564, 7865
1.24240207672, 7865
1.24442505836, 7865
1.24643993378, 7865
1.2484459877, 7865
1.25045108795, 7865
1.25246906281, 7865
1.25447702408, 7865
1.25656890869, 7865
1.25876092911, 7865
1.26076602936, 7865
1.26277303696, 7865
1.26483798027, 7865
1.26684808731, 7865
1.26887011528, 7865
1.2710249424, 7865
1.27307295799, 7865
1.29918408394, 7865
1.30349707603, 7865
1.30627393723, 7865
1.30882191658, 7865
1.31119298935, 7865
1.31337809563, 7865
1.31544589996, 7865
1.31746196747, 7865
1.31946206093, 7865
1.32146406174, 7865
1.32348799706, 7865
1.32550597191, 7865
1.32750201225, 7865
1.32950210571, 7865
1.33149790764, 7865
1.33353304863, 7865
1.33559393883, 7865
1.36588597298, 7865
1.36852908134, 7865
1.37094402313, 7865
1.37313699722, 7865
1.37518906593, 7865
1.37724804878, 7865
1.37981891632, 7865
1.38192510605, 7865
1.38404297829, 7865
1.38624596596, 7865
1.38835000992, 7865
1.39061903954, 7865
1.39304900169, 7865
1.39530897141, 7865
1.3973441124, 7865
1.3995449543, 7865
1.40189695358, 7865
1.40479397774, 7865
1.43049693108, 7865
1.43430089951, 7865
1.4365530014, 7865
1.43855595589, 7865
1.44064712524, 7865
1.44282698631, 7865
1.44500613213, 7865
1.44702100754, 7865
1.44903206825, 7865
1.45105290413, 7865
1.45308804512, 7865
1.45507001877, 7865
1.45709395409, 7865
1.45908212662, 7865
1.46105790138, 7865
1.46304607391, 7865
1.46509003639, 7865
1.4671330452, 7865
1.48781108856, 7865
1.48996496201, 7865
1.49195790291, 7865
1.49395799637, 7865
1.49594902992, 7865
1.49795413017, 7865
1.49995493889, 7865
1.50193595886, 7865
1.5039100647, 7865
1.50588393211, 7865
1.50789093971, 7865
1.5098900795, 7865
1.51186800003, 7865
1.51384711266, 7865
1.51584196091, 7865
1.51783490181, 7865
1.51982498169, 7865
1.52182412148, 7865
1.52402806282, 7865
1.52605009079, 7865
1.55292201042, 7865
1.55541992188, 7865
1.55759310722, 7865
1.55964207649, 7865
1.56165409088, 7865
1.56366109848, 7865
1.5656709671, 7865
1.56767702103, 7865
1.56970310211, 7865
1.57170701027, 7865
1.57376790047, 7865
1.57577991486, 7865
1.57778906822, 7865
1.57979393005, 7865
1.58178901672, 7865
1.58379602432, 7865
1.58585691452, 7865
1.58796596527, 7865
1.59000611305, 7865
1.61616110802, 7865
1.61880207062, 7865
1.62132310867, 7865
1.62358307838, 7865
1.62562608719, 7865
1.62763810158, 7865
1.62962698936, 7865
1.63162994385, 7865
1.63365006447, 7865
1.63565301895, 7865
1.63766002655, 7865
1.63965797424, 7865
1.64172506332, 7865
1.64373397827, 7865
1.64574790001, 7865
1.64777493477, 7865
1.64979600906, 7865
1.65193295479, 7865
1.65396809578, 7865
1.68193793297, 7865
1.68461203575, 7865
1.6870470047, 7865
1.68930792809, 7865
1.69278502464, 7865
1.69550490379, 7865
1.69799304008, 7865
1.70028591156, 7865
1.70236992836, 7865
1.70437002182, 7865
1.70637106895, 7865
1.70837712288, 7865
1.71037697792, 7865
1.71237802505, 7865
1.71438193321, 7865
1.71642303467, 7865
1.71847105026, 7865
1.75386190414, 7865
1.75623011589, 7865
1.75839400291, 7865
1.76044011116, 7865
1.7624669075, 7865
1.76446199417, 7865
1.76646709442, 7865
1.76846504211, 7865
1.77047991753, 7865
1.77247095108, 7865
1.77452611923, 7865
1.77653694153, 7865
1.77852892876, 7865
1.78051805496, 7865
1.78251409531, 7865
1.78450202942, 7865
1.78648495674, 7865
1.78853106499, 7865
1.79055500031, 7865
1.81580495834, 7865
1.81840491295, 7865
1.82076191902, 7865
1.82301592827, 7865
1.82506608963, 7865
1.82706308365, 7865
1.82906699181, 7865
1.83106803894, 7865
1.83307003975, 7865
1.83507204056, 7865
1.8371219635, 7865
1.83910894394, 7865
1.84111595154, 7865
1.84312605858, 7865
1.84511494637, 7865
1.8471159935, 7865
1.84910011292, 7865
1.85119795799, 7865
1.85321807861, 7865
1.8817551136, 7865
1.88447403908, 7865
1.88702011108, 7865
1.88918209076, 7865
1.89125108719, 7865
1.8934841156, 7865
1.89574313164, 7865
1.89774298668, 7865
1.89975190163, 7865
1.90176105499, 7865
1.90375709534, 7865
1.90575003624, 7865
1.90777993202, 7865
1.90982508659, 7865
1.91187810898, 7865
1.91396808624, 7865
1.91602301598, 7865
1.91810703278, 7865
1.94776701927, 7865
1.95044994354, 7865
1.95313501358, 7865
1.95520401001, 7865
1.95740294456, 7865
1.9595220089, 7865
1.96159696579, 7865
1.96365904808, 7865
1.96575593948, 7865
1.9678311348, 7865
1.96986794472, 7865
1.97195291519, 7865
1.97400403023, 7865
1.97604990005, 7865
1.97808909416, 7865
1.98011898994, 7865
1.98216795921, 7865
1.98503303528, 7865
2.01970601082, 7865
2.02238106728, 7865
2.02468299866, 7865
2.02673697472, 7865
2.02880191803, 7865
2.03082990646, 7865
2.03404307365, 7865
2.03655099869, 7865
2.03924608231, 7865
2.04192900658, 7865
2.04437994957, 7865
2.04669094086, 7865
2.04881906509, 7865
2.0508980751, 7865
2.0529820919, 7865
2.05512690544, 7865
2.05724692345, 7865
2.08284211159, 7865
2.08518505096, 7865
2.0873029232, 7865
2.08935308456, 7865
2.09145307541, 7865
2.09356212616, 7865
2.09571695328, 7865
2.09785890579, 7865
2.09994101524, 7865
2.10221600533, 7865
2.10426902771, 7865
2.10631203651, 7865
2.10848093033, 7865
2.11060190201, 7865
2.11275291443, 7865
2.11486005783, 7865
2.11697006226, 7865
2.11907410622, 7865
2.14944601059, 7865
2.15216708183, 7865
2.15459299088, 7865
2.1567709446, 7865
2.15891194344, 7865
2.16099905968, 7865
2.16307711601, 7865
2.16513705254, 7865
2.1672270298, 7865
2.16945695877, 7865
2.17147612572, 7865
2.17355513573, 7865
2.17577600479, 7865
2.17786097527, 7865
2.18008303642, 7865
2.18212103844, 7865
2.18425011635, 7865
2.18624591827, 7865
2.21544194221, 7865
2.21807408333, 7865
2.22042798996, 7865
2.2225830555, 7865
2.22463202477, 7865
2.2266459465, 7865
2.22865509987, 7865
2.23066091537, 7865
2.23268604279, 7865
2.23467612267, 7865
2.23666191101, 7865
2.23870491982, 7865
2.24076199532, 7865
2.24275302887, 7865
2.24475502968, 7865
2.24675393105, 7865
2.24875593185, 7865
2.25086092949, 7865
2.25287294388, 7865
2.28490710258, 7865
2.287733078, 7865
2.29036808014, 7865
2.29303407669, 7865
2.29549002647, 7865
2.29775309563, 7865
2.29980707169, 7865
2.30183792114, 7865
2.30385613441, 7865
2.30586695671, 7865
2.30823612213, 7865
2.31025290489, 7865
2.31224799156, 7865
2.31423211098, 7865
2.31622195244, 7865
2.31821012497, 7865
2.32031607628, 7865
2.32230997086, 7865
2.3493680954, 7865
2.35208702087, 7865
2.3546500206, 7865
2.35709095001, 7865
2.3591299057, 7865
2.36115098, 7865
2.36316895485, 7865
2.36517691612, 7865
2.36730504036, 7865
2.36932611465, 7865
2.37134790421, 7865
2.37335896492, 7865
2.3754029274, 7865
2.37741708755, 7865
2.37942910194, 7865
2.38143491745, 7865
2.3834400177, 7865
2.38555908203, 7865
2.38767290115, 7865
2.41473412514, 7865
2.41741108894, 7865
2.41983103752, 7865
2.42210912704, 7865
2.42414999008, 7865
2.42616701126, 7865
2.42824196815, 7865
2.43024802208, 7865
2.43227100372, 7865
2.43429708481, 7865
2.43633294106, 7865
2.43833112717, 7865
2.44036793709, 7865
2.44236207008, 7865
2.44442200661, 7865
2.44644498825, 7865
2.44844603539, 7865
2.45058703423, 7865
2.45260190964, 7865
2.48191308975, 7865
2.48460292816, 7865
2.48703503609, 7865
2.48922491074, 7865
2.49130392075, 7865
2.49346995354, 7865
2.49547290802, 7865
2.4975399971, 7865
2.49958491325, 7865
2.50162696838, 7865
2.50364995003, 7865
2.50566601753, 7865
2.50771212578, 7865
2.50972700119, 7865
2.51172709465, 7865
2.5137450695, 7865
2.51575994492, 7865
2.51785612106, 7865
2.51985311508, 7865
2.52419304848, 7865
2.52628612518, 7865
2.52831506729, 7865
2.53033208847, 7865
2.53235411644, 7865
2.53438210487, 7865
2.53642606735, 7865
2.53841590881, 7865
2.5404510498, 7865
2.54265594482, 7865
2.54472398758, 7865
2.5468249321, 7865
2.54907107353, 7865
2.55125308037, 7865
2.5532989502, 7865
2.55532193184, 7865
2.55735397339, 7865
2.55948495865, 7865
2.56147694588, 7865
2.58300900459, 7865
2.58561491966, 7865
2.58795905113, 7865
2.59016704559, 7865
2.59217500687, 7865
2.59417390823, 7865
2.59619808197, 7865
2.59820103645, 7865
2.60019302368, 7865
2.60218000412, 7865
2.60418391228, 7865
2.60620999336, 7865
2.60820007324, 7865
2.61017990112, 7865
2.61217808723, 7865
2.61414909363, 7865
2.61615204811, 7865
2.6182179451, 7865
2.62021398544, 7865
2.64842510223, 7865
2.65102601051, 7865
2.65333604813, 7865
2.65546512604, 7865
2.65752410889, 7865
2.65955591202, 7865
2.66157913208, 7865
2.6636030674, 7865
2.66562509537, 7865
2.66763401031, 7865
2.6696460247, 7865
2.6716530323, 7865
2.67372608185, 7865
2.67572402954, 7865
2.67771601677, 7865
2.679708004, 7865
2.68169999123, 7865
2.68379712105, 7865
2.68579602242, 7865
2.69730305672, 7865
2.6995370388, 7865
2.70163011551, 7865
2.70366191864, 7865
2.70569109917, 7865
2.70776891708, 7865
2.70979404449, 7865
2.71178913116, 7865
2.71379113197, 7865
2.71581792831, 7865
2.71782302856, 7865
2.71982002258, 7865
2.72184300423, 7865
2.72389507294, 7865
2.72590899467, 7865
2.72791290283, 7865
2.72991013527, 7865
2.73207712173, 7865
2.73409795761, 7865
2.74049711227, 7865
2.74294304848, 7865
2.74517297745, 7865
2.747371912, 7865
2.74938797951, 7865
2.75140690804, 7865
2.75342798233, 7865
2.75543498993, 7865
2.75751590729, 7865
2.7596719265, 7865
2.76167798042, 7865
2.76379394531, 7865
2.76675701141, 7865
2.76955008507, 7865
2.77155709267, 7865
2.77376890182, 7865
2.77612900734, 7865
2.77857708931, 7865
2.79914808273, 7865
2.80190205574, 7865
2.80441212654, 7865
2.8065559864, 7865
2.80858898163, 7865
2.81061506271, 7865
2.8126180172, 7865
2.81462597847, 7865
2.8166270256, 7865
2.81863307953, 7865
2.82065296173, 7865
2.8226749897, 7865
2.82470393181, 7865
2.82673096657, 7865
2.82873511314, 7865
2.83075094223, 7865
2.83276510239, 7865
2.8348801136, 7865
2.83690190315, 7865
2.86602401733, 7865
2.86869502068, 7865
2.8711180687, 7865
2.87333393097, 7865
2.87540006638, 7865
2.87741208076, 7865
2.87948608398, 7865
2.88150691986, 7865
2.88350391388, 7865
2.88548207283, 7865
2.88746809959, 7865
2.88944292068, 7865
2.89144492149, 7865
2.89340090752, 7865
2.89537096024, 7865
2.89734601974, 7865
2.89932012558, 7865
2.90142393112, 7865
2.90340995789, 7865
2.9333999157, 7865
2.93700313568, 7865
2.93926811218, 7865
2.94138407707, 7865
2.94338512421, 7865
2.94536805153, 7865
2.94735908508, 7865
2.9493830204, 7865
2.95138311386, 7865
2.95344305038, 7865
2.95544791222, 7865
2.95745611191, 7865
2.95945692062, 7865
2.96143507957, 7865
2.96341609955, 7865
2.96539902687, 7865
2.96737790108, 7865
2.96946811676, 7865
2.9714550972, 7865
2.99715900421, 7865
2.99997711182, 7865
3.00241613388, 7865
3.00517201424, 7865
3.00768494606, 7865
3.00996613503, 7865
3.01207304001, 7865
3.01409506798, 7865
3.01614403725, 7865
3.01817011833, 7865
3.02018904686, 7865
3.02221012115, 7865
3.02430796623, 7865
3.02632498741, 7865
3.02835011482, 7865
3.03037190437, 7865
3.03247308731, 7865
3.03448104858, 7865
3.04999303818, 7865
3.05342102051, 7865
3.05558395386, 7865
3.05773591995, 7865
3.05978107452, 7865
3.0617890358, 7865
3.06377196312, 7865
3.0657479763, 7865
3.06773400307, 7865
3.06974101067, 7865
3.07172107697, 7865
3.0736989975, 7865
3.07571911812, 7865
3.07769393921, 7865
3.07965993881, 7865
3.08163404465, 7865
3.08360910416, 7865
3.08571696281, 7865
3.08769702911, 7865
3.11586809158, 7865
3.1194729805, 7865
3.12169599533, 7865
3.12375497818, 7865
3.12578701973, 7865
3.12782692909, 7865
3.12984991074, 7865
3.13187193871, 7865
3.13391494751, 7865
3.13593411446, 7865
3.1379339695, 7865
3.13998699188, 7865
3.14203190804, 7865
3.14403891563, 7865
3.14604210854, 7865
3.14806294441, 7865
3.1501250267, 7865
3.15219593048, 7865
3.18165707588, 7865
3.18440008163, 7865
3.18684792519, 7865
3.18905305862, 7865
3.1911110878, 7865
3.19322800636, 7865
3.19530296326, 7865
3.19754290581, 7865
3.19958090782, 7865
3.20160007477, 7865
3.20362305641, 7865
3.20563793182, 7865
3.2077050209, 7865
3.20974493027, 7865
3.21176695824, 7865
3.21377205849, 7865
3.21578192711, 7865
3.21789813042, 7865
3.21991205215, 7865
3.24911308289, 7865
3.25228691101, 7865
3.25472998619, 7865
3.25701212883, 7865
3.25909090042, 7865
3.2610809803, 7865
3.26307702065, 7865
3.26506400108, 7865
3.26706004143, 7865
3.26905703545, 7865
3.27103495598, 7865
3.27302002907, 7865
3.2750210762, 7865
3.27699995041, 7865
3.27898001671, 7865
3.28100705147, 7865
3.28299307823, 7865
3.28512907028, 7865
3.28711605072, 7865
3.31785297394, 7865
3.32072997093, 7865
3.32383513451, 7865
3.32651591301, 7865
3.3289899826, 7865
3.33128190041, 7865
3.33334112167, 7865
3.33539509773, 7865
3.33741092682, 7865
3.33942699432, 7865
3.3414709568, 7865
3.34351992607, 7865
3.34554409981, 7865
3.34756398201, 7865
3.34958600998, 7865
3.35160708427, 7865
3.35374093056, 7865
3.35577511787, 7865
3.3827290535, 7865
3.38541412354, 7865
3.38790893555, 7865
3.39017605782, 7865
3.39221191406, 7865
3.39420390129, 7865
3.39619803429, 7865
3.39819002151, 7865
3.40019011497, 7865
3.40220713615, 7865
3.40422797203, 7865
3.406208992, 7865
3.40822505951, 7865
3.41022896767, 7865
3.41220903397, 7865
3.41419410706, 7865
3.41617298126, 7865
3.41828799248, 7865
3.42027497292, 7865
3.44981098175, 7865
3.45347690582, 7865
3.45573091507, 7865
3.4577960968, 7865
3.45980906487, 7865
3.46179103851, 7865
3.46377301216, 7865
3.46575403214, 7865
3.46773695946, 7865
3.46974110603, 7865
3.4717130661, 7865
3.47375106812, 7865
3.47575592995, 7865
3.47773909569, 7865
3.47974705696, 7865
3.48173308372, 7865
3.48372602463, 7865
3.48587203026, 7865
3.48786592484, 7865
3.51672196388, 7865
3.51987409592, 7865
3.52201104164, 7865
3.52407813072, 7865
3.52605509758, 7865
3.52805900574, 7865
3.53005290031, 7865
3.53203606606, 7865
3.53403306007, 7865
3.53603100777, 7865
3.53806400299, 7865
