0.00661110877991, [3.0, 2.0, 14.0, 13.0, 16.0, 1.0, 8.0, 4.0, 12.0, 7.0, 6.0, 15.0, 5.0, 10.0, 9.0, 11.0]
0.0103611946106, [3.0, 2.0, 14.0, 13.0, 16.0, 12.0, 4.0, 8.0, 1.0, 7.0, 6.0, 15.0, 5.0, 10.0, 9.0, 11.0]
0.0137450695038, [3.0, 2.0, 14.0, 13.0, 16.0, 12.0, 4.0, 8.0, 1.0, 7.0, 6.0, 15.0, 5.0, 10.0, 9.0, 11.0]
0.0178921222687, [3.0, 2.0, 14.0, 13.0, 7.0, 1.0, 8.0, 4.0, 12.0, 16.0, 6.0, 15.0, 5.0, 10.0, 9.0, 11.0]
0.0214691162109, [3.0, 2.0, 14.0, 13.0, 7.0, 1.0, 8.0, 4.0, 12.0, 16.0, 6.0, 15.0, 5.0, 10.0, 9.0, 11.0]
0.0254402160645, [3.0, 2.0, 14.0, 13.0, 7.0, 1.0, 8.0, 12.0, 4.0, 16.0, 6.0, 15.0, 5.0, 10.0, 9.0, 11.0]
0.0285620689392, [3.0, 5.0, 15.0, 6.0, 16.0, 4.0, 12.0, 8.0, 1.0, 7.0, 13.0, 14.0, 2.0, 10.0, 9.0, 11.0]
0.0317821502686, [3.0, 5.0, 15.0, 4.0, 16.0, 6.0, 12.0, 8.0, 1.0, 7.0, 13.0, 14.0, 2.0, 10.0, 9.0, 11.0]
0.0425631999969, [3.0, 5.0, 15.0, 4.0, 14.0, 13.0, 7.0, 1.0, 8.0, 12.0, 6.0, 16.0, 2.0, 10.0, 9.0, 11.0]
0.045538187027, [3.0, 5.0, 15.0, 4.0, 8.0, 1.0, 7.0, 13.0, 14.0, 12.0, 6.0, 16.0, 2.0, 10.0, 9.0, 11.0]
0.0485081672668, [3.0, 5.0, 15.0, 4.0, 8.0, 1.0, 2.0, 16.0, 6.0, 12.0, 14.0, 13.0, 7.0, 10.0, 9.0, 11.0]
0.0513432025909, [3.0, 15.0, 5.0, 4.0, 8.0, 1.0, 2.0, 16.0, 6.0, 12.0, 14.0, 13.0, 7.0, 10.0, 9.0, 11.0]
0.0541942119598, [3.0, 15.0, 5.0, 4.0, 8.0, 1.0, 7.0, 13.0, 14.0, 12.0, 6.0, 16.0, 2.0, 10.0, 9.0, 11.0]
0.0571432113647, [3.0, 15.0, 14.0, 13.0, 7.0, 1.0, 8.0, 4.0, 5.0, 12.0, 6.0, 16.0, 2.0, 10.0, 9.0, 11.0]
0.0605301856995, [3.0, 15.0, 14.0, 13.0, 7.0, 1.0, 8.0, 4.0, 5.0, 12.0, 6.0, 16.0, 2.0, 10.0, 9.0, 11.0]
0.0633890628815, [3.0, 15.0, 14.0, 13.0, 7.0, 1.0, 8.0, 4.0, 5.0, 12.0, 6.0, 16.0, 2.0, 10.0, 9.0, 11.0]
0.0662631988525, [3.0, 15.0, 14.0, 13.0, 7.0, 1.0, 8.0, 4.0, 10.0, 2.0, 16.0, 6.0, 12.0, 5.0, 9.0, 11.0]
0.0691180229187, [3.0, 15.0, 14.0, 13.0, 16.0, 2.0, 10.0, 4.0, 8.0, 1.0, 7.0, 6.0, 12.0, 5.0, 9.0, 11.0]
0.0720171928406, [3.0, 15.0, 14.0, 13.0, 16.0, 7.0, 1.0, 8.0, 4.0, 10.0, 2.0, 6.0, 12.0, 5.0, 9.0, 11.0]
0.0748200416565, [3.0, 4.0, 8.0, 1.0, 7.0, 16.0, 13.0, 14.0, 15.0, 10.0, 2.0, 6.0, 12.0, 5.0, 9.0, 11.0]
0.0941281318665, [3.0, 4.0, 2.0, 10.0, 15.0, 14.0, 13.0, 16.0, 7.0, 1.0, 8.0, 6.0, 12.0, 5.0, 9.0, 11.0]
0.0969941616058, [3.0, 4.0, 2.0, 10.0, 15.0, 14.0, 13.0, 7.0, 16.0, 1.0, 8.0, 6.0, 12.0, 5.0, 9.0, 11.0]
0.0999350547791, [3.0, 4.0, 2.0, 10.0, 15.0, 14.0, 6.0, 8.0, 1.0, 16.0, 7.0, 13.0, 12.0, 5.0, 9.0, 11.0]
0.102761030197, [3.0, 4.0, 10.0, 2.0, 15.0, 14.0, 6.0, 8.0, 1.0, 16.0, 7.0, 13.0, 12.0, 5.0, 9.0, 11.0]
0.105725049973, [3.0, 4.0, 10.0, 2.0, 15.0, 14.0, 6.0, 16.0, 1.0, 8.0, 7.0, 13.0, 12.0, 5.0, 9.0, 11.0]
0.108583211899, [3.0, 4.0, 10.0, 2.0, 15.0, 14.0, 6.0, 12.0, 13.0, 7.0, 8.0, 1.0, 16.0, 5.0, 9.0, 11.0]
0.111409187317, [3.0, 4.0, 10.0, 8.0, 7.0, 13.0, 12.0, 6.0, 14.0, 15.0, 2.0, 1.0, 16.0, 5.0, 9.0, 11.0]
0.114253044128, [3.0, 4.0, 10.0, 8.0, 12.0, 13.0, 7.0, 6.0, 14.0, 15.0, 2.0, 1.0, 16.0, 5.0, 9.0, 11.0]
0.117181062698, [3.0, 4.0, 5.0, 16.0, 1.0, 2.0, 15.0, 14.0, 6.0, 7.0, 13.0, 12.0, 8.0, 10.0, 9.0, 11.0]
0.120145082474, [3.0, 4.0, 5.0, 16.0, 1.0, 2.0, 15.0, 14.0, 6.0, 7.0, 13.0, 12.0, 8.0, 10.0, 9.0, 11.0]
0.122991085052, [3.0, 4.0, 6.0, 14.0, 15.0, 2.0, 1.0, 16.0, 5.0, 7.0, 13.0, 12.0, 8.0, 10.0, 9.0, 11.0]
0.126049041748, [3.0, 4.0, 6.0, 14.0, 15.0, 2.0, 1.0, 16.0, 13.0, 7.0, 5.0, 12.0, 8.0, 10.0, 9.0, 11.0]
0.144032001495, [3.0, 4.0, 6.0, 14.0, 15.0, 2.0, 1.0, 16.0, 13.0, 7.0, 5.0, 12.0, 8.0, 10.0, 9.0, 11.0]
0.147485017776, [3.0, 4.0, 6.0, 14.0, 15.0, 2.0, 1.0, 5.0, 7.0, 13.0, 16.0, 12.0, 8.0, 10.0, 9.0, 11.0]
0.150603055954, [3.0, 4.0, 6.0, 14.0, 15.0, 2.0, 1.0, 12.0, 16.0, 13.0, 7.0, 5.0, 8.0, 10.0, 9.0, 11.0]
0.153709173203, [3.0, 1.0, 2.0, 15.0, 14.0, 6.0, 4.0, 12.0, 16.0, 13.0, 7.0, 5.0, 8.0, 10.0, 9.0, 11.0]
0.156814098358, [3.0, 1.0, 2.0, 15.0, 14.0, 6.0, 4.0, 12.0, 16.0, 5.0, 7.0, 13.0, 8.0, 10.0, 9.0, 11.0]
0.159919023514, [3.0, 1.0, 2.0, 15.0, 6.0, 14.0, 4.0, 12.0, 16.0, 5.0, 7.0, 13.0, 8.0, 10.0, 9.0, 11.0]
0.162862062454, [3.0, 1.0, 13.0, 7.0, 5.0, 16.0, 12.0, 4.0, 14.0, 6.0, 15.0, 2.0, 8.0, 10.0, 9.0, 11.0]
0.165912151337, [3.0, 1.0, 13.0, 7.0, 5.0, 16.0, 12.0, 4.0, 2.0, 15.0, 6.0, 14.0, 8.0, 10.0, 9.0, 11.0]
0.169020175934, [3.0, 1.0, 10.0, 8.0, 14.0, 6.0, 15.0, 2.0, 4.0, 12.0, 16.0, 5.0, 7.0, 13.0, 9.0, 11.0]
0.172013998032, [3.0, 1.0, 10.0, 16.0, 12.0, 4.0, 2.0, 15.0, 6.0, 14.0, 8.0, 5.0, 7.0, 13.0, 9.0, 11.0]
0.174993991852, [3.0, 1.0, 10.0, 16.0, 12.0, 15.0, 2.0, 4.0, 6.0, 14.0, 8.0, 5.0, 7.0, 13.0, 9.0, 11.0]
0.193788051605, [3.0, 10.0, 1.0, 16.0, 12.0, 15.0, 2.0, 4.0, 6.0, 14.0, 8.0, 5.0, 7.0, 13.0, 9.0, 11.0]
0.197323083878, [3.0, 10.0, 1.0, 13.0, 7.0, 5.0, 8.0, 14.0, 6.0, 4.0, 2.0, 15.0, 12.0, 16.0, 9.0, 11.0]
0.200508117676, [3.0, 10.0, 1.0, 13.0, 7.0, 5.0, 8.0, 16.0, 12.0, 15.0, 2.0, 4.0, 6.0, 14.0, 9.0, 11.0]
0.203535079956, [3.0, 10.0, 1.0, 13.0, 2.0, 15.0, 12.0, 16.0, 8.0, 5.0, 7.0, 4.0, 6.0, 14.0, 9.0, 11.0]
0.206737995148, [3.0, 10.0, 1.0, 13.0, 2.0, 15.0, 12.0, 16.0, 8.0, 5.0, 7.0, 4.0, 6.0, 14.0, 9.0, 11.0]
0.209841012955, [3.0, 10.0, 1.0, 13.0, 2.0, 15.0, 12.0, 16.0, 8.0, 5.0, 7.0, 4.0, 6.0, 14.0, 9.0, 11.0]
0.212767124176, [3.0, 10.0, 1.0, 13.0, 2.0, 15.0, 12.0, 16.0, 8.0, 5.0, 7.0, 4.0, 6.0, 14.0, 9.0, 11.0]
0.215671062469, [3.0, 10.0, 1.0, 13.0, 2.0, 5.0, 8.0, 16.0, 12.0, 15.0, 7.0, 4.0, 6.0, 14.0, 9.0, 11.0]
0.218527078629, [3.0, 10.0, 16.0, 8.0, 5.0, 2.0, 13.0, 1.0, 12.0, 15.0, 7.0, 4.0, 6.0, 14.0, 9.0, 11.0]
0.221462011337, [3.0, 10.0, 16.0, 8.0, 5.0, 2.0, 13.0, 1.0, 12.0, 15.0, 7.0, 4.0, 6.0, 14.0, 9.0, 11.0]
0.224287986755, [3.0, 10.0, 13.0, 2.0, 5.0, 8.0, 16.0, 1.0, 12.0, 15.0, 7.0, 4.0, 6.0, 14.0, 9.0, 11.0]
0.227223157883, [3.0, 15.0, 12.0, 1.0, 16.0, 8.0, 5.0, 2.0, 13.0, 10.0, 7.0, 4.0, 6.0, 14.0, 9.0, 11.0]
0.245931148529, [3.0, 15.0, 12.0, 1.0, 16.0, 8.0, 14.0, 6.0, 4.0, 7.0, 10.0, 13.0, 2.0, 5.0, 9.0, 11.0]
0.248846054077, [3.0, 15.0, 4.0, 6.0, 14.0, 8.0, 16.0, 1.0, 12.0, 7.0, 10.0, 13.0, 2.0, 5.0, 9.0, 11.0]
0.251794099808, [3.0, 15.0, 4.0, 16.0, 8.0, 14.0, 6.0, 1.0, 12.0, 7.0, 10.0, 13.0, 2.0, 5.0, 9.0, 11.0]
0.254858016968, [3.0, 15.0, 4.0, 16.0, 8.0, 14.0, 6.0, 13.0, 10.0, 7.0, 12.0, 1.0, 2.0, 5.0, 9.0, 11.0]
0.257980108261, [3.0, 15.0, 4.0, 13.0, 6.0, 14.0, 8.0, 16.0, 10.0, 7.0, 12.0, 1.0, 2.0, 5.0, 9.0, 11.0]
0.261120080948, [3.0, 15.0, 4.0, 13.0, 6.0, 14.0, 8.0, 16.0, 10.0, 7.0, 12.0, 5.0, 2.0, 1.0, 9.0, 11.0]
0.264124155045, [3.0, 15.0, 4.0, 13.0, 6.0, 14.0, 8.0, 16.0, 10.0, 7.0, 12.0, 5.0, 2.0, 1.0, 9.0, 11.0]
0.267385005951, [3.0, 15.0, 4.0, 13.0, 6.0, 14.0, 12.0, 7.0, 10.0, 16.0, 8.0, 5.0, 2.0, 1.0, 9.0, 11.0]
0.270490169525, [3.0, 15.0, 4.0, 13.0, 6.0, 14.0, 12.0, 1.0, 2.0, 5.0, 8.0, 16.0, 10.0, 7.0, 9.0, 11.0]
0.273532152176, [3.0, 15.0, 4.0, 13.0, 14.0, 6.0, 12.0, 1.0, 2.0, 5.0, 8.0, 16.0, 10.0, 7.0, 9.0, 11.0]
0.276567220688, [3.0, 15.0, 4.0, 13.0, 14.0, 6.0, 12.0, 1.0, 2.0, 5.0, 8.0, 16.0, 10.0, 7.0, 9.0, 11.0]
0.279491186142, [3.0, 15.0, 12.0, 6.0, 14.0, 13.0, 4.0, 1.0, 2.0, 5.0, 8.0, 16.0, 10.0, 7.0, 9.0, 11.0]
0.295625209808, [3.0, 15.0, 12.0, 6.0, 14.0, 10.0, 16.0, 8.0, 5.0, 2.0, 1.0, 4.0, 13.0, 7.0, 9.0, 11.0]
0.299334049225, [3.0, 15.0, 1.0, 2.0, 5.0, 8.0, 16.0, 10.0, 14.0, 6.0, 12.0, 4.0, 13.0, 7.0, 9.0, 11.0]
0.30263710022, [3.0, 15.0, 1.0, 2.0, 5.0, 8.0, 16.0, 10.0, 14.0, 6.0, 12.0, 4.0, 13.0, 7.0, 9.0, 11.0]
0.305646181107, [3.0, 15.0, 16.0, 8.0, 5.0, 2.0, 1.0, 10.0, 14.0, 6.0, 12.0, 4.0, 13.0, 7.0, 9.0, 11.0]
0.308705091476, [3.0, 10.0, 1.0, 2.0, 5.0, 8.0, 16.0, 15.0, 14.0, 6.0, 12.0, 4.0, 13.0, 7.0, 9.0, 11.0]
0.31164598465, [3.0, 10.0, 1.0, 2.0, 5.0, 14.0, 15.0, 16.0, 8.0, 6.0, 12.0, 4.0, 13.0, 7.0, 9.0, 11.0]
0.314619064331, [3.0, 10.0, 1.0, 2.0, 5.0, 14.0, 15.0, 6.0, 8.0, 16.0, 12.0, 4.0, 13.0, 7.0, 9.0, 11.0]
0.317435026169, [3.0, 10.0, 14.0, 5.0, 2.0, 1.0, 15.0, 6.0, 8.0, 16.0, 12.0, 4.0, 13.0, 7.0, 9.0, 11.0]
0.32027721405, [3.0, 10.0, 14.0, 5.0, 16.0, 8.0, 6.0, 15.0, 1.0, 2.0, 12.0, 4.0, 13.0, 7.0, 9.0, 11.0]
0.323140144348, [3.0, 10.0, 14.0, 12.0, 2.0, 1.0, 15.0, 6.0, 8.0, 16.0, 5.0, 4.0, 13.0, 7.0, 9.0, 11.0]
0.326086044312, [3.0, 10.0, 14.0, 2.0, 12.0, 1.0, 15.0, 6.0, 8.0, 16.0, 5.0, 4.0, 13.0, 7.0, 9.0, 11.0]
0.349292993546, [3.0, 10.0, 14.0, 2.0, 12.0, 1.0, 4.0, 5.0, 16.0, 8.0, 6.0, 15.0, 13.0, 7.0, 9.0, 11.0]
0.352341175079, [3.0, 10.0, 14.0, 2.0, 12.0, 1.0, 4.0, 16.0, 5.0, 8.0, 6.0, 15.0, 13.0, 7.0, 9.0, 11.0]
0.355427026749, [3.0, 2.0, 14.0, 10.0, 12.0, 1.0, 4.0, 16.0, 5.0, 8.0, 6.0, 15.0, 13.0, 7.0, 9.0, 11.0]
0.358757019043, [3.0, 2.0, 14.0, 10.0, 12.0, 1.0, 4.0, 16.0, 5.0, 8.0, 6.0, 15.0, 13.0, 7.0, 9.0, 11.0]
0.361743211746, [3.0, 2.0, 7.0, 13.0, 15.0, 6.0, 8.0, 5.0, 16.0, 4.0, 1.0, 12.0, 10.0, 14.0, 9.0, 11.0]
0.364606142044, [3.0, 2.0, 7.0, 13.0, 15.0, 5.0, 8.0, 6.0, 16.0, 4.0, 1.0, 12.0, 10.0, 14.0, 9.0, 11.0]
0.367500066757, [3.0, 2.0, 7.0, 4.0, 16.0, 6.0, 8.0, 5.0, 15.0, 13.0, 1.0, 12.0, 10.0, 14.0, 9.0, 11.0]
0.370338201523, [3.0, 10.0, 12.0, 1.0, 13.0, 15.0, 5.0, 8.0, 6.0, 16.0, 4.0, 7.0, 2.0, 14.0, 9.0, 11.0]
0.373455047607, [3.0, 10.0, 12.0, 1.0, 13.0, 15.0, 5.0, 8.0, 6.0, 16.0, 4.0, 7.0, 2.0, 14.0, 9.0, 11.0]
0.376413106918, [3.0, 7.0, 4.0, 16.0, 6.0, 8.0, 5.0, 15.0, 13.0, 1.0, 12.0, 10.0, 2.0, 14.0, 9.0, 11.0]
0.379266023636, [3.0, 7.0, 4.0, 16.0, 6.0, 10.0, 12.0, 1.0, 13.0, 15.0, 5.0, 8.0, 2.0, 14.0, 9.0, 11.0]
0.382254123688, [3.0, 16.0, 4.0, 7.0, 6.0, 10.0, 12.0, 1.0, 13.0, 15.0, 5.0, 8.0, 2.0, 14.0, 9.0, 11.0]
0.412864208221, [3.0, 16.0, 13.0, 1.0, 12.0, 10.0, 6.0, 7.0, 4.0, 15.0, 5.0, 8.0, 2.0, 14.0, 9.0, 11.0]
0.4166431427, [3.0, 16.0, 13.0, 1.0, 12.0, 10.0, 6.0, 7.0, 4.0, 8.0, 5.0, 15.0, 2.0, 14.0, 9.0, 11.0]
0.41991019249, [3.0, 16.0, 13.0, 1.0, 12.0, 10.0, 6.0, 7.0, 4.0, 8.0, 5.0, 15.0, 2.0, 14.0, 9.0, 11.0]
0.423191070557, [3.0, 16.0, 13.0, 5.0, 8.0, 4.0, 7.0, 6.0, 10.0, 12.0, 1.0, 15.0, 2.0, 14.0, 9.0, 11.0]
0.426745176315, [3.0, 16.0, 13.0, 5.0, 8.0, 4.0, 7.0, 6.0, 10.0, 12.0, 1.0, 15.0, 14.0, 2.0, 9.0, 11.0]
0.429795026779, [3.0, 16.0, 13.0, 6.0, 7.0, 4.0, 8.0, 5.0, 10.0, 12.0, 1.0, 15.0, 14.0, 2.0, 9.0, 11.0]
0.432798147202, [3.0, 16.0, 13.0, 6.0, 7.0, 4.0, 8.0, 5.0, 2.0, 14.0, 15.0, 1.0, 12.0, 10.0, 9.0, 11.0]
0.435855150223, [3.0, 16.0, 13.0, 6.0, 7.0, 4.0, 8.0, 2.0, 5.0, 14.0, 15.0, 1.0, 12.0, 10.0, 9.0, 11.0]
0.438950061798, [3.0, 16.0, 13.0, 6.0, 7.0, 4.0, 8.0, 2.0, 10.0, 12.0, 1.0, 15.0, 14.0, 5.0, 9.0, 11.0]
0.441915035248, [3.0, 16.0, 13.0, 6.0, 7.0, 4.0, 8.0, 2.0, 10.0, 5.0, 14.0, 15.0, 1.0, 12.0, 9.0, 11.0]
0.444972991943, [3.0, 14.0, 5.0, 10.0, 2.0, 8.0, 4.0, 7.0, 6.0, 13.0, 16.0, 15.0, 1.0, 12.0, 9.0, 11.0]
0.461306095123, [3.0, 14.0, 5.0, 12.0, 1.0, 15.0, 16.0, 13.0, 6.0, 7.0, 4.0, 8.0, 2.0, 10.0, 9.0, 11.0]
0.464621067047, [3.0, 14.0, 5.0, 10.0, 2.0, 8.0, 4.0, 7.0, 6.0, 13.0, 16.0, 15.0, 1.0, 12.0, 9.0, 11.0]
0.467792987823, [3.0, 14.0, 5.0, 10.0, 2.0, 8.0, 4.0, 7.0, 6.0, 13.0, 16.0, 15.0, 1.0, 12.0, 9.0, 11.0]
0.470833063126, [3.0, 14.0, 5.0, 10.0, 12.0, 1.0, 15.0, 16.0, 13.0, 6.0, 7.0, 4.0, 8.0, 2.0, 9.0, 11.0]
0.473886013031, [3.0, 7.0, 6.0, 13.0, 16.0, 15.0, 1.0, 12.0, 10.0, 5.0, 14.0, 4.0, 8.0, 2.0, 9.0, 11.0]
0.476852178574, [3.0, 7.0, 6.0, 13.0, 16.0, 15.0, 1.0, 12.0, 14.0, 5.0, 10.0, 4.0, 8.0, 2.0, 9.0, 11.0]
0.479748010635, [3.0, 7.0, 6.0, 13.0, 16.0, 15.0, 1.0, 12.0, 14.0, 4.0, 10.0, 5.0, 8.0, 2.0, 9.0, 11.0]
0.482941150665, [3.0, 7.0, 6.0, 13.0, 16.0, 15.0, 1.0, 12.0, 14.0, 2.0, 8.0, 5.0, 10.0, 4.0, 9.0, 11.0]
0.485936164856, [3.0, 7.0, 12.0, 1.0, 15.0, 16.0, 13.0, 6.0, 14.0, 2.0, 8.0, 5.0, 10.0, 4.0, 9.0, 11.0]
0.489084005356, [3.0, 7.0, 12.0, 6.0, 13.0, 16.0, 15.0, 1.0, 14.0, 2.0, 8.0, 5.0, 10.0, 4.0, 9.0, 11.0]
0.492124080658, [3.0, 7.0, 12.0, 6.0, 13.0, 16.0, 14.0, 1.0, 15.0, 2.0, 8.0, 5.0, 10.0, 4.0, 9.0, 11.0]
0.495172023773, [3.0, 7.0, 12.0, 6.0, 13.0, 16.0, 14.0, 1.0, 4.0, 10.0, 5.0, 8.0, 2.0, 15.0, 9.0, 11.0]
0.512869119644, [3.0, 7.0, 5.0, 10.0, 4.0, 1.0, 14.0, 16.0, 13.0, 6.0, 12.0, 8.0, 2.0, 15.0, 9.0, 11.0]
0.516555070877, [3.0, 7.0, 5.0, 10.0, 4.0, 1.0, 14.0, 16.0, 13.0, 6.0, 12.0, 15.0, 2.0, 8.0, 9.0, 11.0]
0.519721031189, [3.0, 7.0, 4.0, 10.0, 5.0, 1.0, 14.0, 16.0, 13.0, 6.0, 12.0, 15.0, 2.0, 8.0, 9.0, 11.0]
0.522884130478, [3.0, 16.0, 14.0, 1.0, 5.0, 10.0, 4.0, 7.0, 13.0, 6.0, 12.0, 15.0, 2.0, 8.0, 9.0, 11.0]
0.526153087616, [3.0, 16.0, 15.0, 12.0, 6.0, 13.0, 7.0, 4.0, 10.0, 5.0, 1.0, 14.0, 2.0, 8.0, 9.0, 11.0]
0.529516220093, [3.0, 16.0, 15.0, 12.0, 6.0, 13.0, 7.0, 4.0, 10.0, 5.0, 1.0, 14.0, 2.0, 8.0, 9.0, 11.0]
0.532598018646, [3.0, 16.0, 15.0, 12.0, 6.0, 13.0, 7.0, 1.0, 5.0, 10.0, 4.0, 14.0, 2.0, 8.0, 9.0, 11.0]
0.53572010994, [3.0, 16.0, 15.0, 12.0, 6.0, 13.0, 7.0, 1.0, 5.0, 10.0, 4.0, 14.0, 2.0, 8.0, 9.0, 11.0]
0.538788080215, [3.0, 10.0, 5.0, 1.0, 7.0, 13.0, 6.0, 12.0, 15.0, 16.0, 4.0, 14.0, 2.0, 8.0, 9.0, 11.0]
0.541783094406, [3.0, 10.0, 5.0, 1.0, 7.0, 13.0, 6.0, 12.0, 15.0, 4.0, 16.0, 14.0, 2.0, 8.0, 9.0, 11.0]
0.544822216034, [3.0, 10.0, 5.0, 1.0, 7.0, 13.0, 6.0, 12.0, 15.0, 4.0, 16.0, 8.0, 2.0, 14.0, 9.0, 11.0]
0.560631990433, [3.0, 10.0, 5.0, 1.0, 7.0, 13.0, 6.0, 12.0, 15.0, 4.0, 16.0, 8.0, 2.0, 14.0, 9.0, 11.0]
0.563874006271, [3.0, 10.0, 4.0, 15.0, 12.0, 6.0, 13.0, 7.0, 1.0, 5.0, 16.0, 8.0, 2.0, 14.0, 9.0, 11.0]
0.566992998123, [3.0, 10.0, 4.0, 15.0, 12.0, 6.0, 13.0, 7.0, 8.0, 16.0, 5.0, 1.0, 2.0, 14.0, 9.0, 11.0]
0.570105075836, [3.0, 10.0, 4.0, 15.0, 12.0, 1.0, 5.0, 16.0, 8.0, 7.0, 13.0, 6.0, 2.0, 14.0, 9.0, 11.0]
0.573268175125, [3.0, 8.0, 16.0, 5.0, 1.0, 12.0, 15.0, 4.0, 10.0, 7.0, 13.0, 6.0, 2.0, 14.0, 9.0, 11.0]
0.576438188553, [3.0, 8.0, 16.0, 5.0, 1.0, 12.0, 15.0, 4.0, 2.0, 6.0, 13.0, 7.0, 10.0, 14.0, 9.0, 11.0]
0.579613208771, [3.0, 8.0, 16.0, 5.0, 7.0, 13.0, 6.0, 2.0, 4.0, 15.0, 12.0, 1.0, 10.0, 14.0, 9.0, 11.0]
0.582697153091, [3.0, 8.0, 16.0, 5.0, 7.0, 13.0, 6.0, 2.0, 4.0, 15.0, 12.0, 1.0, 10.0, 14.0, 9.0, 11.0]
0.585618019104, [3.0, 8.0, 16.0, 5.0, 7.0, 13.0, 6.0, 2.0, 4.0, 15.0, 12.0, 1.0, 10.0, 14.0, 9.0, 11.0]
0.588492155075, [3.0, 8.0, 16.0, 5.0, 7.0, 13.0, 6.0, 2.0, 4.0, 15.0, 12.0, 1.0, 10.0, 14.0, 9.0, 11.0]
0.591302156448, [3.0, 8.0, 16.0, 5.0, 6.0, 13.0, 7.0, 2.0, 4.0, 15.0, 12.0, 1.0, 10.0, 14.0, 9.0, 11.0]
0.606683015823, [3.0, 8.0, 16.0, 5.0, 4.0, 2.0, 7.0, 13.0, 6.0, 15.0, 12.0, 1.0, 10.0, 14.0, 9.0, 11.0]
0.6104991436, [3.0, 8.0, 16.0, 5.0, 4.0, 2.0, 7.0, 1.0, 12.0, 15.0, 6.0, 13.0, 10.0, 14.0, 9.0, 11.0]
0.613852024078, [3.0, 8.0, 10.0, 13.0, 6.0, 15.0, 12.0, 1.0, 7.0, 2.0, 4.0, 5.0, 16.0, 14.0, 9.0, 11.0]
0.617267131805, [3.0, 8.0, 10.0, 13.0, 6.0, 15.0, 12.0, 1.0, 7.0, 14.0, 16.0, 5.0, 4.0, 2.0, 9.0, 11.0]
0.62031006813, [3.0, 5.0, 16.0, 14.0, 7.0, 1.0, 12.0, 15.0, 6.0, 13.0, 10.0, 8.0, 4.0, 2.0, 9.0, 11.0]
0.623193025589, [3.0, 5.0, 16.0, 14.0, 1.0, 7.0, 12.0, 15.0, 6.0, 13.0, 10.0, 8.0, 4.0, 2.0, 9.0, 11.0]
0.626069068909, [3.0, 5.0, 4.0, 8.0, 10.0, 13.0, 6.0, 15.0, 12.0, 7.0, 1.0, 14.0, 16.0, 2.0, 9.0, 11.0]
0.629001140594, [3.0, 5.0, 4.0, 8.0, 10.0, 16.0, 14.0, 1.0, 7.0, 12.0, 15.0, 6.0, 13.0, 2.0, 9.0, 11.0]
0.632126092911, [3.0, 5.0, 2.0, 13.0, 6.0, 15.0, 12.0, 7.0, 1.0, 14.0, 16.0, 10.0, 8.0, 4.0, 9.0, 11.0]
0.635302066803, [3.0, 5.0, 2.0, 13.0, 6.0, 15.0, 12.0, 7.0, 1.0, 14.0, 16.0, 10.0, 8.0, 4.0, 9.0, 11.0]
0.638414144516, [3.0, 5.0, 1.0, 7.0, 12.0, 15.0, 6.0, 13.0, 2.0, 14.0, 16.0, 10.0, 8.0, 4.0, 9.0, 11.0]
0.694169998169, [3.0, 5.0, 1.0, 7.0, 12.0, 15.0, 6.0, 13.0, 2.0, 14.0, 16.0, 10.0, 8.0, 4.0, 9.0, 11.0]
0.697225093842, [3.0, 5.0, 1.0, 7.0, 8.0, 10.0, 16.0, 14.0, 2.0, 13.0, 6.0, 15.0, 12.0, 4.0, 9.0, 11.0]
0.700195074081, [3.0, 5.0, 8.0, 7.0, 1.0, 10.0, 16.0, 14.0, 2.0, 13.0, 6.0, 15.0, 12.0, 4.0, 9.0, 11.0]
0.703072071075, [3.0, 5.0, 8.0, 7.0, 1.0, 15.0, 6.0, 13.0, 2.0, 14.0, 16.0, 10.0, 12.0, 4.0, 9.0, 11.0]
0.706392049789, [3.0, 5.0, 8.0, 1.0, 7.0, 15.0, 6.0, 13.0, 2.0, 14.0, 16.0, 10.0, 12.0, 4.0, 9.0, 11.0]
0.709573030472, [3.0, 5.0, 8.0, 1.0, 7.0, 15.0, 6.0, 13.0, 2.0, 14.0, 16.0, 10.0, 12.0, 4.0, 9.0, 11.0]
0.712445020676, [3.0, 5.0, 8.0, 1.0, 6.0, 15.0, 7.0, 13.0, 2.0, 14.0, 16.0, 10.0, 12.0, 4.0, 9.0, 11.0]
0.715277194977, [3.0, 5.0, 8.0, 1.0, 6.0, 15.0, 7.0, 13.0, 2.0, 14.0, 16.0, 12.0, 10.0, 4.0, 9.0, 11.0]
0.71809720993, [3.0, 5.0, 8.0, 1.0, 6.0, 15.0, 7.0, 13.0, 2.0, 14.0, 16.0, 12.0, 10.0, 4.0, 9.0, 11.0]
0.721127033234, [3.0, 5.0, 8.0, 1.0, 6.0, 15.0, 7.0, 13.0, 2.0, 14.0, 16.0, 10.0, 12.0, 4.0, 9.0, 11.0]
0.724018096924, [3.0, 5.0, 8.0, 1.0, 6.0, 2.0, 13.0, 7.0, 15.0, 14.0, 16.0, 10.0, 12.0, 4.0, 9.0, 11.0]
0.727296113968, [3.0, 5.0, 13.0, 2.0, 6.0, 1.0, 8.0, 7.0, 15.0, 14.0, 16.0, 10.0, 12.0, 4.0, 9.0, 11.0]
0.746068000793, [3.0, 5.0, 13.0, 2.0, 4.0, 12.0, 10.0, 16.0, 14.0, 15.0, 7.0, 8.0, 1.0, 6.0, 9.0, 11.0]
0.74981212616, [3.0, 15.0, 14.0, 16.0, 10.0, 12.0, 4.0, 2.0, 13.0, 5.0, 7.0, 8.0, 1.0, 6.0, 9.0, 11.0]
0.753012180328, [3.0, 15.0, 14.0, 16.0, 10.0, 12.0, 4.0, 2.0, 7.0, 5.0, 13.0, 8.0, 1.0, 6.0, 9.0, 11.0]
0.7565741539, [3.0, 15.0, 16.0, 14.0, 10.0, 12.0, 4.0, 2.0, 7.0, 5.0, 13.0, 8.0, 1.0, 6.0, 9.0, 11.0]
0.759697198868, [3.0, 15.0, 16.0, 14.0, 10.0, 12.0, 4.0, 2.0, 7.0, 5.0, 13.0, 8.0, 1.0, 6.0, 9.0, 11.0]
0.762742042542, [3.0, 15.0, 16.0, 14.0, 10.0, 12.0, 4.0, 2.0, 7.0, 5.0, 13.0, 8.0, 1.0, 6.0, 9.0, 11.0]
0.765782117844, [3.0, 15.0, 16.0, 14.0, 10.0, 12.0, 4.0, 2.0, 7.0, 8.0, 13.0, 5.0, 1.0, 6.0, 9.0, 11.0]
0.769159078598, [3.0, 15.0, 16.0, 14.0, 10.0, 12.0, 2.0, 4.0, 7.0, 8.0, 13.0, 5.0, 1.0, 6.0, 9.0, 11.0]
0.771991014481, [3.0, 15.0, 16.0, 8.0, 7.0, 4.0, 2.0, 12.0, 10.0, 14.0, 13.0, 5.0, 1.0, 6.0, 9.0, 11.0]
0.774970054626, [3.0, 7.0, 8.0, 16.0, 15.0, 4.0, 2.0, 12.0, 10.0, 14.0, 13.0, 5.0, 1.0, 6.0, 9.0, 11.0]
0.777949094772, [3.0, 7.0, 8.0, 16.0, 15.0, 4.0, 2.0, 12.0, 10.0, 13.0, 14.0, 5.0, 1.0, 6.0, 9.0, 11.0]
0.795143127441, [3.0, 7.0, 4.0, 15.0, 16.0, 8.0, 2.0, 12.0, 10.0, 13.0, 14.0, 5.0, 1.0, 6.0, 9.0, 11.0]
0.798074007034, [3.0, 7.0, 4.0, 15.0, 16.0, 8.0, 2.0, 12.0, 10.0, 13.0, 14.0, 5.0, 1.0, 6.0, 9.0, 11.0]
0.800925016403, [3.0, 7.0, 4.0, 15.0, 16.0, 14.0, 13.0, 10.0, 12.0, 2.0, 8.0, 5.0, 1.0, 6.0, 9.0, 11.0]
0.803814172745, [3.0, 7.0, 4.0, 16.0, 15.0, 14.0, 13.0, 10.0, 12.0, 2.0, 8.0, 5.0, 1.0, 6.0, 9.0, 11.0]
0.806807994843, [3.0, 7.0, 4.0, 16.0, 10.0, 13.0, 14.0, 15.0, 12.0, 2.0, 8.0, 5.0, 1.0, 6.0, 9.0, 11.0]
0.810105085373, [3.0, 7.0, 4.0, 16.0, 10.0, 13.0, 14.0, 15.0, 12.0, 2.0, 8.0, 5.0, 1.0, 6.0, 9.0, 11.0]
0.813010215759, [3.0, 7.0, 4.0, 16.0, 10.0, 14.0, 13.0, 15.0, 12.0, 2.0, 8.0, 5.0, 1.0, 6.0, 9.0, 11.0]
0.815981149673, [3.0, 7.0, 4.0, 16.0, 5.0, 8.0, 2.0, 12.0, 15.0, 13.0, 14.0, 10.0, 1.0, 6.0, 9.0, 11.0]
0.818800210953, [3.0, 7.0, 4.0, 16.0, 5.0, 14.0, 13.0, 15.0, 12.0, 2.0, 8.0, 10.0, 1.0, 6.0, 9.0, 11.0]
0.821623086929, [3.0, 7.0, 4.0, 16.0, 5.0, 14.0, 13.0, 15.0, 12.0, 2.0, 8.0, 10.0, 1.0, 6.0, 9.0, 11.0]
0.824537038803, [3.0, 7.0, 4.0, 16.0, 5.0, 14.0, 13.0, 15.0, 12.0, 1.0, 10.0, 8.0, 2.0, 6.0, 9.0, 11.0]
0.827419996262, [3.0, 7.0, 4.0, 16.0, 12.0, 15.0, 13.0, 14.0, 5.0, 1.0, 10.0, 8.0, 2.0, 6.0, 9.0, 11.0]
0.845200061798, [3.0, 7.0, 4.0, 16.0, 12.0, 15.0, 13.0, 14.0, 10.0, 1.0, 5.0, 8.0, 2.0, 6.0, 9.0, 11.0]
0.848881006241, [3.0, 7.0, 4.0, 6.0, 2.0, 8.0, 5.0, 1.0, 10.0, 14.0, 13.0, 15.0, 12.0, 16.0, 9.0, 11.0]
0.852102994919, [3.0, 7.0, 10.0, 1.0, 5.0, 8.0, 2.0, 6.0, 4.0, 14.0, 13.0, 15.0, 12.0, 16.0, 9.0, 11.0]
0.855106115341, [3.0, 7.0, 10.0, 1.0, 8.0, 5.0, 2.0, 6.0, 4.0, 14.0, 13.0, 15.0, 12.0, 16.0, 9.0, 11.0]
0.858290195465, [3.0, 7.0, 10.0, 1.0, 8.0, 5.0, 2.0, 16.0, 12.0, 15.0, 13.0, 14.0, 4.0, 6.0, 9.0, 11.0]
0.861474990845, [3.0, 7.0, 8.0, 1.0, 10.0, 5.0, 2.0, 16.0, 12.0, 15.0, 13.0, 14.0, 4.0, 6.0, 9.0, 11.0]
0.864514112473, [3.0, 13.0, 15.0, 12.0, 16.0, 2.0, 5.0, 10.0, 1.0, 8.0, 7.0, 14.0, 4.0, 6.0, 9.0, 11.0]
0.867601156235, [3.0, 13.0, 15.0, 12.0, 16.0, 2.0, 5.0, 10.0, 1.0, 8.0, 7.0, 14.0, 6.0, 4.0, 9.0, 11.0]
0.870655059814, [3.0, 10.0, 5.0, 2.0, 16.0, 12.0, 15.0, 13.0, 1.0, 8.0, 7.0, 14.0, 6.0, 4.0, 9.0, 11.0]
0.873645067215, [3.0, 10.0, 4.0, 6.0, 14.0, 7.0, 8.0, 1.0, 13.0, 15.0, 12.0, 16.0, 2.0, 5.0, 9.0, 11.0]
0.87668800354, [3.0, 10.0, 4.0, 6.0, 14.0, 7.0, 8.0, 1.0, 13.0, 15.0, 12.0, 16.0, 2.0, 5.0, 9.0, 11.0]
0.893436193466, [3.0, 10.0, 4.0, 6.0, 14.0, 7.0, 8.0, 1.0, 13.0, 5.0, 2.0, 16.0, 12.0, 15.0, 9.0, 11.0]
0.896861076355, [3.0, 10.0, 4.0, 6.0, 14.0, 15.0, 12.0, 16.0, 2.0, 5.0, 13.0, 1.0, 8.0, 7.0, 9.0, 11.0]
0.899941205978, [3.0, 10.0, 4.0, 6.0, 14.0, 15.0, 12.0, 16.0, 2.0, 5.0, 13.0, 1.0, 8.0, 7.0, 9.0, 11.0]
0.902952194214, [3.0, 10.0, 4.0, 6.0, 14.0, 15.0, 12.0, 16.0, 1.0, 13.0, 5.0, 2.0, 8.0, 7.0, 9.0, 11.0]
0.905903100967, [3.0, 10.0, 4.0, 6.0, 14.0, 15.0, 12.0, 16.0, 1.0, 2.0, 5.0, 13.0, 8.0, 7.0, 9.0, 11.0]
0.909171104431, [3.0, 4.0, 10.0, 6.0, 14.0, 15.0, 12.0, 16.0, 1.0, 2.0, 5.0, 13.0, 8.0, 7.0, 9.0, 11.0]
0.912256002426, [3.0, 4.0, 6.0, 10.0, 14.0, 15.0, 12.0, 16.0, 1.0, 2.0, 5.0, 13.0, 8.0, 7.0, 9.0, 11.0]
0.915279150009, [3.0, 4.0, 6.0, 10.0, 14.0, 15.0, 12.0, 16.0, 1.0, 2.0, 5.0, 13.0, 8.0, 7.0, 9.0, 11.0]
0.91833615303, [3.0, 4.0, 6.0, 10.0, 14.0, 15.0, 12.0, 16.0, 1.0, 8.0, 13.0, 5.0, 2.0, 7.0, 9.0, 11.0]
0.921392202377, [3.0, 4.0, 6.0, 10.0, 14.0, 8.0, 1.0, 16.0, 12.0, 15.0, 13.0, 5.0, 2.0, 7.0, 9.0, 11.0]
0.924445152283, [3.0, 4.0, 6.0, 10.0, 5.0, 13.0, 15.0, 12.0, 16.0, 1.0, 8.0, 14.0, 2.0, 7.0, 9.0, 11.0]
0.945792198181, [3.0, 4.0, 6.0, 8.0, 1.0, 16.0, 12.0, 15.0, 13.0, 5.0, 10.0, 14.0, 2.0, 7.0, 9.0, 11.0]
0.949573040009, [3.0, 4.0, 15.0, 12.0, 16.0, 1.0, 8.0, 6.0, 13.0, 5.0, 10.0, 14.0, 2.0, 7.0, 9.0, 11.0]
0.952941179276, [3.0, 4.0, 15.0, 12.0, 16.0, 1.0, 8.0, 6.0, 13.0, 5.0, 10.0, 14.0, 2.0, 7.0, 9.0, 11.0]
0.956284046173, [3.0, 4.0, 15.0, 12.0, 16.0, 1.0, 8.0, 6.0, 13.0, 5.0, 10.0, 14.0, 2.0, 7.0, 9.0, 11.0]
0.959523200989, [3.0, 4.0, 15.0, 12.0, 16.0, 1.0, 14.0, 10.0, 5.0, 13.0, 6.0, 8.0, 2.0, 7.0, 9.0, 11.0]
0.962596178055, [3.0, 4.0, 1.0, 16.0, 12.0, 15.0, 14.0, 10.0, 5.0, 13.0, 6.0, 8.0, 2.0, 7.0, 9.0, 11.0]
0.965842008591, [3.0, 4.0, 1.0, 16.0, 14.0, 15.0, 12.0, 10.0, 5.0, 13.0, 6.0, 8.0, 2.0, 7.0, 9.0, 11.0]
0.969006061554, [3.0, 4.0, 1.0, 16.0, 14.0, 15.0, 12.0, 8.0, 6.0, 13.0, 5.0, 10.0, 2.0, 7.0, 9.0, 11.0]
0.972018003464, [3.0, 4.0, 1.0, 16.0, 14.0, 15.0, 12.0, 8.0, 7.0, 2.0, 10.0, 5.0, 13.0, 6.0, 9.0, 11.0]
0.975091218948, [3.0, 4.0, 15.0, 14.0, 16.0, 1.0, 12.0, 8.0, 7.0, 2.0, 10.0, 5.0, 13.0, 6.0, 9.0, 11.0]
0.978136062622, [3.0, 4.0, 15.0, 16.0, 14.0, 1.0, 12.0, 8.0, 7.0, 2.0, 10.0, 5.0, 13.0, 6.0, 9.0, 11.0]
0.993774175644, [3.0, 4.0, 15.0, 2.0, 7.0, 8.0, 12.0, 1.0, 14.0, 16.0, 10.0, 5.0, 13.0, 6.0, 9.0, 11.0]
0.996989011765, [3.0, 4.0, 15.0, 2.0, 7.0, 1.0, 12.0, 8.0, 14.0, 16.0, 10.0, 5.0, 13.0, 6.0, 9.0, 11.0]
1.00045609474, [3.0, 4.0, 15.0, 2.0, 7.0, 1.0, 12.0, 8.0, 14.0, 16.0, 13.0, 5.0, 10.0, 6.0, 9.0, 11.0]
1.0035340786, [3.0, 4.0, 15.0, 2.0, 7.0, 1.0, 12.0, 8.0, 14.0, 16.0, 13.0, 5.0, 10.0, 6.0, 9.0, 11.0]
1.00654220581, [3.0, 4.0, 15.0, 2.0, 7.0, 1.0, 12.0, 8.0, 14.0, 16.0, 13.0, 5.0, 10.0, 6.0, 9.0, 11.0]
1.00960898399, [3.0, 4.0, 15.0, 2.0, 7.0, 1.0, 12.0, 8.0, 16.0, 14.0, 13.0, 5.0, 10.0, 6.0, 9.0, 11.0]
1.01276302338, [3.0, 4.0, 15.0, 2.0, 8.0, 12.0, 1.0, 7.0, 16.0, 14.0, 13.0, 5.0, 10.0, 6.0, 9.0, 11.0]
1.01582717896, [3.0, 12.0, 8.0, 2.0, 15.0, 4.0, 1.0, 7.0, 16.0, 14.0, 13.0, 5.0, 10.0, 6.0, 9.0, 11.0]
1.0189101696, [3.0, 4.0, 15.0, 2.0, 8.0, 12.0, 1.0, 7.0, 16.0, 14.0, 13.0, 5.0, 10.0, 6.0, 9.0, 11.0]
1.02186703682, [3.0, 4.0, 15.0, 2.0, 8.0, 12.0, 1.0, 7.0, 16.0, 14.0, 13.0, 10.0, 5.0, 6.0, 9.0, 11.0]
1.02492809296, [3.0, 4.0, 14.0, 16.0, 7.0, 1.0, 12.0, 8.0, 2.0, 15.0, 13.0, 10.0, 5.0, 6.0, 9.0, 11.0]
1.04399800301, [3.0, 4.0, 14.0, 6.0, 5.0, 10.0, 13.0, 15.0, 2.0, 8.0, 12.0, 1.0, 7.0, 16.0, 9.0, 11.0]
1.04749011993, [3.0, 4.0, 14.0, 6.0, 5.0, 10.0, 13.0, 15.0, 16.0, 7.0, 1.0, 12.0, 8.0, 2.0, 9.0, 11.0]
1.05075120926, [3.0, 4.0, 14.0, 15.0, 13.0, 10.0, 5.0, 6.0, 16.0, 7.0, 1.0, 12.0, 8.0, 2.0, 9.0, 11.0]
1.05383014679, [3.0, 4.0, 14.0, 15.0, 7.0, 16.0, 6.0, 5.0, 10.0, 13.0, 1.0, 12.0, 8.0, 2.0, 9.0, 11.0]
1.05693912506, [3.0, 4.0, 14.0, 15.0, 8.0, 12.0, 1.0, 13.0, 10.0, 5.0, 6.0, 16.0, 7.0, 2.0, 9.0, 11.0]
1.06000709534, [3.0, 4.0, 14.0, 15.0, 8.0, 12.0, 1.0, 10.0, 13.0, 5.0, 6.0, 16.0, 7.0, 2.0, 9.0, 11.0]
1.06304121017, [3.0, 4.0, 14.0, 15.0, 8.0, 12.0, 1.0, 10.0, 13.0, 5.0, 6.0, 16.0, 7.0, 2.0, 9.0, 11.0]
1.06602406502, [3.0, 4.0, 14.0, 15.0, 8.0, 12.0, 1.0, 13.0, 10.0, 5.0, 6.0, 16.0, 7.0, 2.0, 9.0, 11.0]
1.06906104088, [3.0, 4.0, 14.0, 15.0, 8.0, 12.0, 6.0, 5.0, 10.0, 13.0, 1.0, 16.0, 7.0, 2.0, 9.0, 11.0]
1.07207298279, [3.0, 4.0, 14.0, 15.0, 1.0, 13.0, 10.0, 5.0, 6.0, 12.0, 8.0, 16.0, 7.0, 2.0, 9.0, 11.0]
1.07493019104, [3.0, 4.0, 14.0, 15.0, 1.0, 13.0, 10.0, 5.0, 7.0, 16.0, 8.0, 12.0, 6.0, 2.0, 9.0, 11.0]
1.09411120415, [3.0, 4.0, 14.0, 15.0, 1.0, 13.0, 10.0, 5.0, 7.0, 16.0, 8.0, 12.0, 6.0, 2.0, 9.0, 11.0]
1.09774518013, [3.0, 4.0, 12.0, 8.0, 16.0, 7.0, 5.0, 10.0, 13.0, 1.0, 15.0, 14.0, 6.0, 2.0, 9.0, 11.0]
1.10111403465, [3.0, 4.0, 12.0, 8.0, 16.0, 7.0, 5.0, 10.0, 13.0, 14.0, 15.0, 1.0, 6.0, 2.0, 9.0, 11.0]
1.10425710678, [3.0, 4.0, 12.0, 8.0, 16.0, 13.0, 10.0, 5.0, 7.0, 14.0, 15.0, 1.0, 6.0, 2.0, 9.0, 11.0]
1.10741019249, [3.0, 4.0, 12.0, 8.0, 16.0, 13.0, 10.0, 5.0, 6.0, 1.0, 15.0, 14.0, 7.0, 2.0, 9.0, 11.0]
1.11057305336, [3.0, 4.0, 14.0, 15.0, 1.0, 6.0, 5.0, 10.0, 13.0, 16.0, 8.0, 12.0, 7.0, 2.0, 9.0, 11.0]
1.11361408234, [3.0, 4.0, 14.0, 16.0, 13.0, 10.0, 5.0, 6.0, 1.0, 15.0, 8.0, 12.0, 7.0, 2.0, 9.0, 11.0]
1.11683320999, [3.0, 4.0, 14.0, 16.0, 13.0, 10.0, 5.0, 6.0, 1.0, 15.0, 8.0, 12.0, 7.0, 2.0, 9.0, 11.0]
1.11986017227, [3.0, 4.0, 14.0, 16.0, 13.0, 2.0, 7.0, 12.0, 8.0, 15.0, 1.0, 6.0, 5.0, 10.0, 9.0, 11.0]
1.12294816971, [3.0, 15.0, 8.0, 12.0, 7.0, 2.0, 13.0, 16.0, 14.0, 4.0, 1.0, 6.0, 5.0, 10.0, 9.0, 11.0]
1.12600302696, [3.0, 15.0, 8.0, 12.0, 7.0, 2.0, 13.0, 16.0, 14.0, 4.0, 5.0, 6.0, 1.0, 10.0, 9.0, 11.0]
1.14629507065, [3.0, 5.0, 4.0, 14.0, 16.0, 13.0, 2.0, 7.0, 12.0, 8.0, 15.0, 6.0, 1.0, 10.0, 9.0, 11.0]
1.15011119843, [3.0, 5.0, 4.0, 14.0, 16.0, 13.0, 1.0, 6.0, 15.0, 8.0, 12.0, 7.0, 2.0, 10.0, 9.0, 11.0]
1.15332913399, [3.0, 5.0, 4.0, 14.0, 16.0, 13.0, 1.0, 6.0, 15.0, 2.0, 7.0, 12.0, 8.0, 10.0, 9.0, 11.0]
1.15654921532, [3.0, 5.0, 4.0, 14.0, 16.0, 13.0, 1.0, 6.0, 15.0, 2.0, 7.0, 12.0, 8.0, 10.0, 9.0, 11.0]
1.15974807739, [3.0, 5.0, 4.0, 14.0, 16.0, 13.0, 1.0, 6.0, 15.0, 2.0, 7.0, 12.0, 8.0, 10.0, 9.0, 11.0]
1.16297912598, [3.0, 5.0, 4.0, 12.0, 7.0, 2.0, 15.0, 6.0, 1.0, 13.0, 16.0, 14.0, 8.0, 10.0, 9.0, 11.0]
1.16619205475, [3.0, 5.0, 4.0, 12.0, 8.0, 14.0, 16.0, 13.0, 1.0, 6.0, 15.0, 2.0, 7.0, 10.0, 9.0, 11.0]
1.16905212402, [3.0, 14.0, 8.0, 12.0, 4.0, 5.0, 16.0, 13.0, 1.0, 6.0, 15.0, 2.0, 7.0, 10.0, 9.0, 11.0]
1.17200613022, [3.0, 14.0, 8.0, 12.0, 2.0, 15.0, 6.0, 1.0, 13.0, 16.0, 5.0, 4.0, 7.0, 10.0, 9.0, 11.0]
1.17517709732, [3.0, 14.0, 8.0, 12.0, 2.0, 15.0, 6.0, 1.0, 4.0, 5.0, 16.0, 13.0, 7.0, 10.0, 9.0, 11.0]
1.17807912827, [3.0, 14.0, 1.0, 6.0, 15.0, 2.0, 12.0, 8.0, 4.0, 5.0, 16.0, 13.0, 7.0, 10.0, 9.0, 11.0]
1.19361209869, [3.0, 6.0, 1.0, 14.0, 15.0, 2.0, 12.0, 8.0, 4.0, 5.0, 16.0, 13.0, 7.0, 10.0, 9.0, 11.0]
1.1969461441, [3.0, 6.0, 1.0, 14.0, 15.0, 2.0, 12.0, 8.0, 4.0, 5.0, 16.0, 13.0, 7.0, 10.0, 9.0, 11.0]
1.2002260685, [3.0, 6.0, 1.0, 14.0, 15.0, 2.0, 12.0, 8.0, 4.0, 5.0, 16.0, 13.0, 7.0, 10.0, 9.0, 11.0]
1.20325803757, [3.0, 6.0, 1.0, 14.0, 15.0, 2.0, 10.0, 7.0, 13.0, 16.0, 5.0, 4.0, 8.0, 12.0, 9.0, 11.0]
1.2062830925, [3.0, 6.0, 1.0, 14.0, 15.0, 2.0, 10.0, 7.0, 13.0, 16.0, 5.0, 4.0, 8.0, 12.0, 9.0, 11.0]
1.20949602127, [3.0, 6.0, 1.0, 14.0, 15.0, 2.0, 7.0, 10.0, 13.0, 16.0, 5.0, 4.0, 8.0, 12.0, 9.0, 11.0]
1.21247005463, [3.0, 6.0, 1.0, 14.0, 12.0, 8.0, 4.0, 5.0, 16.0, 13.0, 10.0, 7.0, 2.0, 15.0, 9.0, 11.0]
1.21552205086, [3.0, 6.0, 1.0, 14.0, 12.0, 8.0, 4.0, 5.0, 16.0, 13.0, 10.0, 7.0, 2.0, 15.0, 9.0, 11.0]
1.2186460495, [3.0, 6.0, 1.0, 5.0, 4.0, 8.0, 12.0, 14.0, 16.0, 13.0, 10.0, 7.0, 2.0, 15.0, 9.0, 11.0]
1.22178602219, [3.0, 6.0, 1.0, 5.0, 4.0, 8.0, 12.0, 10.0, 13.0, 16.0, 14.0, 7.0, 2.0, 15.0, 9.0, 11.0]
1.22480106354, [3.0, 6.0, 1.0, 5.0, 4.0, 8.0, 12.0, 10.0, 13.0, 16.0, 14.0, 7.0, 2.0, 15.0, 9.0, 11.0]
1.24397921562, [3.0, 6.0, 1.0, 15.0, 2.0, 7.0, 14.0, 16.0, 13.0, 10.0, 12.0, 8.0, 4.0, 5.0, 9.0, 11.0]
1.24783802032, [3.0, 6.0, 1.0, 15.0, 2.0, 4.0, 8.0, 12.0, 10.0, 13.0, 16.0, 14.0, 7.0, 5.0, 9.0, 11.0]
1.25134706497, [3.0, 12.0, 8.0, 4.0, 2.0, 15.0, 1.0, 6.0, 10.0, 13.0, 16.0, 14.0, 7.0, 5.0, 9.0, 11.0]
1.25438904762, [3.0, 7.0, 14.0, 16.0, 13.0, 10.0, 6.0, 1.0, 15.0, 2.0, 4.0, 8.0, 12.0, 5.0, 9.0, 11.0]
1.25741505623, [3.0, 12.0, 8.0, 4.0, 2.0, 15.0, 1.0, 6.0, 10.0, 13.0, 16.0, 14.0, 7.0, 5.0, 9.0, 11.0]
1.26058602333, [3.0, 12.0, 8.0, 4.0, 2.0, 15.0, 1.0, 6.0, 10.0, 13.0, 16.0, 14.0, 7.0, 5.0, 9.0, 11.0]
1.26357913017, [3.0, 12.0, 8.0, 4.0, 2.0, 15.0, 1.0, 6.0, 10.0, 7.0, 14.0, 16.0, 13.0, 5.0, 9.0, 11.0]
1.26670217514, [3.0, 12.0, 6.0, 1.0, 15.0, 2.0, 4.0, 8.0, 10.0, 7.0, 14.0, 16.0, 13.0, 5.0, 9.0, 11.0]
1.26988911629, [3.0, 12.0, 6.0, 1.0, 15.0, 2.0, 4.0, 8.0, 16.0, 14.0, 7.0, 10.0, 13.0, 5.0, 9.0, 11.0]
1.27288913727, [3.0, 12.0, 6.0, 1.0, 15.0, 2.0, 4.0, 8.0, 16.0, 14.0, 5.0, 13.0, 10.0, 7.0, 9.0, 11.0]
1.27600002289, [3.0, 16.0, 8.0, 4.0, 2.0, 15.0, 1.0, 6.0, 12.0, 14.0, 5.0, 13.0, 10.0, 7.0, 9.0, 11.0]
1.29473900795, [3.0, 16.0, 12.0, 6.0, 1.0, 15.0, 2.0, 4.0, 8.0, 14.0, 5.0, 13.0, 10.0, 7.0, 9.0, 11.0]
1.29808211327, [3.0, 16.0, 12.0, 6.0, 1.0, 15.0, 2.0, 4.0, 8.0, 14.0, 5.0, 13.0, 10.0, 7.0, 9.0, 11.0]
1.3012111187, [3.0, 16.0, 12.0, 6.0, 1.0, 15.0, 2.0, 4.0, 8.0, 14.0, 5.0, 10.0, 13.0, 7.0, 9.0, 11.0]
1.30426216125, [3.0, 16.0, 12.0, 7.0, 13.0, 10.0, 5.0, 14.0, 8.0, 4.0, 2.0, 15.0, 1.0, 6.0, 9.0, 11.0]
1.30731105804, [3.0, 16.0, 12.0, 7.0, 13.0, 10.0, 2.0, 4.0, 8.0, 14.0, 5.0, 15.0, 1.0, 6.0, 9.0, 11.0]
1.3103120327, [3.0, 16.0, 12.0, 7.0, 13.0, 10.0, 2.0, 4.0, 8.0, 14.0, 5.0, 15.0, 1.0, 6.0, 9.0, 11.0]
1.31329917908, [3.0, 16.0, 13.0, 7.0, 12.0, 10.0, 2.0, 4.0, 8.0, 14.0, 5.0, 15.0, 1.0, 6.0, 9.0, 11.0]
1.3163330555, [3.0, 16.0, 13.0, 4.0, 2.0, 10.0, 12.0, 7.0, 8.0, 14.0, 5.0, 15.0, 1.0, 6.0, 9.0, 11.0]
1.31946516037, [3.0, 16.0, 13.0, 4.0, 2.0, 10.0, 12.0, 7.0, 8.0, 14.0, 5.0, 15.0, 1.0, 6.0, 9.0, 11.0]
1.3224401474, [3.0, 10.0, 2.0, 4.0, 13.0, 16.0, 12.0, 7.0, 8.0, 14.0, 5.0, 15.0, 1.0, 6.0, 9.0, 11.0]
1.32564115524, [3.0, 10.0, 2.0, 4.0, 13.0, 16.0, 12.0, 7.0, 8.0, 14.0, 15.0, 5.0, 1.0, 6.0, 9.0, 11.0]
1.34470415115, [3.0, 10.0, 2.0, 4.0, 13.0, 16.0, 12.0, 7.0, 1.0, 5.0, 15.0, 14.0, 8.0, 6.0, 9.0, 11.0]
1.34858298302, [3.0, 10.0, 2.0, 4.0, 13.0, 16.0, 12.0, 1.0, 7.0, 5.0, 15.0, 14.0, 8.0, 6.0, 9.0, 11.0]
1.35191321373, [3.0, 10.0, 2.0, 8.0, 14.0, 15.0, 5.0, 7.0, 1.0, 12.0, 16.0, 13.0, 4.0, 6.0, 9.0, 11.0]
1.35508012772, [3.0, 10.0, 13.0, 16.0, 12.0, 1.0, 7.0, 5.0, 15.0, 14.0, 8.0, 2.0, 4.0, 6.0, 9.0, 11.0]
1.35816717148, [3.0, 10.0, 13.0, 6.0, 4.0, 2.0, 8.0, 14.0, 15.0, 5.0, 7.0, 1.0, 12.0, 16.0, 9.0, 11.0]
1.36121916771, [3.0, 10.0, 13.0, 1.0, 7.0, 5.0, 15.0, 14.0, 8.0, 2.0, 4.0, 6.0, 12.0, 16.0, 9.0, 11.0]
1.36423420906, [3.0, 10.0, 13.0, 1.0, 7.0, 5.0, 15.0, 6.0, 4.0, 2.0, 8.0, 14.0, 12.0, 16.0, 9.0, 11.0]
1.3672940731, [3.0, 5.0, 7.0, 1.0, 13.0, 10.0, 15.0, 6.0, 4.0, 2.0, 8.0, 14.0, 12.0, 16.0, 9.0, 11.0]
1.37027716637, [3.0, 2.0, 4.0, 6.0, 15.0, 10.0, 13.0, 1.0, 7.0, 5.0, 8.0, 14.0, 12.0, 16.0, 9.0, 11.0]
1.37337613106, [3.0, 2.0, 4.0, 6.0, 15.0, 10.0, 13.0, 7.0, 1.0, 5.0, 8.0, 14.0, 12.0, 16.0, 9.0, 11.0]
1.37642812729, [3.0, 2.0, 4.0, 6.0, 15.0, 10.0, 13.0, 7.0, 8.0, 5.0, 1.0, 14.0, 12.0, 16.0, 9.0, 11.0]
1.39381814003, [3.0, 2.0, 4.0, 6.0, 10.0, 15.0, 13.0, 7.0, 8.0, 5.0, 1.0, 14.0, 12.0, 16.0, 9.0, 11.0]
1.39714002609, [3.0, 2.0, 4.0, 6.0, 8.0, 7.0, 13.0, 15.0, 10.0, 5.0, 1.0, 14.0, 12.0, 16.0, 9.0, 11.0]
1.40046811104, [3.0, 2.0, 4.0, 6.0, 8.0, 7.0, 13.0, 15.0, 10.0, 12.0, 14.0, 1.0, 5.0, 16.0, 9.0, 11.0]
1.40373516083, [3.0, 7.0, 8.0, 6.0, 4.0, 2.0, 13.0, 15.0, 10.0, 12.0, 14.0, 1.0, 5.0, 16.0, 9.0, 11.0]
1.40705800056, [3.0, 7.0, 8.0, 6.0, 4.0, 2.0, 13.0, 15.0, 10.0, 12.0, 5.0, 1.0, 14.0, 16.0, 9.0, 11.0]
1.4103000164, [3.0, 7.0, 8.0, 6.0, 4.0, 2.0, 1.0, 5.0, 12.0, 10.0, 15.0, 13.0, 14.0, 16.0, 9.0, 11.0]
1.41330814362, [3.0, 13.0, 15.0, 10.0, 12.0, 5.0, 1.0, 2.0, 4.0, 6.0, 8.0, 7.0, 14.0, 16.0, 9.0, 11.0]
1.41629815102, [3.0, 15.0, 13.0, 10.0, 12.0, 5.0, 1.0, 2.0, 4.0, 6.0, 8.0, 7.0, 14.0, 16.0, 9.0, 11.0]
1.41941404343, [3.0, 15.0, 13.0, 14.0, 7.0, 8.0, 6.0, 4.0, 2.0, 1.0, 5.0, 12.0, 10.0, 16.0, 9.0, 11.0]
1.42241120338, [3.0, 15.0, 13.0, 14.0, 7.0, 8.0, 6.0, 4.0, 2.0, 1.0, 5.0, 12.0, 10.0, 16.0, 9.0, 11.0]
1.42540717125, [3.0, 15.0, 13.0, 14.0, 7.0, 8.0, 12.0, 5.0, 1.0, 2.0, 4.0, 6.0, 10.0, 16.0, 9.0, 11.0]
1.44435620308, [3.0, 15.0, 13.0, 16.0, 10.0, 6.0, 4.0, 2.0, 1.0, 5.0, 12.0, 8.0, 7.0, 14.0, 9.0, 11.0]
1.44780015945, [3.0, 15.0, 13.0, 8.0, 12.0, 5.0, 1.0, 2.0, 4.0, 6.0, 10.0, 16.0, 7.0, 14.0, 9.0, 11.0]
1.45113611221, [3.0, 15.0, 13.0, 8.0, 14.0, 7.0, 16.0, 10.0, 6.0, 4.0, 2.0, 1.0, 5.0, 12.0, 9.0, 11.0]
1.45423221588, [3.0, 15.0, 13.0, 8.0, 14.0, 7.0, 16.0, 10.0, 6.0, 4.0, 2.0, 1.0, 5.0, 12.0, 9.0, 11.0]
1.45738005638, [3.0, 15.0, 13.0, 8.0, 14.0, 7.0, 16.0, 10.0, 6.0, 4.0, 2.0, 5.0, 1.0, 12.0, 9.0, 11.0]
1.46063303947, [3.0, 15.0, 5.0, 2.0, 4.0, 6.0, 10.0, 16.0, 7.0, 14.0, 8.0, 13.0, 1.0, 12.0, 9.0, 11.0]
1.46359610558, [3.0, 15.0, 5.0, 12.0, 1.0, 13.0, 8.0, 14.0, 7.0, 16.0, 10.0, 6.0, 4.0, 2.0, 9.0, 11.0]
1.4666030407, [3.0, 15.0, 16.0, 7.0, 14.0, 8.0, 13.0, 1.0, 12.0, 5.0, 10.0, 6.0, 4.0, 2.0, 9.0, 11.0]
1.46967101097, [3.0, 15.0, 2.0, 4.0, 6.0, 10.0, 5.0, 12.0, 1.0, 13.0, 8.0, 14.0, 7.0, 16.0, 9.0, 11.0]
1.4727191925, [3.0, 15.0, 2.0, 4.0, 6.0, 10.0, 5.0, 12.0, 14.0, 8.0, 13.0, 1.0, 7.0, 16.0, 9.0, 11.0]
1.4756500721, [3.0, 15.0, 2.0, 4.0, 6.0, 7.0, 1.0, 13.0, 8.0, 14.0, 12.0, 5.0, 10.0, 16.0, 9.0, 11.0]
1.49471902847, [3.0, 15.0, 16.0, 10.0, 5.0, 12.0, 14.0, 8.0, 13.0, 1.0, 7.0, 6.0, 4.0, 2.0, 9.0, 11.0]
1.49813103676, [3.0, 15.0, 16.0, 10.0, 5.0, 12.0, 6.0, 7.0, 1.0, 13.0, 8.0, 14.0, 4.0, 2.0, 9.0, 11.0]
1.5015141964, [3.0, 8.0, 13.0, 1.0, 7.0, 6.0, 12.0, 5.0, 10.0, 16.0, 15.0, 14.0, 4.0, 2.0, 9.0, 11.0]
1.50476503372, [3.0, 8.0, 13.0, 1.0, 7.0, 15.0, 16.0, 10.0, 5.0, 12.0, 6.0, 14.0, 4.0, 2.0, 9.0, 11.0]
1.50842499733, [3.0, 2.0, 4.0, 14.0, 6.0, 12.0, 5.0, 10.0, 16.0, 15.0, 7.0, 1.0, 13.0, 8.0, 9.0, 11.0]
1.5116121769, [3.0, 2.0, 4.0, 14.0, 6.0, 12.0, 5.0, 10.0, 16.0, 8.0, 13.0, 1.0, 7.0, 15.0, 9.0, 11.0]
1.51465916634, [3.0, 15.0, 7.0, 1.0, 13.0, 8.0, 16.0, 10.0, 5.0, 12.0, 6.0, 14.0, 4.0, 2.0, 9.0, 11.0]
1.51771616936, [3.0, 15.0, 4.0, 14.0, 6.0, 12.0, 5.0, 10.0, 16.0, 8.0, 13.0, 1.0, 7.0, 2.0, 9.0, 11.0]
1.52072715759, [3.0, 15.0, 4.0, 14.0, 6.0, 12.0, 5.0, 10.0, 16.0, 1.0, 13.0, 8.0, 7.0, 2.0, 9.0, 11.0]
1.52376317978, [3.0, 15.0, 4.0, 14.0, 6.0, 12.0, 5.0, 8.0, 13.0, 1.0, 16.0, 10.0, 7.0, 2.0, 9.0, 11.0]
1.52689313889, [3.0, 15.0, 4.0, 14.0, 6.0, 10.0, 16.0, 1.0, 13.0, 8.0, 5.0, 12.0, 7.0, 2.0, 9.0, 11.0]
1.54483699799, [3.0, 15.0, 4.0, 14.0, 7.0, 12.0, 5.0, 8.0, 13.0, 1.0, 16.0, 10.0, 6.0, 2.0, 9.0, 11.0]
1.54820919037, [3.0, 15.0, 4.0, 14.0, 7.0, 12.0, 5.0, 8.0, 13.0, 1.0, 16.0, 10.0, 6.0, 2.0, 9.0, 11.0]
1.55163812637, [3.0, 15.0, 4.0, 10.0, 16.0, 1.0, 13.0, 8.0, 5.0, 12.0, 7.0, 14.0, 6.0, 2.0, 9.0, 11.0]
1.55488300323, [3.0, 15.0, 4.0, 10.0, 16.0, 1.0, 13.0, 6.0, 14.0, 7.0, 12.0, 5.0, 8.0, 2.0, 9.0, 11.0]
1.55834913254, [3.0, 15.0, 4.0, 10.0, 16.0, 1.0, 13.0, 14.0, 6.0, 7.0, 12.0, 5.0, 8.0, 2.0, 9.0, 11.0]
1.56157207489, [3.0, 15.0, 4.0, 10.0, 16.0, 1.0, 13.0, 14.0, 6.0, 7.0, 12.0, 5.0, 8.0, 2.0, 9.0, 11.0]
1.5646071434, [3.0, 15.0, 4.0, 10.0, 16.0, 1.0, 13.0, 6.0, 14.0, 7.0, 12.0, 5.0, 8.0, 2.0, 9.0, 11.0]
1.56765317917, [3.0, 12.0, 7.0, 14.0, 6.0, 13.0, 1.0, 16.0, 10.0, 4.0, 15.0, 5.0, 8.0, 2.0, 9.0, 11.0]
1.57070302963, [3.0, 12.0, 7.0, 14.0, 6.0, 13.0, 1.0, 16.0, 10.0, 4.0, 15.0, 2.0, 8.0, 5.0, 9.0, 11.0]
1.57377505302, [3.0, 12.0, 7.0, 14.0, 6.0, 13.0, 10.0, 16.0, 1.0, 4.0, 15.0, 2.0, 8.0, 5.0, 9.0, 11.0]
1.5767800808, [3.0, 12.0, 7.0, 14.0, 6.0, 13.0, 10.0, 16.0, 1.0, 4.0, 15.0, 2.0, 8.0, 5.0, 9.0, 11.0]
1.59494113922, [3.0, 15.0, 4.0, 1.0, 16.0, 10.0, 13.0, 6.0, 14.0, 7.0, 12.0, 2.0, 8.0, 5.0, 9.0, 11.0]
1.59833812714, [3.0, 15.0, 4.0, 1.0, 16.0, 10.0, 13.0, 6.0, 14.0, 7.0, 12.0, 2.0, 8.0, 5.0, 9.0, 11.0]
1.6015920639, [3.0, 15.0, 4.0, 1.0, 16.0, 10.0, 13.0, 5.0, 8.0, 2.0, 12.0, 7.0, 14.0, 6.0, 9.0, 11.0]
1.60491609573, [3.0, 15.0, 4.0, 1.0, 5.0, 13.0, 10.0, 16.0, 8.0, 2.0, 12.0, 7.0, 14.0, 6.0, 9.0, 11.0]
1.60833501816, [3.0, 15.0, 4.0, 1.0, 5.0, 13.0, 10.0, 16.0, 8.0, 2.0, 12.0, 7.0, 14.0, 6.0, 9.0, 11.0]
1.61157798767, [3.0, 15.0, 5.0, 1.0, 4.0, 13.0, 10.0, 16.0, 8.0, 2.0, 12.0, 7.0, 14.0, 6.0, 9.0, 11.0]
1.61462807655, [3.0, 15.0, 5.0, 1.0, 4.0, 8.0, 16.0, 10.0, 13.0, 2.0, 12.0, 7.0, 14.0, 6.0, 9.0, 11.0]
1.6176609993, [3.0, 2.0, 13.0, 10.0, 16.0, 8.0, 4.0, 1.0, 5.0, 15.0, 12.0, 7.0, 14.0, 6.0, 9.0, 11.0]
1.62068319321, [3.0, 2.0, 13.0, 10.0, 16.0, 8.0, 4.0, 1.0, 5.0, 15.0, 7.0, 12.0, 14.0, 6.0, 9.0, 11.0]
1.62357521057, [3.0, 2.0, 13.0, 10.0, 16.0, 8.0, 5.0, 1.0, 4.0, 15.0, 7.0, 12.0, 14.0, 6.0, 9.0, 11.0]
1.62662601471, [3.0, 2.0, 13.0, 10.0, 16.0, 8.0, 5.0, 1.0, 4.0, 12.0, 7.0, 15.0, 14.0, 6.0, 9.0, 11.0]
1.64464306831, [3.0, 2.0, 12.0, 4.0, 1.0, 5.0, 8.0, 16.0, 10.0, 13.0, 7.0, 15.0, 14.0, 6.0, 9.0, 11.0]
1.64818000793, [3.0, 8.0, 5.0, 1.0, 4.0, 12.0, 2.0, 16.0, 10.0, 13.0, 7.0, 15.0, 14.0, 6.0, 9.0, 11.0]
1.6513261795, [3.0, 8.0, 5.0, 1.0, 10.0, 16.0, 2.0, 12.0, 4.0, 13.0, 7.0, 15.0, 14.0, 6.0, 9.0, 11.0]
1.65460419655, [3.0, 8.0, 5.0, 1.0, 10.0, 16.0, 2.0, 12.0, 4.0, 6.0, 14.0, 15.0, 7.0, 13.0, 9.0, 11.0]
1.65767502785, [3.0, 13.0, 7.0, 15.0, 14.0, 6.0, 4.0, 12.0, 2.0, 16.0, 10.0, 1.0, 5.0, 8.0, 9.0, 11.0]
1.6607260704, [3.0, 13.0, 7.0, 15.0, 14.0, 6.0, 4.0, 16.0, 2.0, 12.0, 10.0, 1.0, 5.0, 8.0, 9.0, 11.0]
1.66370606422, [3.0, 13.0, 7.0, 15.0, 14.0, 6.0, 4.0, 16.0, 2.0, 12.0, 10.0, 5.0, 1.0, 8.0, 9.0, 11.0]
1.66680717468, [3.0, 13.0, 7.0, 15.0, 14.0, 2.0, 16.0, 4.0, 6.0, 12.0, 10.0, 5.0, 1.0, 8.0, 9.0, 11.0]
1.66980814934, [3.0, 13.0, 10.0, 12.0, 6.0, 4.0, 16.0, 2.0, 14.0, 15.0, 7.0, 5.0, 1.0, 8.0, 9.0, 11.0]
1.6732571125, [3.0, 13.0, 10.0, 12.0, 6.0, 4.0, 16.0, 2.0, 14.0, 15.0, 7.0, 5.0, 1.0, 8.0, 9.0, 11.0]
1.67631101608, [3.0, 13.0, 8.0, 1.0, 5.0, 7.0, 15.0, 14.0, 2.0, 16.0, 4.0, 6.0, 12.0, 10.0, 9.0, 11.0]
1.69429111481, [3.0, 13.0, 8.0, 1.0, 15.0, 7.0, 5.0, 14.0, 2.0, 16.0, 4.0, 6.0, 12.0, 10.0, 9.0, 11.0]
1.69735813141, [3.0, 13.0, 8.0, 1.0, 15.0, 7.0, 5.0, 14.0, 2.0, 10.0, 12.0, 6.0, 4.0, 16.0, 9.0, 11.0]
1.70027518272, [3.0, 13.0, 15.0, 1.0, 8.0, 7.0, 5.0, 14.0, 2.0, 10.0, 12.0, 6.0, 4.0, 16.0, 9.0, 11.0]
1.70318317413, [3.0, 13.0, 15.0, 1.0, 8.0, 7.0, 5.0, 14.0, 12.0, 10.0, 2.0, 6.0, 4.0, 16.0, 9.0, 11.0]
1.70611810684, [3.0, 13.0, 15.0, 1.0, 14.0, 5.0, 7.0, 8.0, 12.0, 10.0, 2.0, 6.0, 4.0, 16.0, 9.0, 11.0]
1.71004199982, [3.0, 13.0, 15.0, 1.0, 2.0, 10.0, 12.0, 8.0, 7.0, 5.0, 14.0, 6.0, 4.0, 16.0, 9.0, 11.0]
1.71294307709, [3.0, 1.0, 15.0, 13.0, 2.0, 10.0, 12.0, 8.0, 7.0, 5.0, 14.0, 6.0, 4.0, 16.0, 9.0, 11.0]
1.71590518951, [3.0, 1.0, 15.0, 13.0, 10.0, 2.0, 12.0, 8.0, 7.0, 5.0, 14.0, 6.0, 4.0, 16.0, 9.0, 11.0]
1.71887421608, [3.0, 1.0, 15.0, 4.0, 6.0, 14.0, 5.0, 7.0, 8.0, 12.0, 2.0, 10.0, 13.0, 16.0, 9.0, 11.0]
1.72174406052, [3.0, 1.0, 15.0, 4.0, 2.0, 12.0, 8.0, 7.0, 5.0, 14.0, 6.0, 10.0, 13.0, 16.0, 9.0, 11.0]
1.72470211983, [3.0, 1.0, 15.0, 4.0, 12.0, 2.0, 8.0, 7.0, 5.0, 14.0, 6.0, 10.0, 13.0, 16.0, 9.0, 11.0]
1.72771120071, [3.0, 1.0, 15.0, 4.0, 12.0, 2.0, 8.0, 7.0, 5.0, 13.0, 10.0, 6.0, 14.0, 16.0, 9.0, 11.0]
1.74376106262, [3.0, 1.0, 15.0, 4.0, 13.0, 5.0, 7.0, 8.0, 2.0, 12.0, 10.0, 6.0, 14.0, 16.0, 9.0, 11.0]
1.7466750145, [3.0, 1.0, 15.0, 4.0, 13.0, 5.0, 7.0, 8.0, 2.0, 12.0, 10.0, 6.0, 14.0, 16.0, 9.0, 11.0]
1.74996209145, [3.0, 1.0, 15.0, 4.0, 13.0, 5.0, 8.0, 7.0, 2.0, 12.0, 10.0, 6.0, 14.0, 16.0, 9.0, 11.0]
1.7528321743, [3.0, 1.0, 15.0, 4.0, 13.0, 5.0, 8.0, 7.0, 2.0, 12.0, 10.0, 6.0, 14.0, 16.0, 9.0, 11.0]
1.75575017929, [3.0, 1.0, 15.0, 4.0, 13.0, 10.0, 12.0, 2.0, 7.0, 8.0, 5.0, 6.0, 14.0, 16.0, 9.0, 11.0]
1.75864100456, [3.0, 1.0, 15.0, 4.0, 8.0, 7.0, 2.0, 12.0, 10.0, 13.0, 5.0, 6.0, 14.0, 16.0, 9.0, 11.0]
1.76162409782, [3.0, 1.0, 5.0, 13.0, 10.0, 12.0, 2.0, 7.0, 8.0, 4.0, 15.0, 6.0, 14.0, 16.0, 9.0, 11.0]
1.76466608047, [3.0, 1.0, 5.0, 13.0, 7.0, 2.0, 12.0, 10.0, 8.0, 4.0, 15.0, 6.0, 14.0, 16.0, 9.0, 11.0]
1.76756501198, [3.0, 14.0, 6.0, 15.0, 4.0, 8.0, 10.0, 12.0, 2.0, 7.0, 13.0, 5.0, 1.0, 16.0, 9.0, 11.0]
1.77040314674, [3.0, 14.0, 6.0, 15.0, 4.0, 8.0, 10.0, 12.0, 2.0, 7.0, 13.0, 5.0, 1.0, 16.0, 9.0, 11.0]
1.77335715294, [3.0, 14.0, 6.0, 15.0, 4.0, 8.0, 10.0, 5.0, 13.0, 7.0, 2.0, 12.0, 1.0, 16.0, 9.0, 11.0]
1.77639102936, [3.0, 14.0, 6.0, 15.0, 4.0, 8.0, 13.0, 5.0, 10.0, 7.0, 2.0, 12.0, 1.0, 16.0, 9.0, 11.0]
1.7931702137, [3.0, 14.0, 6.0, 15.0, 4.0, 10.0, 5.0, 13.0, 8.0, 7.0, 2.0, 12.0, 1.0, 16.0, 9.0, 11.0]
1.79658699036, [3.0, 14.0, 6.0, 15.0, 4.0, 10.0, 5.0, 13.0, 8.0, 7.0, 2.0, 12.0, 1.0, 16.0, 9.0, 11.0]
1.7996840477, [3.0, 14.0, 6.0, 15.0, 4.0, 8.0, 13.0, 5.0, 10.0, 7.0, 2.0, 12.0, 1.0, 16.0, 9.0, 11.0]
1.80273509026, [3.0, 14.0, 6.0, 15.0, 13.0, 8.0, 4.0, 5.0, 10.0, 7.0, 2.0, 12.0, 1.0, 16.0, 9.0, 11.0]
1.80578017235, [3.0, 14.0, 6.0, 15.0, 1.0, 12.0, 2.0, 7.0, 10.0, 5.0, 4.0, 8.0, 13.0, 16.0, 9.0, 11.0]
1.80883717537, [3.0, 12.0, 1.0, 15.0, 6.0, 14.0, 2.0, 7.0, 10.0, 5.0, 4.0, 8.0, 13.0, 16.0, 9.0, 11.0]
1.81177806854, [3.0, 12.0, 1.0, 15.0, 6.0, 14.0, 2.0, 7.0, 16.0, 13.0, 8.0, 4.0, 5.0, 10.0, 9.0, 11.0]
1.81475615501, [3.0, 12.0, 15.0, 1.0, 6.0, 14.0, 2.0, 7.0, 16.0, 13.0, 8.0, 4.0, 5.0, 10.0, 9.0, 11.0]
1.8178961277, [3.0, 8.0, 13.0, 16.0, 7.0, 2.0, 14.0, 6.0, 1.0, 15.0, 12.0, 4.0, 5.0, 10.0, 9.0, 11.0]
1.82098817825, [3.0, 8.0, 13.0, 16.0, 7.0, 2.0, 14.0, 6.0, 1.0, 15.0, 4.0, 12.0, 5.0, 10.0, 9.0, 11.0]
1.82402801514, [3.0, 8.0, 13.0, 16.0, 7.0, 2.0, 5.0, 12.0, 4.0, 15.0, 1.0, 6.0, 14.0, 10.0, 9.0, 11.0]
1.84414601326, [3.0, 8.0, 13.0, 12.0, 5.0, 2.0, 7.0, 16.0, 4.0, 15.0, 1.0, 6.0, 14.0, 10.0, 9.0, 11.0]
1.84799909592, [3.0, 8.0, 5.0, 12.0, 13.0, 2.0, 7.0, 16.0, 4.0, 15.0, 1.0, 6.0, 14.0, 10.0, 9.0, 11.0]
1.85117602348, [3.0, 8.0, 5.0, 12.0, 13.0, 2.0, 7.0, 10.0, 14.0, 6.0, 1.0, 15.0, 4.0, 16.0, 9.0, 11.0]
1.85419106483, [3.0, 8.0, 5.0, 12.0, 13.0, 15.0, 1.0, 6.0, 14.0, 10.0, 7.0, 2.0, 4.0, 16.0, 9.0, 11.0]
1.85726499557, [3.0, 8.0, 5.0, 12.0, 13.0, 15.0, 1.0, 6.0, 14.0, 10.0, 7.0, 2.0, 4.0, 16.0, 9.0, 11.0]
1.8603951931, [3.0, 8.0, 13.0, 12.0, 5.0, 15.0, 1.0, 6.0, 14.0, 10.0, 7.0, 2.0, 4.0, 16.0, 9.0, 11.0]
1.86342406273, [3.0, 8.0, 14.0, 6.0, 1.0, 15.0, 5.0, 12.0, 13.0, 10.0, 7.0, 2.0, 4.0, 16.0, 9.0, 11.0]
1.86642503738, [3.0, 8.0, 14.0, 6.0, 1.0, 15.0, 5.0, 12.0, 7.0, 10.0, 13.0, 2.0, 4.0, 16.0, 9.0, 11.0]
1.86944007874, [3.0, 8.0, 14.0, 6.0, 1.0, 15.0, 5.0, 7.0, 12.0, 10.0, 13.0, 2.0, 4.0, 16.0, 9.0, 11.0]
1.87243700027, [3.0, 8.0, 14.0, 6.0, 1.0, 15.0, 5.0, 7.0, 12.0, 10.0, 13.0, 2.0, 4.0, 16.0, 9.0, 11.0]
1.87574911118, [3.0, 8.0, 14.0, 6.0, 1.0, 15.0, 5.0, 7.0, 12.0, 10.0, 13.0, 2.0, 4.0, 16.0, 9.0, 11.0]
1.89469814301, [3.0, 8.0, 14.0, 6.0, 1.0, 15.0, 2.0, 13.0, 10.0, 12.0, 7.0, 5.0, 4.0, 16.0, 9.0, 11.0]
1.89848613739, [3.0, 8.0, 14.0, 6.0, 12.0, 10.0, 13.0, 2.0, 15.0, 1.0, 7.0, 5.0, 4.0, 16.0, 9.0, 11.0]
1.9017970562, [3.0, 8.0, 14.0, 13.0, 10.0, 12.0, 6.0, 2.0, 15.0, 1.0, 7.0, 5.0, 4.0, 16.0, 9.0, 11.0]
1.9048871994, [3.0, 8.0, 14.0, 5.0, 7.0, 1.0, 15.0, 2.0, 6.0, 12.0, 10.0, 13.0, 4.0, 16.0, 9.0, 11.0]
1.90818500519, [3.0, 8.0, 14.0, 5.0, 7.0, 1.0, 13.0, 10.0, 12.0, 6.0, 2.0, 15.0, 4.0, 16.0, 9.0, 11.0]
1.91139602661, [3.0, 8.0, 14.0, 5.0, 7.0, 1.0, 13.0, 15.0, 2.0, 6.0, 12.0, 10.0, 4.0, 16.0, 9.0, 11.0]
1.91441106796, [3.0, 8.0, 14.0, 5.0, 7.0, 6.0, 2.0, 15.0, 13.0, 1.0, 12.0, 10.0, 4.0, 16.0, 9.0, 11.0]
1.91767501831, [3.0, 8.0, 14.0, 5.0, 7.0, 6.0, 2.0, 15.0, 4.0, 10.0, 12.0, 1.0, 13.0, 16.0, 9.0, 11.0]
1.92072701454, [3.0, 8.0, 14.0, 5.0, 7.0, 6.0, 2.0, 15.0, 4.0, 10.0, 12.0, 1.0, 13.0, 16.0, 9.0, 11.0]
1.92372512817, [3.0, 8.0, 14.0, 5.0, 7.0, 4.0, 15.0, 2.0, 6.0, 10.0, 12.0, 1.0, 13.0, 16.0, 9.0, 11.0]
1.92675018311, [3.0, 8.0, 14.0, 5.0, 13.0, 1.0, 12.0, 10.0, 6.0, 2.0, 15.0, 4.0, 7.0, 16.0, 9.0, 11.0]
1.94435405731, [3.0, 8.0, 2.0, 6.0, 10.0, 12.0, 1.0, 13.0, 5.0, 14.0, 15.0, 4.0, 7.0, 16.0, 9.0, 11.0]
1.94823718071, [3.0, 8.0, 2.0, 6.0, 10.0, 12.0, 1.0, 13.0, 5.0, 14.0, 15.0, 4.0, 7.0, 16.0, 9.0, 11.0]
1.95165419579, [3.0, 4.0, 15.0, 14.0, 5.0, 13.0, 1.0, 12.0, 10.0, 6.0, 2.0, 8.0, 7.0, 16.0, 9.0, 11.0]
1.95488119125, [3.0, 4.0, 15.0, 14.0, 5.0, 13.0, 1.0, 12.0, 10.0, 6.0, 2.0, 8.0, 7.0, 16.0, 9.0, 11.0]
1.95808911324, [3.0, 8.0, 2.0, 6.0, 10.0, 12.0, 1.0, 13.0, 5.0, 14.0, 15.0, 4.0, 7.0, 16.0, 9.0, 11.0]
1.96127915382, [3.0, 8.0, 2.0, 6.0, 10.0, 12.0, 15.0, 14.0, 5.0, 13.0, 1.0, 4.0, 7.0, 16.0, 9.0, 11.0]
1.96446299553, [3.0, 15.0, 12.0, 10.0, 6.0, 2.0, 8.0, 14.0, 5.0, 13.0, 1.0, 4.0, 7.0, 16.0, 9.0, 11.0]
1.96750807762, [3.0, 15.0, 12.0, 10.0, 13.0, 5.0, 14.0, 8.0, 2.0, 6.0, 1.0, 4.0, 7.0, 16.0, 9.0, 11.0]
1.97055506706, [3.0, 15.0, 12.0, 14.0, 5.0, 13.0, 10.0, 8.0, 2.0, 6.0, 1.0, 4.0, 7.0, 16.0, 9.0, 11.0]
1.97365498543, [3.0, 15.0, 12.0, 14.0, 5.0, 8.0, 10.0, 13.0, 2.0, 6.0, 1.0, 4.0, 7.0, 16.0, 9.0, 11.0]
1.97669816017, [3.0, 15.0, 12.0, 14.0, 5.0, 8.0, 10.0, 13.0, 2.0, 6.0, 1.0, 4.0, 7.0, 16.0, 9.0, 11.0]
1.99392819405, [3.0, 14.0, 12.0, 15.0, 5.0, 8.0, 10.0, 13.0, 2.0, 6.0, 1.0, 4.0, 7.0, 16.0, 9.0, 11.0]
1.99736618996, [3.0, 14.0, 12.0, 15.0, 5.0, 8.0, 16.0, 7.0, 4.0, 1.0, 6.0, 2.0, 13.0, 10.0, 9.0, 11.0]
2.00060415268, [3.0, 14.0, 12.0, 15.0, 5.0, 8.0, 16.0, 7.0, 4.0, 1.0, 6.0, 2.0, 13.0, 10.0, 9.0, 11.0]
2.00375413895, [3.0, 14.0, 12.0, 15.0, 5.0, 8.0, 16.0, 7.0, 4.0, 1.0, 6.0, 2.0, 13.0, 10.0, 9.0, 11.0]
2.00677013397, [3.0, 14.0, 12.0, 15.0, 5.0, 13.0, 2.0, 6.0, 1.0, 4.0, 7.0, 16.0, 8.0, 10.0, 9.0, 11.0]
2.00982308388, [3.0, 12.0, 14.0, 15.0, 5.0, 13.0, 2.0, 6.0, 1.0, 4.0, 7.0, 16.0, 8.0, 10.0, 9.0, 11.0]
2.01290822029, [3.0, 12.0, 14.0, 15.0, 5.0, 8.0, 16.0, 7.0, 4.0, 1.0, 6.0, 2.0, 13.0, 10.0, 9.0, 11.0]
2.0158970356, [3.0, 12.0, 14.0, 15.0, 5.0, 8.0, 16.0, 7.0, 4.0, 13.0, 2.0, 6.0, 1.0, 10.0, 9.0, 11.0]
2.01894807816, [3.0, 5.0, 15.0, 14.0, 12.0, 8.0, 16.0, 7.0, 4.0, 13.0, 2.0, 6.0, 1.0, 10.0, 9.0, 11.0]
2.02205920219, [3.0, 5.0, 15.0, 14.0, 12.0, 8.0, 16.0, 7.0, 10.0, 1.0, 6.0, 2.0, 13.0, 4.0, 9.0, 11.0]
2.02487921715, [3.0, 5.0, 15.0, 14.0, 12.0, 8.0, 2.0, 6.0, 1.0, 10.0, 7.0, 16.0, 13.0, 4.0, 9.0, 11.0]
2.02773213387, [3.0, 2.0, 8.0, 12.0, 14.0, 15.0, 5.0, 6.0, 1.0, 10.0, 7.0, 16.0, 13.0, 4.0, 9.0, 11.0]
2.04286599159, [3.0, 2.0, 8.0, 12.0, 14.0, 15.0, 5.0, 7.0, 10.0, 1.0, 6.0, 16.0, 13.0, 4.0, 9.0, 11.0]
2.04603219032, [3.0, 2.0, 8.0, 6.0, 1.0, 10.0, 7.0, 5.0, 15.0, 14.0, 12.0, 16.0, 13.0, 4.0, 9.0, 11.0]
2.04877519608, [3.0, 2.0, 8.0, 6.0, 1.0, 10.0, 7.0, 5.0, 16.0, 12.0, 14.0, 15.0, 13.0, 4.0, 9.0, 11.0]
2.05153417587, [3.0, 2.0, 8.0, 6.0, 1.0, 10.0, 7.0, 5.0, 16.0, 12.0, 13.0, 15.0, 14.0, 4.0, 9.0, 11.0]
2.05440211296, [3.0, 2.0, 8.0, 6.0, 1.0, 10.0, 5.0, 7.0, 16.0, 12.0, 13.0, 15.0, 14.0, 4.0, 9.0, 11.0]
2.05751609802, [3.0, 2.0, 8.0, 6.0, 1.0, 10.0, 5.0, 7.0, 16.0, 12.0, 13.0, 15.0, 14.0, 4.0, 9.0, 11.0]
2.06059503555, [3.0, 4.0, 14.0, 15.0, 13.0, 12.0, 16.0, 7.0, 5.0, 10.0, 1.0, 6.0, 8.0, 2.0, 9.0, 11.0]
2.06345009804, [3.0, 7.0, 16.0, 12.0, 13.0, 15.0, 14.0, 4.0, 5.0, 10.0, 1.0, 6.0, 8.0, 2.0, 9.0, 11.0]
2.06639814377, [3.0, 7.0, 16.0, 10.0, 5.0, 4.0, 14.0, 15.0, 13.0, 12.0, 1.0, 6.0, 8.0, 2.0, 9.0, 11.0]
2.06947898865, [3.0, 7.0, 16.0, 10.0, 5.0, 4.0, 14.0, 15.0, 13.0, 12.0, 1.0, 6.0, 8.0, 2.0, 9.0, 11.0]
2.07240319252, [3.0, 7.0, 16.0, 10.0, 1.0, 12.0, 13.0, 15.0, 14.0, 4.0, 5.0, 6.0, 8.0, 2.0, 9.0, 11.0]
2.07565402985, [3.0, 7.0, 16.0, 10.0, 1.0, 12.0, 13.0, 15.0, 2.0, 8.0, 6.0, 5.0, 4.0, 14.0, 9.0, 11.0]
2.09330606461, [3.0, 7.0, 16.0, 10.0, 1.0, 12.0, 13.0, 15.0, 2.0, 8.0, 6.0, 5.0, 4.0, 14.0, 9.0, 11.0]
2.09656310081, [3.0, 7.0, 16.0, 2.0, 15.0, 13.0, 12.0, 1.0, 10.0, 8.0, 6.0, 5.0, 4.0, 14.0, 9.0, 11.0]
2.09960913658, [3.0, 7.0, 16.0, 2.0, 1.0, 12.0, 13.0, 15.0, 10.0, 8.0, 6.0, 5.0, 4.0, 14.0, 9.0, 11.0]
2.10300302505, [3.0, 16.0, 7.0, 2.0, 1.0, 12.0, 13.0, 15.0, 10.0, 8.0, 6.0, 5.0, 4.0, 14.0, 9.0, 11.0]
2.10586500168, [3.0, 16.0, 7.0, 2.0, 14.0, 4.0, 5.0, 6.0, 8.0, 10.0, 15.0, 13.0, 12.0, 1.0, 9.0, 11.0]
2.10869503021, [3.0, 16.0, 7.0, 2.0, 14.0, 8.0, 6.0, 5.0, 4.0, 10.0, 15.0, 13.0, 12.0, 1.0, 9.0, 11.0]
2.11175012589, [3.0, 16.0, 8.0, 14.0, 2.0, 7.0, 6.0, 5.0, 4.0, 10.0, 15.0, 13.0, 12.0, 1.0, 9.0, 11.0]
2.11483120918, [3.0, 16.0, 8.0, 14.0, 2.0, 7.0, 6.0, 5.0, 4.0, 1.0, 12.0, 13.0, 15.0, 10.0, 9.0, 11.0]
2.11772298813, [3.0, 16.0, 8.0, 14.0, 2.0, 7.0, 6.0, 5.0, 4.0, 1.0, 12.0, 15.0, 13.0, 10.0, 9.0, 11.0]
2.12055301666, [3.0, 16.0, 12.0, 1.0, 4.0, 5.0, 6.0, 7.0, 2.0, 14.0, 8.0, 15.0, 13.0, 10.0, 9.0, 11.0]
2.12342119217, [3.0, 16.0, 12.0, 1.0, 4.0, 5.0, 6.0, 10.0, 13.0, 15.0, 8.0, 14.0, 2.0, 7.0, 9.0, 11.0]
2.12657308578, [3.0, 4.0, 1.0, 12.0, 16.0, 5.0, 6.0, 10.0, 13.0, 15.0, 8.0, 14.0, 2.0, 7.0, 9.0, 11.0]
2.14422821999, [3.0, 2.0, 14.0, 8.0, 15.0, 13.0, 10.0, 6.0, 5.0, 16.0, 12.0, 1.0, 4.0, 7.0, 9.0, 11.0]
2.14795708656, [3.0, 2.0, 14.0, 8.0, 15.0, 4.0, 1.0, 12.0, 16.0, 5.0, 6.0, 10.0, 13.0, 7.0, 9.0, 11.0]
2.15120720863, [3.0, 2.0, 14.0, 8.0, 15.0, 5.0, 16.0, 12.0, 1.0, 4.0, 6.0, 10.0, 13.0, 7.0, 9.0, 11.0]
2.15423607826, [3.0, 2.0, 14.0, 1.0, 12.0, 16.0, 5.0, 15.0, 8.0, 4.0, 6.0, 10.0, 13.0, 7.0, 9.0, 11.0]
2.15729022026, [3.0, 2.0, 14.0, 1.0, 12.0, 8.0, 15.0, 5.0, 16.0, 4.0, 6.0, 10.0, 13.0, 7.0, 9.0, 11.0]
2.16031098366, [3.0, 16.0, 5.0, 15.0, 8.0, 12.0, 1.0, 14.0, 2.0, 4.0, 6.0, 10.0, 13.0, 7.0, 9.0, 11.0]
2.1633541584, [3.0, 16.0, 5.0, 15.0, 8.0, 12.0, 1.0, 7.0, 13.0, 10.0, 6.0, 4.0, 2.0, 14.0, 9.0, 11.0]
2.16634106636, [3.0, 16.0, 5.0, 15.0, 2.0, 4.0, 6.0, 10.0, 13.0, 7.0, 1.0, 12.0, 8.0, 14.0, 9.0, 11.0]
2.16947507858, [3.0, 16.0, 5.0, 15.0, 2.0, 4.0, 13.0, 10.0, 6.0, 7.0, 1.0, 12.0, 8.0, 14.0, 9.0, 11.0]
2.17256307602, [3.0, 16.0, 5.0, 15.0, 8.0, 12.0, 1.0, 7.0, 6.0, 10.0, 13.0, 4.0, 2.0, 14.0, 9.0, 11.0]
2.17557120323, [3.0, 16.0, 5.0, 15.0, 8.0, 12.0, 1.0, 7.0, 6.0, 10.0, 13.0, 4.0, 2.0, 14.0, 9.0, 11.0]
2.19285202026, [3.0, 16.0, 13.0, 10.0, 6.0, 7.0, 1.0, 12.0, 8.0, 15.0, 5.0, 4.0, 2.0, 14.0, 9.0, 11.0]
2.19634199142, [3.0, 16.0, 1.0, 7.0, 6.0, 10.0, 13.0, 12.0, 8.0, 15.0, 5.0, 4.0, 2.0, 14.0, 9.0, 11.0]
2.19948410988, [3.0, 16.0, 1.0, 7.0, 6.0, 10.0, 13.0, 12.0, 8.0, 4.0, 5.0, 15.0, 2.0, 14.0, 9.0, 11.0]
2.2029671669, [3.0, 16.0, 1.0, 7.0, 6.0, 10.0, 15.0, 5.0, 4.0, 8.0, 12.0, 13.0, 2.0, 14.0, 9.0, 11.0]
2.20612716675, [3.0, 4.0, 5.0, 15.0, 10.0, 6.0, 7.0, 1.0, 16.0, 8.0, 12.0, 13.0, 2.0, 14.0, 9.0, 11.0]
2.20942807198, [3.0, 4.0, 5.0, 15.0, 7.0, 6.0, 10.0, 1.0, 16.0, 8.0, 12.0, 13.0, 2.0, 14.0, 9.0, 11.0]
2.2125210762, [3.0, 4.0, 5.0, 15.0, 7.0, 6.0, 10.0, 8.0, 16.0, 1.0, 12.0, 13.0, 2.0, 14.0, 9.0, 11.0]
2.21544909477, [3.0, 4.0, 5.0, 16.0, 8.0, 10.0, 6.0, 7.0, 15.0, 1.0, 12.0, 13.0, 2.0, 14.0, 9.0, 11.0]
2.21863603592, [3.0, 4.0, 5.0, 16.0, 8.0, 10.0, 6.0, 7.0, 15.0, 1.0, 13.0, 12.0, 2.0, 14.0, 9.0, 11.0]
2.22169709206, [3.0, 1.0, 15.0, 7.0, 6.0, 10.0, 8.0, 16.0, 5.0, 4.0, 13.0, 12.0, 2.0, 14.0, 9.0, 11.0]
2.22477006912, [3.0, 1.0, 15.0, 7.0, 6.0, 16.0, 8.0, 10.0, 5.0, 4.0, 13.0, 12.0, 2.0, 14.0, 9.0, 11.0]
2.24399399757, [3.0, 1.0, 15.0, 7.0, 6.0, 16.0, 8.0, 10.0, 2.0, 12.0, 13.0, 4.0, 5.0, 14.0, 9.0, 11.0]
2.24771308899, [3.0, 1.0, 15.0, 7.0, 2.0, 10.0, 8.0, 16.0, 6.0, 12.0, 13.0, 4.0, 5.0, 14.0, 9.0, 11.0]
2.251060009, [3.0, 1.0, 15.0, 7.0, 2.0, 10.0, 8.0, 16.0, 6.0, 12.0, 13.0, 4.0, 5.0, 14.0, 9.0, 11.0]
2.25432705879, [3.0, 13.0, 12.0, 6.0, 16.0, 8.0, 10.0, 2.0, 7.0, 15.0, 1.0, 4.0, 5.0, 14.0, 9.0, 11.0]
2.25743913651, [3.0, 13.0, 12.0, 6.0, 16.0, 15.0, 7.0, 2.0, 10.0, 8.0, 1.0, 4.0, 5.0, 14.0, 9.0, 11.0]
2.26054000854, [3.0, 13.0, 15.0, 16.0, 6.0, 12.0, 7.0, 2.0, 10.0, 8.0, 1.0, 4.0, 5.0, 14.0, 9.0, 11.0]
2.26367115974, [3.0, 13.0, 15.0, 16.0, 6.0, 12.0, 7.0, 2.0, 10.0, 8.0, 1.0, 4.0, 5.0, 14.0, 9.0, 11.0]
2.26681017876, [3.0, 8.0, 10.0, 2.0, 7.0, 12.0, 6.0, 16.0, 15.0, 13.0, 1.0, 4.0, 5.0, 14.0, 9.0, 11.0]
2.26984620094, [3.0, 8.0, 10.0, 2.0, 7.0, 6.0, 12.0, 16.0, 15.0, 13.0, 1.0, 4.0, 5.0, 14.0, 9.0, 11.0]
2.27292919159, [3.0, 8.0, 10.0, 2.0, 7.0, 6.0, 12.0, 16.0, 15.0, 14.0, 5.0, 4.0, 1.0, 13.0, 9.0, 11.0]
2.27596616745, [3.0, 8.0, 10.0, 2.0, 13.0, 1.0, 4.0, 5.0, 14.0, 15.0, 16.0, 12.0, 6.0, 7.0, 9.0, 11.0]
2.29432702065, [3.0, 8.0, 10.0, 15.0, 14.0, 5.0, 4.0, 1.0, 13.0, 2.0, 16.0, 12.0, 6.0, 7.0, 9.0, 11.0]
2.29817509651, [3.0, 8.0, 10.0, 15.0, 14.0, 5.0, 4.0, 1.0, 13.0, 2.0, 16.0, 12.0, 6.0, 7.0, 9.0, 11.0]
2.30150413513, [3.0, 8.0, 10.0, 15.0, 14.0, 5.0, 4.0, 1.0, 16.0, 2.0, 13.0, 12.0, 6.0, 7.0, 9.0, 11.0]
2.30467200279, [3.0, 12.0, 13.0, 2.0, 16.0, 1.0, 4.0, 5.0, 14.0, 15.0, 10.0, 8.0, 6.0, 7.0, 9.0, 11.0]
2.30779099464, [3.0, 12.0, 13.0, 2.0, 15.0, 14.0, 5.0, 4.0, 1.0, 16.0, 10.0, 8.0, 6.0, 7.0, 9.0, 11.0]
2.31075406075, [3.0, 12.0, 13.0, 2.0, 15.0, 14.0, 5.0, 4.0, 1.0, 16.0, 10.0, 8.0, 6.0, 7.0, 9.0, 11.0]
2.31379008293, [3.0, 14.0, 15.0, 2.0, 13.0, 12.0, 5.0, 4.0, 1.0, 16.0, 10.0, 8.0, 6.0, 7.0, 9.0, 11.0]
2.31681704521, [3.0, 14.0, 15.0, 8.0, 10.0, 16.0, 1.0, 4.0, 5.0, 12.0, 13.0, 2.0, 6.0, 7.0, 9.0, 11.0]
2.31984901428, [3.0, 14.0, 15.0, 8.0, 10.0, 16.0, 1.0, 13.0, 12.0, 5.0, 4.0, 2.0, 6.0, 7.0, 9.0, 11.0]
2.32287621498, [3.0, 14.0, 15.0, 8.0, 10.0, 16.0, 1.0, 4.0, 5.0, 12.0, 13.0, 2.0, 6.0, 7.0, 9.0, 11.0]
2.32582902908, [3.0, 14.0, 15.0, 8.0, 10.0, 16.0, 1.0, 4.0, 5.0, 6.0, 2.0, 13.0, 12.0, 7.0, 9.0, 11.0]
2.32892203331, [3.0, 14.0, 15.0, 8.0, 10.0, 16.0, 1.0, 4.0, 5.0, 7.0, 12.0, 13.0, 2.0, 6.0, 9.0, 11.0]
2.3438410759, [3.0, 14.0, 15.0, 8.0, 10.0, 2.0, 13.0, 12.0, 7.0, 5.0, 4.0, 1.0, 16.0, 6.0, 9.0, 11.0]
2.34734320641, [3.0, 14.0, 6.0, 16.0, 1.0, 4.0, 5.0, 7.0, 12.0, 13.0, 2.0, 10.0, 8.0, 15.0, 9.0, 11.0]
2.35057806969, [3.0, 1.0, 16.0, 6.0, 14.0, 4.0, 5.0, 7.0, 12.0, 13.0, 2.0, 10.0, 8.0, 15.0, 9.0, 11.0]
2.35381817818, [3.0, 8.0, 10.0, 2.0, 13.0, 12.0, 7.0, 5.0, 4.0, 14.0, 6.0, 16.0, 1.0, 15.0, 9.0, 11.0]
2.35687112808, [3.0, 7.0, 12.0, 13.0, 2.0, 10.0, 8.0, 5.0, 4.0, 14.0, 6.0, 16.0, 1.0, 15.0, 9.0, 11.0]
2.35994410515, [3.0, 7.0, 6.0, 14.0, 4.0, 5.0, 8.0, 10.0, 2.0, 13.0, 12.0, 16.0, 1.0, 15.0, 9.0, 11.0]
2.36298108101, [3.0, 1.0, 16.0, 12.0, 13.0, 2.0, 10.0, 8.0, 5.0, 4.0, 14.0, 6.0, 7.0, 15.0, 9.0, 11.0]
2.36602711678, [3.0, 1.0, 16.0, 13.0, 12.0, 2.0, 10.0, 8.0, 5.0, 4.0, 14.0, 6.0, 7.0, 15.0, 9.0, 11.0]
2.36904621124, [3.0, 1.0, 8.0, 10.0, 2.0, 12.0, 13.0, 16.0, 5.0, 4.0, 14.0, 6.0, 7.0, 15.0, 9.0, 11.0]
2.37204313278, [3.0, 1.0, 8.0, 10.0, 2.0, 12.0, 13.0, 16.0, 5.0, 4.0, 7.0, 6.0, 14.0, 15.0, 9.0, 11.0]
2.37506699562, [3.0, 1.0, 8.0, 10.0, 2.0, 7.0, 4.0, 5.0, 16.0, 13.0, 12.0, 6.0, 14.0, 15.0, 9.0, 11.0]
2.39424014091, [3.0, 1.0, 8.0, 10.0, 2.0, 7.0, 4.0, 5.0, 15.0, 14.0, 6.0, 12.0, 13.0, 16.0, 9.0, 11.0]
2.39871001244, [3.0, 1.0, 8.0, 10.0, 2.0, 7.0, 4.0, 5.0, 15.0, 13.0, 12.0, 6.0, 14.0, 16.0, 9.0, 11.0]
2.4023001194, [3.0, 1.0, 8.0, 12.0, 13.0, 15.0, 5.0, 4.0, 7.0, 2.0, 10.0, 6.0, 14.0, 16.0, 9.0, 11.0]
2.4054851532, [3.0, 1.0, 8.0, 12.0, 13.0, 15.0, 5.0, 4.0, 7.0, 2.0, 10.0, 16.0, 14.0, 6.0, 9.0, 11.0]
2.40879321098, [3.0, 1.0, 8.0, 10.0, 2.0, 7.0, 4.0, 5.0, 15.0, 13.0, 12.0, 16.0, 14.0, 6.0, 9.0, 11.0]
2.41194319725, [3.0, 1.0, 6.0, 14.0, 16.0, 12.0, 13.0, 15.0, 5.0, 4.0, 7.0, 2.0, 10.0, 8.0, 9.0, 11.0]
2.4150531292, [3.0, 1.0, 6.0, 14.0, 16.0, 12.0, 8.0, 10.0, 2.0, 7.0, 4.0, 5.0, 15.0, 13.0, 9.0, 11.0]
2.41812610626, [3.0, 1.0, 6.0, 14.0, 16.0, 12.0, 5.0, 4.0, 7.0, 2.0, 10.0, 8.0, 15.0, 13.0, 9.0, 11.0]
2.42118620872, [3.0, 1.0, 6.0, 8.0, 10.0, 2.0, 7.0, 4.0, 5.0, 12.0, 16.0, 14.0, 15.0, 13.0, 9.0, 11.0]
2.42422914505, [3.0, 1.0, 6.0, 8.0, 10.0, 2.0, 16.0, 12.0, 5.0, 4.0, 7.0, 14.0, 15.0, 13.0, 9.0, 11.0]
2.42730498314, [3.0, 1.0, 6.0, 2.0, 10.0, 8.0, 16.0, 12.0, 5.0, 4.0, 7.0, 14.0, 15.0, 13.0, 9.0, 11.0]
2.44303703308, [3.0, 1.0, 6.0, 2.0, 4.0, 5.0, 12.0, 16.0, 8.0, 10.0, 7.0, 14.0, 15.0, 13.0, 9.0, 11.0]
2.44655704498, [3.0, 1.0, 6.0, 16.0, 12.0, 5.0, 4.0, 2.0, 8.0, 10.0, 7.0, 14.0, 15.0, 13.0, 9.0, 11.0]
2.4497051239, [3.0, 1.0, 2.0, 4.0, 5.0, 12.0, 16.0, 6.0, 8.0, 10.0, 7.0, 14.0, 15.0, 13.0, 9.0, 11.0]
2.45275211334, [3.0, 1.0, 2.0, 4.0, 5.0, 8.0, 6.0, 16.0, 12.0, 10.0, 7.0, 14.0, 15.0, 13.0, 9.0, 11.0]
2.45571708679, [3.0, 1.0, 2.0, 4.0, 5.0, 8.0, 6.0, 16.0, 12.0, 10.0, 14.0, 7.0, 15.0, 13.0, 9.0, 11.0]
2.45887708664, [3.0, 16.0, 6.0, 8.0, 5.0, 4.0, 2.0, 1.0, 12.0, 10.0, 14.0, 7.0, 15.0, 13.0, 9.0, 11.0]
2.46183013916, [3.0, 16.0, 6.0, 8.0, 2.0, 4.0, 5.0, 1.0, 12.0, 10.0, 14.0, 7.0, 15.0, 13.0, 9.0, 11.0]
2.46481609344, [3.0, 16.0, 6.0, 7.0, 14.0, 10.0, 12.0, 1.0, 5.0, 4.0, 2.0, 8.0, 15.0, 13.0, 9.0, 11.0]
2.46792817116, [3.0, 13.0, 15.0, 8.0, 2.0, 4.0, 5.0, 1.0, 12.0, 10.0, 14.0, 7.0, 6.0, 16.0, 9.0, 11.0]
2.47097611427, [3.0, 13.0, 15.0, 8.0, 7.0, 14.0, 10.0, 12.0, 1.0, 5.0, 4.0, 2.0, 6.0, 16.0, 9.0, 11.0]
2.47405815125, [3.0, 13.0, 15.0, 8.0, 7.0, 14.0, 10.0, 12.0, 4.0, 5.0, 1.0, 2.0, 6.0, 16.0, 9.0, 11.0]
2.4930369854, [3.0, 13.0, 15.0, 8.0, 7.0, 14.0, 10.0, 12.0, 4.0, 5.0, 1.0, 2.0, 6.0, 16.0, 9.0, 11.0]
2.49695420265, [3.0, 13.0, 1.0, 5.0, 4.0, 12.0, 10.0, 14.0, 7.0, 8.0, 15.0, 2.0, 6.0, 16.0, 9.0, 11.0]
2.5003631115, [3.0, 13.0, 1.0, 5.0, 4.0, 12.0, 6.0, 2.0, 15.0, 8.0, 7.0, 14.0, 10.0, 16.0, 9.0, 11.0]
2.50355315208, [3.0, 13.0, 1.0, 5.0, 4.0, 12.0, 6.0, 2.0, 15.0, 8.0, 7.0, 16.0, 10.0, 14.0, 9.0, 11.0]
2.50654411316, [3.0, 13.0, 1.0, 5.0, 4.0, 14.0, 10.0, 16.0, 7.0, 8.0, 15.0, 2.0, 6.0, 12.0, 9.0, 11.0]
2.50968408585, [3.0, 13.0, 1.0, 5.0, 4.0, 14.0, 10.0, 16.0, 7.0, 8.0, 6.0, 2.0, 15.0, 12.0, 9.0, 11.0]
2.51270508766, [3.0, 13.0, 5.0, 1.0, 4.0, 14.0, 10.0, 16.0, 7.0, 8.0, 6.0, 2.0, 15.0, 12.0, 9.0, 11.0]
2.51569318771, [3.0, 13.0, 5.0, 1.0, 4.0, 14.0, 10.0, 16.0, 7.0, 8.0, 6.0, 2.0, 15.0, 12.0, 9.0, 11.0]
2.51879119873, [3.0, 13.0, 5.0, 1.0, 4.0, 14.0, 16.0, 10.0, 7.0, 8.0, 6.0, 2.0, 15.0, 12.0, 9.0, 11.0]
2.52204012871, [3.0, 8.0, 7.0, 10.0, 16.0, 14.0, 4.0, 1.0, 5.0, 13.0, 6.0, 2.0, 15.0, 12.0, 9.0, 11.0]
2.52502012253, [3.0, 8.0, 7.0, 10.0, 12.0, 15.0, 2.0, 6.0, 13.0, 5.0, 1.0, 4.0, 14.0, 16.0, 9.0, 11.0]
2.54294800758, [3.0, 8.0, 7.0, 10.0, 12.0, 15.0, 14.0, 4.0, 1.0, 5.0, 13.0, 6.0, 2.0, 16.0, 9.0, 11.0]
2.54662919044, [3.0, 8.0, 7.0, 10.0, 12.0, 2.0, 6.0, 13.0, 5.0, 1.0, 4.0, 14.0, 15.0, 16.0, 9.0, 11.0]
2.54978609085, [3.0, 8.0, 7.0, 10.0, 15.0, 14.0, 4.0, 1.0, 5.0, 13.0, 6.0, 2.0, 12.0, 16.0, 9.0, 11.0]
2.55301308632, [3.0, 8.0, 7.0, 16.0, 12.0, 2.0, 6.0, 13.0, 5.0, 1.0, 4.0, 14.0, 15.0, 10.0, 9.0, 11.0]
2.55620312691, [3.0, 5.0, 13.0, 6.0, 2.0, 12.0, 16.0, 7.0, 8.0, 1.0, 4.0, 14.0, 15.0, 10.0, 9.0, 11.0]
2.55930399895, [3.0, 5.0, 13.0, 15.0, 14.0, 4.0, 1.0, 8.0, 7.0, 16.0, 12.0, 2.0, 6.0, 10.0, 9.0, 11.0]
2.56228113174, [3.0, 5.0, 13.0, 15.0, 14.0, 4.0, 1.0, 8.0, 7.0, 2.0, 12.0, 16.0, 6.0, 10.0, 9.0, 11.0]
2.56530308723, [3.0, 5.0, 13.0, 15.0, 14.0, 10.0, 6.0, 16.0, 12.0, 2.0, 7.0, 8.0, 1.0, 4.0, 9.0, 11.0]
2.56846213341, [3.0, 5.0, 13.0, 15.0, 14.0, 10.0, 6.0, 2.0, 12.0, 16.0, 7.0, 8.0, 1.0, 4.0, 9.0, 11.0]
2.5713391304, [3.0, 5.0, 14.0, 15.0, 13.0, 10.0, 6.0, 2.0, 12.0, 16.0, 7.0, 8.0, 1.0, 4.0, 9.0, 11.0]
2.57431221008, [3.0, 5.0, 10.0, 13.0, 15.0, 14.0, 6.0, 2.0, 12.0, 16.0, 7.0, 8.0, 1.0, 4.0, 9.0, 11.0]
2.59406113625, [3.0, 5.0, 10.0, 13.0, 15.0, 16.0, 12.0, 2.0, 6.0, 14.0, 7.0, 8.0, 1.0, 4.0, 9.0, 11.0]
2.59807920456, [3.0, 5.0, 10.0, 15.0, 13.0, 16.0, 12.0, 2.0, 6.0, 14.0, 7.0, 8.0, 1.0, 4.0, 9.0, 11.0]
2.6015431881, [3.0, 5.0, 10.0, 15.0, 4.0, 1.0, 8.0, 7.0, 14.0, 6.0, 2.0, 12.0, 16.0, 13.0, 9.0, 11.0]
2.60467004776, [3.0, 13.0, 16.0, 12.0, 2.0, 6.0, 14.0, 7.0, 8.0, 1.0, 4.0, 15.0, 10.0, 5.0, 9.0, 11.0]
2.60768413544, [3.0, 13.0, 16.0, 12.0, 2.0, 6.0, 14.0, 7.0, 8.0, 1.0, 4.0, 15.0, 10.0, 5.0, 9.0, 11.0]
2.61069321632, [3.0, 13.0, 16.0, 12.0, 2.0, 4.0, 1.0, 8.0, 7.0, 14.0, 6.0, 15.0, 10.0, 5.0, 9.0, 11.0]
2.61368298531, [3.0, 13.0, 16.0, 14.0, 7.0, 8.0, 1.0, 4.0, 2.0, 12.0, 6.0, 15.0, 10.0, 5.0, 9.0, 11.0]
2.61670398712, [3.0, 13.0, 16.0, 7.0, 14.0, 8.0, 1.0, 4.0, 2.0, 12.0, 6.0, 15.0, 10.0, 5.0, 9.0, 11.0]
2.61973810196, [3.0, 4.0, 1.0, 8.0, 14.0, 7.0, 16.0, 13.0, 2.0, 12.0, 6.0, 15.0, 10.0, 5.0, 9.0, 11.0]
2.62276101112, [3.0, 4.0, 1.0, 8.0, 13.0, 16.0, 7.0, 14.0, 2.0, 12.0, 6.0, 15.0, 10.0, 5.0, 9.0, 11.0]
2.62595701218, [3.0, 4.0, 1.0, 8.0, 13.0, 16.0, 7.0, 14.0, 12.0, 2.0, 6.0, 15.0, 10.0, 5.0, 9.0, 11.0]
2.64333510399, [3.0, 4.0, 1.0, 8.0, 13.0, 10.0, 15.0, 6.0, 2.0, 12.0, 14.0, 7.0, 16.0, 5.0, 9.0, 11.0]
