0.0727739334106, 28042.0
0.144783973694, 26482.0
0.219079017639, 25132.0
0.292511940002, 23855.0
0.36522102356, 22821.0
0.436873912811, 21840.0
0.508791923523, 20745.0
0.580976009369, 19987.0
0.653609991074, 19270.0
0.72597694397, 18574.0
0.799330949783, 17883.0
0.871809959412, 17186.0
0.944192886353, 16282.0
1.01764392853, 15675.0
1.09099292755, 15157.0
1.16293787956, 14690.0
1.23493981361, 14190.0
1.30848884583, 13669.0
1.38074684143, 13344.0
1.45271897316, 12914.0
1.52535891533, 12522.0
1.5980219841, 12208.0
1.67171883583, 11973.0
1.74541187286, 11697.0
1.81863903999, 11500.0
1.89087891579, 11239.0
1.96247696877, 11010.0
2.03442788124, 10740.0
2.10594201088, 10611.0
2.17743992805, 10518.0
2.25008487701, 10358.0
2.32295084, 10273.0
2.39477181435, 10207.0
2.46671080589, 10132.0
2.53845596313, 10067.0
2.6098408699, 10006.0
2.68208193779, 9971.0
2.7541308403, 9934.0
2.82693791389, 9909.0
2.89836788177, 9824.0
2.96965384483, 9804.0
3.04090595245, 9793.0
3.11309289932, 9773.0
3.18455290794, 9765.0
3.25690889359, 9759.0
3.33042097092, 9758.0
3.40204691887, 9735.0
5.35497093201, 9605.0
5.42635798454, 9434.0
5.49802994728, 9297.0
5.57407402992, 9185.0
5.6480820179, 9136.0
5.72097492218, 9101.0
5.79505395889, 9062.0
5.86722397804, 9031.0
5.93961501122, 9002.0
6.01184082031, 8987.0
6.08451795578, 8935.0
6.15734481812, 8929.0
6.22991895676, 8847.0
6.30288696289, 8820.0
6.37617182732, 8819.0
6.44867086411, 8818.0
6.52067089081, 8810.0
6.59300398827, 8794.0
12.3338220119, 8728.0
12.4064610004, 8676.0
12.4788429737, 8660.0
12.5511748791, 8637.0
12.6233549118, 8626.0
28.8140199184, 8600.0
28.8882968426, 8569.0
28.961081028, 8545.0
29.0336489677, 8522.0
29.1061098576, 8505.0
29.1782238483, 8500.0
29.2516238689, 8485.0
51.8527059555, 8433.0
51.9268479347, 8390.0
51.9986448288, 8353.0
52.070168972, 8325.0
52.1415398121, 8179.0
52.2131729126, 8159.0
52.2854738235, 8144.0
52.3584318161, 8133.0
52.431322813, 8132.0
87.3536448479, 8131.0
87.4280438423, 7866.0
87.501210928, 7830.0
87.5740330219, 7829.0
