0.00285887718201, 64.0
0.00286793708801, 114.0
0.00286984443665, 265.0
0.00287199020386, 340.0
0.00287294387817, 432.0
0.00287485122681, 496.0
0.0028760433197, 676.0
0.00287699699402, 759.0
0.00287890434265, 1334.0
0.00287985801697, 1349.0
0.00288105010986, 1370.0
0.0028829574585, 1450.0
0.00288391113281, 1582.0
0.00288486480713, 1712.0
0.00288605690002, 1747.0
0.00288796424866, 1841.0
0.00288891792297, 2020.0
0.00288987159729, 2280.0
0.0028920173645, 2739.0
0.00289297103882, 2782.0
0.00289392471313, 2823.0
0.00289487838745, 2866.0
0.00289702415466, 2911.0
0.00289797782898, 2927.0
0.0028989315033, 3052.0
0.00289988517761, 3223.0
0.00290203094482, 3258.0
0.00290298461914, 3328.0
0.00290393829346, 3437.0
0.00290489196777, 3682.0
0.00290703773499, 3870.0
0.0029079914093, 4155.0
0.00290894508362, 4573.0
0.00290989875793, 4683.0
0.00291204452515, 4809.0
0.00291299819946, 4995.0
0.00291395187378, 5319.0
0.0029149055481, 5598.0
0.00291705131531, 5917.0
0.00291800498962, 6879.0
0.00291895866394, 7121.0
0.00291991233826, 7486.0
0.00292205810547, 8339.0
0.00292301177979, 8443.0
0.0029239654541, 8523.0
0.00292491912842, 8658.0
0.00292706489563, 8875.0
0.00292801856995, 9128.0
0.00292897224426, 9418.0
0.00292992591858, 9494.0
0.0029308795929, 9539.0
