0.00106120109558, 25667.0
3.65409803391, 25658.0
3.6600420475, 25652.0
5.26267814636, 25644.0
5.62551617622, 25567.0
5.64776420593, 25552.0
5.64922118187, 25527.0
5.73785018921, 25490.0
5.73939204216, 25465.0
7.42038702965, 25428.0
8.30195403099, 25405.0
8.36093711853, 25372.0
11.4671750069, 25353.0
11.5974581242, 25241.0
11.5978550911, 25237.0
11.6448681355, 25047.0
11.6453051567, 25043.0
21.3380041122, 24972.0
21.3383979797, 24951.0
32.9859130383, 24940.0
33.0163631439, 24936.0
33.0361762047, 24803.0
33.0366270542, 24782.0
33.0950951576, 24775.0
33.0955131054, 24747.0
33.0973660946, 24651.0
35.5046811104, 24634.0
35.5097680092, 24503.0
36.0833849907, 24371.0
36.1284251213, 24240.0
47.8027501106, 24201.0
47.8031640053, 24197.0
47.8819591999, 24176.0
48.3604881763, 24124.0
48.3608829975, 24113.0
48.3746590614, 24049.0
48.3750441074, 24045.0
149.384730101, 24040.0
150.521504164, 23859.0
319.985011101, 23850.0
319.988877058, 23817.0
319.993848085, 23811.0
319.996605158, 23809.0
320.001093149, 23775.0
320.027877092, 23773.0
499.654087067, 23644.0
561.842249155, 23642.0
571.76218605, 23524.0
589.629791021, 23409.0
653.180184126, 23275.0
680.911962032, 23259.0
680.929162979, 23195.0
680.929567099, 23191.0
681.894303083, 23148.0
681.903830051, 23080.0
705.637452126, 23032.0
705.637845039, 23028.0
706.068483114, 22986.0
706.069017172, 22982.0
706.810126066, 22942.0
706.810518026, 22938.0
847.94978714, 22881.0
868.236123085, 22854.0
871.604107141, 22815.0
871.735782146, 22771.0
905.063597202, 22762.0
905.069895029, 22679.0
1029.98510909, 22664.0
1030.15673709, 22635.0
1030.16878009, 22552.0
1030.84413719, 22486.0
1030.84453416, 22462.0
1194.65442801, 22394.0
1194.65482116, 22315.0
1343.39379621, 22298.0
1359.20148301, 22267.0
1359.20661306, 22254.0
1446.05420208, 22240.0
1446.30704308, 22150.0
1464.52350307, 22013.0
1502.81447506, 21886.0
1508.13599515, 21851.0
1508.13638711, 21827.0
1508.51230121, 21783.0
1895.21001911, 21780.0
1895.24077821, 21718.0
1895.24117017, 21694.0
1895.59883213, 21628.0
1895.59922314, 21604.0
1910.97630215, 21571.0
6060.47784209, 21539.0
6060.48160315, 21510.0
6060.4819901, 21506.0
6368.48322821, 21478.0
6368.48361802, 21474.0
8049.97520614, 21339.0
8374.09072518, 21319.0
8374.091115, 21315.0
