0.0755250453949, 28291.0
0.150506019592, 26418.0
0.225521087646, 24986.0
0.302008152008, 23616.0
0.37761592865, 22410.0
0.452134132385, 21283.0
0.527024030685, 20349.0
0.601355075836, 19415.0
0.67609500885, 18505.0
0.752828121185, 17658.0
0.828153133392, 17038.0
0.902852058411, 16248.0
0.979385137558, 15732.0
1.05458211899, 15235.0
1.1296441555, 14744.0
1.20472598076, 14271.0
1.2799680233, 13787.0
1.35588812828, 13333.0
1.43180894852, 12885.0
1.50614309311, 12505.0
1.58041906357, 12145.0
1.65523600578, 11817.0
1.73199009895, 11507.0
1.80725502968, 11206.0
1.88172912598, 10920.0
1.95687913895, 10669.0
2.03293609619, 10356.0
2.10900902748, 10127.0
2.18539905548, 9953.0
2.25989198685, 9791.0
2.33601999283, 9500.0
2.41263794899, 9364.0
2.4890229702, 9230.0
2.5637280941, 9102.0
2.63843011856, 8880.0
2.71492600441, 8779.0
2.79015398026, 8631.0
2.86567902565, 8541.0
2.94107103348, 8453.0
3.01742911339, 8371.0
3.09276795387, 8294.0
3.167979002, 8226.0
3.24339008331, 8165.0
3.32046914101, 8116.0
3.39657211304, 8089.0
3.47279596329, 8070.0
3.54860305786, 8053.0
3.62424206734, 7956.0
