0.0762529373169, 29543.0
0.15137887001, 27656.0
0.226541996002, 26053.0
0.303999900818, 24691.0
0.379722833633, 23507.0
0.455166816711, 22289.0
0.530470848083, 21137.0
0.606122970581, 19993.0
0.684947967529, 18937.0
0.762414932251, 17949.0
0.839895963669, 17092.0
0.915364980698, 16337.0
0.990878820419, 15660.0
1.06646490097, 14958.0
1.14167690277, 14336.0
1.21619486809, 13792.0
1.29297184944, 13295.0
1.36815190315, 12835.0
1.44501185417, 12436.0
1.52109980583, 11902.0
1.59580993652, 11548.0
1.67307400703, 11270.0
1.74956488609, 10938.0
1.82626891136, 10657.0
1.90260696411, 10400.0
1.9794948101, 10143.0
2.05460691452, 9982.0
2.13005590439, 9830.0
2.20543980598, 9687.0
2.2824640274, 9557.0
2.35909581184, 9427.0
2.43480682373, 9315.0
2.50958180428, 9207.0
2.58420300484, 9103.0
2.66343092918, 9016.0
2.73988103867, 8935.0
2.81589889526, 8858.0
2.89314103127, 8795.0
2.96780991554, 8734.0
3.04355502129, 8681.0
3.11859989166, 8634.0
3.19379782677, 8576.0
3.27171587944, 8497.0
3.34712386131, 8462.0
3.4221830368, 8428.0
3.49755001068, 8406.0
3.57211184502, 8328.0
3.64991497993, 8308.0
3.72742795944, 8289.0
3.80439901352, 8288.0
14.3063898087, 8280.0
14.3826358318, 8257.0
14.4592518806, 8240.0
14.5356249809, 8235.0
14.6146228313, 8234.0
35.9875710011, 8167.0
105.34442687, 8086.0
105.419932842, 8067.0
105.495373011, 8059.0
105.570096016, 8008.0
