0.072301864624, 28705.0
0.144094944, 27028.0
0.215796947479, 25846.0
0.287864923477, 24501.0
0.359999895096, 23327.0
0.431340932846, 22164.0
0.50337100029, 21089.0
0.576761007309, 20121.0
0.649667024612, 19265.0
0.724050998688, 18351.0
0.796852827072, 17584.0
0.868392944336, 16756.0
0.939888954163, 16059.0
1.0116379261, 15415.0
1.08328294754, 14801.0
1.15502381325, 14200.0
1.22657299042, 13684.0
1.29878592491, 13164.0
1.37142181396, 12710.0
1.44295191765, 12279.0
1.51596784592, 11904.0
1.5888569355, 11624.0
1.66192793846, 11319.0
1.73609781265, 11040.0
1.8094689846, 10813.0
1.88250184059, 10626.0
1.95769000053, 10427.0
2.03260302544, 10262.0
2.10608386993, 10094.0
2.17927598953, 9945.0
2.2535970211, 9803.0
2.32620692253, 9657.0
2.40012288094, 9517.0
2.47323799133, 9427.0
2.54594898224, 9339.0
2.61750388145, 9252.0
2.69203090668, 9173.0
2.76452279091, 9110.0
2.8359978199, 9071.0
2.90899395943, 9035.0
2.9825668335, 8969.0
3.05792188644, 8942.0
3.13306593895, 8922.0
3.20574879646, 8911.0
3.27978897095, 8904.0
3.3533539772, 8774.0
3.42659783363, 8768.0
3.49895882607, 8637.0
13.052685976, 8599.0
13.131018877, 8536.0
13.2063438892, 8490.0
13.2790169716, 8436.0
13.3518059254, 8406.0
13.4245548248, 8239.0
13.5055029392, 8187.0
13.5788178444, 8091.0
13.651293993, 8068.0
13.7231249809, 8045.0
13.7981419563, 8040.0
13.8762428761, 7998.0
13.9477288723, 7961.0
41.4818689823, 7933.0
41.5535600185, 7920.0
41.6284070015, 7910.0
