0.0751650333405, 27518.0
0.147376060486, 25631.0
0.220313072205, 23986.0
0.293727874756, 22608.0
0.366723060608, 21400.0
0.440732955933, 20248.0
0.514662027359, 19292.0
0.596096992493, 18242.0
0.671139955521, 17388.0
0.744341850281, 16647.0
0.818467855453, 15812.0
0.890933990479, 15090.0
0.964699983597, 14351.0
1.03981804848, 13836.0
1.12565398216, 13251.0
1.19949483871, 12738.0
1.27499985695, 12346.0
1.35177206993, 11956.0
1.42831587791, 11674.0
1.50316286087, 11405.0
1.58397102356, 11026.0
1.65792393684, 10794.0
1.73283886909, 10621.0
1.80616688728, 10490.0
1.87900590897, 10389.0
1.95161485672, 10192.0
2.02441191673, 10024.0
2.09874796867, 9876.0
2.1712448597, 9783.0
2.24461007118, 9705.0
2.31786394119, 9374.0
2.39138388634, 9299.0
2.46655702591, 9247.0
2.54462790489, 9193.0
2.6224360466, 9048.0
2.69798398018, 8996.0
2.77393198013, 8946.0
2.84894585609, 8869.0
2.92296600342, 8840.0
2.99732899666, 8813.0
3.07114386559, 8798.0
3.14573192596, 8785.0
3.21860289574, 8779.0
3.29170584679, 8774.0
5.89935684204, 8722.0
5.97240304947, 8678.0
6.04534983635, 8629.0
6.11783790588, 8586.0
6.19121289253, 8571.0
6.26427793503, 8430.0
6.33856797218, 8429.0
6.41312384605, 8428.0
6.48823189735, 8399.0
78.9913959503, 8363.0
79.0638039112, 8335.0
79.137155056, 8312.0
79.2097649574, 8292.0
79.2821879387, 8272.0
79.3551318645, 8267.0
82.1364650726, 8235.0
82.2089719772, 8142.0
82.2816329002, 8108.0
82.3542029858, 8058.0
82.4281978607, 8030.0
82.5019760132, 7997.0
82.5748000145, 7974.0
82.6482510567, 7952.0
82.7223820686, 7943.0
