0.0742421150208, 28461.0
0.148197174072, 26355.0
0.220952987671, 24718.0
0.294078111649, 23312.0
0.366564035416, 22135.0
0.439205169678, 21032.0
0.511891126633, 19985.0
0.584176063538, 19038.0
0.655673980713, 18047.0
0.727688074112, 17106.0
0.799828052521, 16240.0
0.871469020844, 15521.0
0.943712949753, 14823.0
1.01786899567, 14180.0
1.09137606621, 13645.0
1.16481018066, 13183.0
1.23652100563, 12782.0
1.30920314789, 12381.0
1.38134908676, 11986.0
1.45385503769, 11644.0
1.52573609352, 11339.0
1.59737110138, 11021.0
1.66970705986, 10811.0
1.74204301834, 10633.0
1.81430697441, 10489.0
1.8865480423, 10360.0
1.9593231678, 10246.0
2.03348398209, 10142.0
2.10717916489, 10052.0
2.17903995514, 9970.0
2.25114607811, 9901.0
2.32308506966, 9841.0
2.39491915703, 9783.0
2.4665851593, 9728.0
2.53868699074, 9674.0
2.61080217361, 9626.0
2.68247103691, 9586.0
2.75411701202, 9549.0
2.82610416412, 9515.0
2.8980050087, 9496.0
2.97088718414, 9471.0
3.04449009895, 9461.0
3.11810016632, 9456.0
6.01776599884, 9420.0
6.09097599983, 9397.0
6.16457915306, 9374.0
6.23635697365, 9355.0
6.30832600594, 9344.0
6.37999105453, 9330.0
6.45285606384, 9323.0
8.92321801186, 9317.0
8.99601411819, 9231.0
9.06921315193, 9163.0
9.1442091465, 9017.0
9.21859908104, 8961.0
9.29149603844, 8933.0
9.36464214325, 8905.0
9.43833398819, 8882.0
9.51136398315, 8862.0
9.58939003944, 8834.0
9.6617629528, 8800.0
9.7346560955, 8786.0
9.80746912956, 8775.0
22.4600470066, 8726.0
22.5320570469, 8707.0
22.6041359901, 8706.0
25.597741127, 8648.0
25.6717190742, 8495.0
25.7454981804, 8416.0
25.8186149597, 8381.0
25.8918609619, 8359.0
25.9648880959, 8344.0
26.0395750999, 8327.0
26.1155650616, 8322.0
26.1928141117, 8307.0
47.0321700573, 8233.0
47.1059780121, 8220.0
47.1792030334, 8190.0
47.2537310123, 8144.0
47.3269040585, 8107.0
47.398293972, 8106.0
54.239428997, 8103.0
54.3121731281, 8102.0
98.4994621277, 8009.0
98.5738899708, 7998.0
