0.0729849338531, 23256.0
0.147356987, 22058.0
0.219372987747, 20887.0
0.291079998016, 19924.0
0.366697072983, 19049.0
0.438009977341, 18190.0
0.508936882019, 17397.0
0.580924987793, 16722.0
0.652104854584, 16041.0
0.723301887512, 15394.0
0.794601917267, 14811.0
0.865867853165, 14232.0
0.940068006516, 13745.0
1.01189899445, 13289.0
1.08291292191, 12887.0
1.15382385254, 12515.0
1.2257809639, 12172.0
1.29798388481, 11835.0
1.37272906303, 11485.0
1.44472789764, 11217.0
1.51660299301, 10974.0
1.5886759758, 10721.0
1.66021990776, 10488.0
1.73181295395, 10194.0
1.80303502083, 9968.0
1.8744559288, 9756.0
1.94880199432, 9586.0
2.02391791344, 9428.0
2.09560489655, 9216.0
2.16733407974, 9050.0
2.23960995674, 8906.0
2.31291794777, 8821.0
2.38637304306, 8742.0
2.45813202858, 8679.0
2.52991700172, 8627.0
2.6026558876, 8577.0
2.67522788048, 8528.0
2.74762201309, 8495.0
2.8191049099, 8472.0
2.89102101326, 8394.0
2.96566796303, 8393.0
8.80480003357, 8338.0
8.87630105019, 8244.0
8.95075201988, 8196.0
9.02194094658, 8150.0
9.09290599823, 8119.0
9.16411304474, 8100.0
9.23762392998, 8099.0
51.3857619762, 8089.0
51.4566140175, 8088.0
122.934133053, 7977.0
123.008229017, 7962.0
123.080545902, 7956.0
123.151330948, 7951.0
123.222476959, 7950.0
