0.0726039409637, 29436.0
0.14627289772, 27769.0
0.218554973602, 26261.0
0.292199850082, 24959.0
0.365087985992, 23728.0
0.437673807144, 22626.0
0.509742975235, 21621.0
0.581601858139, 20593.0
0.653896808624, 19684.0
0.726030826569, 18793.0
0.797992944717, 18026.0
0.8696808815, 17291.0
0.942481040955, 16581.0
1.01636791229, 15879.0
1.08901000023, 15277.0
1.16263890266, 14668.0
1.23461198807, 14081.0
1.30838990211, 13545.0
1.381731987, 13115.0
1.45517492294, 12621.0
1.5270588398, 12314.0
1.59948897362, 11891.0
1.67144584656, 11538.0
1.74341487885, 11258.0
1.81568384171, 11016.0
1.88740491867, 10783.0
1.95924782753, 10639.0
2.03190493584, 10420.0
2.10380792618, 10235.0
2.17774796486, 10099.0
2.24975299835, 9979.0
2.3242058754, 9866.0
2.39601397514, 9759.0
2.46800589561, 9672.0
2.53988790512, 9592.0
2.61159181595, 9534.0
2.68369984627, 9482.0
2.75535798073, 9434.0
2.82709884644, 9386.0
2.8991458416, 9357.0
2.97164988518, 9332.0
3.04387998581, 9075.0
3.11714291573, 9051.0
3.19033694267, 9036.0
3.26286101341, 9024.0
5.87984490395, 8986.0
5.95215201378, 8902.0
6.02422189713, 8825.0
6.09644603729, 8764.0
6.17046189308, 8708.0
6.24268484116, 8659.0
6.31679701805, 8619.0
6.3920249939, 8451.0
6.46502900124, 8415.0
6.53762888908, 8396.0
6.61006188393, 8380.0
6.68241596222, 8366.0
6.75388884544, 8351.0
22.7225549221, 8285.0
22.7951719761, 8218.0
22.868283987, 8196.0
22.943146944, 8173.0
23.0161218643, 8156.0
23.0887598991, 8154.0
23.161924839, 8153.0
23.2361419201, 8129.0
23.308729887, 8128.0
