0.0772330760956, 30817.0
0.152971982956, 28973.0
0.230569124222, 27219.0
0.308059930801, 25488.0
0.382142066956, 23722.0
0.457596063614, 22156.0
0.534965991974, 21068.0
0.6106300354, 20063.0
0.686845064163, 19061.0
0.762620925903, 18084.0
0.838026046753, 17228.0
0.914613962173, 15984.0
0.992557048798, 15253.0
1.07040596008, 14631.0
1.14789295197, 13987.0
1.22538208961, 13384.0
1.30141711235, 12822.0
1.37769508362, 12299.0
1.45276689529, 11818.0
1.52975606918, 11414.0
1.60571503639, 11062.0
1.682295084, 10773.0
1.75817012787, 10500.0
1.83417606354, 10259.0
1.91117691994, 9988.0
1.98863697052, 9757.0
2.06462001801, 9528.0
2.13972306252, 9315.0
2.21886610985, 9166.0
2.2953081131, 9053.0
2.37167191505, 8945.0
2.44737005234, 8859.0
2.52223801613, 8805.0
2.59927392006, 8770.0
2.67565011978, 8731.0
2.75143790245, 8693.0
2.82731795311, 8661.0
2.90417504311, 8638.0
2.97987008095, 8625.0
3.05629396439, 8613.0
3.13338589668, 8605.0
3.21044397354, 8604.0
3.28631997108, 8575.0
23.4893131256, 8547.0
23.5635449886, 8499.0
23.6374320984, 8468.0
23.7116971016, 8451.0
23.7853269577, 8443.0
23.8592679501, 8437.0
23.9334111214, 8379.0
24.0084049702, 8261.0
24.0832331181, 8251.0
24.1585791111, 8246.0
24.2336220741, 8245.0
30.3478550911, 8236.0
30.4219040871, 8166.0
30.4957070351, 8118.0
30.5696129799, 8096.0
30.6438930035, 8073.0
30.7193870544, 8059.0
30.7975780964, 8016.0
30.8746130466, 8015.0
