0.0722329616547, 28995.0
0.144026041031, 27145.0
0.217533111572, 25412.0
0.289963006973, 23743.0
0.363667011261, 22625.0
0.435084104538, 21665.0
0.506617069244, 20573.0
0.578794002533, 19628.0
0.653651952744, 18564.0
0.725831985474, 17646.0
0.797694921494, 16747.0
0.869806051254, 16039.0
0.941587924957, 15370.0
1.01463007927, 14782.0
1.08683109283, 14206.0
1.15883207321, 13742.0
1.23276114464, 13195.0
1.30489397049, 12881.0
1.3774960041, 12574.0
1.44931793213, 12249.0
1.5210750103, 11974.0
1.59289312363, 11660.0
1.66740012169, 11362.0
1.73933911324, 11112.0
1.81205105782, 10863.0
1.88474106789, 10632.0
1.95812106133, 10461.0
2.0298781395, 10295.0
2.10164213181, 10152.0
2.17457795143, 9971.0
2.2499730587, 9742.0
2.32196998596, 9601.0
2.39728498459, 9478.0
2.46989393234, 9371.0
2.54219412804, 9272.0
2.6143591404, 9168.0
2.68730401993, 9084.0
2.76034402847, 9004.0
2.83418512344, 8943.0
2.90656709671, 8918.0
2.98022699356, 8902.0
3.05233597755, 8880.0
3.12402510643, 8866.0
3.19543409348, 8859.0
3.26694202423, 8852.0
3.33874201775, 8722.0
3.41228294373, 8720.0
9.14483213425, 8596.0
9.2180659771, 8573.0
9.29075503349, 8562.0
9.36297297478, 8552.0
9.43445396423, 8547.0
9.50895214081, 8546.0
9.58079910278, 8517.0
9.65364599228, 8516.0
12.8427069187, 8487.0
12.9146649837, 8467.0
72.7814409733, 8457.0
72.8530490398, 8379.0
72.9274110794, 8356.0
76.0407440662, 8338.0
79.5887000561, 8337.0
79.6605949402, 8241.0
79.7327449322, 8232.0
79.8042271137, 8201.0
