0.00132298469543, 3904
0.00241994857788, 4136
0.00317907333374, 4960
0.00392508506775, 5929
0.00467205047607, 6414
0.00541591644287, 6309
0.00616002082825, 6309
0.00690412521362, 6247
0.0076630115509, 5781
0.00840902328491, 5756
0.00915002822876, 6440
0.00988793373108, 6441
0.0106279850006, 6484
0.011372089386, 6056
0.0121140480042, 6163
0.0128870010376, 5910
0.0136120319366, 5910
0.0143361091614, 5812
0.0150759220123, 6834
0.0157959461212, 6721
0.0165460109711, 7005
0.01726603508, 6914
0.0179929733276, 6229
0.0187139511108, 7085
0.0194339752197, 7132
0.0201570987701, 6903
0.0209050178528, 7160
0.0216510295868, 7160
0.0223701000214, 7154
0.0230870246887, 7042
0.0238039493561, 7042
0.0245311260223, 7042
0.02525806427, 7188
0.0259840488434, 6379
0.0266890525818, 6463
0.0273940563202, 6463
0.0280990600586, 6463
0.0288751125336, 6431
0.0295810699463, 6431
0.0303311347961, 6403
0.0310740470886, 6431
0.0318379402161, 6431
0.0325689315796, 6445
0.0332961082458, 6429
0.0339999198914, 6429
0.0347061157227, 6159
0.0354099273682, 6278
0.0361249446869, 6278
0.0368549823761, 6810
0.0375549793243, 7342
0.0382540225983, 6671
0.0389609336853, 6819
0.0396649837494, 6819
0.0404109954834, 6819
0.0411369800568, 6819
0.0418410301208, 6849
0.0425591468811, 7334
0.0432641506195, 7464
0.043967962265, 7507
0.044821023941, 7653
0.0455219745636, 8046
0.0462610721588, 7989
0.0469810962677, 7930
0.0476961135864, 7199
0.0484070777893, 7199
0.0491769313812, 7071
0.0499320030212, 7071
0.0507400035858, 7175
0.0515511035919, 7175
0.0523619651794, 7155
0.0530679225922, 6351
0.0537710189819, 6829
0.054475069046, 6591
0.0551819801331, 5919
0.0559070110321, 5873
0.0566411018372, 4784
0.0573799610138, 5647
0.0581030845642, 5712
0.0588049888611, 5719
0.0595049858093, 5719
0.0602071285248, 5713
0.0609221458435, 5774
0.0618090629578, 5850
0.0625340938568, 5962
0.0632529258728, 5960
0.0639741420746, 5960
0.0646800994873, 6683
0.0653800964355, 6667
0.0660800933838, 6536
0.0667810440063, 6536
0.0674841403961, 6536
0.0681879520416, 6875
0.0688951015472, 6767
0.0696020126343, 6618
0.0703070163727, 6511
0.0710251331329, 6803
0.0717301368713, 6511
0.0724370479584, 7068
0.0731370449066, 7283
0.0738410949707, 6633
0.0745639801025, 6631
0.0752909183502, 6690
0.0759959220886, 6674
0.0767431259155, 6459
0.0774879455566, 6517
0.0781879425049, 6589
0.0788869857788, 6542
0.0795850753784, 6589
0.0802850723267, 6347
0.0809891223907, 6288
0.0816919803619, 6288
0.0824000835419, 6030
0.0831010341644, 5958
0.083801984787, 5967
0.0845489501953, 5967
0.0852539539337, 6591
0.085953950882, 5967
0.0866520404816, 5967
0.0873529911041, 6699
0.0880570411682, 5881
0.0887670516968, 5881
0.0894739627838, 5915
0.0901839733124, 5868
0.0909159183502, 5868
0.091658115387, 6874
0.092386007309, 6196
0.0931100845337, 5277
0.0938110351562, 5460
0.0945150852203, 5451
0.0952169895172, 5445
0.0959191322327, 5347
0.0966949462891, 5315
0.0974040031433, 6152
0.0981249809265, 6152
0.09885597229, 6152
0.0995841026306, 6190
0.100290060043, 6685
0.101022958755, 6685
0.101728916168, 6778
0.102437019348, 7069
0.103145122528, 7069
0.103848934174, 6778
0.104553937912, 7124
0.105273962021, 7124
0.105975151062, 7124
0.10667514801, 7121
0.107375144958, 7215
0.108098983765, 6120
0.108804941177, 5968
0.109508991241, 5968
0.110216140747, 5976
0.110924959183, 5973
0.111649990082, 6071
0.112370014191, 6287
0.113090991974, 6287
0.113806009293, 6287
0.114509105682, 6099
0.115212917328, 6440
0.115917921066, 6443
0.116626977921, 6440
0.117331981659, 6440
0.118124961853, 6440
0.118845939636, 7045
0.119543075562, 7048
0.12024307251, 7048
0.120952129364, 7139
0.121659040451, 6557
0.122360944748, 6027
0.123067140579, 5878
0.123772144318, 5553
0.124479055405, 5553
0.125195980072, 5282
0.125903129578, 5543
0.12660908699, 5490
0.127314090729, 5575
0.128015041351, 4960
0.128719091415, 4822
0.129425048828, 4822
0.130131006241, 5421
0.130831956863, 6092
0.131536960602, 6092
0.132256031036, 6033
0.132964134216, 6033
0.133666992188, 6033
0.134370088577, 6329
0.135074138641, 6167
0.135781049728, 6488
0.136497020721, 6533
0.137201070786, 6755
0.137929916382, 5899
0.138648986816, 5899
0.139354944229, 6704
0.140057086945, 6704
0.140761137009, 7137
0.14146399498, 7137
0.14216709137, 7081
0.142874956131, 7486
0.143579959869, 7648
0.144282102585, 7648
0.144989013672, 7717
0.145705938339, 7717
0.146403074265, 7717
0.147099971771, 7717
0.147795915604, 6859
0.148498058319, 6820
0.149199962616, 6820
0.149900913239, 6785
0.150604009628, 6787
0.151309013367, 6787
0.152012109756, 6434
0.152734994888, 5625
0.153435945511, 6051
0.154142141342, 6619
0.154843091965, 6666
0.155547142029, 6669
0.156248092651, 6214
0.156955957413, 6214
0.157659053802, 6145
0.158363103867, 6078
0.159083127975, 6078
0.159783124924, 6026
0.160481929779, 5502
0.161179065704, 5918
0.161879062653, 5818
0.162580013275, 5853
0.163283109665, 6085
0.163988113403, 6820
0.164698123932, 5956
0.165400981903, 6138
0.166118144989, 6122
0.166819095612, 6154
0.167520046234, 6009
0.168225049973, 5347
0.168932914734, 5578
0.169635057449, 4902
0.170341968536, 4902
0.171045064926, 5494
0.171756982803, 5108
0.172483921051, 5108
0.173192977905, 5259
0.173901081085, 5250
0.174602985382, 5078
0.175310134888, 5078
0.176013946533, 5260
0.176720142365, 5208
0.177428007126, 5479
0.178133964539, 5479
0.178837060928, 5614
0.179561138153, 5580
0.180259943008, 5583
0.18097114563, 5198
0.181673049927, 5547
0.182372093201, 5538
0.183071136475, 5666
0.183771133423, 5867
0.184476137161, 6253
0.1851811409, 6481
0.185899019241, 7305
0.18660402298, 7179
0.187304019928, 6980
0.188007116318, 7179
0.18871307373, 7207
0.189422130585, 7360
0.19013094902, 7383
0.190837144852, 7326
0.191540956497, 7326
0.192245960236, 6743
0.192984104156, 6961
0.193696022034, 6331
0.194396972656, 6322
0.195097923279, 6952
0.195800065994, 7567
0.196505069733, 7607
0.197211027145, 7607
0.197916030884, 7746
0.198624134064, 8029
0.199326992035, 8031
0.200047969818, 8124
0.200752973557, 8124
0.201453924179, 7453
0.202153921127, 7453
0.202858924866, 6781
0.203563928604, 6806
0.204267978668, 7050
0.204981088638, 7558
0.205687999725, 7558
0.206406116486, 7518
0.207106113434, 7313
0.207806110382, 6686
0.20851111412, 6832
0.209214925766, 5908
0.209918022156, 5936
0.21062207222, 5879
0.211326122284, 5193
0.212028980255, 5175
0.212733983994, 5871
0.213452100754, 5923
0.214154005051, 5923
0.214854001999, 5961
0.215551137924, 6190
0.216251134872, 6240
0.216956138611, 6834
0.217659950256, 6184
0.218363046646, 6330
0.21906709671, 6633
0.219789981842, 6633
0.220495939255, 6633
0.221194982529, 6488
0.221893072128, 6699
0.222592115402, 6446
0.223294019699, 6438
0.223998069763, 6463
0.224703073502, 6381
0.225404024124, 6355
0.226104974747, 7086
0.226822137833, 7018
0.227522134781, 7024
0.228222131729, 6990
0.228927135468, 6961
0.229627132416, 6961
0.230324983597, 6732
0.231027126312, 7304
0.231728076935, 7327
0.232438087463, 6873
0.233154058456, 6958
0.233856916428, 6935
0.234555006027, 6858
0.235253095627, 6858
0.235950946808, 6561
0.236654043198, 6583
0.237358093262, 6561
0.238060951233, 6545
0.238763093948, 6797
0.23946595192, 6660
0.240183115005, 6004
0.240885972977, 5382
0.241585016251, 5382
0.242279052734, 5626
0.242979049683, 6229
0.243680000305, 6229
0.244390010834, 6373
0.245095968246, 5988
0.245808124542, 6357
0.246549129486, 6933
0.247251033783, 6971
0.24795293808, 6971
0.248656988144, 6971
0.249360084534, 7382
0.250061988831, 7382
0.250766038895, 7213
0.251471042633, 7213
0.252171039581, 6726
0.252879142761, 6726
0.253597974777, 6726
0.254300117493, 6740
0.254997968674, 6444
0.255697965622, 6444
0.256401062012, 6269
0.257102012634, 6269
0.257805109024, 5652
0.258507966995, 5337
0.259211063385, 6224
0.259917020798, 7211
0.260640144348, 7211
0.261348962784, 7265
0.262048006058, 7226
0.26274394989, 7226
0.263441085815, 7226
0.264137983322, 7005
0.264845132828, 6953
0.265550136566, 6692
0.266252994537, 6720
0.266968011856, 6101
0.267666101456, 6096
0.268367052078, 6266
0.269066095352, 6394
0.2697660923, 6394
0.270468950272, 5631
0.2711789608, 5807
0.271886110306, 6164
0.272593021393, 5506
0.273293972015, 6162
0.27401304245, 6787
0.274714946747, 6787
0.275421142578, 7486
0.276135921478, 7494
0.276848077774, 7681
0.277552127838, 7681
0.278259992599, 7650
0.278964996338, 6966
0.279670953751, 5885
0.280394077301, 5685
0.281095981598, 5713
0.281799077988, 5616
0.282505989075, 5812
0.283209085464, 5850
0.283915996552, 5884
0.284624099731, 5858
0.285331010818, 6099
0.286032915115, 5722
0.286731958389, 6802
0.28745007515, 7006
0.288147926331, 6441
0.288857936859, 5842
0.289557933807, 6382
0.290256977081, 6567
0.29095697403, 6873
0.291661024094, 6873
0.292369127274, 7160
0.293076038361, 7180
0.293818950653, 7180
0.294523954391, 7443
0.29522395134, 7061
0.295928001404, 7075
0.296636104584, 7070
0.297337055206, 7243
0.298038959503, 7243
0.298742055893, 6425
0.299441099167, 6076
0.300148963928, 6705
0.300871133804, 6705
0.30156993866, 7400
0.302271127701, 7400
0.302973985672, 6888
0.303724050522, 5936
0.304427146912, 5936
0.305128097534, 5936
0.305835008621, 5983
0.306540966034, 6187
0.307245969772, 6368
0.307969093323, 6119
0.308679103851, 6120
0.309386014938, 6120
0.310086011887, 6035
0.310787916183, 5847
0.311494112015, 5885
0.312196016312, 5925
0.31291103363, 5925
0.313611984253, 5693
0.314327001572, 5893
0.315026044846, 5789
0.315726041794, 5823
0.316430091858, 5823
0.317136049271, 5330
0.317842006683, 6065
0.318542003632, 6412
0.319245100021, 6433
0.31995010376, 6665
0.320658922195, 6593
0.321375131607, 6885
0.322075128555, 6954
0.322777032852, 6441
0.323478937149, 6510
0.324177980423, 5944
0.324882984161, 5938
0.325585126877, 5938
0.326287984848, 5906
0.326987028122, 5757
0.327686071396, 5714
0.328401088715, 5757
0.329103946686, 6204
0.329805135727, 6211
0.330506086349, 6531
0.331206083298, 6528
0.331910133362, 6748
0.3326151371, 7181
0.333318948746, 7213
0.334021091461, 7839
0.334734916687, 7970
0.335438966751, 8110
0.336138010025, 7913
0.336843013763, 7709
0.337542057037, 7711
0.338243961334, 7091
0.338948011398, 6775
0.339649915695, 6951
0.340356111526, 7017
0.341058969498, 6207
0.341776132584, 6821
0.34247303009, 6951
0.343173027039, 7020
0.343873977661, 7669
0.344576120377, 7696
0.345282077789, 6973
0.345987081528, 6935
0.346694946289, 6935
0.34740114212, 6880
0.348104953766, 6602
0.348830938339, 7250
0.349539041519, 7250
0.350239992142, 6610
0.350942134857, 6636
0.35164809227, 6521
0.352354049683, 6544
0.353061914444, 6187
0.353770017624, 6187
0.354475975037, 6187
0.355180025101, 6582
0.355901956558, 6872
0.356606006622, 5879
0.357308149338, 5259
0.358006954193, 5497
0.358708143234, 5621
0.359408140182, 5692
0.360113143921, 6148
0.360820055008, 7117
0.361521959305, 6942
0.362240076065, 6942
0.362939119339, 6758
0.363637924194, 6751
0.36434006691, 6751
0.365041017532, 6889
0.365742921829, 6825
0.366445064545, 6792
0.367147922516, 6837
0.367851018906, 5931
0.368556022644, 6189
0.369275093079, 5919
0.36997294426, 6341
0.370669126511, 6587
0.371365070343, 6560
0.372062921524, 6348
0.37278008461, 6588
0.373482942581, 6546
0.374191045761, 6605
0.374897956848, 6605
0.375607967377, 6373
0.376331090927, 6344
0.377036094666, 6126
0.377737045288, 6126
0.378435134888, 6019
0.379138946533, 6171
0.379842996597, 6411
0.380550146103, 6392
0.38125705719, 6234
0.381962060928, 6206
0.382681131363, 6206
0.38338303566, 6206
0.384083032608, 6334
0.384787082672, 6328
0.385491132736, 6200
0.386199951172, 6881
0.386903047562, 6501
0.387607097626, 6374
0.388312101364, 5433
0.389017105103, 5589
0.389735937119, 5708
0.390434980392, 5651
0.391134977341, 5848
0.391834974289, 5848
0.392538070679, 6228
0.393243074417, 6723
0.393970012665, 6366
0.394673109055, 6167
0.3953769207, 7114
0.39608001709, 6433
0.396800994873, 6193
0.397500038147, 6193
0.398201942444, 6874
0.398905038834, 6874
0.399609088898, 6914
0.400311946869, 6923
0.4010181427, 6923
0.401724100113, 6867
0.402425050735, 6048
0.403136968613, 6811
0.403837919235, 7395
0.404541015625, 7411
0.405241012573, 7411
0.405941009521, 7395
0.406642913818, 6792
0.407343149185, 6778
0.408043146133, 6778
0.408751964569, 6393
0.409451007843, 6350
0.410166025162, 5645
0.41086602211, 5645
0.411561012268, 5381
0.412256002426, 5336
0.412956953049, 5286
0.41365814209, 6238
0.414369106293, 6545
0.415071964264, 5981
0.415775060654, 5978
