0.00223207473755, [2.0, 6.0, 12.0, 7.0, 13.0, 10.0, 9.0, 11.0, 8.0, 1.0, 14.0, 3.0, 4.0, 5.0]
0.00358104705811, [2.0, 6.0, 12.0, 7.0, 13.0, 10.0, 3.0, 14.0, 1.0, 8.0, 11.0, 9.0, 4.0, 5.0]
0.00531697273254, [2.0, 6.0, 12.0, 7.0, 3.0, 10.0, 13.0, 14.0, 1.0, 8.0, 11.0, 9.0, 4.0, 5.0]
0.00671315193176, [2.0, 6.0, 12.0, 7.0, 3.0, 11.0, 8.0, 1.0, 14.0, 13.0, 10.0, 9.0, 4.0, 5.0]
0.00802111625671, [2.0, 6.0, 12.0, 7.0, 3.0, 11.0, 8.0, 14.0, 1.0, 13.0, 10.0, 9.0, 4.0, 5.0]
0.00939011573792, [2.0, 12.0, 6.0, 7.0, 3.0, 11.0, 8.0, 14.0, 1.0, 13.0, 10.0, 9.0, 4.0, 5.0]
0.0108160972595, [2.0, 12.0, 6.0, 7.0, 3.0, 11.0, 8.0, 9.0, 10.0, 13.0, 1.0, 14.0, 4.0, 5.0]
0.0122001171112, [2.0, 12.0, 6.0, 1.0, 13.0, 10.0, 9.0, 8.0, 11.0, 3.0, 7.0, 14.0, 4.0, 5.0]
0.0134520530701, [2.0, 12.0, 6.0, 1.0, 13.0, 10.0, 9.0, 8.0, 11.0, 3.0, 7.0, 14.0, 4.0, 5.0]
0.0151619911194, [2.0, 12.0, 6.0, 1.0, 13.0, 10.0, 11.0, 8.0, 9.0, 3.0, 7.0, 14.0, 4.0, 5.0]
0.0163171291351, [2.0, 12.0, 6.0, 1.0, 13.0, 10.0, 11.0, 8.0, 9.0, 14.0, 7.0, 3.0, 4.0, 5.0]
0.0175051689148, [2.0, 12.0, 6.0, 1.0, 13.0, 10.0, 11.0, 8.0, 3.0, 7.0, 14.0, 9.0, 4.0, 5.0]
0.0188381671906, [2.0, 6.0, 12.0, 1.0, 13.0, 10.0, 11.0, 8.0, 3.0, 7.0, 14.0, 9.0, 4.0, 5.0]
0.0203540325165, [2.0, 6.0, 12.0, 1.0, 13.0, 10.0, 11.0, 8.0, 3.0, 14.0, 7.0, 9.0, 4.0, 5.0]
0.0214991569519, [2.0, 6.0, 12.0, 8.0, 11.0, 10.0, 13.0, 1.0, 3.0, 14.0, 7.0, 9.0, 4.0, 5.0]
0.0231549739838, [2.0, 6.0, 10.0, 11.0, 8.0, 12.0, 13.0, 1.0, 3.0, 14.0, 7.0, 9.0, 4.0, 5.0]
0.0242969989777, [2.0, 10.0, 6.0, 11.0, 8.0, 12.0, 13.0, 1.0, 3.0, 14.0, 7.0, 9.0, 4.0, 5.0]
0.025398015976, [2.0, 10.0, 6.0, 7.0, 14.0, 3.0, 1.0, 13.0, 12.0, 8.0, 11.0, 9.0, 4.0, 5.0]
0.0272669792175, [2.0, 10.0, 6.0, 7.0, 1.0, 3.0, 14.0, 13.0, 12.0, 8.0, 11.0, 9.0, 4.0, 5.0]
0.0294930934906, [2.0, 10.0, 14.0, 3.0, 1.0, 7.0, 6.0, 13.0, 12.0, 8.0, 11.0, 9.0, 4.0, 5.0]
0.0312180519104, [2.0, 10.0, 7.0, 1.0, 3.0, 14.0, 6.0, 13.0, 12.0, 8.0, 11.0, 9.0, 4.0, 5.0]
0.0328931808472, [2.0, 10.0, 11.0, 8.0, 12.0, 13.0, 6.0, 14.0, 3.0, 1.0, 7.0, 9.0, 4.0, 5.0]
0.0350539684296, [2.0, 10.0, 11.0, 8.0, 12.0, 13.0, 6.0, 9.0, 7.0, 1.0, 3.0, 14.0, 4.0, 5.0]
0.0377390384674, [2.0, 10.0, 11.0, 8.0, 3.0, 1.0, 7.0, 9.0, 6.0, 13.0, 12.0, 14.0, 4.0, 5.0]
0.0395510196686, [2.0, 10.0, 11.0, 8.0, 3.0, 13.0, 6.0, 9.0, 7.0, 1.0, 12.0, 14.0, 4.0, 5.0]
0.0416641235352, [2.0, 10.0, 11.0, 8.0, 3.0, 13.0, 6.0, 9.0, 7.0, 1.0, 12.0, 14.0, 4.0, 5.0]
0.0436680316925, [2.0, 7.0, 9.0, 6.0, 13.0, 3.0, 8.0, 11.0, 10.0, 1.0, 12.0, 14.0, 4.0, 5.0]
0.0453560352325, [2.0, 7.0, 9.0, 6.0, 13.0, 3.0, 8.0, 11.0, 10.0, 1.0, 12.0, 14.0, 4.0, 5.0]
0.0467400550842, [2.0, 7.0, 9.0, 6.0, 13.0, 3.0, 11.0, 8.0, 10.0, 1.0, 12.0, 14.0, 4.0, 5.0]
0.0484900474548, [2.0, 7.0, 9.0, 1.0, 10.0, 8.0, 11.0, 3.0, 13.0, 6.0, 12.0, 14.0, 4.0, 5.0]
0.049877166748, [2.0, 7.0, 9.0, 1.0, 10.0, 8.0, 11.0, 12.0, 6.0, 13.0, 3.0, 14.0, 4.0, 5.0]
0.0509860515594, [2.0, 7.0, 9.0, 1.0, 10.0, 14.0, 3.0, 13.0, 6.0, 12.0, 11.0, 8.0, 4.0, 5.0]
0.0520870685577, [2.0, 7.0, 9.0, 1.0, 10.0, 14.0, 3.0, 13.0, 6.0, 12.0, 11.0, 8.0, 4.0, 5.0]
0.0533111095428, [2.0, 7.0, 9.0, 1.0, 10.0, 14.0, 3.0, 8.0, 11.0, 12.0, 6.0, 13.0, 4.0, 5.0]
0.0544240474701, [2.0, 7.0, 9.0, 1.0, 8.0, 3.0, 14.0, 10.0, 11.0, 12.0, 6.0, 13.0, 4.0, 5.0]
0.0555260181427, [2.0, 7.0, 9.0, 1.0, 8.0, 3.0, 14.0, 10.0, 11.0, 12.0, 6.0, 13.0, 4.0, 5.0]
0.056713104248, [2.0, 7.0, 10.0, 14.0, 3.0, 8.0, 1.0, 9.0, 11.0, 12.0, 6.0, 13.0, 4.0, 5.0]
0.0578851699829, [2.0, 7.0, 10.0, 12.0, 11.0, 9.0, 1.0, 8.0, 3.0, 14.0, 6.0, 13.0, 4.0, 5.0]
0.0589940547943, [2.0, 7.0, 10.0, 12.0, 6.0, 14.0, 3.0, 8.0, 1.0, 9.0, 11.0, 13.0, 4.0, 5.0]
0.0601091384888, [2.0, 7.0, 10.0, 12.0, 6.0, 14.0, 8.0, 3.0, 1.0, 9.0, 11.0, 13.0, 4.0, 5.0]
0.0613429546356, [2.0, 7.0, 10.0, 8.0, 14.0, 6.0, 12.0, 3.0, 1.0, 9.0, 11.0, 13.0, 4.0, 5.0]
0.0625321865082, [2.0, 7.0, 10.0, 11.0, 9.0, 1.0, 3.0, 12.0, 6.0, 14.0, 8.0, 13.0, 4.0, 5.0]
0.0638389587402, [2.0, 7.0, 10.0, 11.0, 12.0, 3.0, 1.0, 9.0, 6.0, 14.0, 8.0, 13.0, 4.0, 5.0]
0.0649449825287, [2.0, 7.0, 10.0, 11.0, 6.0, 9.0, 1.0, 3.0, 12.0, 14.0, 8.0, 13.0, 4.0, 5.0]
0.0660321712494, [2.0, 7.0, 10.0, 3.0, 1.0, 9.0, 6.0, 11.0, 12.0, 14.0, 8.0, 13.0, 4.0, 5.0]
0.0671541690826, [2.0, 10.0, 7.0, 3.0, 1.0, 9.0, 6.0, 11.0, 12.0, 14.0, 8.0, 13.0, 4.0, 5.0]
0.0684051513672, [2.0, 3.0, 7.0, 10.0, 1.0, 9.0, 6.0, 11.0, 12.0, 14.0, 8.0, 13.0, 4.0, 5.0]
0.0695810317993, [2.0, 3.0, 7.0, 10.0, 1.0, 9.0, 11.0, 6.0, 12.0, 14.0, 8.0, 13.0, 4.0, 5.0]
0.0706861019135, [2.0, 3.0, 7.0, 10.0, 1.0, 9.0, 11.0, 6.0, 12.0, 14.0, 13.0, 8.0, 4.0, 5.0]
0.0717580318451, [2.0, 3.0, 7.0, 6.0, 11.0, 9.0, 1.0, 10.0, 12.0, 14.0, 13.0, 8.0, 4.0, 5.0]
0.0729060173035, [2.0, 3.0, 7.0, 6.0, 10.0, 1.0, 9.0, 11.0, 12.0, 14.0, 13.0, 8.0, 4.0, 5.0]
0.0739750862122, [2.0, 3.0, 7.0, 6.0, 10.0, 1.0, 8.0, 13.0, 14.0, 12.0, 11.0, 9.0, 4.0, 5.0]
0.0750441551208, [2.0, 3.0, 7.0, 6.0, 10.0, 1.0, 8.0, 13.0, 14.0, 12.0, 11.0, 9.0, 4.0, 5.0]
0.0761320590973, [2.0, 3.0, 7.0, 6.0, 13.0, 8.0, 1.0, 10.0, 14.0, 12.0, 11.0, 9.0, 4.0, 5.0]
0.0772211551666, [2.0, 3.0, 7.0, 6.0, 13.0, 8.0, 1.0, 10.0, 14.0, 9.0, 11.0, 12.0, 4.0, 5.0]
0.0783879756927, [2.0, 3.0, 7.0, 6.0, 13.0, 8.0, 1.0, 10.0, 14.0, 9.0, 11.0, 12.0, 4.0, 5.0]
0.0797979831696, [2.0, 3.0, 14.0, 10.0, 1.0, 8.0, 13.0, 6.0, 7.0, 9.0, 11.0, 12.0, 4.0, 5.0]
0.0810379981995, [2.0, 3.0, 14.0, 10.0, 11.0, 9.0, 7.0, 6.0, 13.0, 8.0, 1.0, 12.0, 4.0, 5.0]
0.0822761058807, [2.0, 3.0, 14.0, 10.0, 11.0, 9.0, 7.0, 6.0, 13.0, 8.0, 1.0, 12.0, 4.0, 5.0]
0.0834031105042, [2.0, 3.0, 14.0, 10.0, 11.0, 9.0, 7.0, 6.0, 13.0, 8.0, 1.0, 12.0, 4.0, 5.0]
0.0845220088959, [2.0, 3.0, 14.0, 10.0, 11.0, 9.0, 7.0, 6.0, 1.0, 8.0, 13.0, 12.0, 4.0, 5.0]
0.0856420993805, [2.0, 3.0, 14.0, 10.0, 11.0, 9.0, 7.0, 8.0, 1.0, 6.0, 13.0, 12.0, 4.0, 5.0]
0.086816072464, [2.0, 3.0, 14.0, 10.0, 12.0, 13.0, 6.0, 1.0, 8.0, 7.0, 9.0, 11.0, 4.0, 5.0]
0.0879240036011, [2.0, 12.0, 10.0, 14.0, 3.0, 13.0, 6.0, 1.0, 8.0, 7.0, 9.0, 11.0, 4.0, 5.0]
0.0890371799469, [2.0, 12.0, 10.0, 14.0, 11.0, 9.0, 7.0, 8.0, 1.0, 6.0, 13.0, 3.0, 4.0, 5.0]
0.0901350975037, [2.0, 12.0, 11.0, 14.0, 10.0, 9.0, 7.0, 8.0, 1.0, 6.0, 13.0, 3.0, 4.0, 5.0]
0.0912370681763, [2.0, 12.0, 11.0, 14.0, 8.0, 7.0, 9.0, 10.0, 1.0, 6.0, 13.0, 3.0, 4.0, 5.0]
0.0926330089569, [2.0, 12.0, 11.0, 14.0, 9.0, 7.0, 8.0, 10.0, 1.0, 6.0, 13.0, 3.0, 4.0, 5.0]
0.0937840938568, [2.0, 12.0, 11.0, 9.0, 14.0, 7.0, 8.0, 10.0, 1.0, 6.0, 13.0, 3.0, 4.0, 5.0]
0.0948829650879, [2.0, 12.0, 11.0, 9.0, 6.0, 1.0, 10.0, 8.0, 7.0, 14.0, 13.0, 3.0, 4.0, 5.0]
0.0960881710052, [2.0, 12.0, 11.0, 9.0, 6.0, 8.0, 10.0, 1.0, 7.0, 14.0, 13.0, 3.0, 4.0, 5.0]
0.0978009700775, [2.0, 11.0, 12.0, 9.0, 6.0, 8.0, 10.0, 1.0, 7.0, 14.0, 13.0, 3.0, 4.0, 5.0]
0.0992159843445, [2.0, 11.0, 12.0, 9.0, 6.0, 8.0, 10.0, 1.0, 7.0, 14.0, 13.0, 3.0, 4.0, 5.0]
0.100481033325, [2.0, 11.0, 12.0, 9.0, 6.0, 8.0, 10.0, 1.0, 7.0, 14.0, 13.0, 3.0, 4.0, 5.0]
0.101583957672, [2.0, 11.0, 12.0, 9.0, 6.0, 8.0, 10.0, 7.0, 1.0, 14.0, 13.0, 3.0, 4.0, 5.0]
0.102712154388, [2.0, 11.0, 7.0, 10.0, 8.0, 6.0, 9.0, 12.0, 1.0, 14.0, 13.0, 3.0, 4.0, 5.0]
0.10387802124, [2.0, 11.0, 7.0, 10.0, 8.0, 6.0, 9.0, 3.0, 13.0, 14.0, 1.0, 12.0, 4.0, 5.0]
0.105180978775, [2.0, 11.0, 7.0, 10.0, 8.0, 12.0, 1.0, 14.0, 13.0, 3.0, 9.0, 6.0, 4.0, 5.0]
0.106389045715, [2.0, 1.0, 12.0, 8.0, 10.0, 7.0, 11.0, 14.0, 13.0, 3.0, 9.0, 6.0, 4.0, 5.0]
0.107465028763, [2.0, 12.0, 1.0, 8.0, 10.0, 7.0, 11.0, 14.0, 13.0, 3.0, 9.0, 6.0, 4.0, 5.0]
0.10854101181, [2.0, 12.0, 1.0, 8.0, 10.0, 7.0, 11.0, 14.0, 13.0, 3.0, 9.0, 6.0, 4.0, 5.0]
0.109654188156, [2.0, 12.0, 14.0, 11.0, 7.0, 10.0, 8.0, 1.0, 13.0, 3.0, 9.0, 6.0, 4.0, 5.0]
0.110766172409, [2.0, 13.0, 1.0, 8.0, 10.0, 7.0, 11.0, 14.0, 12.0, 3.0, 9.0, 6.0, 4.0, 5.0]
0.111860990524, [2.0, 13.0, 1.0, 8.0, 10.0, 12.0, 14.0, 11.0, 7.0, 3.0, 9.0, 6.0, 4.0, 5.0]
0.1129591465, [2.0, 12.0, 10.0, 8.0, 1.0, 13.0, 14.0, 11.0, 7.0, 3.0, 9.0, 6.0, 4.0, 5.0]
0.114058017731, [2.0, 12.0, 10.0, 8.0, 7.0, 11.0, 14.0, 13.0, 1.0, 3.0, 9.0, 6.0, 4.0, 5.0]
0.11522102356, [2.0, 12.0, 3.0, 1.0, 13.0, 14.0, 11.0, 7.0, 8.0, 10.0, 9.0, 6.0, 4.0, 5.0]
0.116352081299, [2.0, 12.0, 3.0, 1.0, 13.0, 14.0, 7.0, 11.0, 8.0, 10.0, 9.0, 6.0, 4.0, 5.0]
0.117422103882, [2.0, 12.0, 3.0, 1.0, 13.0, 14.0, 7.0, 11.0, 8.0, 10.0, 9.0, 6.0, 4.0, 5.0]
0.118519067764, [2.0, 12.0, 3.0, 1.0, 14.0, 13.0, 7.0, 11.0, 8.0, 10.0, 9.0, 6.0, 4.0, 5.0]
0.119585990906, [2.0, 3.0, 12.0, 1.0, 14.0, 13.0, 7.0, 11.0, 8.0, 10.0, 9.0, 6.0, 4.0, 5.0]
0.120651960373, [2.0, 3.0, 12.0, 11.0, 7.0, 13.0, 14.0, 1.0, 8.0, 10.0, 9.0, 6.0, 4.0, 5.0]
0.121716976166, [2.0, 3.0, 12.0, 10.0, 8.0, 1.0, 14.0, 13.0, 7.0, 11.0, 9.0, 6.0, 4.0, 5.0]
0.122805118561, [2.0, 7.0, 13.0, 14.0, 1.0, 8.0, 10.0, 12.0, 3.0, 11.0, 9.0, 6.0, 4.0, 5.0]
0.123878955841, [2.0, 7.0, 13.0, 14.0, 12.0, 10.0, 8.0, 1.0, 3.0, 11.0, 9.0, 6.0, 4.0, 5.0]
0.124993085861, [2.0, 7.0, 12.0, 14.0, 13.0, 10.0, 8.0, 1.0, 3.0, 11.0, 9.0, 6.0, 4.0, 5.0]
0.126248121262, [2.0, 7.0, 12.0, 14.0, 13.0, 8.0, 10.0, 1.0, 3.0, 11.0, 9.0, 6.0, 4.0, 5.0]
0.12743806839, [2.0, 7.0, 12.0, 14.0, 13.0, 8.0, 10.0, 11.0, 3.0, 1.0, 9.0, 6.0, 4.0, 5.0]
0.128553152084, [2.0, 12.0, 7.0, 14.0, 13.0, 8.0, 10.0, 11.0, 3.0, 1.0, 9.0, 6.0, 4.0, 5.0]
0.129656076431, [2.0, 12.0, 7.0, 14.0, 13.0, 8.0, 3.0, 11.0, 10.0, 1.0, 9.0, 6.0, 4.0, 5.0]
0.130859136581, [2.0, 6.0, 9.0, 1.0, 10.0, 11.0, 3.0, 8.0, 13.0, 14.0, 7.0, 12.0, 4.0, 5.0]
0.13201212883, [2.0, 6.0, 9.0, 1.0, 10.0, 12.0, 7.0, 14.0, 13.0, 8.0, 3.0, 11.0, 4.0, 5.0]
0.133425951004, [2.0, 6.0, 12.0, 10.0, 1.0, 9.0, 7.0, 14.0, 13.0, 8.0, 3.0, 11.0, 4.0, 5.0]
0.134575128555, [2.0, 6.0, 12.0, 10.0, 1.0, 9.0, 7.0, 14.0, 13.0, 8.0, 11.0, 3.0, 4.0, 5.0]
0.136587142944, [2.0, 6.0, 12.0, 10.0, 1.0, 9.0, 7.0, 13.0, 14.0, 8.0, 11.0, 3.0, 4.0, 5.0]
0.137842178345, [2.0, 6.0, 12.0, 10.0, 14.0, 13.0, 7.0, 9.0, 1.0, 8.0, 11.0, 3.0, 4.0, 5.0]
0.139024972916, [2.0, 6.0, 12.0, 10.0, 14.0, 8.0, 1.0, 9.0, 7.0, 13.0, 11.0, 3.0, 4.0, 5.0]
0.140228033066, [2.0, 6.0, 12.0, 10.0, 14.0, 8.0, 1.0, 9.0, 7.0, 13.0, 11.0, 3.0, 4.0, 5.0]
0.141324043274, [2.0, 6.0, 12.0, 10.0, 14.0, 7.0, 9.0, 1.0, 8.0, 13.0, 11.0, 3.0, 4.0, 5.0]
0.142416954041, [2.0, 6.0, 11.0, 13.0, 8.0, 1.0, 9.0, 7.0, 14.0, 10.0, 12.0, 3.0, 4.0, 5.0]
0.143545150757, [2.0, 6.0, 11.0, 13.0, 8.0, 1.0, 9.0, 7.0, 10.0, 14.0, 12.0, 3.0, 4.0, 5.0]
0.144984006882, [2.0, 6.0, 3.0, 12.0, 14.0, 10.0, 7.0, 9.0, 1.0, 8.0, 13.0, 11.0, 4.0, 5.0]
0.146196126938, [2.0, 6.0, 11.0, 13.0, 8.0, 1.0, 9.0, 7.0, 10.0, 14.0, 12.0, 3.0, 4.0, 5.0]
0.147504091263, [2.0, 6.0, 11.0, 13.0, 8.0, 1.0, 9.0, 7.0, 10.0, 12.0, 14.0, 3.0, 4.0, 5.0]
0.14892911911, [2.0, 6.0, 11.0, 13.0, 8.0, 1.0, 14.0, 12.0, 10.0, 7.0, 9.0, 3.0, 4.0, 5.0]
0.150146961212, [2.0, 6.0, 12.0, 14.0, 1.0, 8.0, 13.0, 11.0, 10.0, 7.0, 9.0, 3.0, 4.0, 5.0]
0.151381969452, [2.0, 6.0, 12.0, 14.0, 1.0, 8.0, 13.0, 11.0, 10.0, 7.0, 9.0, 3.0, 4.0, 5.0]
0.152559995651, [2.0, 14.0, 12.0, 6.0, 1.0, 8.0, 13.0, 11.0, 10.0, 7.0, 9.0, 3.0, 4.0, 5.0]
0.153733968735, [2.0, 14.0, 12.0, 6.0, 1.0, 8.0, 13.0, 9.0, 7.0, 10.0, 11.0, 3.0, 4.0, 5.0]
0.154860973358, [2.0, 14.0, 12.0, 6.0, 3.0, 11.0, 10.0, 7.0, 9.0, 13.0, 8.0, 1.0, 4.0, 5.0]
0.156031131744, [2.0, 14.0, 12.0, 6.0, 3.0, 11.0, 10.0, 7.0, 13.0, 9.0, 8.0, 1.0, 4.0, 5.0]
0.157274961472, [2.0, 14.0, 12.0, 6.0, 3.0, 11.0, 10.0, 7.0, 13.0, 9.0, 1.0, 8.0, 4.0, 5.0]
0.158382177353, [2.0, 14.0, 12.0, 6.0, 3.0, 11.0, 7.0, 10.0, 13.0, 9.0, 1.0, 8.0, 4.0, 5.0]
0.159599065781, [2.0, 14.0, 12.0, 7.0, 11.0, 3.0, 6.0, 10.0, 13.0, 9.0, 1.0, 8.0, 4.0, 5.0]
0.16085600853, [2.0, 14.0, 11.0, 7.0, 12.0, 3.0, 6.0, 10.0, 13.0, 9.0, 1.0, 8.0, 4.0, 5.0]
0.162275075912, [2.0, 14.0, 11.0, 7.0, 12.0, 8.0, 1.0, 9.0, 13.0, 10.0, 6.0, 3.0, 4.0, 5.0]
0.163448095322, [2.0, 14.0, 11.0, 6.0, 10.0, 13.0, 9.0, 1.0, 8.0, 12.0, 7.0, 3.0, 4.0, 5.0]
0.1645591259, [2.0, 1.0, 9.0, 13.0, 10.0, 6.0, 11.0, 14.0, 8.0, 12.0, 7.0, 3.0, 4.0, 5.0]
0.165665149689, [2.0, 1.0, 7.0, 12.0, 8.0, 14.0, 11.0, 6.0, 10.0, 13.0, 9.0, 3.0, 4.0, 5.0]
0.166766166687, [2.0, 1.0, 7.0, 12.0, 8.0, 14.0, 11.0, 6.0, 10.0, 13.0, 9.0, 3.0, 4.0, 5.0]
0.167875051498, [2.0, 1.0, 7.0, 12.0, 8.0, 14.0, 11.0, 6.0, 3.0, 9.0, 13.0, 10.0, 4.0, 5.0]
0.168974161148, [2.0, 1.0, 8.0, 12.0, 7.0, 14.0, 11.0, 6.0, 3.0, 9.0, 13.0, 10.0, 4.0, 5.0]
0.170077085495, [2.0, 1.0, 8.0, 12.0, 7.0, 14.0, 11.0, 6.0, 3.0, 9.0, 13.0, 10.0, 4.0, 5.0]
0.171216964722, [2.0, 1.0, 8.0, 12.0, 7.0, 14.0, 11.0, 6.0, 3.0, 9.0, 13.0, 10.0, 4.0, 5.0]
0.172291040421, [2.0, 1.0, 14.0, 7.0, 12.0, 8.0, 11.0, 6.0, 3.0, 9.0, 13.0, 10.0, 4.0, 5.0]
0.173536062241, [2.0, 1.0, 14.0, 7.0, 12.0, 10.0, 13.0, 9.0, 3.0, 6.0, 11.0, 8.0, 4.0, 5.0]
0.174643993378, [2.0, 1.0, 14.0, 7.0, 12.0, 10.0, 13.0, 8.0, 11.0, 6.0, 3.0, 9.0, 4.0, 5.0]
0.175719976425, [2.0, 1.0, 14.0, 12.0, 7.0, 10.0, 13.0, 8.0, 11.0, 6.0, 3.0, 9.0, 4.0, 5.0]
0.176836013794, [2.0, 1.0, 14.0, 12.0, 7.0, 10.0, 13.0, 8.0, 3.0, 6.0, 11.0, 9.0, 4.0, 5.0]
0.178076982498, [2.0, 1.0, 14.0, 12.0, 7.0, 10.0, 13.0, 8.0, 3.0, 6.0, 11.0, 9.0, 4.0, 5.0]
0.179376125336, [2.0, 1.0, 14.0, 12.0, 7.0, 10.0, 13.0, 8.0, 3.0, 6.0, 11.0, 9.0, 4.0, 5.0]
0.180499076843, [2.0, 1.0, 14.0, 12.0, 7.0, 10.0, 3.0, 8.0, 13.0, 6.0, 11.0, 9.0, 4.0, 5.0]
0.181614160538, [2.0, 1.0, 14.0, 12.0, 7.0, 10.0, 3.0, 8.0, 13.0, 6.0, 11.0, 9.0, 4.0, 5.0]
0.182729005814, [2.0, 1.0, 10.0, 7.0, 12.0, 14.0, 3.0, 8.0, 13.0, 6.0, 11.0, 9.0, 4.0, 5.0]
0.183923959732, [2.0, 1.0, 10.0, 7.0, 12.0, 14.0, 9.0, 11.0, 6.0, 13.0, 8.0, 3.0, 4.0, 5.0]
0.185182094574, [2.0, 1.0, 10.0, 7.0, 12.0, 9.0, 14.0, 11.0, 6.0, 13.0, 8.0, 3.0, 4.0, 5.0]
0.186349153519, [2.0, 1.0, 10.0, 14.0, 9.0, 12.0, 7.0, 11.0, 6.0, 13.0, 8.0, 3.0, 4.0, 5.0]
0.187508106232, [2.0, 1.0, 10.0, 9.0, 14.0, 12.0, 7.0, 11.0, 6.0, 13.0, 8.0, 3.0, 4.0, 5.0]
0.188690185547, [2.0, 1.0, 8.0, 13.0, 6.0, 11.0, 7.0, 12.0, 14.0, 9.0, 10.0, 3.0, 4.0, 5.0]
0.189783096313, [2.0, 1.0, 8.0, 13.0, 6.0, 7.0, 11.0, 12.0, 14.0, 9.0, 10.0, 3.0, 4.0, 5.0]
0.190853118896, [2.0, 1.0, 8.0, 13.0, 6.0, 7.0, 11.0, 12.0, 14.0, 3.0, 10.0, 9.0, 4.0, 5.0]
0.191920995712, [2.0, 3.0, 14.0, 12.0, 11.0, 7.0, 6.0, 13.0, 8.0, 1.0, 10.0, 9.0, 4.0, 5.0]
0.193014144897, [2.0, 3.0, 14.0, 12.0, 10.0, 1.0, 8.0, 13.0, 6.0, 7.0, 11.0, 9.0, 4.0, 5.0]
0.194139957428, [2.0, 12.0, 14.0, 3.0, 10.0, 1.0, 8.0, 13.0, 6.0, 7.0, 11.0, 9.0, 4.0, 5.0]
0.195252180099, [2.0, 12.0, 14.0, 3.0, 10.0, 1.0, 8.0, 13.0, 7.0, 6.0, 11.0, 9.0, 4.0, 5.0]
0.19638299942, [2.0, 12.0, 14.0, 3.0, 10.0, 1.0, 8.0, 7.0, 13.0, 6.0, 11.0, 9.0, 4.0, 5.0]
0.197498083115, [2.0, 12.0, 14.0, 10.0, 3.0, 1.0, 8.0, 7.0, 13.0, 6.0, 11.0, 9.0, 4.0, 5.0]
0.198572158813, [2.0, 12.0, 14.0, 10.0, 3.0, 1.0, 8.0, 7.0, 13.0, 6.0, 11.0, 9.0, 4.0, 5.0]
0.199647188187, [2.0, 12.0, 14.0, 10.0, 9.0, 11.0, 6.0, 13.0, 7.0, 8.0, 1.0, 3.0, 4.0, 5.0]
0.200713157654, [2.0, 12.0, 11.0, 9.0, 10.0, 14.0, 6.0, 13.0, 7.0, 8.0, 1.0, 3.0, 4.0, 5.0]
0.201771020889, [2.0, 12.0, 7.0, 13.0, 6.0, 14.0, 10.0, 9.0, 11.0, 8.0, 1.0, 3.0, 4.0, 5.0]
0.202903985977, [2.0, 12.0, 7.0, 13.0, 6.0, 14.0, 10.0, 9.0, 1.0, 8.0, 11.0, 3.0, 4.0, 5.0]
0.204082012177, [2.0, 12.0, 7.0, 13.0, 6.0, 14.0, 10.0, 9.0, 1.0, 11.0, 8.0, 3.0, 4.0, 5.0]
0.205121994019, [2.0, 12.0, 7.0, 13.0, 6.0, 14.0, 10.0, 9.0, 1.0, 11.0, 8.0, 3.0, 4.0, 5.0]
0.206158161163, [2.0, 12.0, 7.0, 13.0, 6.0, 14.0, 10.0, 9.0, 1.0, 11.0, 8.0, 3.0, 4.0, 5.0]
0.20719408989, [2.0, 12.0, 7.0, 13.0, 6.0, 14.0, 10.0, 9.0, 1.0, 11.0, 8.0, 3.0, 4.0, 5.0]
0.208352088928, [2.0, 9.0, 10.0, 14.0, 6.0, 13.0, 7.0, 12.0, 1.0, 11.0, 8.0, 3.0, 4.0, 5.0]
0.209422111511, [2.0, 9.0, 10.0, 14.0, 6.0, 13.0, 7.0, 12.0, 8.0, 11.0, 1.0, 3.0, 4.0, 5.0]
0.210513114929, [2.0, 14.0, 10.0, 9.0, 6.0, 13.0, 7.0, 12.0, 8.0, 11.0, 1.0, 3.0, 4.0, 5.0]
0.211574077606, [2.0, 14.0, 10.0, 9.0, 6.0, 13.0, 7.0, 12.0, 8.0, 11.0, 1.0, 3.0, 4.0, 5.0]
0.212681055069, [2.0, 8.0, 12.0, 7.0, 13.0, 6.0, 9.0, 10.0, 14.0, 11.0, 1.0, 3.0, 4.0, 5.0]
0.213752985001, [2.0, 8.0, 9.0, 6.0, 13.0, 7.0, 12.0, 10.0, 14.0, 11.0, 1.0, 3.0, 4.0, 5.0]
0.214887142181, [2.0, 10.0, 12.0, 7.0, 13.0, 6.0, 9.0, 8.0, 14.0, 11.0, 1.0, 3.0, 4.0, 5.0]
0.215924978256, [2.0, 10.0, 12.0, 7.0, 13.0, 6.0, 9.0, 8.0, 14.0, 11.0, 1.0, 3.0, 4.0, 5.0]
0.216962099075, [2.0, 10.0, 12.0, 7.0, 13.0, 6.0, 9.0, 8.0, 14.0, 11.0, 3.0, 1.0, 4.0, 5.0]
0.218000173569, [2.0, 10.0, 3.0, 11.0, 14.0, 8.0, 9.0, 6.0, 13.0, 7.0, 12.0, 1.0, 4.0, 5.0]
0.219041109085, [2.0, 10.0, 3.0, 11.0, 8.0, 14.0, 9.0, 6.0, 13.0, 7.0, 12.0, 1.0, 4.0, 5.0]
0.220221996307, [2.0, 10.0, 3.0, 11.0, 8.0, 12.0, 7.0, 13.0, 6.0, 9.0, 14.0, 1.0, 4.0, 5.0]
0.221297979355, [2.0, 11.0, 3.0, 10.0, 8.0, 12.0, 7.0, 13.0, 6.0, 9.0, 14.0, 1.0, 4.0, 5.0]
0.222337961197, [2.0, 11.0, 3.0, 10.0, 8.0, 12.0, 7.0, 13.0, 6.0, 9.0, 1.0, 14.0, 4.0, 5.0]
0.223380088806, [2.0, 11.0, 1.0, 9.0, 6.0, 13.0, 7.0, 12.0, 8.0, 10.0, 3.0, 14.0, 4.0, 5.0]
0.224421024323, [2.0, 11.0, 1.0, 9.0, 6.0, 7.0, 13.0, 12.0, 8.0, 10.0, 3.0, 14.0, 4.0, 5.0]
0.22546005249, [2.0, 11.0, 1.0, 14.0, 3.0, 10.0, 8.0, 12.0, 13.0, 7.0, 6.0, 9.0, 4.0, 5.0]
0.226526021957, [2.0, 10.0, 3.0, 14.0, 1.0, 11.0, 8.0, 12.0, 13.0, 7.0, 6.0, 9.0, 4.0, 5.0]
0.227678060532, [2.0, 10.0, 3.0, 14.0, 1.0, 11.0, 8.0, 12.0, 13.0, 7.0, 6.0, 9.0, 4.0, 5.0]
0.228757143021, [2.0, 10.0, 3.0, 14.0, 1.0, 11.0, 8.0, 12.0, 13.0, 7.0, 9.0, 6.0, 4.0, 5.0]
0.229946136475, [2.0, 13.0, 12.0, 8.0, 11.0, 1.0, 14.0, 3.0, 10.0, 7.0, 9.0, 6.0, 4.0, 5.0]
0.231091022491, [2.0, 13.0, 12.0, 8.0, 11.0, 3.0, 14.0, 1.0, 10.0, 7.0, 9.0, 6.0, 4.0, 5.0]
0.232220172882, [2.0, 13.0, 12.0, 8.0, 11.0, 3.0, 14.0, 1.0, 10.0, 7.0, 6.0, 9.0, 4.0, 5.0]
0.233417034149, [2.0, 13.0, 12.0, 8.0, 11.0, 3.0, 14.0, 1.0, 10.0, 7.0, 6.0, 9.0, 4.0, 5.0]
0.234519958496, [2.0, 13.0, 10.0, 1.0, 14.0, 3.0, 11.0, 8.0, 12.0, 7.0, 6.0, 9.0, 4.0, 5.0]
0.235872030258, [2.0, 13.0, 10.0, 1.0, 7.0, 12.0, 8.0, 11.0, 3.0, 14.0, 6.0, 9.0, 4.0, 5.0]
0.236906051636, [2.0, 13.0, 11.0, 8.0, 12.0, 7.0, 1.0, 10.0, 3.0, 14.0, 6.0, 9.0, 4.0, 5.0]
0.237945079803, [2.0, 1.0, 7.0, 12.0, 8.0, 11.0, 13.0, 10.0, 3.0, 14.0, 6.0, 9.0, 4.0, 5.0]
0.239139080048, [2.0, 1.0, 14.0, 3.0, 10.0, 13.0, 11.0, 8.0, 12.0, 7.0, 6.0, 9.0, 4.0, 5.0]
0.240349054337, [2.0, 1.0, 14.0, 3.0, 10.0, 13.0, 11.0, 8.0, 12.0, 7.0, 9.0, 6.0, 4.0, 5.0]
0.24148607254, [2.0, 1.0, 14.0, 6.0, 9.0, 7.0, 12.0, 8.0, 11.0, 13.0, 10.0, 3.0, 4.0, 5.0]
0.242665052414, [2.0, 1.0, 14.0, 6.0, 9.0, 13.0, 11.0, 8.0, 12.0, 7.0, 10.0, 3.0, 4.0, 5.0]
0.243844985962, [2.0, 1.0, 14.0, 8.0, 11.0, 13.0, 9.0, 6.0, 12.0, 7.0, 10.0, 3.0, 4.0, 5.0]
0.244932174683, [2.0, 1.0, 3.0, 10.0, 7.0, 12.0, 6.0, 9.0, 13.0, 11.0, 8.0, 14.0, 4.0, 5.0]
0.246085166931, [2.0, 1.0, 14.0, 8.0, 11.0, 13.0, 9.0, 6.0, 12.0, 7.0, 10.0, 3.0, 4.0, 5.0]
0.247189998627, [2.0, 1.0, 14.0, 8.0, 11.0, 13.0, 9.0, 3.0, 10.0, 7.0, 12.0, 6.0, 4.0, 5.0]
0.248277187347, [2.0, 1.0, 14.0, 8.0, 11.0, 13.0, 9.0, 3.0, 12.0, 7.0, 10.0, 6.0, 4.0, 5.0]
0.249391078949, [2.0, 1.0, 14.0, 11.0, 8.0, 13.0, 9.0, 3.0, 12.0, 7.0, 10.0, 6.0, 4.0, 5.0]
0.250466108322, [2.0, 1.0, 14.0, 11.0, 8.0, 13.0, 9.0, 3.0, 12.0, 7.0, 10.0, 6.0, 4.0, 5.0]
0.251533985138, [2.0, 1.0, 3.0, 9.0, 13.0, 8.0, 11.0, 14.0, 12.0, 7.0, 10.0, 6.0, 4.0, 5.0]
0.252624988556, [2.0, 3.0, 1.0, 9.0, 13.0, 8.0, 11.0, 14.0, 12.0, 7.0, 10.0, 6.0, 4.0, 5.0]
0.253697156906, [2.0, 3.0, 14.0, 11.0, 8.0, 13.0, 9.0, 1.0, 12.0, 7.0, 10.0, 6.0, 4.0, 5.0]
0.25487112999, [2.0, 3.0, 14.0, 11.0, 10.0, 7.0, 12.0, 1.0, 9.0, 13.0, 8.0, 6.0, 4.0, 5.0]
0.25595998764, [2.0, 7.0, 10.0, 11.0, 14.0, 3.0, 12.0, 1.0, 9.0, 13.0, 8.0, 6.0, 4.0, 5.0]
0.25704407692, [2.0, 7.0, 10.0, 11.0, 14.0, 9.0, 1.0, 12.0, 3.0, 13.0, 8.0, 6.0, 4.0, 5.0]
0.258107185364, [2.0, 7.0, 10.0, 11.0, 14.0, 9.0, 1.0, 3.0, 12.0, 13.0, 8.0, 6.0, 4.0, 5.0]
0.259170055389, [2.0, 7.0, 10.0, 11.0, 1.0, 9.0, 14.0, 3.0, 12.0, 13.0, 8.0, 6.0, 4.0, 5.0]
0.260246992111, [2.0, 7.0, 10.0, 11.0, 1.0, 9.0, 14.0, 3.0, 12.0, 13.0, 8.0, 6.0, 4.0, 5.0]
0.261356115341, [2.0, 7.0, 10.0, 11.0, 3.0, 14.0, 9.0, 1.0, 12.0, 13.0, 8.0, 6.0, 4.0, 5.0]
0.262470960617, [2.0, 9.0, 14.0, 3.0, 11.0, 10.0, 7.0, 1.0, 12.0, 13.0, 8.0, 6.0, 4.0, 5.0]
0.263513088226, [2.0, 9.0, 14.0, 3.0, 11.0, 10.0, 7.0, 1.0, 12.0, 13.0, 8.0, 6.0, 4.0, 5.0]
0.264554023743, [2.0, 9.0, 14.0, 3.0, 11.0, 10.0, 7.0, 1.0, 12.0, 13.0, 8.0, 6.0, 4.0, 5.0]
0.265655040741, [2.0, 9.0, 14.0, 3.0, 11.0, 10.0, 7.0, 1.0, 12.0, 13.0, 8.0, 6.0, 4.0, 5.0]
0.266800165176, [2.0, 9.0, 14.0, 3.0, 1.0, 7.0, 10.0, 11.0, 12.0, 13.0, 8.0, 6.0, 4.0, 5.0]
0.267841100693, [2.0, 9.0, 14.0, 3.0, 1.0, 7.0, 10.0, 11.0, 12.0, 13.0, 8.0, 6.0, 4.0, 5.0]
0.268881082535, [2.0, 9.0, 14.0, 3.0, 1.0, 7.0, 10.0, 11.0, 8.0, 13.0, 12.0, 6.0, 4.0, 5.0]
0.269955158234, [2.0, 12.0, 13.0, 8.0, 11.0, 10.0, 7.0, 1.0, 3.0, 14.0, 9.0, 6.0, 4.0, 5.0]
0.270995140076, [2.0, 8.0, 13.0, 12.0, 11.0, 10.0, 7.0, 1.0, 3.0, 14.0, 9.0, 6.0, 4.0, 5.0]
0.272037029266, [2.0, 8.0, 13.0, 12.0, 11.0, 10.0, 7.0, 1.0, 6.0, 9.0, 14.0, 3.0, 4.0, 5.0]
0.27308011055, [2.0, 8.0, 13.0, 12.0, 11.0, 10.0, 7.0, 1.0, 3.0, 14.0, 9.0, 6.0, 4.0, 5.0]
0.274163961411, [2.0, 8.0, 13.0, 12.0, 11.0, 10.0, 7.0, 6.0, 9.0, 14.0, 3.0, 1.0, 4.0, 5.0]
0.275205135345, [2.0, 8.0, 13.0, 12.0, 11.0, 10.0, 7.0, 6.0, 9.0, 14.0, 3.0, 1.0, 4.0, 5.0]
0.27624297142, [2.0, 8.0, 13.0, 3.0, 14.0, 9.0, 6.0, 7.0, 10.0, 11.0, 12.0, 1.0, 4.0, 5.0]
0.27746796608, [2.0, 8.0, 13.0, 3.0, 14.0, 9.0, 10.0, 7.0, 6.0, 11.0, 12.0, 1.0, 4.0, 5.0]
0.278678178787, [2.0, 8.0, 13.0, 3.0, 14.0, 1.0, 12.0, 11.0, 6.0, 7.0, 10.0, 9.0, 4.0, 5.0]
0.279855012894, [2.0, 8.0, 11.0, 12.0, 1.0, 14.0, 3.0, 13.0, 6.0, 7.0, 10.0, 9.0, 4.0, 5.0]
0.2809009552, [2.0, 14.0, 1.0, 12.0, 11.0, 8.0, 3.0, 13.0, 6.0, 7.0, 10.0, 9.0, 4.0, 5.0]
0.281989097595, [2.0, 14.0, 1.0, 12.0, 11.0, 8.0, 3.0, 7.0, 6.0, 13.0, 10.0, 9.0, 4.0, 5.0]
0.283032178879, [2.0, 14.0, 1.0, 12.0, 10.0, 13.0, 6.0, 7.0, 3.0, 8.0, 11.0, 9.0, 4.0, 5.0]
0.284073114395, [2.0, 14.0, 1.0, 12.0, 10.0, 13.0, 6.0, 7.0, 3.0, 8.0, 11.0, 9.0, 4.0, 5.0]
0.285114049911, [2.0, 14.0, 1.0, 3.0, 7.0, 6.0, 13.0, 10.0, 12.0, 8.0, 11.0, 9.0, 4.0, 5.0]
0.286157131195, [2.0, 14.0, 1.0, 7.0, 3.0, 6.0, 13.0, 10.0, 12.0, 8.0, 11.0, 9.0, 4.0, 5.0]
0.28719997406, [2.0, 1.0, 14.0, 7.0, 3.0, 6.0, 13.0, 10.0, 12.0, 8.0, 11.0, 9.0, 4.0, 5.0]
0.288243055344, [2.0, 1.0, 14.0, 7.0, 3.0, 8.0, 12.0, 10.0, 13.0, 6.0, 11.0, 9.0, 4.0, 5.0]
0.289391994476, [2.0, 1.0, 14.0, 7.0, 9.0, 11.0, 6.0, 13.0, 10.0, 12.0, 8.0, 3.0, 4.0, 5.0]
0.290486097336, [2.0, 11.0, 9.0, 7.0, 14.0, 1.0, 6.0, 13.0, 10.0, 12.0, 8.0, 3.0, 4.0, 5.0]
0.291524171829, [2.0, 8.0, 12.0, 10.0, 13.0, 6.0, 1.0, 14.0, 7.0, 9.0, 11.0, 3.0, 4.0, 5.0]
0.29256606102, [2.0, 8.0, 7.0, 14.0, 1.0, 6.0, 13.0, 10.0, 12.0, 9.0, 11.0, 3.0, 4.0, 5.0]
0.293645143509, [2.0, 8.0, 7.0, 12.0, 10.0, 13.0, 6.0, 1.0, 14.0, 9.0, 11.0, 3.0, 4.0, 5.0]
0.294734954834, [2.0, 8.0, 7.0, 14.0, 1.0, 6.0, 13.0, 10.0, 12.0, 9.0, 11.0, 3.0, 4.0, 5.0]
0.29586815834, [2.0, 8.0, 13.0, 6.0, 1.0, 14.0, 7.0, 10.0, 12.0, 9.0, 11.0, 3.0, 4.0, 5.0]
0.296936988831, [2.0, 8.0, 13.0, 6.0, 12.0, 10.0, 7.0, 14.0, 1.0, 9.0, 11.0, 3.0, 4.0, 5.0]
0.297980070114, [2.0, 8.0, 13.0, 6.0, 14.0, 7.0, 10.0, 12.0, 1.0, 9.0, 11.0, 3.0, 4.0, 5.0]
0.299018144608, [2.0, 8.0, 13.0, 11.0, 9.0, 1.0, 12.0, 10.0, 7.0, 14.0, 6.0, 3.0, 4.0, 5.0]
0.30010008812, [2.0, 8.0, 13.0, 11.0, 9.0, 1.0, 12.0, 10.0, 7.0, 14.0, 6.0, 3.0, 4.0, 5.0]
0.301277160645, [2.0, 8.0, 12.0, 1.0, 9.0, 11.0, 13.0, 10.0, 7.0, 14.0, 6.0, 3.0, 4.0, 5.0]
0.302343130112, [2.0, 8.0, 12.0, 1.0, 13.0, 11.0, 9.0, 10.0, 7.0, 14.0, 6.0, 3.0, 4.0, 5.0]
0.303385972977, [2.0, 8.0, 12.0, 1.0, 11.0, 13.0, 9.0, 10.0, 7.0, 14.0, 6.0, 3.0, 4.0, 5.0]
0.304427146912, [2.0, 8.0, 12.0, 14.0, 7.0, 10.0, 9.0, 13.0, 11.0, 1.0, 6.0, 3.0, 4.0, 5.0]
0.305469036102, [2.0, 8.0, 12.0, 14.0, 6.0, 1.0, 11.0, 13.0, 9.0, 10.0, 7.0, 3.0, 4.0, 5.0]
0.306509017944, [2.0, 8.0, 12.0, 14.0, 6.0, 1.0, 11.0, 13.0, 9.0, 10.0, 7.0, 3.0, 4.0, 5.0]
0.307623147964, [2.0, 8.0, 12.0, 14.0, 6.0, 10.0, 9.0, 13.0, 11.0, 1.0, 7.0, 3.0, 4.0, 5.0]
0.308660030365, [2.0, 10.0, 6.0, 14.0, 12.0, 8.0, 9.0, 13.0, 11.0, 1.0, 7.0, 3.0, 4.0, 5.0]
0.309726953506, [2.0, 10.0, 6.0, 14.0, 12.0, 8.0, 9.0, 13.0, 1.0, 11.0, 7.0, 3.0, 4.0, 5.0]
0.310916185379, [2.0, 10.0, 6.0, 14.0, 12.0, 8.0, 3.0, 7.0, 11.0, 1.0, 13.0, 9.0, 4.0, 5.0]
0.312034130096, [2.0, 10.0, 9.0, 13.0, 1.0, 11.0, 7.0, 3.0, 8.0, 12.0, 14.0, 6.0, 4.0, 5.0]
0.313188076019, [2.0, 10.0, 9.0, 13.0, 1.0, 11.0, 7.0, 3.0, 8.0, 12.0, 14.0, 6.0, 4.0, 5.0]
0.314306974411, [2.0, 10.0, 9.0, 7.0, 11.0, 1.0, 13.0, 3.0, 8.0, 12.0, 14.0, 6.0, 4.0, 5.0]
0.315392017365, [2.0, 10.0, 9.0, 7.0, 11.0, 1.0, 12.0, 8.0, 3.0, 13.0, 14.0, 6.0, 4.0, 5.0]
0.316478013992, [2.0, 10.0, 9.0, 7.0, 11.0, 1.0, 12.0, 8.0, 3.0, 13.0, 14.0, 6.0, 4.0, 5.0]
0.317564964294, [2.0, 10.0, 9.0, 7.0, 11.0, 1.0, 12.0, 8.0, 3.0, 13.0, 14.0, 6.0, 4.0, 5.0]
0.318775177002, [2.0, 10.0, 9.0, 7.0, 11.0, 1.0, 12.0, 8.0, 3.0, 13.0, 14.0, 6.0, 4.0, 5.0]
0.319954156876, [2.0, 10.0, 1.0, 11.0, 7.0, 9.0, 12.0, 8.0, 3.0, 13.0, 14.0, 6.0, 4.0, 5.0]
0.321120977402, [2.0, 10.0, 1.0, 11.0, 7.0, 9.0, 6.0, 14.0, 13.0, 3.0, 8.0, 12.0, 4.0, 5.0]
0.322385072708, [2.0, 10.0, 1.0, 11.0, 7.0, 12.0, 8.0, 3.0, 13.0, 14.0, 6.0, 9.0, 4.0, 5.0]
0.323456048965, [2.0, 10.0, 1.0, 7.0, 11.0, 12.0, 8.0, 3.0, 13.0, 14.0, 6.0, 9.0, 4.0, 5.0]
0.324630975723, [2.0, 9.0, 6.0, 14.0, 13.0, 3.0, 8.0, 12.0, 11.0, 7.0, 1.0, 10.0, 4.0, 5.0]
0.325719118118, [2.0, 14.0, 6.0, 9.0, 13.0, 3.0, 8.0, 12.0, 11.0, 7.0, 1.0, 10.0, 4.0, 5.0]
0.326837062836, [2.0, 14.0, 6.0, 9.0, 13.0, 3.0, 8.0, 7.0, 11.0, 12.0, 1.0, 10.0, 4.0, 5.0]
0.327955961227, [2.0, 14.0, 6.0, 9.0, 13.0, 11.0, 7.0, 8.0, 3.0, 12.0, 1.0, 10.0, 4.0, 5.0]
0.329027175903, [2.0, 14.0, 3.0, 8.0, 7.0, 11.0, 13.0, 9.0, 6.0, 12.0, 1.0, 10.0, 4.0, 5.0]
0.330106973648, [2.0, 14.0, 3.0, 8.0, 7.0, 11.0, 13.0, 9.0, 6.0, 12.0, 1.0, 10.0, 4.0, 5.0]
0.331190109253, [2.0, 1.0, 12.0, 6.0, 9.0, 13.0, 11.0, 7.0, 8.0, 3.0, 14.0, 10.0, 4.0, 5.0]
0.332290172577, [2.0, 1.0, 12.0, 6.0, 9.0, 13.0, 11.0, 10.0, 14.0, 3.0, 8.0, 7.0, 4.0, 5.0]
0.33339214325, [2.0, 1.0, 12.0, 6.0, 9.0, 8.0, 3.0, 14.0, 10.0, 11.0, 13.0, 7.0, 4.0, 5.0]
0.334462165833, [2.0, 1.0, 12.0, 6.0, 9.0, 8.0, 14.0, 3.0, 10.0, 11.0, 13.0, 7.0, 4.0, 5.0]
0.335584163666, [2.0, 1.0, 12.0, 7.0, 13.0, 11.0, 10.0, 3.0, 14.0, 8.0, 9.0, 6.0, 4.0, 5.0]
0.336740970612, [2.0, 1.0, 12.0, 7.0, 13.0, 11.0, 10.0, 3.0, 14.0, 9.0, 8.0, 6.0, 4.0, 5.0]
0.337885141373, [2.0, 1.0, 12.0, 3.0, 10.0, 11.0, 13.0, 7.0, 14.0, 9.0, 8.0, 6.0, 4.0, 5.0]
0.33901309967, [2.0, 1.0, 12.0, 8.0, 9.0, 14.0, 7.0, 13.0, 11.0, 10.0, 3.0, 6.0, 4.0, 5.0]
0.340101957321, [2.0, 1.0, 12.0, 8.0, 9.0, 14.0, 7.0, 13.0, 11.0, 10.0, 3.0, 6.0, 4.0, 5.0]
0.341181993484, [2.0, 1.0, 12.0, 8.0, 9.0, 14.0, 7.0, 13.0, 6.0, 3.0, 10.0, 11.0, 4.0, 5.0]
0.342250108719, [2.0, 6.0, 13.0, 7.0, 14.0, 9.0, 8.0, 12.0, 1.0, 3.0, 10.0, 11.0, 4.0, 5.0]
0.343425035477, [2.0, 6.0, 13.0, 1.0, 12.0, 8.0, 9.0, 14.0, 7.0, 3.0, 10.0, 11.0, 4.0, 5.0]
0.344738960266, [2.0, 6.0, 10.0, 3.0, 7.0, 14.0, 9.0, 8.0, 12.0, 1.0, 13.0, 11.0, 4.0, 5.0]
0.345863103867, [2.0, 6.0, 10.0, 3.0, 7.0, 14.0, 13.0, 1.0, 12.0, 8.0, 9.0, 11.0, 4.0, 5.0]
0.347001075745, [2.0, 6.0, 10.0, 3.0, 7.0, 14.0, 13.0, 1.0, 12.0, 8.0, 9.0, 11.0, 4.0, 5.0]
0.348167181015, [2.0, 6.0, 10.0, 9.0, 8.0, 12.0, 1.0, 13.0, 14.0, 7.0, 3.0, 11.0, 4.0, 5.0]
0.349249124527, [2.0, 10.0, 6.0, 9.0, 8.0, 12.0, 1.0, 13.0, 14.0, 7.0, 3.0, 11.0, 4.0, 5.0]
0.350419998169, [2.0, 10.0, 6.0, 9.0, 8.0, 1.0, 12.0, 13.0, 14.0, 7.0, 3.0, 11.0, 4.0, 5.0]
0.351824998856, [2.0, 10.0, 6.0, 9.0, 8.0, 1.0, 12.0, 11.0, 3.0, 7.0, 14.0, 13.0, 4.0, 5.0]
0.353177070618, [2.0, 10.0, 7.0, 3.0, 11.0, 12.0, 1.0, 8.0, 9.0, 6.0, 14.0, 13.0, 4.0, 5.0]
0.354457139969, [2.0, 10.0, 7.0, 3.0, 6.0, 9.0, 8.0, 1.0, 12.0, 11.0, 14.0, 13.0, 4.0, 5.0]
0.355684995651, [2.0, 10.0, 11.0, 12.0, 1.0, 8.0, 9.0, 6.0, 3.0, 7.0, 14.0, 13.0, 4.0, 5.0]
0.356805086136, [2.0, 10.0, 11.0, 12.0, 1.0, 8.0, 9.0, 6.0, 3.0, 7.0, 14.0, 13.0, 4.0, 5.0]
0.35799908638, [2.0, 10.0, 11.0, 12.0, 1.0, 8.0, 9.0, 6.0, 3.0, 7.0, 14.0, 13.0, 4.0, 5.0]
0.359166145325, [2.0, 10.0, 11.0, 12.0, 1.0, 8.0, 9.0, 7.0, 3.0, 6.0, 14.0, 13.0, 4.0, 5.0]
0.360306978226, [2.0, 10.0, 11.0, 12.0, 1.0, 8.0, 9.0, 7.0, 3.0, 6.0, 13.0, 14.0, 4.0, 5.0]
0.361490011215, [2.0, 10.0, 11.0, 12.0, 6.0, 3.0, 7.0, 9.0, 8.0, 1.0, 13.0, 14.0, 4.0, 5.0]
0.362715005875, [2.0, 10.0, 11.0, 12.0, 7.0, 3.0, 6.0, 9.0, 8.0, 1.0, 13.0, 14.0, 4.0, 5.0]
0.363806009293, [2.0, 10.0, 11.0, 12.0, 7.0, 3.0, 14.0, 13.0, 1.0, 8.0, 9.0, 6.0, 4.0, 5.0]
0.364873170853, [2.0, 10.0, 11.0, 12.0, 6.0, 9.0, 8.0, 1.0, 13.0, 14.0, 3.0, 7.0, 4.0, 5.0]
0.365940093994, [2.0, 10.0, 14.0, 13.0, 1.0, 8.0, 9.0, 6.0, 12.0, 11.0, 3.0, 7.0, 4.0, 5.0]
0.367009162903, [2.0, 10.0, 14.0, 13.0, 1.0, 8.0, 9.0, 11.0, 12.0, 6.0, 3.0, 7.0, 4.0, 5.0]
0.368077993393, [2.0, 12.0, 11.0, 9.0, 8.0, 1.0, 13.0, 14.0, 10.0, 6.0, 3.0, 7.0, 4.0, 5.0]
0.369153022766, [2.0, 12.0, 11.0, 9.0, 6.0, 10.0, 14.0, 13.0, 1.0, 8.0, 3.0, 7.0, 4.0, 5.0]
0.370334148407, [2.0, 12.0, 11.0, 9.0, 6.0, 10.0, 7.0, 3.0, 8.0, 1.0, 13.0, 14.0, 4.0, 5.0]
0.371474027634, [2.0, 12.0, 11.0, 9.0, 6.0, 10.0, 7.0, 3.0, 8.0, 1.0, 14.0, 13.0, 4.0, 5.0]
0.372537136078, [2.0, 12.0, 11.0, 9.0, 3.0, 7.0, 10.0, 6.0, 8.0, 1.0, 14.0, 13.0, 4.0, 5.0]
0.373664140701, [2.0, 12.0, 13.0, 14.0, 1.0, 8.0, 6.0, 10.0, 7.0, 3.0, 9.0, 11.0, 4.0, 5.0]
0.374768972397, [2.0, 12.0, 13.0, 14.0, 10.0, 6.0, 8.0, 1.0, 7.0, 3.0, 9.0, 11.0, 4.0, 5.0]
0.375813007355, [2.0, 12.0, 13.0, 14.0, 7.0, 1.0, 8.0, 6.0, 10.0, 3.0, 9.0, 11.0, 4.0, 5.0]
0.376928091049, [2.0, 12.0, 13.0, 14.0, 7.0, 1.0, 8.0, 6.0, 10.0, 3.0, 9.0, 11.0, 4.0, 5.0]
0.378021001816, [2.0, 12.0, 13.0, 11.0, 9.0, 3.0, 10.0, 6.0, 8.0, 1.0, 7.0, 14.0, 4.0, 5.0]
0.379146099091, [2.0, 12.0, 14.0, 7.0, 1.0, 8.0, 6.0, 10.0, 3.0, 9.0, 11.0, 13.0, 4.0, 5.0]
0.380226135254, [2.0, 12.0, 14.0, 7.0, 1.0, 8.0, 6.0, 10.0, 3.0, 9.0, 11.0, 13.0, 4.0, 5.0]
0.381268978119, [2.0, 12.0, 14.0, 7.0, 6.0, 8.0, 1.0, 10.0, 3.0, 9.0, 11.0, 13.0, 4.0, 5.0]
0.382447957993, [2.0, 12.0, 14.0, 7.0, 6.0, 9.0, 3.0, 10.0, 1.0, 8.0, 11.0, 13.0, 4.0, 5.0]
0.383574008942, [2.0, 12.0, 6.0, 7.0, 14.0, 9.0, 3.0, 10.0, 1.0, 8.0, 11.0, 13.0, 4.0, 5.0]
0.384621143341, [2.0, 12.0, 6.0, 7.0, 14.0, 9.0, 3.0, 10.0, 1.0, 8.0, 11.0, 13.0, 4.0, 5.0]
0.385663032532, [2.0, 12.0, 6.0, 7.0, 14.0, 3.0, 9.0, 10.0, 1.0, 8.0, 11.0, 13.0, 4.0, 5.0]
0.386708021164, [2.0, 12.0, 6.0, 7.0, 14.0, 3.0, 9.0, 10.0, 11.0, 8.0, 1.0, 13.0, 4.0, 5.0]
0.387751102448, [2.0, 12.0, 6.0, 7.0, 14.0, 3.0, 9.0, 1.0, 8.0, 11.0, 10.0, 13.0, 4.0, 5.0]
0.388803958893, [2.0, 12.0, 6.0, 7.0, 14.0, 3.0, 9.0, 1.0, 8.0, 11.0, 10.0, 13.0, 4.0, 5.0]
0.389965057373, [2.0, 12.0, 6.0, 7.0, 14.0, 3.0, 9.0, 13.0, 10.0, 11.0, 8.0, 1.0, 4.0, 5.0]
0.391139984131, [2.0, 12.0, 6.0, 7.0, 14.0, 3.0, 8.0, 11.0, 10.0, 13.0, 9.0, 1.0, 4.0, 5.0]
0.39219212532, [2.0, 12.0, 6.0, 7.0, 14.0, 3.0, 8.0, 11.0, 10.0, 13.0, 9.0, 1.0, 4.0, 5.0]
0.39336514473, [2.0, 12.0, 6.0, 7.0, 14.0, 3.0, 8.0, 11.0, 10.0, 13.0, 9.0, 1.0, 4.0, 5.0]
0.394536018372, [2.0, 12.0, 6.0, 7.0, 13.0, 10.0, 11.0, 8.0, 3.0, 14.0, 9.0, 1.0, 4.0, 5.0]
0.39564704895, [2.0, 12.0, 6.0, 7.0, 13.0, 10.0, 11.0, 8.0, 3.0, 14.0, 9.0, 1.0, 4.0, 5.0]
0.39678812027, [2.0, 12.0, 6.0, 9.0, 14.0, 3.0, 8.0, 11.0, 10.0, 13.0, 7.0, 1.0, 4.0, 5.0]
0.397840023041, [2.0, 12.0, 6.0, 9.0, 14.0, 3.0, 8.0, 11.0, 10.0, 13.0, 7.0, 1.0, 4.0, 5.0]
0.398900985718, [2.0, 12.0, 6.0, 9.0, 14.0, 3.0, 13.0, 10.0, 11.0, 8.0, 7.0, 1.0, 4.0, 5.0]
0.399945020676, [2.0, 12.0, 6.0, 9.0, 14.0, 3.0, 7.0, 8.0, 11.0, 10.0, 13.0, 1.0, 4.0, 5.0]
0.400988101959, [2.0, 12.0, 6.0, 9.0, 7.0, 3.0, 14.0, 8.0, 11.0, 10.0, 13.0, 1.0, 4.0, 5.0]
0.402052164078, [2.0, 12.0, 6.0, 9.0, 7.0, 3.0, 13.0, 10.0, 11.0, 8.0, 14.0, 1.0, 4.0, 5.0]
0.403095960617, [2.0, 12.0, 6.0, 9.0, 7.0, 8.0, 11.0, 10.0, 13.0, 3.0, 14.0, 1.0, 4.0, 5.0]
0.404141187668, [2.0, 12.0, 6.0, 9.0, 7.0, 13.0, 10.0, 11.0, 8.0, 3.0, 14.0, 1.0, 4.0, 5.0]
0.40527009964, [2.0, 12.0, 6.0, 8.0, 11.0, 10.0, 13.0, 7.0, 9.0, 3.0, 14.0, 1.0, 4.0, 5.0]
0.406388044357, [2.0, 12.0, 6.0, 8.0, 11.0, 9.0, 7.0, 13.0, 10.0, 3.0, 14.0, 1.0, 4.0, 5.0]
0.40743303299, [2.0, 12.0, 6.0, 8.0, 11.0, 9.0, 7.0, 13.0, 10.0, 14.0, 3.0, 1.0, 4.0, 5.0]
0.408478975296, [2.0, 12.0, 6.0, 8.0, 11.0, 9.0, 7.0, 13.0, 10.0, 14.0, 3.0, 1.0, 4.0, 5.0]
0.40952205658, [2.0, 12.0, 6.0, 8.0, 11.0, 9.0, 1.0, 3.0, 14.0, 10.0, 13.0, 7.0, 4.0, 5.0]
0.410644054413, [2.0, 12.0, 6.0, 8.0, 11.0, 9.0, 1.0, 10.0, 14.0, 3.0, 13.0, 7.0, 4.0, 5.0]
0.411738157272, [2.0, 12.0, 6.0, 8.0, 11.0, 1.0, 9.0, 10.0, 14.0, 3.0, 13.0, 7.0, 4.0, 5.0]
0.412863016129, [2.0, 12.0, 14.0, 10.0, 9.0, 1.0, 11.0, 8.0, 6.0, 3.0, 13.0, 7.0, 4.0, 5.0]
0.413910150528, [2.0, 12.0, 14.0, 10.0, 9.0, 1.0, 11.0, 8.0, 3.0, 6.0, 13.0, 7.0, 4.0, 5.0]
0.41495013237, [2.0, 12.0, 14.0, 10.0, 6.0, 3.0, 8.0, 11.0, 1.0, 9.0, 13.0, 7.0, 4.0, 5.0]
0.415992021561, [2.0, 12.0, 14.0, 10.0, 6.0, 3.0, 8.0, 13.0, 9.0, 1.0, 11.0, 7.0, 4.0, 5.0]
0.417150974274, [2.0, 12.0, 14.0, 10.0, 6.0, 3.0, 8.0, 13.0, 9.0, 1.0, 11.0, 7.0, 4.0, 5.0]
0.418276071548, [2.0, 12.0, 14.0, 10.0, 13.0, 8.0, 3.0, 6.0, 9.0, 1.0, 11.0, 7.0, 4.0, 5.0]
0.419317960739, [2.0, 12.0, 14.0, 10.0, 13.0, 8.0, 11.0, 1.0, 9.0, 6.0, 3.0, 7.0, 4.0, 5.0]
0.420359134674, [2.0, 12.0, 14.0, 6.0, 9.0, 1.0, 11.0, 8.0, 13.0, 10.0, 3.0, 7.0, 4.0, 5.0]
0.42140007019, [2.0, 12.0, 14.0, 1.0, 9.0, 6.0, 11.0, 8.0, 13.0, 10.0, 3.0, 7.0, 4.0, 5.0]
0.422446966171, [2.0, 14.0, 12.0, 1.0, 9.0, 6.0, 11.0, 8.0, 13.0, 10.0, 3.0, 7.0, 4.0, 5.0]
0.423554182053, [2.0, 14.0, 12.0, 1.0, 8.0, 11.0, 6.0, 9.0, 13.0, 10.0, 3.0, 7.0, 4.0, 5.0]
0.424602985382, [2.0, 14.0, 12.0, 1.0, 8.0, 11.0, 6.0, 9.0, 13.0, 7.0, 3.0, 10.0, 4.0, 5.0]
0.425650119781, [2.0, 14.0, 12.0, 13.0, 9.0, 6.0, 11.0, 8.0, 1.0, 7.0, 3.0, 10.0, 4.0, 5.0]
0.426736116409, [2.0, 14.0, 12.0, 13.0, 9.0, 11.0, 6.0, 8.0, 1.0, 7.0, 3.0, 10.0, 4.0, 5.0]
0.42779302597, [2.0, 14.0, 9.0, 13.0, 12.0, 11.0, 6.0, 8.0, 1.0, 7.0, 3.0, 10.0, 4.0, 5.0]
0.429053068161, [2.0, 14.0, 9.0, 13.0, 12.0, 11.0, 6.0, 8.0, 3.0, 7.0, 1.0, 10.0, 4.0, 5.0]
0.430140972137, [2.0, 14.0, 3.0, 8.0, 6.0, 11.0, 12.0, 13.0, 9.0, 7.0, 1.0, 10.0, 4.0, 5.0]
0.431751012802, [2.0, 11.0, 6.0, 8.0, 3.0, 14.0, 12.0, 13.0, 9.0, 7.0, 1.0, 10.0, 4.0, 5.0]
0.433418989182, [2.0, 11.0, 6.0, 8.0, 3.0, 14.0, 12.0, 1.0, 7.0, 9.0, 13.0, 10.0, 4.0, 5.0]
0.434901952744, [2.0, 11.0, 6.0, 12.0, 14.0, 3.0, 8.0, 1.0, 7.0, 9.0, 13.0, 10.0, 4.0, 5.0]
0.436326026917, [2.0, 11.0, 6.0, 12.0, 1.0, 8.0, 3.0, 14.0, 7.0, 9.0, 13.0, 10.0, 4.0, 5.0]
0.43767118454, [2.0, 11.0, 6.0, 12.0, 1.0, 8.0, 3.0, 14.0, 7.0, 9.0, 13.0, 10.0, 4.0, 5.0]
0.439028024673, [2.0, 11.0, 6.0, 12.0, 1.0, 8.0, 7.0, 14.0, 3.0, 9.0, 13.0, 10.0, 4.0, 5.0]
0.440274000168, [2.0, 11.0, 3.0, 14.0, 7.0, 8.0, 1.0, 12.0, 6.0, 9.0, 13.0, 10.0, 4.0, 5.0]
0.441476106644, [2.0, 11.0, 1.0, 8.0, 7.0, 14.0, 3.0, 12.0, 6.0, 9.0, 13.0, 10.0, 4.0, 5.0]
0.442593097687, [2.0, 11.0, 1.0, 8.0, 10.0, 13.0, 9.0, 6.0, 12.0, 3.0, 14.0, 7.0, 4.0, 5.0]
0.443727970123, [2.0, 11.0, 1.0, 8.0, 10.0, 13.0, 9.0, 6.0, 12.0, 3.0, 14.0, 7.0, 4.0, 5.0]
0.444792032242, [2.0, 11.0, 1.0, 8.0, 10.0, 13.0, 9.0, 6.0, 3.0, 12.0, 14.0, 7.0, 4.0, 5.0]
0.445916175842, [2.0, 11.0, 13.0, 10.0, 8.0, 1.0, 9.0, 6.0, 3.0, 12.0, 14.0, 7.0, 4.0, 5.0]
0.447020053864, [2.0, 11.0, 13.0, 10.0, 8.0, 1.0, 9.0, 6.0, 3.0, 12.0, 14.0, 7.0, 4.0, 5.0]
0.448090076447, [2.0, 11.0, 13.0, 10.0, 8.0, 1.0, 9.0, 7.0, 14.0, 12.0, 3.0, 6.0, 4.0, 5.0]
0.449211120605, [2.0, 10.0, 13.0, 11.0, 8.0, 1.0, 9.0, 7.0, 14.0, 12.0, 3.0, 6.0, 4.0, 5.0]
0.450258016586, [2.0, 10.0, 13.0, 11.0, 8.0, 1.0, 9.0, 7.0, 6.0, 3.0, 12.0, 14.0, 4.0, 5.0]
0.451356172562, [2.0, 10.0, 13.0, 11.0, 8.0, 6.0, 7.0, 9.0, 1.0, 3.0, 12.0, 14.0, 4.0, 5.0]
0.452512025833, [2.0, 10.0, 13.0, 12.0, 3.0, 1.0, 9.0, 7.0, 6.0, 8.0, 11.0, 14.0, 4.0, 5.0]
0.453583955765, [2.0, 10.0, 13.0, 12.0, 3.0, 1.0, 9.0, 7.0, 6.0, 8.0, 11.0, 14.0, 4.0, 5.0]
0.454633951187, [2.0, 10.0, 13.0, 12.0, 3.0, 6.0, 7.0, 9.0, 1.0, 8.0, 11.0, 14.0, 4.0, 5.0]
0.455677986145, [2.0, 14.0, 11.0, 8.0, 1.0, 9.0, 7.0, 6.0, 3.0, 12.0, 13.0, 10.0, 4.0, 5.0]
0.456720113754, [2.0, 14.0, 11.0, 10.0, 13.0, 12.0, 3.0, 6.0, 7.0, 9.0, 1.0, 8.0, 4.0, 5.0]
0.457764148712, [2.0, 14.0, 11.0, 10.0, 13.0, 12.0, 3.0, 6.0, 7.0, 9.0, 1.0, 8.0, 4.0, 5.0]
0.458804130554, [2.0, 14.0, 11.0, 10.0, 13.0, 6.0, 3.0, 12.0, 7.0, 9.0, 1.0, 8.0, 4.0, 5.0]
0.459845066071, [2.0, 14.0, 11.0, 10.0, 7.0, 12.0, 3.0, 6.0, 13.0, 9.0, 1.0, 8.0, 4.0, 5.0]
0.460935115814, [2.0, 1.0, 9.0, 13.0, 6.0, 3.0, 12.0, 7.0, 10.0, 11.0, 14.0, 8.0, 4.0, 5.0]
0.461997032166, [2.0, 1.0, 9.0, 3.0, 6.0, 13.0, 12.0, 7.0, 10.0, 11.0, 14.0, 8.0, 4.0, 5.0]
0.46310210228, [2.0, 1.0, 12.0, 13.0, 6.0, 3.0, 9.0, 7.0, 10.0, 11.0, 14.0, 8.0, 4.0, 5.0]
0.464250087738, [2.0, 1.0, 12.0, 13.0, 6.0, 3.0, 10.0, 7.0, 9.0, 11.0, 14.0, 8.0, 4.0, 5.0]
0.465377092361, [2.0, 1.0, 8.0, 14.0, 11.0, 9.0, 7.0, 10.0, 3.0, 6.0, 13.0, 12.0, 4.0, 5.0]
0.466425180435, [2.0, 3.0, 10.0, 7.0, 9.0, 11.0, 14.0, 8.0, 1.0, 6.0, 13.0, 12.0, 4.0, 5.0]
0.467471122742, [2.0, 3.0, 10.0, 7.0, 14.0, 11.0, 9.0, 8.0, 1.0, 6.0, 13.0, 12.0, 4.0, 5.0]
0.468516111374, [2.0, 8.0, 9.0, 11.0, 14.0, 7.0, 10.0, 3.0, 1.0, 6.0, 13.0, 12.0, 4.0, 5.0]
0.469598054886, [2.0, 14.0, 11.0, 9.0, 8.0, 7.0, 10.0, 3.0, 1.0, 6.0, 13.0, 12.0, 4.0, 5.0]
0.470647096634, [2.0, 14.0, 11.0, 9.0, 8.0, 7.0, 10.0, 3.0, 13.0, 6.0, 1.0, 12.0, 4.0, 5.0]
0.471691131592, [2.0, 9.0, 11.0, 14.0, 8.0, 7.0, 10.0, 3.0, 13.0, 6.0, 1.0, 12.0, 4.0, 5.0]
0.472738027573, [2.0, 9.0, 11.0, 14.0, 8.0, 7.0, 10.0, 6.0, 13.0, 3.0, 1.0, 12.0, 4.0, 5.0]
0.47380399704, [2.0, 9.0, 11.0, 14.0, 8.0, 7.0, 10.0, 6.0, 13.0, 3.0, 1.0, 12.0, 4.0, 5.0]
0.474964141846, [2.0, 9.0, 11.0, 8.0, 14.0, 7.0, 10.0, 6.0, 13.0, 3.0, 1.0, 12.0, 4.0, 5.0]
0.476077079773, [2.0, 9.0, 11.0, 8.0, 14.0, 7.0, 10.0, 12.0, 1.0, 3.0, 13.0, 6.0, 4.0, 5.0]
0.477167129517, [2.0, 1.0, 12.0, 10.0, 7.0, 14.0, 8.0, 11.0, 9.0, 3.0, 13.0, 6.0, 4.0, 5.0]
0.478293180466, [2.0, 1.0, 12.0, 10.0, 7.0, 14.0, 8.0, 11.0, 9.0, 3.0, 13.0, 6.0, 4.0, 5.0]
0.479379177094, [2.0, 1.0, 12.0, 9.0, 11.0, 8.0, 14.0, 7.0, 10.0, 3.0, 13.0, 6.0, 4.0, 5.0]
0.480424165726, [2.0, 1.0, 12.0, 9.0, 14.0, 8.0, 11.0, 7.0, 10.0, 3.0, 13.0, 6.0, 4.0, 5.0]
0.481471061707, [2.0, 1.0, 12.0, 9.0, 14.0, 8.0, 11.0, 7.0, 10.0, 3.0, 13.0, 6.0, 4.0, 5.0]
0.482517004013, [2.0, 1.0, 12.0, 9.0, 14.0, 8.0, 11.0, 13.0, 3.0, 10.0, 7.0, 6.0, 4.0, 5.0]
0.483564138412, [2.0, 1.0, 12.0, 9.0, 14.0, 8.0, 11.0, 13.0, 3.0, 10.0, 7.0, 6.0, 4.0, 5.0]
0.484613180161, [2.0, 1.0, 14.0, 9.0, 12.0, 8.0, 11.0, 13.0, 3.0, 10.0, 7.0, 6.0, 4.0, 5.0]
0.485660076141, [2.0, 1.0, 14.0, 9.0, 12.0, 8.0, 3.0, 13.0, 11.0, 10.0, 7.0, 6.0, 4.0, 5.0]
0.486804008484, [2.0, 1.0, 14.0, 9.0, 12.0, 8.0, 3.0, 13.0, 11.0, 10.0, 7.0, 6.0, 4.0, 5.0]
0.487895965576, [2.0, 1.0, 14.0, 9.0, 12.0, 8.0, 3.0, 13.0, 11.0, 10.0, 7.0, 6.0, 4.0, 5.0]
0.48893904686, [2.0, 12.0, 9.0, 14.0, 1.0, 8.0, 3.0, 13.0, 11.0, 10.0, 7.0, 6.0, 4.0, 5.0]
0.489986181259, [2.0, 12.0, 9.0, 14.0, 1.0, 8.0, 3.0, 11.0, 13.0, 10.0, 7.0, 6.0, 4.0, 5.0]
0.491032123566, [2.0, 12.0, 9.0, 14.0, 1.0, 8.0, 3.0, 11.0, 13.0, 10.0, 7.0, 6.0, 4.0, 5.0]
0.492074966431, [2.0, 12.0, 9.0, 14.0, 1.0, 8.0, 3.0, 11.0, 13.0, 10.0, 7.0, 6.0, 4.0, 5.0]
0.493118047714, [2.0, 12.0, 9.0, 13.0, 11.0, 3.0, 8.0, 1.0, 14.0, 10.0, 7.0, 6.0, 4.0, 5.0]
0.494205951691, [2.0, 12.0, 9.0, 13.0, 11.0, 3.0, 8.0, 1.0, 7.0, 10.0, 14.0, 6.0, 4.0, 5.0]
0.495330095291, [2.0, 6.0, 14.0, 10.0, 7.0, 1.0, 8.0, 3.0, 11.0, 13.0, 9.0, 12.0, 4.0, 5.0]
0.496464014053, [2.0, 14.0, 6.0, 10.0, 7.0, 1.0, 8.0, 3.0, 11.0, 13.0, 9.0, 12.0, 4.0, 5.0]
0.497545957565, [2.0, 9.0, 13.0, 11.0, 3.0, 8.0, 1.0, 7.0, 10.0, 6.0, 14.0, 12.0, 4.0, 5.0]
0.498738050461, [2.0, 9.0, 13.0, 11.0, 3.0, 14.0, 6.0, 10.0, 7.0, 1.0, 8.0, 12.0, 4.0, 5.0]
0.499801158905, [2.0, 9.0, 13.0, 10.0, 6.0, 14.0, 3.0, 11.0, 7.0, 1.0, 8.0, 12.0, 4.0, 5.0]
0.500847101212, [2.0, 9.0, 13.0, 10.0, 6.0, 14.0, 3.0, 11.0, 7.0, 1.0, 8.0, 12.0, 4.0, 5.0]
0.501892089844, [2.0, 9.0, 13.0, 10.0, 6.0, 14.0, 3.0, 11.0, 12.0, 8.0, 1.0, 7.0, 4.0, 5.0]
0.502935171127, [2.0, 14.0, 6.0, 10.0, 13.0, 9.0, 3.0, 11.0, 12.0, 8.0, 1.0, 7.0, 4.0, 5.0]
0.503983020782, [2.0, 10.0, 6.0, 14.0, 13.0, 9.0, 3.0, 11.0, 12.0, 8.0, 1.0, 7.0, 4.0, 5.0]
0.505032062531, [2.0, 10.0, 8.0, 12.0, 11.0, 3.0, 9.0, 13.0, 14.0, 6.0, 1.0, 7.0, 4.0, 5.0]
0.506103038788, [2.0, 13.0, 9.0, 3.0, 11.0, 12.0, 8.0, 10.0, 14.0, 6.0, 1.0, 7.0, 4.0, 5.0]
0.50715303421, [2.0, 13.0, 9.0, 3.0, 11.0, 6.0, 14.0, 10.0, 8.0, 12.0, 1.0, 7.0, 4.0, 5.0]
0.508288145065, [2.0, 13.0, 9.0, 3.0, 11.0, 6.0, 1.0, 12.0, 8.0, 10.0, 14.0, 7.0, 4.0, 5.0]
0.509421110153, [2.0, 13.0, 9.0, 3.0, 11.0, 6.0, 1.0, 7.0, 14.0, 10.0, 8.0, 12.0, 4.0, 5.0]
0.510598182678, [2.0, 13.0, 9.0, 3.0, 11.0, 8.0, 10.0, 14.0, 7.0, 1.0, 6.0, 12.0, 4.0, 5.0]
0.511744022369, [2.0, 13.0, 9.0, 14.0, 10.0, 8.0, 11.0, 3.0, 7.0, 1.0, 6.0, 12.0, 4.0, 5.0]
0.512798070908, [2.0, 13.0, 9.0, 14.0, 10.0, 8.0, 11.0, 3.0, 7.0, 1.0, 6.0, 12.0, 4.0, 5.0]
0.513842105865, [2.0, 13.0, 3.0, 11.0, 8.0, 10.0, 14.0, 9.0, 7.0, 1.0, 6.0, 12.0, 4.0, 5.0]
0.514883041382, [2.0, 13.0, 3.0, 11.0, 8.0, 10.0, 14.0, 9.0, 7.0, 6.0, 1.0, 12.0, 4.0, 5.0]
0.515923023224, [2.0, 13.0, 3.0, 10.0, 8.0, 11.0, 14.0, 9.0, 7.0, 6.0, 1.0, 12.0, 4.0, 5.0]
0.516993999481, [2.0, 13.0, 3.0, 10.0, 8.0, 14.0, 11.0, 9.0, 7.0, 6.0, 1.0, 12.0, 4.0, 5.0]
0.518032073975, [2.0, 13.0, 3.0, 10.0, 1.0, 6.0, 7.0, 9.0, 11.0, 14.0, 8.0, 12.0, 4.0, 5.0]
0.519095182419, [2.0, 13.0, 3.0, 10.0, 11.0, 9.0, 7.0, 6.0, 1.0, 14.0, 8.0, 12.0, 4.0, 5.0]
0.520215988159, [2.0, 9.0, 11.0, 10.0, 3.0, 13.0, 7.0, 6.0, 1.0, 14.0, 8.0, 12.0, 4.0, 5.0]
0.521337985992, [2.0, 9.0, 11.0, 13.0, 3.0, 10.0, 7.0, 6.0, 1.0, 14.0, 8.0, 12.0, 4.0, 5.0]
0.522462129593, [2.0, 9.0, 3.0, 13.0, 11.0, 10.0, 7.0, 6.0, 1.0, 14.0, 8.0, 12.0, 4.0, 5.0]
0.523527145386, [2.0, 9.0, 3.0, 14.0, 1.0, 6.0, 7.0, 10.0, 11.0, 13.0, 8.0, 12.0, 4.0, 5.0]
0.524593114853, [2.0, 9.0, 3.0, 14.0, 1.0, 8.0, 13.0, 11.0, 10.0, 7.0, 6.0, 12.0, 4.0, 5.0]
0.525657176971, [2.0, 9.0, 3.0, 14.0, 1.0, 8.0, 10.0, 11.0, 13.0, 7.0, 6.0, 12.0, 4.0, 5.0]
0.526781082153, [2.0, 9.0, 3.0, 14.0, 1.0, 8.0, 6.0, 7.0, 13.0, 11.0, 10.0, 12.0, 4.0, 5.0]
0.527878046036, [2.0, 9.0, 3.0, 14.0, 1.0, 8.0, 10.0, 11.0, 13.0, 7.0, 6.0, 12.0, 4.0, 5.0]
0.528974056244, [2.0, 9.0, 11.0, 10.0, 8.0, 1.0, 14.0, 3.0, 13.0, 7.0, 6.0, 12.0, 4.0, 5.0]
0.530045032501, [2.0, 9.0, 11.0, 10.0, 8.0, 1.0, 14.0, 3.0, 13.0, 7.0, 12.0, 6.0, 4.0, 5.0]
0.53125, [2.0, 9.0, 11.0, 10.0, 8.0, 1.0, 14.0, 3.0, 13.0, 7.0, 12.0, 6.0, 4.0, 5.0]
0.532390117645, [2.0, 9.0, 11.0, 10.0, 8.0, 1.0, 14.0, 3.0, 13.0, 7.0, 12.0, 6.0, 4.0, 5.0]
0.533558130264, [2.0, 3.0, 14.0, 1.0, 8.0, 10.0, 11.0, 9.0, 13.0, 7.0, 12.0, 6.0, 4.0, 5.0]
0.534861087799, [2.0, 3.0, 14.0, 1.0, 8.0, 10.0, 11.0, 9.0, 13.0, 7.0, 12.0, 6.0, 4.0, 5.0]
0.536271095276, [2.0, 3.0, 14.0, 1.0, 8.0, 10.0, 11.0, 9.0, 13.0, 7.0, 6.0, 12.0, 4.0, 5.0]
0.537516117096, [2.0, 1.0, 14.0, 3.0, 8.0, 10.0, 11.0, 9.0, 13.0, 7.0, 6.0, 12.0, 4.0, 5.0]
0.538738965988, [2.0, 1.0, 14.0, 12.0, 6.0, 7.0, 13.0, 9.0, 11.0, 10.0, 8.0, 3.0, 4.0, 5.0]
0.53995013237, [2.0, 1.0, 14.0, 11.0, 9.0, 13.0, 7.0, 6.0, 12.0, 10.0, 8.0, 3.0, 4.0, 5.0]
0.541062116623, [2.0, 1.0, 14.0, 11.0, 9.0, 13.0, 7.0, 6.0, 8.0, 10.0, 12.0, 3.0, 4.0, 5.0]
0.542174100876, [2.0, 1.0, 14.0, 11.0, 8.0, 6.0, 7.0, 13.0, 9.0, 10.0, 12.0, 3.0, 4.0, 5.0]
0.543275117874, [2.0, 7.0, 6.0, 8.0, 11.0, 14.0, 1.0, 13.0, 9.0, 10.0, 12.0, 3.0, 4.0, 5.0]
0.544401168823, [2.0, 1.0, 14.0, 11.0, 8.0, 6.0, 7.0, 13.0, 9.0, 10.0, 12.0, 3.0, 4.0, 5.0]
0.545641183853, [2.0, 11.0, 14.0, 1.0, 8.0, 6.0, 7.0, 13.0, 9.0, 10.0, 12.0, 3.0, 4.0, 5.0]
0.546755075455, [2.0, 11.0, 14.0, 1.0, 8.0, 6.0, 10.0, 9.0, 13.0, 7.0, 12.0, 3.0, 4.0, 5.0]
0.547856092453, [2.0, 7.0, 13.0, 9.0, 10.0, 6.0, 8.0, 1.0, 14.0, 11.0, 12.0, 3.0, 4.0, 5.0]
0.548977136612, [2.0, 7.0, 13.0, 9.0, 10.0, 6.0, 8.0, 11.0, 14.0, 1.0, 12.0, 3.0, 4.0, 5.0]
0.550071954727, [2.0, 7.0, 3.0, 12.0, 1.0, 14.0, 11.0, 8.0, 6.0, 10.0, 9.0, 13.0, 4.0, 5.0]
0.551203012466, [2.0, 7.0, 8.0, 11.0, 14.0, 1.0, 12.0, 3.0, 6.0, 10.0, 9.0, 13.0, 4.0, 5.0]
0.552292108536, [2.0, 7.0, 8.0, 11.0, 9.0, 10.0, 6.0, 3.0, 12.0, 1.0, 14.0, 13.0, 4.0, 5.0]
0.553411006927, [2.0, 7.0, 8.0, 11.0, 9.0, 10.0, 6.0, 3.0, 12.0, 1.0, 14.0, 13.0, 4.0, 5.0]
0.554527044296, [2.0, 7.0, 8.0, 11.0, 9.0, 10.0, 6.0, 3.0, 12.0, 1.0, 14.0, 13.0, 4.0, 5.0]
0.55561709404, [2.0, 7.0, 8.0, 11.0, 9.0, 10.0, 6.0, 3.0, 12.0, 1.0, 14.0, 13.0, 4.0, 5.0]
0.557163953781, [2.0, 7.0, 8.0, 11.0, 9.0, 14.0, 1.0, 12.0, 3.0, 6.0, 10.0, 13.0, 4.0, 5.0]
0.558665990829, [2.0, 7.0, 8.0, 11.0, 9.0, 14.0, 1.0, 12.0, 3.0, 6.0, 10.0, 13.0, 4.0, 5.0]
0.56002497673, [2.0, 7.0, 8.0, 11.0, 9.0, 14.0, 1.0, 13.0, 10.0, 6.0, 3.0, 12.0, 4.0, 5.0]
0.561374187469, [2.0, 7.0, 8.0, 11.0, 9.0, 14.0, 13.0, 1.0, 10.0, 6.0, 3.0, 12.0, 4.0, 5.0]
0.56272315979, [2.0, 7.0, 8.0, 11.0, 6.0, 10.0, 1.0, 13.0, 14.0, 9.0, 3.0, 12.0, 4.0, 5.0]
0.563954114914, [2.0, 7.0, 8.0, 11.0, 6.0, 10.0, 1.0, 3.0, 9.0, 14.0, 13.0, 12.0, 4.0, 5.0]
0.565181970596, [2.0, 12.0, 13.0, 14.0, 9.0, 3.0, 1.0, 10.0, 6.0, 11.0, 8.0, 7.0, 4.0, 5.0]
0.566317081451, [2.0, 12.0, 13.0, 14.0, 6.0, 10.0, 1.0, 3.0, 9.0, 11.0, 8.0, 7.0, 4.0, 5.0]
0.567444086075, [2.0, 3.0, 1.0, 10.0, 6.0, 14.0, 13.0, 12.0, 9.0, 11.0, 8.0, 7.0, 4.0, 5.0]
0.568603992462, [2.0, 3.0, 1.0, 6.0, 10.0, 14.0, 13.0, 12.0, 9.0, 11.0, 8.0, 7.0, 4.0, 5.0]
0.569727182388, [2.0, 6.0, 1.0, 3.0, 10.0, 14.0, 13.0, 12.0, 9.0, 11.0, 8.0, 7.0, 4.0, 5.0]
0.57085609436, [2.0, 6.0, 1.0, 3.0, 10.0, 11.0, 9.0, 12.0, 13.0, 14.0, 8.0, 7.0, 4.0, 5.0]
0.57204413414, [2.0, 6.0, 7.0, 8.0, 14.0, 13.0, 12.0, 9.0, 11.0, 10.0, 3.0, 1.0, 4.0, 5.0]
0.573148965836, [2.0, 6.0, 3.0, 10.0, 11.0, 9.0, 12.0, 13.0, 14.0, 8.0, 7.0, 1.0, 4.0, 5.0]
0.574251174927, [2.0, 6.0, 3.0, 10.0, 11.0, 9.0, 12.0, 13.0, 14.0, 8.0, 7.0, 1.0, 4.0, 5.0]
0.575351953506, [2.0, 6.0, 3.0, 10.0, 13.0, 12.0, 9.0, 11.0, 14.0, 8.0, 7.0, 1.0, 4.0, 5.0]
0.576451063156, [2.0, 7.0, 8.0, 14.0, 11.0, 9.0, 12.0, 13.0, 10.0, 3.0, 6.0, 1.0, 4.0, 5.0]
0.577548980713, [2.0, 7.0, 8.0, 14.0, 11.0, 9.0, 12.0, 13.0, 10.0, 3.0, 6.0, 1.0, 4.0, 5.0]
0.578641176224, [2.0, 9.0, 11.0, 14.0, 8.0, 7.0, 12.0, 13.0, 10.0, 3.0, 6.0, 1.0, 4.0, 5.0]
0.579786062241, [2.0, 9.0, 11.0, 14.0, 8.0, 7.0, 12.0, 13.0, 10.0, 3.0, 1.0, 6.0, 4.0, 5.0]
0.58091211319, [2.0, 9.0, 11.0, 14.0, 7.0, 8.0, 12.0, 13.0, 10.0, 3.0, 1.0, 6.0, 4.0, 5.0]
0.582010984421, [2.0, 9.0, 11.0, 14.0, 7.0, 8.0, 12.0, 13.0, 10.0, 1.0, 3.0, 6.0, 4.0, 5.0]
0.583111047745, [2.0, 9.0, 11.0, 14.0, 7.0, 8.0, 12.0, 13.0, 10.0, 1.0, 6.0, 3.0, 4.0, 5.0]
0.584207057953, [2.0, 9.0, 11.0, 14.0, 7.0, 8.0, 12.0, 13.0, 10.0, 6.0, 1.0, 3.0, 4.0, 5.0]
0.585299968719, [2.0, 9.0, 11.0, 14.0, 7.0, 8.0, 12.0, 10.0, 13.0, 6.0, 1.0, 3.0, 4.0, 5.0]
0.586395025253, [2.0, 6.0, 13.0, 10.0, 12.0, 8.0, 7.0, 14.0, 11.0, 9.0, 1.0, 3.0, 4.0, 5.0]
0.587499141693, [2.0, 6.0, 13.0, 10.0, 11.0, 14.0, 7.0, 8.0, 12.0, 9.0, 1.0, 3.0, 4.0, 5.0]
0.588595151901, [2.0, 6.0, 13.0, 10.0, 11.0, 14.0, 7.0, 8.0, 12.0, 9.0, 1.0, 3.0, 4.0, 5.0]
0.589688062668, [2.0, 6.0, 13.0, 10.0, 11.0, 14.0, 8.0, 7.0, 12.0, 9.0, 1.0, 3.0, 4.0, 5.0]
0.590847969055, [2.0, 6.0, 13.0, 10.0, 11.0, 14.0, 1.0, 9.0, 12.0, 7.0, 8.0, 3.0, 4.0, 5.0]
0.591999053955, [2.0, 6.0, 13.0, 10.0, 11.0, 14.0, 1.0, 9.0, 12.0, 3.0, 8.0, 7.0, 4.0, 5.0]
0.593099117279, [2.0, 6.0, 13.0, 12.0, 9.0, 1.0, 14.0, 11.0, 10.0, 3.0, 8.0, 7.0, 4.0, 5.0]
0.594180107117, [2.0, 6.0, 13.0, 12.0, 9.0, 1.0, 14.0, 11.0, 10.0, 3.0, 7.0, 8.0, 4.0, 5.0]
0.59535908699, [2.0, 6.0, 13.0, 12.0, 9.0, 1.0, 14.0, 11.0, 10.0, 3.0, 7.0, 8.0, 4.0, 5.0]
0.596488952637, [2.0, 6.0, 13.0, 12.0, 9.0, 1.0, 14.0, 11.0, 10.0, 3.0, 7.0, 8.0, 4.0, 5.0]
0.597618103027, [2.0, 6.0, 13.0, 12.0, 9.0, 1.0, 14.0, 11.0, 8.0, 7.0, 3.0, 10.0, 4.0, 5.0]
0.598709106445, [2.0, 6.0, 13.0, 7.0, 8.0, 11.0, 14.0, 1.0, 9.0, 12.0, 3.0, 10.0, 4.0, 5.0]
0.599774122238, [2.0, 6.0, 13.0, 7.0, 8.0, 11.0, 12.0, 9.0, 1.0, 14.0, 3.0, 10.0, 4.0, 5.0]
0.60084104538, [2.0, 8.0, 7.0, 13.0, 6.0, 11.0, 12.0, 9.0, 1.0, 14.0, 3.0, 10.0, 4.0, 5.0]
0.601952075958, [2.0, 8.0, 7.0, 13.0, 3.0, 14.0, 1.0, 9.0, 12.0, 11.0, 6.0, 10.0, 4.0, 5.0]
0.603099107742, [2.0, 12.0, 9.0, 1.0, 14.0, 3.0, 13.0, 7.0, 8.0, 11.0, 6.0, 10.0, 4.0, 5.0]
0.604205131531, [2.0, 12.0, 8.0, 7.0, 13.0, 3.0, 14.0, 1.0, 9.0, 11.0, 6.0, 10.0, 4.0, 5.0]
0.605285167694, [2.0, 12.0, 8.0, 7.0, 13.0, 9.0, 1.0, 14.0, 3.0, 11.0, 6.0, 10.0, 4.0, 5.0]
0.606352090836, [2.0, 1.0, 9.0, 13.0, 7.0, 8.0, 12.0, 14.0, 3.0, 11.0, 6.0, 10.0, 4.0, 5.0]
0.607416152954, [2.0, 8.0, 7.0, 13.0, 9.0, 1.0, 12.0, 14.0, 3.0, 11.0, 6.0, 10.0, 4.0, 5.0]
0.608479976654, [2.0, 8.0, 7.0, 13.0, 9.0, 11.0, 3.0, 14.0, 12.0, 1.0, 6.0, 10.0, 4.0, 5.0]
0.609572172165, [2.0, 8.0, 7.0, 13.0, 9.0, 11.0, 3.0, 14.0, 12.0, 1.0, 6.0, 10.0, 4.0, 5.0]
0.610676050186, [2.0, 7.0, 8.0, 13.0, 9.0, 11.0, 3.0, 14.0, 12.0, 1.0, 6.0, 10.0, 4.0, 5.0]
0.611773967743, [2.0, 7.0, 8.0, 13.0, 9.0, 11.0, 3.0, 10.0, 6.0, 1.0, 12.0, 14.0, 4.0, 5.0]
0.612892150879, [2.0, 7.0, 8.0, 13.0, 9.0, 11.0, 10.0, 3.0, 6.0, 1.0, 12.0, 14.0, 4.0, 5.0]
0.613996982574, [2.0, 7.0, 1.0, 6.0, 3.0, 10.0, 11.0, 9.0, 13.0, 8.0, 12.0, 14.0, 4.0, 5.0]
0.6151471138, [2.0, 7.0, 1.0, 6.0, 3.0, 11.0, 10.0, 9.0, 13.0, 8.0, 12.0, 14.0, 4.0, 5.0]
0.616388082504, [2.0, 7.0, 1.0, 6.0, 3.0, 11.0, 10.0, 9.0, 8.0, 13.0, 12.0, 14.0, 4.0, 5.0]
0.617562055588, [2.0, 7.0, 1.0, 6.0, 3.0, 11.0, 10.0, 9.0, 12.0, 13.0, 8.0, 14.0, 4.0, 5.0]
0.618698120117, [2.0, 7.0, 1.0, 6.0, 3.0, 14.0, 8.0, 13.0, 12.0, 9.0, 10.0, 11.0, 4.0, 5.0]
0.619802951813, [2.0, 7.0, 1.0, 6.0, 3.0, 14.0, 8.0, 13.0, 12.0, 11.0, 10.0, 9.0, 4.0, 5.0]
0.620872020721, [2.0, 7.0, 1.0, 6.0, 3.0, 14.0, 8.0, 12.0, 13.0, 11.0, 10.0, 9.0, 4.0, 5.0]
0.621937036514, [2.0, 7.0, 1.0, 6.0, 3.0, 14.0, 13.0, 12.0, 8.0, 11.0, 10.0, 9.0, 4.0, 5.0]
0.623028993607, [2.0, 7.0, 1.0, 6.0, 3.0, 14.0, 13.0, 11.0, 8.0, 12.0, 10.0, 9.0, 4.0, 5.0]
0.624094009399, [2.0, 7.0, 11.0, 13.0, 14.0, 3.0, 6.0, 1.0, 8.0, 12.0, 10.0, 9.0, 4.0, 5.0]
0.625185012817, [2.0, 7.0, 14.0, 13.0, 11.0, 3.0, 6.0, 1.0, 8.0, 12.0, 10.0, 9.0, 4.0, 5.0]
0.626376152039, [2.0, 7.0, 14.0, 13.0, 11.0, 3.0, 9.0, 10.0, 12.0, 8.0, 1.0, 6.0, 4.0, 5.0]
0.627531051636, [2.0, 7.0, 14.0, 13.0, 10.0, 9.0, 3.0, 11.0, 12.0, 8.0, 1.0, 6.0, 4.0, 5.0]
0.62877202034, [2.0, 7.0, 14.0, 12.0, 11.0, 3.0, 9.0, 10.0, 13.0, 8.0, 1.0, 6.0, 4.0, 5.0]
0.629893064499, [2.0, 7.0, 14.0, 12.0, 11.0, 3.0, 9.0, 10.0, 1.0, 8.0, 13.0, 6.0, 4.0, 5.0]
0.630993127823, [2.0, 7.0, 14.0, 12.0, 11.0, 3.0, 9.0, 1.0, 10.0, 8.0, 13.0, 6.0, 4.0, 5.0]
0.63217997551, [2.0, 12.0, 14.0, 7.0, 11.0, 3.0, 9.0, 1.0, 10.0, 8.0, 13.0, 6.0, 4.0, 5.0]
0.633394002914, [2.0, 12.0, 14.0, 7.0, 11.0, 3.0, 9.0, 1.0, 10.0, 8.0, 13.0, 6.0, 4.0, 5.0]
0.63464307785, [2.0, 12.0, 7.0, 14.0, 11.0, 3.0, 9.0, 1.0, 10.0, 8.0, 13.0, 6.0, 4.0, 5.0]
0.635890007019, [2.0, 12.0, 13.0, 8.0, 10.0, 1.0, 9.0, 3.0, 11.0, 14.0, 7.0, 6.0, 4.0, 5.0]
0.63721203804, [2.0, 12.0, 13.0, 8.0, 10.0, 1.0, 9.0, 3.0, 11.0, 14.0, 7.0, 6.0, 4.0, 5.0]
0.638476133347, [2.0, 11.0, 3.0, 9.0, 1.0, 10.0, 8.0, 13.0, 12.0, 14.0, 7.0, 6.0, 4.0, 5.0]
0.639583110809, [2.0, 11.0, 7.0, 14.0, 12.0, 13.0, 8.0, 10.0, 1.0, 9.0, 3.0, 6.0, 4.0, 5.0]
0.640681028366, [2.0, 11.0, 7.0, 14.0, 12.0, 13.0, 3.0, 9.0, 1.0, 10.0, 8.0, 6.0, 4.0, 5.0]
0.641904115677, [2.0, 11.0, 7.0, 14.0, 10.0, 1.0, 9.0, 3.0, 13.0, 12.0, 8.0, 6.0, 4.0, 5.0]
0.643000125885, [2.0, 11.0, 7.0, 14.0, 8.0, 12.0, 13.0, 3.0, 9.0, 1.0, 10.0, 6.0, 4.0, 5.0]
0.644108057022, [2.0, 11.0, 7.0, 14.0, 9.0, 3.0, 13.0, 12.0, 8.0, 1.0, 10.0, 6.0, 4.0, 5.0]
0.64520907402, [2.0, 11.0, 7.0, 14.0, 9.0, 3.0, 13.0, 10.0, 1.0, 8.0, 12.0, 6.0, 4.0, 5.0]
0.64638710022, [2.0, 11.0, 7.0, 14.0, 9.0, 3.0, 13.0, 10.0, 1.0, 6.0, 12.0, 8.0, 4.0, 5.0]
0.647508144379, [2.0, 11.0, 7.0, 14.0, 9.0, 1.0, 10.0, 13.0, 3.0, 6.0, 12.0, 8.0, 4.0, 5.0]
0.648617982864, [2.0, 11.0, 8.0, 12.0, 6.0, 3.0, 13.0, 10.0, 1.0, 9.0, 14.0, 7.0, 4.0, 5.0]
0.649798154831, [2.0, 11.0, 14.0, 9.0, 1.0, 10.0, 13.0, 3.0, 6.0, 12.0, 8.0, 7.0, 4.0, 5.0]
0.650882005692, [2.0, 11.0, 14.0, 9.0, 1.0, 10.0, 13.0, 3.0, 6.0, 12.0, 8.0, 7.0, 4.0, 5.0]
0.651968002319, [2.0, 11.0, 14.0, 9.0, 1.0, 10.0, 13.0, 3.0, 6.0, 12.0, 7.0, 8.0, 4.0, 5.0]
0.653068065643, [2.0, 8.0, 7.0, 12.0, 6.0, 3.0, 13.0, 10.0, 1.0, 9.0, 14.0, 11.0, 4.0, 5.0]
0.654143095016, [2.0, 8.0, 7.0, 12.0, 6.0, 9.0, 1.0, 10.0, 13.0, 3.0, 14.0, 11.0, 4.0, 5.0]
0.655215978622, [2.0, 8.0, 7.0, 12.0, 6.0, 9.0, 1.0, 10.0, 13.0, 3.0, 14.0, 11.0, 4.0, 5.0]
0.656290054321, [2.0, 8.0, 7.0, 12.0, 11.0, 14.0, 3.0, 13.0, 10.0, 1.0, 9.0, 6.0, 4.0, 5.0]
0.65736413002, [2.0, 8.0, 7.0, 10.0, 13.0, 3.0, 14.0, 11.0, 12.0, 1.0, 9.0, 6.0, 4.0, 5.0]
0.658435106277, [2.0, 8.0, 7.0, 10.0, 13.0, 3.0, 14.0, 11.0, 6.0, 9.0, 1.0, 12.0, 4.0, 5.0]
0.659509181976, [2.0, 8.0, 7.0, 10.0, 13.0, 3.0, 14.0, 11.0, 12.0, 1.0, 9.0, 6.0, 4.0, 5.0]
0.660833120346, [2.0, 8.0, 7.0, 10.0, 13.0, 3.0, 14.0, 11.0, 12.0, 9.0, 1.0, 6.0, 4.0, 5.0]
0.662013053894, [2.0, 8.0, 7.0, 11.0, 14.0, 3.0, 13.0, 10.0, 12.0, 9.0, 1.0, 6.0, 4.0, 5.0]
0.663275957108, [2.0, 8.0, 7.0, 11.0, 14.0, 3.0, 13.0, 10.0, 12.0, 9.0, 1.0, 6.0, 4.0, 5.0]
0.664599180222, [2.0, 8.0, 7.0, 13.0, 3.0, 14.0, 11.0, 10.0, 12.0, 9.0, 1.0, 6.0, 4.0, 5.0]
0.665692090988, [2.0, 8.0, 7.0, 13.0, 3.0, 14.0, 1.0, 9.0, 12.0, 10.0, 11.0, 6.0, 4.0, 5.0]
0.666761159897, [2.0, 8.0, 7.0, 13.0, 14.0, 3.0, 1.0, 9.0, 12.0, 10.0, 11.0, 6.0, 4.0, 5.0]
0.667871952057, [2.0, 8.0, 7.0, 14.0, 13.0, 3.0, 1.0, 9.0, 12.0, 10.0, 11.0, 6.0, 4.0, 5.0]
0.66900396347, [2.0, 12.0, 9.0, 1.0, 3.0, 13.0, 14.0, 7.0, 8.0, 10.0, 11.0, 6.0, 4.0, 5.0]
0.670156955719, [2.0, 12.0, 9.0, 13.0, 3.0, 1.0, 14.0, 7.0, 8.0, 10.0, 11.0, 6.0, 4.0, 5.0]
0.671272993088, [2.0, 9.0, 12.0, 13.0, 3.0, 1.0, 14.0, 7.0, 8.0, 10.0, 11.0, 6.0, 4.0, 5.0]
0.67255616188, [2.0, 9.0, 12.0, 13.0, 3.0, 1.0, 14.0, 7.0, 8.0, 10.0, 11.0, 6.0, 4.0, 5.0]
0.673736095428, [2.0, 9.0, 12.0, 13.0, 3.0, 1.0, 14.0, 7.0, 8.0, 10.0, 11.0, 6.0, 4.0, 5.0]
0.674836158752, [2.0, 9.0, 10.0, 8.0, 7.0, 14.0, 1.0, 3.0, 13.0, 12.0, 11.0, 6.0, 4.0, 5.0]
