1.79857993126, 50480.0
3.59341788292, 49338.0
5.3682320118, 48217.0
7.15561294556, 47197.0
8.93090701103, 46226.0
10.7059009075, 45232.0
12.476033926, 44262.0
14.2415959835, 43296.0
16.014029026, 42339.0
17.7896170616, 41422.0
19.5583019257, 40522.0
21.3275380135, 39589.0
23.1136710644, 38734.0
24.88022089, 37903.0
26.6654450893, 37026.0
28.4322578907, 36256.0
30.2079350948, 35501.0
31.9876139164, 34746.0
33.7697188854, 34007.0
35.5411190987, 33275.0
37.3329870701, 32552.0
39.1029989719, 31870.0
40.8822610378, 31178.0
42.6555449963, 30478.0
44.4334969521, 29805.0
46.2072761059, 29204.0
47.9812290668, 28620.0
49.7601869106, 28020.0
51.5502369404, 27460.0
53.3528409004, 26896.0
55.1379370689, 26380.0
56.9117329121, 25873.0
58.6812689304, 25329.0
60.4556899071, 24794.0
62.229197979, 24265.0
64.0013411045, 23737.0
65.7771830559, 23248.0
67.5529310703, 22732.0
69.3379869461, 22244.0
71.1120378971, 21829.0
72.8841900826, 21417.0
74.6661798954, 20971.0
76.4478030205, 20597.0
78.2248299122, 20224.0
80.0012938976, 19877.0
81.7919270992, 19558.0
83.5808410645, 19264.0
85.3702058792, 18826.0
87.1505579948, 18538.0
88.9352619648, 18269.0
90.7167270184, 18000.0
92.4929800034, 17702.0
94.2685539722, 17435.0
96.0513470173, 17177.0
97.8333320618, 16924.0
99.6152920723, 16672.0
101.402514935, 16432.0
103.172693014, 16193.0
104.946837902, 15970.0
106.72261405, 15725.0
108.494720936, 15491.0
110.256241083, 15244.0
112.041025877, 15021.0
113.816179991, 14802.0
115.586437941, 14618.0
117.373538971, 14448.0
119.162698984, 14243.0
120.947324991, 14074.0
122.729600906, 13912.0
124.497186899, 13753.0
126.27482605, 13583.0
128.052228928, 13422.0
129.83948493, 13264.0
131.623059988, 13122.0
133.412203074, 12940.0
135.189502001, 12761.0
136.959784985, 12634.0
138.72490406, 12519.0
140.514017105, 12368.0
142.321160078, 12253.0
144.121268988, 12106.0
145.898891926, 11992.0
147.683588028, 11882.0
149.46655798, 11766.0
151.247598886, 11664.0
153.029927969, 11562.0
154.796976089, 11419.0
156.567487955, 11227.0
158.359131098, 11125.0
160.136043072, 11033.0
161.92615509, 10923.0
163.723833084, 10818.0
165.49632287, 10726.0
167.272617102, 10635.0
169.052062035, 10550.0
170.831482887, 10468.0
172.699039936, 10386.0
174.580489874, 10279.0
176.407452106, 10200.0
178.190526962, 10122.0
179.984054089, 10045.0
181.763273001, 9970.0
183.543003082, 9901.0
185.324080944, 9836.0
187.10998106, 9774.0
188.884248972, 9707.0
190.657309055, 9645.0
192.442867041, 9584.0
194.22252202, 9524.0
196.015527964, 9451.0
197.789509058, 9347.0
199.560148001, 9287.0
201.338900089, 9227.0
203.124265909, 9171.0
204.893681049, 9056.0
206.665096045, 9000.0
208.443579912, 8926.0
210.220277071, 8871.0
212.004389048, 8810.0
213.776305914, 8739.0
215.547754049, 8688.0
217.332299948, 8640.0
219.114685059, 8594.0
220.883454084, 8549.0
222.665364027, 8505.0
224.439136028, 8463.0
226.212006092, 8424.0
227.995765924, 8386.0
229.776294947, 8328.0
231.559969902, 8290.0
233.337539911, 8252.0
235.10867691, 8209.0
236.888880968, 8171.0
238.669034004, 8141.0
240.441683054, 8111.0
242.209259987, 8083.0
243.996767044, 8058.0
245.775238037, 8033.0
247.622874975, 8008.0
249.406378031, 7984.0
251.179778099, 7962.0
252.961941957, 7940.0
254.769263029, 7920.0
256.570086956, 7891.0
258.357235909, 7873.0
260.153157949, 7855.0
261.950423002, 7840.0
263.726320028, 7826.0
265.510374069, 7812.0
267.300093889, 7804.0
269.095812082, 7796.0
270.873425961, 7793.0
272.64566803, 7791.0
274.444084883, 7782.0
276.227984905, 7781.0
579.918843031, 7754.0
581.713325977, 7753.0
