6.36192584038, 56831.0
10.3675289154, 55727.0
14.8189120293, 54653.0
20.0653820038, 53516.0
23.9608569145, 52516.0
28.4596679211, 51462.0
32.5273690224, 50408.0
37.0665709972, 49444.0
41.2304899693, 48535.0
45.3968398571, 47628.0
49.4012420177, 46745.0
53.4730830193, 45869.0
57.5686898232, 45017.0
62.4027929306, 44020.0
66.5975379944, 43032.0
72.5838918686, 42069.0
77.085340023, 41220.0
82.1217830181, 40363.0
86.6728899479, 39531.0
91.7024109364, 38721.0
96.3490478992, 37922.0
100.576426029, 37136.0
105.91563797, 36352.0
110.595967054, 35572.0
116.866621017, 34806.0
122.544181824, 34065.0
127.983265877, 33329.0
132.591411829, 32650.0
136.722762823, 31964.0
141.022760868, 31270.0
146.130848885, 30599.0
151.160251856, 29857.0
155.214428902, 29194.0
159.241232872, 28519.0
163.318471909, 27874.0
167.197257996, 27237.0
171.062796831, 26610.0
174.959918022, 25983.0
178.830129862, 25350.0
182.683465004, 24773.0
186.553956032, 24218.0
190.470147848, 23691.0
194.345239878, 23161.0
198.203790903, 22665.0
202.074537039, 22149.0
204.504009008, 21640.0
206.430691957, 21151.0
208.376787901, 20688.0
210.272569895, 20202.0
212.206632853, 19744.0
214.129731894, 19297.0
216.04569602, 18889.0
217.956591845, 18494.0
219.881669998, 18112.0
221.787495852, 17748.0
223.745280981, 17406.0
225.676321983, 17088.0
227.576483011, 16772.0
229.483649015, 16421.0
231.391921043, 16089.0
233.304689884, 15806.0
235.208261967, 15556.0
237.114660025, 15317.0
239.02065897, 15087.0
240.932390928, 14867.0
242.858901978, 14648.0
244.772285938, 14431.0
246.694445848, 14211.0
248.657279015, 14024.0
250.593847036, 13844.0
252.531870842, 13642.0
254.469842911, 13395.0
256.410490036, 13218.0
258.316905022, 13052.0
260.245401859, 12882.0
262.148409843, 12716.0
264.049986839, 12556.0
265.954690933, 12400.0
267.878619909, 12245.0
269.787799835, 12087.0
271.689363956, 11933.0
273.589388847, 11793.0
275.497879982, 11662.0
277.413795948, 11536.0
279.322628975, 11399.0
281.228165865, 11274.0
283.12486887, 11154.0
285.033205032, 11040.0
286.940238953, 10911.0
288.843250036, 10800.0
290.746417999, 10694.0
292.685757875, 10586.0
294.58977294, 10483.0
296.498729944, 10362.0
298.431905031, 10261.0
300.344467878, 10161.0
302.256024837, 10069.0
304.230260849, 9977.0
306.173162937, 9896.0
308.102118015, 9799.0
310.030789852, 9731.0
311.941005945, 9668.0
313.846350908, 9605.0
315.748730898, 9544.0
317.65160799, 9486.0
319.561553001, 9430.0
321.456050873, 9375.0
323.356003046, 9324.0
325.260383844, 9225.0
327.17145896, 9176.0
329.070822001, 9071.0
330.981843948, 9006.0
332.888842821, 8952.0
334.803195953, 8906.0
336.710119009, 8866.0
338.627112865, 8826.0
340.552973986, 8786.0
342.469472885, 8749.0
344.382871866, 8714.0
346.282266855, 8680.0
348.21182704, 8650.0
350.167685986, 8621.0
352.121249914, 8583.0
354.033232927, 8542.0
355.944350004, 8513.0
357.848739862, 8487.0
359.756733894, 8461.0
361.677062988, 8435.0
363.604079962, 8414.0
365.518972874, 8394.0
367.44670701, 8357.0
369.381763935, 8338.0
371.333629847, 8321.0
373.292233944, 8305.0
375.280418873, 8291.0
377.216837883, 8254.0
379.168515921, 8240.0
381.129967928, 8228.0
383.038475037, 8218.0
384.942116976, 8202.0
386.852597952, 8193.0
388.758733034, 8181.0
390.668561935, 8175.0
392.571049929, 8165.0
394.494982958, 8162.0
396.436254025, 8150.0
398.369338989, 8148.0
