1.89380598068, 52617.0
3.76308202744, 51281.0
5.62679505348, 50139.0
7.49721193314, 48979.0
9.36270308495, 47944.0
11.2266159058, 46923.0
13.0982780457, 45825.0
15.0049180984, 44793.0
16.9080619812, 43775.0
18.7668800354, 42819.0
20.6660718918, 41846.0
22.5639150143, 40997.0
24.426183939, 40168.0
26.2696120739, 39349.0
28.1206169128, 38505.0
29.97103405, 37682.0
31.8202819824, 36906.0
33.6543450356, 36095.0
35.518091917, 35373.0
37.4437050819, 34649.0
39.4216411114, 33913.0
41.2835819721, 33228.0
43.1407840252, 32498.0
44.9780790806, 31818.0
46.8277308941, 31142.0
48.6680250168, 30446.0
50.510160923, 29810.0
52.3448081017, 29186.0
54.1961219311, 28568.0
56.1355140209, 28012.0
57.9922831059, 27467.0
59.8834431171, 26939.0
61.7437679768, 26423.0
63.5905609131, 25908.0
65.4277009964, 25420.0
67.2638909817, 24928.0
69.1110141277, 24404.0
70.9664189816, 23917.0
72.8297429085, 23459.0
74.6772119999, 23010.0
76.5235481262, 22495.0
78.3640499115, 22049.0
80.1943359375, 21626.0
82.0366990566, 21217.0
83.8703660965, 20809.0
85.7244510651, 20388.0
87.5696771145, 20005.0
89.4533019066, 19633.0
91.2933309078, 19264.0
93.1387729645, 18877.0
94.9864730835, 18538.0
96.8183610439, 18229.0
98.6709001064, 17920.0
100.553061962, 17619.0
102.426666975, 17314.0
104.308398962, 17033.0
106.197937012, 16672.0
108.075864077, 16408.0
109.941030979, 16145.0
111.797342062, 15885.0
113.657855034, 15641.0
115.508054018, 15410.0
117.396471024, 15138.0
119.30658412, 14921.0
121.174911976, 14695.0
123.027956009, 14482.0
124.928973913, 14287.0
126.827558041, 14079.0
128.690917969, 13886.0
130.584198952, 13695.0
132.444279909, 13512.0
134.290028095, 13317.0
136.127109051, 13135.0
137.98822093, 12962.0
139.931554079, 12800.0
141.778207064, 12648.0
143.637264967, 12505.0
145.493197918, 12373.0
147.350138903, 12152.0
149.190192938, 12027.0
151.028081894, 11904.0
152.877372026, 11781.0
154.726843119, 11663.0
156.579333067, 11551.0
158.422704935, 11431.0
160.265254974, 11312.0
162.102901936, 11178.0
163.947598934, 11067.0
165.78973794, 10913.0
167.640203953, 10805.0
169.477746964, 10704.0
171.330502987, 10604.0
173.177586079, 10509.0
175.023175001, 10401.0
176.863796949, 10307.0
178.705961943, 10214.0
180.549144983, 10127.0
182.39190197, 10032.0
184.232877016, 9961.0
186.074881077, 9871.0
187.934008121, 9801.0
189.774579048, 9735.0
191.611119032, 9673.0
193.465447903, 9614.0
195.314217091, 9497.0
197.160067081, 9438.0
198.998284101, 9380.0
200.846496105, 9322.0
202.698811054, 9266.0
204.549865961, 9189.0
206.388413906, 9115.0
208.226830959, 9049.0
210.063295126, 8994.0
211.910137892, 8940.0
213.747498989, 8844.0
215.591737032, 8794.0
217.455756903, 8745.0
219.314651966, 8698.0
221.187489986, 8655.0
223.056601048, 8609.0
224.927093029, 8562.0
226.780883074, 8520.0
228.623613119, 8481.0
230.468837023, 8408.0
232.351385117, 8355.0
234.243997097, 8318.0
236.102927923, 8282.0
237.966720104, 8249.0
239.814366102, 8196.0
241.670223951, 8166.0
243.517319918, 8136.0
245.363886118, 8047.0
247.221880913, 8021.0
249.070344925, 7976.0
250.920258045, 7950.0
252.762380123, 7927.0
254.631387949, 7906.0
256.487452984, 7889.0
258.350816011, 7872.0
260.187063932, 7856.0
262.024075985, 7842.0
263.868539095, 7830.0
265.711463928, 7819.0
267.551971912, 7794.0
269.402767897, 7785.0
271.26218009, 7773.0
273.1052351, 7711.0
274.954055071, 7665.0
276.815027952, 7658.0
278.661113977, 7597.0
280.503735065, 7581.0
282.342554092, 7575.0
284.204839945, 7540.0
286.070660114, 7535.0
