1.86224389076, 49693.0
3.70779085159, 48531.0
5.55297803879, 47421.0
7.41221690178, 46326.0
9.25834083557, 45274.0
11.113409996, 44312.0
12.9803550243, 43345.0
14.846932888, 42393.0
16.7162499428, 41434.0
18.5939400196, 40504.0
20.4475109577, 39579.0
22.3072309494, 38693.0
24.172647953, 37820.0
26.0229649544, 36946.0
27.870677948, 36086.0
29.7173810005, 35256.0
31.566836834, 34444.0
33.4636099339, 33718.0
35.3206548691, 33032.0
37.15061903, 32359.0
39.0153839588, 31689.0
40.8639409542, 31027.0
42.7311298847, 30348.0
44.5773229599, 29734.0
46.4388289452, 29147.0
48.2841188908, 28581.0
50.1535890102, 28034.0
52.0265629292, 27477.0
53.891726017, 26940.0
55.7635748386, 26412.0
57.6154549122, 25885.0
59.4749360085, 25343.0
61.3160049915, 24825.0
63.1619229317, 24319.0
65.0179610252, 23769.0
66.8602669239, 23271.0
68.7182118893, 22788.0
70.622756958, 22328.0
72.4936118126, 21890.0
74.3437769413, 21458.0
76.1933419704, 21031.0
78.094825983, 20605.0
79.998623848, 20190.0
81.8607058525, 19797.0
83.7272429466, 19426.0
85.585436821, 19056.0
87.4551529884, 18689.0
89.3334159851, 18325.0
91.2100098133, 17963.0
93.0458948612, 17609.0
94.8825819492, 17262.0
96.7242908478, 16917.0
98.5777409077, 16613.0
100.419569969, 16349.0
102.245352983, 16049.0
104.087903976, 15788.0
105.943275928, 15554.0
107.784484863, 15345.0
109.634035826, 15068.0
111.47901988, 14841.0
113.320582867, 14636.0
115.161170959, 14441.0
117.005810022, 14253.0
118.847729921, 14070.0
120.695179939, 13857.0
122.537035942, 13679.0
124.389554977, 13503.0
126.234458923, 13314.0
128.077718019, 13141.0
129.910079002, 12950.0
131.750612974, 12779.0
133.598194838, 12617.0
135.434098005, 12456.0
137.27710104, 12287.0
139.135552883, 12127.0
140.984782934, 11985.0
142.821172953, 11844.0
144.662166834, 11720.0
146.514585018, 11606.0
148.356720924, 11495.0
150.197459936, 11370.0
152.034914017, 11259.0
153.879258871, 11152.0
155.732024908, 11030.0
157.553737879, 10894.0
159.393743992, 10789.0
161.212406874, 10680.0
163.057080984, 10584.0
164.903218031, 10489.0
166.742944956, 10397.0
168.585295916, 10305.0
170.439731836, 10214.0
172.275390863, 10124.0
174.117753029, 10038.0
175.95112896, 9935.0
177.794847965, 9851.0
179.627104044, 9770.0
181.463078976, 9697.0
183.293833017, 9630.0
185.136987925, 9509.0
186.990742922, 9444.0
188.82909584, 9349.0
190.657627821, 9284.0
192.501368046, 9228.0
194.339956999, 9137.0
196.186924934, 9082.0
198.027416945, 9030.0
199.864529848, 8980.0
201.698293924, 8923.0
203.551923037, 8873.0
205.385852814, 8823.0
207.23246789, 8773.0
209.077481031, 8723.0
210.914923906, 8673.0
212.754371881, 8625.0
214.585172892, 8552.0
216.426653862, 8509.0
218.267108917, 8470.0
220.111505985, 8434.0
221.928647041, 8401.0
223.763402939, 8369.0
225.614347935, 8338.0
227.441275835, 8308.0
229.267614841, 8280.0
231.109007835, 8252.0
232.943948984, 8226.0
234.797709942, 8200.0
236.646149874, 8180.0
238.493600845, 8160.0
240.341120958, 8138.0
242.187435865, 8121.0
244.027243853, 8105.0
245.864257812, 8066.0
247.709250927, 7986.0
249.552325964, 7946.0
251.391880989, 7918.0
253.224457026, 7893.0
255.104241848, 7877.0
256.955749035, 7853.0
258.802203894, 7805.0
260.641342878, 7766.0
262.485687971, 7753.0
264.328574896, 7741.0
266.177117825, 7730.0
268.001873016, 7690.0
269.838018894, 7607.0
271.67440486, 7596.0
273.497177839, 7582.0
275.328701973, 7572.0
277.175071955, 7523.0
279.011637926, 7513.0
280.846988916, 7504.0
282.681676865, 7496.0
284.531474829, 7489.0
286.371587038, 7484.0
288.204828024, 7436.0
290.081953049, 7398.0
291.946133852, 7373.0
293.81269598, 7339.0
295.663203955, 7324.0
297.507148981, 7321.0
