1.75901603699, 54183.0
3.54481816292, 53126.0
5.29989099503, 52145.0
7.06503009796, 51174.0
8.82534909248, 50219.0
10.5897669792, 49285.0
12.3489069939, 48366.0
14.1139390469, 47451.0
15.8774390221, 46576.0
17.6390571594, 45702.0
19.4207060337, 44798.0
21.1905839443, 43933.0
22.9609661102, 43040.0
24.7185800076, 42141.0
26.475012064, 41261.0
28.2376949787, 40434.0
29.9949190617, 39620.0
31.7582781315, 38818.0
33.513201952, 38021.0
35.3060050011, 37213.0
37.067054987, 36440.0
38.8261210918, 35573.0
40.5839369297, 34828.0
42.3508980274, 34028.0
44.207793951, 33347.0
45.9759750366, 32620.0
47.7399890423, 31955.0
49.5114290714, 31300.0
51.3057060242, 30599.0
53.0719840527, 29948.0
54.8353359699, 29258.0
56.6000709534, 28638.0
58.3672480583, 28029.0
60.1310451031, 27431.0
61.894878149, 26845.0
63.6548759937, 26266.0
65.4439129829, 25687.0
67.2129819393, 25113.0
68.9782431126, 24541.0
70.7448830605, 23974.0
72.5144591331, 23492.0
74.2789549828, 22985.0
76.0403590202, 22490.0
77.7978770733, 22012.0
79.566712141, 21543.0
81.3511769772, 21105.0
83.1094989777, 20705.0
84.8699159622, 20306.0
86.6423101425, 19926.0
88.4106650352, 19588.0
90.1713531017, 19259.0
91.9294400215, 18947.0
93.6934850216, 18657.0
95.457914114, 18359.0
97.2414491177, 18074.0
99.0006690025, 17768.0
100.754493952, 17501.0
102.515521049, 17256.0
104.274493933, 17013.0
106.030668974, 16747.0
107.787380934, 16504.0
109.54519701, 16272.0
111.306334972, 16062.0
113.083646059, 15794.0
114.838123083, 15579.0
116.601838112, 15374.0
118.363367081, 15170.0
120.122611046, 14967.0
121.881798029, 14744.0
123.64488101, 14542.0
125.407746077, 14341.0
127.165603161, 14139.0
128.94524312, 13944.0
130.708683968, 13754.0
132.468662024, 13573.0
134.227725029, 13399.0
135.982546091, 13229.0
137.745265007, 13065.0
139.508059978, 12902.0
141.268167973, 12744.0
143.024457932, 12535.0
144.801739931, 12387.0
146.562317133, 12239.0
148.317831993, 12070.0
150.073331118, 11908.0
151.828359127, 11766.0
153.590914011, 11627.0
155.349777937, 11495.0
157.111582994, 11370.0
158.86768508, 11250.0
160.653560162, 11143.0
162.410434961, 10993.0
164.168744087, 10865.0
165.923321962, 10766.0
167.684137106, 10668.0
169.444492102, 10571.0
171.205873013, 10474.0
172.962783098, 10319.0
174.746299982, 10226.0
176.510442972, 10130.0
178.266222, 10040.0
180.023108959, 9951.0
181.785143137, 9869.0
183.544785976, 9788.0
185.302794933, 9714.0
187.056900024, 9649.0
188.829602957, 9586.0
190.619333029, 9497.0
192.381582975, 9436.0
194.141718149, 9378.0
195.896039009, 9323.0
197.65913415, 9271.0
199.415992022, 9221.0
201.171466112, 9171.0
202.921823978, 9127.0
204.68165493, 9085.0
206.459851027, 9005.0
208.217350006, 8963.0
209.972018957, 8863.0
211.731781006, 8822.0
213.494789124, 8782.0
215.25494194, 8743.0
217.013376951, 8654.0
218.77245903, 8614.0
220.532457113, 8527.0
222.324283123, 8488.0
224.093747139, 8455.0
225.861658096, 8431.0
227.629662991, 8377.0
229.399543047, 8318.0
231.161667109, 8253.0
232.930933952, 8229.0
234.69718504, 8198.0
236.469838142, 8173.0
238.262403965, 8122.0
240.017796993, 8099.0
241.781290054, 8077.0
243.544764042, 8056.0
245.303965092, 8009.0
247.060155153, 7988.0
248.822365046, 7968.0
250.585605145, 7950.0
252.346552134, 7933.0
254.130928993, 7917.0
255.900587082, 7903.0
257.663064003, 7890.0
259.419198036, 7877.0
261.175828934, 7865.0
262.934942007, 7854.0
264.695218086, 7848.0
266.453151941, 7842.0
268.208245039, 7836.0
269.997404099, 7831.0
271.761981964, 7826.0
273.522207022, 7759.0
275.279405117, 7756.0
277.044153929, 7753.0
278.807152987, 7752.0
280.565056086, 7736.0
