1.77664995193, 54313.0
3.57330584526, 53091.0
5.3402428627, 51930.0
7.10285592079, 50802.0
8.86591100693, 49583.0
10.6312298775, 48497.0
12.3959438801, 47473.0
14.1573078632, 46420.0
15.9180028439, 45417.0
17.7074398994, 44423.0
19.4769098759, 43409.0
21.244989872, 42451.0
23.0107569695, 41536.0
24.7811920643, 40637.0
26.5500860214, 39773.0
28.3129229546, 38915.0
30.0744738579, 38047.0
31.8429970741, 37191.0
33.6333110332, 36338.0
35.4002039433, 35587.0
37.1663460732, 34853.0
38.941849947, 34028.0
40.717318058, 33306.0
42.486921072, 32511.0
44.2741360664, 31780.0
46.0449068546, 31101.0
47.8141129017, 30381.0
49.6034090519, 29720.0
51.363932848, 29062.0
53.1263978481, 28394.0
54.8950579166, 27698.0
56.6655709743, 27069.0
58.4303798676, 26470.0
60.1934609413, 25909.0
61.9591798782, 25364.0
63.725851059, 24848.0
65.5163750648, 24318.0
67.2843298912, 23790.0
69.0616209507, 23278.0
70.8351809978, 22777.0
72.6041638851, 22299.0
74.372107029, 21808.0
76.1433460712, 21308.0
77.9169938564, 20835.0
79.6852240562, 20398.0
81.4708268642, 19997.0
83.2452988625, 19596.0
85.0128078461, 19169.0
86.7851190567, 18788.0
88.5477919579, 18437.0
90.3203990459, 18064.0
92.0908739567, 17723.0
93.8568599224, 17407.0
95.6210918427, 17092.0
97.4062759876, 16786.0
99.1755039692, 16483.0
100.962030888, 16183.0
102.730962992, 15909.0
104.490108967, 15675.0
106.261899948, 15446.0
108.034855843, 15219.0
109.801280022, 15002.0
111.602024078, 14786.0
113.396590948, 14587.0
115.166337013, 14365.0
116.93740201, 14168.0
118.696557999, 13975.0
120.463006973, 13767.0
122.231673956, 13580.0
123.996772051, 13407.0
125.761891842, 13255.0
127.548099041, 13098.0
129.320366859, 12955.0
131.087231874, 12817.0
132.85561204, 12683.0
134.62527895, 12508.0
136.392785072, 12374.0
138.161071062, 12240.0
139.926118851, 12107.0
141.704324961, 11975.0
143.494138002, 11863.0
145.257322073, 11752.0
147.018126011, 11647.0
148.778792858, 11511.0
150.549779892, 11409.0
152.314825058, 11307.0
154.076900959, 11207.0
155.839148045, 11112.0
157.602506876, 11023.0
159.383903027, 10863.0
161.153698921, 10774.0
162.924536943, 10662.0
164.694769859, 10503.0
166.465808868, 10415.0
168.236475945, 10327.0
170.000954866, 10247.0
171.769631863, 10168.0
173.538258076, 10091.0
175.324892998, 9995.0
177.09104991, 9916.0
178.864197969, 9847.0
180.63161087, 9785.0
182.398885012, 9724.0
184.164533854, 9619.0
185.933749914, 9561.0
187.703947067, 9503.0
189.468066931, 9428.0
191.255250931, 9338.0
193.031162024, 9282.0
194.810076952, 9227.0
196.577944994, 9172.0
198.346282959, 9120.0
200.113692045, 9071.0
201.886987925, 9023.0
203.655387878, 8931.0
205.419035912, 8889.0
207.206460953, 8848.0
208.974334002, 8811.0
210.738674879, 8775.0
212.501239061, 8742.0
214.260565996, 8711.0
216.03176403, 8680.0
217.802907944, 8644.0
219.56752491, 8614.0
221.332438946, 8584.0
223.12709403, 8559.0
224.895407915, 8534.0
226.66108799, 8510.0
228.427769899, 8487.0
230.203021049, 8465.0
231.972764015, 8429.0
233.742995024, 8407.0
235.507660866, 8386.0
237.281426907, 8345.0
239.075078964, 8324.0
240.846092939, 8307.0
242.610236883, 8294.0
244.370858908, 8283.0
246.137234926, 8272.0
247.907650948, 8255.0
249.671390057, 8244.0
251.432108879, 8234.0
253.21845293, 8225.0
254.985600948, 8217.0
256.751903057, 8102.0
258.514643908, 8076.0
260.286453009, 8069.0
262.054698944, 8068.0
485.159601927, 8035.0
486.925281048, 8002.0
488.716534853, 7969.0
490.480407953, 7928.0
492.243203878, 7897.0
494.005663872, 7867.0
495.77293992, 7837.0
497.542901039, 7808.0
499.308182955, 7780.0
501.070996046, 7752.0
502.840945005, 7725.0
504.627280951, 7698.0
506.395168066, 7675.0
508.165567875, 7658.0
509.937859058, 7643.0
511.708539009, 7630.0
513.477581978, 7617.0
515.251762867, 7604.0
517.031803846, 7597.0
518.808838844, 7551.0
520.600430012, 7544.0
522.363831043, 7538.0
524.120928049, 7533.0
525.88705492, 7489.0
1647.10961199, 7469.0
1648.87527084, 7464.0
1650.65113091, 7460.0
1652.44162893, 7440.0
1654.21220589, 7413.0
1655.98402286, 7409.0
1657.749722, 7408.0
