2.04244089127, 53459.0
4.06520700455, 52335.0
6.0824868679, 51227.0
8.09802293777, 50129.0
10.1195068359, 49051.0
12.157697916, 48067.0
14.1817498207, 47126.0
16.2337379456, 46198.0
18.2823238373, 45279.0
20.5231637955, 44376.0
22.5213630199, 43488.0
24.6091578007, 42622.0
26.7598428726, 41775.0
28.9146590233, 40898.0
30.9637348652, 40049.0
33.0129609108, 39220.0
35.0359749794, 38346.0
37.0642678738, 37544.0
39.105481863, 36732.0
41.0986688137, 35950.0
43.1122319698, 35116.0
45.1379499435, 34360.0
47.1949768066, 33650.0
49.2130889893, 32942.0
51.2729249001, 32189.0
53.3015170097, 31482.0
55.3126699924, 30784.0
57.3491318226, 30096.0
59.4281919003, 29409.0
61.5312588215, 28736.0
63.5801517963, 28107.0
65.6265230179, 27520.0
67.6506688595, 26916.0
69.6578938961, 26333.0
71.6802508831, 25759.0
73.6987998486, 25157.0
75.7012720108, 24607.0
77.7266798019, 24084.0
79.7800087929, 23548.0
81.7901849747, 22977.0
83.7995529175, 22428.0
85.8229198456, 21963.0
87.8169879913, 21483.0
89.8373918533, 21036.0
91.8484389782, 20606.0
93.851348877, 20202.0
95.8395040035, 19832.0
97.8683619499, 19480.0
99.8666579723, 19135.0
101.894801855, 18768.0
103.934883833, 18421.0
105.945511818, 18076.0
107.954449892, 17742.0
109.979654789, 17475.0
112.027442932, 17164.0
114.072880983, 16902.0
116.184034824, 16645.0
118.281361818, 16402.0
120.353243828, 16145.0
122.394116879, 15865.0
124.396235943, 15634.0
126.400115013, 15405.0
128.414644957, 15157.0
130.420994997, 14950.0
132.443044901, 14709.0
134.460701942, 14510.0
136.474713802, 14318.0
138.483034849, 14124.0
140.493552923, 13921.0
142.469352961, 13732.0
144.474448919, 13547.0
146.489434958, 13369.0
148.540110826, 13193.0
150.578620911, 13019.0
152.623897791, 12856.0
154.643483877, 12701.0
156.652669907, 12542.0
158.653697014, 12377.0
160.661226988, 12203.0
162.657231808, 12057.0
164.665405989, 11917.0
166.666146994, 11780.0
168.699214935, 11655.0
170.73484993, 11533.0
172.757124901, 11411.0
174.742597818, 11300.0
176.76014781, 11196.0
178.766820908, 11098.0
180.765902996, 11001.0
182.803716898, 10905.0
184.851133823, 10785.0
186.883450985, 10691.0
188.907740831, 10565.0
190.91839695, 10476.0
192.916098833, 10380.0
194.894549847, 10293.0
196.871841908, 10208.0
198.886265993, 10122.0
200.89566493, 10037.0
202.908051968, 9958.0
204.962368011, 9881.0
207.028864861, 9807.0
209.135752916, 9736.0
211.145426989, 9666.0
213.202611923, 9596.0
215.254413843, 9537.0
217.316777945, 9478.0
219.425558805, 9420.0
221.460315943, 9350.0
223.493634939, 9282.0
225.504517794, 9224.0
227.515963793, 9172.0
229.528765917, 9121.0
231.544289827, 9073.0
233.549706936, 9017.0
235.552521944, 8963.0
237.579569817, 8919.0
239.595273018, 8877.0
241.650475979, 8836.0
243.673223972, 8792.0
245.689383984, 8751.0
247.704985857, 8712.0
249.731299877, 8674.0
251.788522959, 8638.0
253.824306011, 8603.0
255.854726791, 8528.0
257.945170879, 8494.0
259.998683929, 8325.0
262.043177843, 8254.0
264.071820021, 8221.0
266.083370924, 8191.0
268.087682009, 8161.0
270.106941938, 8133.0
272.18730402, 8105.0
274.196310997, 8077.0
276.211561918, 8037.0
278.296147823, 7988.0
280.342157841, 7947.0
282.373003006, 7921.0
284.423793793, 7882.0
286.467483997, 7838.0
288.521382809, 7813.0
290.564903021, 7791.0
292.593852997, 7770.0
294.614403963, 7752.0
296.648171902, 7735.0
298.678809881, 7720.0
300.700368881, 7693.0
302.720868826, 7634.0
304.699474812, 7605.0
306.704612017, 7546.0
308.706529856, 7530.0
310.708659887, 7516.0
312.775545835, 7503.0
314.842441797, 7490.0
316.873888016, 7461.0
318.871809006, 7449.0
320.884490013, 7439.0
322.897080898, 7416.0
324.863567829, 7403.0
326.873438835, 7393.0
328.906523943, 7384.0
330.990842819, 7375.0
332.999364853, 7368.0
335.007138014, 7362.0
337.078012943, 7360.0
339.14131999, 7353.0
341.145592928, 7352.0
343.151005983, 7349.0
345.141116858, 7271.0
