1.77635812759, 53509.0
3.54293107986, 52305.0
5.3281891346, 51087.0
7.08687210083, 49907.0
8.84649515152, 48847.0
10.6233961582, 47819.0
12.3924529552, 46820.0
14.1498610973, 45800.0
15.9071111679, 44842.0
17.6631579399, 43939.0
19.4207079411, 43041.0
21.2076740265, 42156.0
22.9669430256, 41275.0
24.730558157, 40406.0
26.4917449951, 39580.0
28.249835968, 38761.0
30.0067379475, 37947.0
31.770293951, 37158.0
33.5311529636, 36346.0
35.2907550335, 35571.0
37.0820131302, 34868.0
38.8447930813, 34073.0
40.6089720726, 33333.0
42.3735420704, 32644.0
44.1287400723, 31890.0
45.8948531151, 31170.0
47.6558401585, 30488.0
49.4150550365, 29824.0
51.1701509953, 29149.0
52.9529521465, 28506.0
54.7160460949, 27856.0
56.4851629734, 27209.0
58.2436060905, 26576.0
59.9993491173, 26024.0
61.75685215, 25490.0
63.5186569691, 24954.0
65.273455143, 24464.0
67.028110981, 23977.0
68.8122251034, 23510.0
70.5697879791, 23061.0
72.3382899761, 22612.0
74.1057801247, 22208.0
75.8671860695, 21808.0
77.6290681362, 21413.0
79.3860199451, 21023.0
81.1470291615, 20641.0
82.9255490303, 20269.0
84.6862399578, 19900.0
86.4523031712, 19570.0
88.2112591267, 19226.0
89.9740071297, 18898.0
91.7382740974, 18576.0
93.5017671585, 18263.0
95.2606351376, 17893.0
97.0265879631, 17528.0
98.8098859787, 17258.0
100.570323944, 16976.0
102.331741095, 16715.0
104.090062141, 16472.0
105.851654053, 16254.0
107.613796949, 16041.0
109.37195015, 15835.0
111.128281116, 15620.0
112.892039061, 15414.0
114.672314167, 15173.0
116.435126066, 14981.0
118.194774151, 14791.0
119.961847067, 14613.0
121.726197958, 14449.0
123.490400076, 14274.0
125.245949984, 14077.0
127.009104967, 13919.0
128.77312398, 13749.0
130.560717106, 13604.0
132.31892395, 13459.0
134.082584143, 13283.0
135.84838295, 13146.0
137.606914043, 12988.0
139.367735147, 12857.0
141.130922079, 12701.0
142.89362216, 12531.0
144.655002117, 12403.0
146.438069105, 12280.0
148.200495005, 12157.0
149.96629405, 12038.0
151.727921963, 11921.0
153.49674201, 11804.0
155.250767946, 11687.0
157.016901016, 11574.0
158.783841133, 11463.0
160.544752121, 11360.0
162.32440114, 11223.0
164.086855173, 11113.0
165.851636171, 10957.0
167.612359047, 10856.0
169.369882107, 10755.0
171.131860971, 10663.0
172.903017044, 10573.0
174.683824062, 10445.0
176.43997097, 10356.0
178.25151515, 10272.0
180.019549131, 10190.0
181.788789034, 10111.0
183.556468964, 10006.0
185.328267097, 9932.0
187.09780407, 9859.0
188.864264011, 9787.0
190.621165037, 9698.0
192.388822079, 9626.0
194.176996946, 9557.0
195.941259146, 9488.0
197.704143047, 9419.0
199.462068081, 9352.0
201.223703146, 9286.0
202.986793041, 9222.0
204.746425152, 9161.0
206.507668018, 9101.0
208.291355133, 9031.0
210.056023121, 8980.0
211.818604946, 8932.0
213.579452991, 8885.0
215.352262974, 8839.0
217.114706039, 8765.0
218.881808996, 8722.0
220.641355991, 8680.0
222.410660982, 8638.0
224.197138071, 8502.0
225.96016717, 8463.0
227.719082117, 8426.0
229.571861982, 8390.0
231.338389158, 8347.0
233.103510141, 8203.0
234.878450155, 8146.0
236.642864943, 8112.0
238.407320023, 8079.0
240.190119028, 8047.0
241.946354151, 8021.0
243.702051163, 7992.0
245.466323137, 7966.0
247.223380089, 7942.0
248.980860949, 7919.0
250.747516155, 7897.0
252.510859966, 7876.0
254.269721985, 7856.0
256.062242031, 7838.0
257.817675114, 7822.0
259.58415699, 7807.0
261.361793995, 7794.0
263.117689133, 7783.0
264.874288082, 7772.0
266.639141083, 7769.0
526.447221041, 7753.0
528.208250046, 7688.0
529.966413021, 7633.0
531.730795145, 7585.0
533.488700151, 7584.0
535.248530149, 7557.0
537.008289099, 7555.0
538.796401978, 7548.0
1383.06694412, 7542.0
1384.82778716, 7494.0
1386.5851891, 7487.0
1388.33986402, 7481.0
1390.10153913, 7458.0
1391.86314607, 7451.0
1393.62132001, 7440.0
1395.37587094, 7437.0
1397.13527298, 7435.0
1398.91481495, 7434.0
1400.67338014, 7424.0
