1.88353490829, 54140.0
3.75056886673, 52912.0
5.60511994362, 51773.0
7.43508291245, 50653.0
9.28215789795, 49572.0
11.1230728626, 48527.0
12.9627070427, 47504.0
14.8374619484, 46521.0
16.6839540005, 45527.0
18.5328609943, 44595.0
20.3817019463, 43668.0
22.23250103, 42805.0
24.0715229511, 41960.0
25.9144449234, 41118.0
27.7932560444, 40277.0
29.6435258389, 39430.0
31.5068998337, 38598.0
33.3589708805, 37782.0
35.2045068741, 36982.0
37.0490629673, 36179.0
38.9120459557, 35366.0
40.7625098228, 34622.0
42.6119198799, 33879.0
44.4794688225, 33127.0
46.3273489475, 32393.0
48.1637868881, 31668.0
49.9945368767, 31048.0
51.8426568508, 30446.0
53.6898980141, 29856.0
55.5444908142, 29291.0
57.380163908, 28682.0
59.2391879559, 28103.0
61.0784049034, 27550.0
62.919823885, 27028.0
64.7687468529, 26491.0
66.5918889046, 25936.0
68.4150319099, 25421.0
70.2426099777, 24910.0
72.0869920254, 24415.0
73.9324009418, 23936.0
75.7651758194, 23458.0
77.6071929932, 22984.0
79.4482350349, 22520.0
81.2943079472, 22063.0
83.1578600407, 21639.0
85.0036239624, 21215.0
86.848389864, 20836.0
88.7042469978, 20423.0
90.5394899845, 19960.0
92.3839538097, 19620.0
94.2158169746, 19285.0
96.0501189232, 18929.0
97.8835659027, 18581.0
99.7431778908, 18269.0
101.607988834, 17992.0
103.48436904, 17661.0
105.341477871, 17371.0
107.183560848, 17050.0
109.017009974, 16777.0
110.854064941, 16478.0
112.694456816, 16235.0
114.521822929, 15945.0
116.36115098, 15696.0
118.199434996, 15447.0
120.056787968, 15207.0
121.890143871, 14996.0
123.742478848, 14796.0
125.58116293, 14608.0
127.418282986, 14408.0
129.273175001, 14212.0
131.136979818, 14024.0
132.993438005, 13838.0
134.822654963, 13655.0
136.673939943, 13483.0
138.528964043, 13316.0
140.382165909, 13089.0
142.240804911, 12922.0
144.111269951, 12759.0
145.962750912, 12583.0
147.793193817, 12429.0
149.629640818, 12284.0
151.451297998, 12147.0
153.282490969, 12012.0
155.123546839, 11879.0
156.95033884, 11750.0
158.780961037, 11558.0
160.605193853, 11441.0
162.426657915, 11326.0
164.260529995, 11226.0
166.084271908, 11127.0
167.902717829, 11014.0
169.747462034, 10917.0
171.569646835, 10825.0
173.388197899, 10713.0
175.235249043, 10624.0
177.07118988, 10531.0
178.906486034, 10374.0
180.750288963, 10291.0
182.590317011, 10210.0
184.423841, 10132.0
186.271159887, 10031.0
188.115145922, 9953.0
189.941876888, 9875.0
191.793525934, 9799.0
193.626360893, 9724.0
195.479545832, 9657.0
197.304605961, 9592.0
199.130389929, 9508.0
200.957360983, 9446.0
202.819020987, 9384.0
204.645505905, 9327.0
206.473812819, 9270.0
208.303516865, 9215.0
210.151610851, 9160.0
211.983711004, 9081.0
213.809123039, 9007.0
215.632565975, 8953.0
217.461903811, 8901.0
219.300222874, 8856.0
221.128509998, 8812.0
222.971786976, 8749.0
224.798714876, 8706.0
226.619490862, 8669.0
228.433665991, 8622.0
230.266764879, 8575.0
232.099367857, 8511.0
233.927884817, 8478.0
235.75520587, 8399.0
237.579236984, 8366.0
239.404129028, 8334.0
241.22437191, 8261.0
243.038117886, 8231.0
244.870332003, 8206.0
246.727264881, 8182.0
248.580646038, 8160.0
250.419167995, 8139.0
252.254513979, 8095.0
254.081595898, 8075.0
255.937067032, 8053.0
257.790155888, 8036.0
259.635056973, 8020.0
261.483126879, 8004.0
263.339495897, 7979.0
265.188266039, 7878.0
267.029099941, 7865.0
268.867302895, 7852.0
270.720986843, 7840.0
272.571434021, 7828.0
274.424110889, 7817.0
276.264448881, 7806.0
278.092698812, 7792.0
279.920047998, 7783.0
281.738526821, 7778.0
283.582865, 7770.0
285.44778204, 7765.0
287.333233833, 7749.0
