1.89883518219, 54472.0
3.73733711243, 53232.0
5.5814640522, 51993.0
7.42974710464, 50965.0
9.2722132206, 49977.0
11.1043660641, 48972.0
12.939797163, 47997.0
14.7867619991, 46954.0
16.6248831749, 45895.0
18.4600942135, 44951.0
20.2865040302, 44025.0
22.1244921684, 43100.0
23.972189188, 42180.0
25.8119339943, 41272.0
27.636133194, 40352.0
29.4617180824, 39473.0
31.3047020435, 38599.0
33.1532080173, 37739.0
34.9953122139, 36950.0
36.8371100426, 36140.0
38.6947131157, 35384.0
40.5256221294, 34654.0
42.3560650349, 33903.0
44.1795589924, 33149.0
46.0200819969, 32411.0
47.8621180058, 31705.0
49.70246315, 30992.0
51.5593612194, 30308.0
53.3806641102, 29625.0
55.2346410751, 28963.0
57.0699100494, 28261.0
58.9133601189, 27612.0
60.7418911457, 26930.0
62.5710120201, 26285.0
64.405534029, 25650.0
66.2360680103, 25049.0
68.0754752159, 24471.0
69.91071105, 23936.0
71.7572700977, 23450.0
73.5815560818, 22965.0
75.4087531567, 22499.0
77.2506260872, 22036.0
79.100467205, 21617.0
80.9392721653, 21171.0
82.7779400349, 20746.0
84.6075119972, 20332.0
86.437125206, 19916.0
88.2818830013, 19522.0
90.1104550362, 19133.0
91.9446821213, 18763.0
93.7741661072, 18400.0
95.6060731411, 18068.0
97.4547421932, 17755.0
99.3081510067, 17443.0
101.151235104, 17101.0
102.983481169, 16782.0
104.968392134, 16487.0
106.830196142, 16202.0
108.672155142, 15862.0
110.521464109, 15590.0
112.354413033, 15320.0
114.181131124, 15062.0
116.024490118, 14818.0
117.85738802, 14606.0
119.694597006, 14401.0
121.542724133, 14162.0
123.381621122, 13981.0
125.217433214, 13804.0
127.067459106, 13633.0
128.899905205, 13426.0
130.73440218, 13239.0
132.584650993, 13072.0
134.423485041, 12912.0
136.261251211, 12753.0
138.108195066, 12594.0
139.952779055, 12450.0
141.785638094, 12316.0
143.618467093, 12182.0
145.453286171, 12049.0
147.281066179, 11920.0
149.130538225, 11806.0
150.962310076, 11680.0
152.806383133, 11526.0
154.644069195, 11414.0
156.480343103, 11306.0
158.316196203, 11200.0
160.14254117, 11102.0
161.97864604, 11015.0
163.81976819, 10908.0
165.653228045, 10822.0
167.488705158, 10739.0
169.345111132, 10659.0
171.190856218, 10580.0
173.036170006, 10504.0
174.870433092, 10429.0
176.719212055, 10362.0
178.560936213, 10302.0
180.394124031, 10242.0
182.222046137, 10182.0
184.066027164, 10117.0
185.925522089, 10040.0
187.772006989, 9982.0
189.597830057, 9928.0
191.443350077, 9756.0
193.284743071, 9685.0
195.120721102, 9557.0
196.957446098, 9470.0
198.805877209, 9412.0
200.648584127, 9359.0
202.493955135, 9229.0
204.328460217, 9177.0
206.159848213, 9127.0
208.006069183, 9072.0
209.843600035, 9009.0
211.679668188, 8959.0
213.512315035, 8909.0
215.353909016, 8860.0
217.183674097, 8814.0
219.032642126, 8770.0
220.864621162, 8731.0
222.698113203, 8680.0
224.561273098, 8625.0
226.402195215, 8581.0
228.235894203, 8543.0
230.090481043, 8507.0
231.930999041, 8472.0
233.760617018, 8428.0
235.600025177, 8332.0
237.425709009, 8290.0
239.248319149, 8255.0
241.067611217, 8220.0
242.885590076, 8186.0
244.713530064, 8156.0
246.54633522, 8126.0
248.372411013, 8096.0
250.198230028, 8071.0
252.034295082, 8046.0
253.870755196, 8022.0
255.724878073, 7998.0
257.548538208, 7955.0
259.379384995, 7932.0
261.219480038, 7912.0
263.049535036, 7894.0
264.878746033, 7808.0
266.711294174, 7786.0
268.550624132, 7768.0
270.383837223, 7752.0
272.209710121, 7728.0
274.032799006, 7688.0
275.867799044, 7674.0
277.699687004, 7637.0
279.527817011, 7624.0
281.344722033, 7608.0
283.192234993, 7595.0
285.018920183, 7583.0
286.857831001, 7571.0
288.693697214, 7562.0
290.524814129, 7554.0
292.354401112, 7547.0
294.182169199, 7541.0
296.01810503, 7538.0
297.847801208, 7537.0
299.697227001, 7494.0
