1.91764903069, 52087.0
3.73943901062, 50861.0
5.56532788277, 49641.0
7.38761997223, 48511.0
9.22098398209, 47303.0
11.0522859097, 46310.0
12.9009058475, 45331.0
14.7663140297, 44407.0
16.5936830044, 43341.0
18.4131529331, 42439.0
20.2373280525, 41540.0
22.0540699959, 40643.0
23.8917980194, 39757.0
25.705039978, 38880.0
27.5176019669, 38002.0
29.3455410004, 37221.0
31.1727378368, 36425.0
32.9942958355, 35551.0
34.8072929382, 34685.0
36.6163270473, 33843.0
38.4558448792, 33041.0
40.2709400654, 32289.0
42.084223032, 31555.0
43.9012520313, 30859.0
45.7118690014, 30179.0
47.5218420029, 29516.0
49.3476040363, 28890.0
51.1553349495, 28234.0
52.9711289406, 27532.0
54.8002269268, 26978.0
56.6129338741, 26441.0
58.4270510674, 25836.0
60.2440149784, 25236.0
62.1445009708, 24661.0
63.9733870029, 24141.0
65.7976980209, 23618.0
67.7285459042, 23108.0
69.6177170277, 22585.0
71.5153470039, 22099.0
73.3321640491, 21678.0
75.387665987, 21250.0
77.2851159573, 20818.0
79.1368968487, 20380.0
80.9632868767, 19991.0
82.7983438969, 19603.0
84.6246080399, 19295.0
86.4402740002, 18970.0
88.2710440159, 18678.0
90.0836238861, 18344.0
91.8936510086, 18009.0
93.7066390514, 17723.0
95.5155889988, 17444.0
97.3308908939, 17168.0
99.1594469547, 16895.0
100.98295188, 16630.0
102.833472013, 16392.0
104.710103035, 16162.0
106.548171997, 15895.0
108.373775005, 15636.0
110.213129044, 15412.0
112.123430014, 15193.0
114.092027903, 14961.0
115.934283972, 14738.0
117.758476019, 14522.0
119.59265399, 14310.0
121.480620861, 14101.0
123.299991846, 13922.0
125.12232089, 13722.0
126.942863941, 13514.0
128.751049042, 13323.0
130.562823057, 13150.0
132.375948906, 12984.0
134.210144997, 12819.0
136.095175982, 12685.0
137.924694061, 12553.0
139.749453068, 12436.0
141.575325966, 12322.0
143.398155928, 12182.0
145.224334955, 12071.0
147.039505005, 11935.0
148.859592915, 11825.0
150.673161983, 11650.0
152.487658978, 11548.0
154.31398201, 11456.0
156.130320072, 11338.0
157.937742949, 11197.0
159.749527931, 11105.0
161.568906069, 11020.0
163.460567951, 10928.0
165.318356037, 10836.0
167.139744043, 10745.0
169.001386881, 10664.0
171.031909943, 10580.0
173.017050982, 10502.0
174.859171867, 10428.0
176.766679049, 10355.0
178.667957067, 10287.0
180.498559952, 10205.0
182.317874908, 10140.0
184.146106005, 10076.0
186.029429913, 10013.0
187.892693996, 9951.0
189.759536982, 9886.0
191.636421919, 9824.0
193.514019012, 9764.0
195.384860992, 9704.0
197.271787882, 9645.0
199.182154894, 9589.0
201.06912303, 9534.0
202.967218876, 9479.0
204.875752926, 9407.0
206.833101988, 9349.0
208.67772603, 9289.0
210.566021919, 9235.0
212.424300909, 9182.0
214.287041903, 9121.0
216.149847984, 9072.0
218.032589912, 9030.0
219.90891099, 8992.0
221.75662899, 8959.0
223.618259907, 8926.0
225.514019012, 8893.0
227.366652012, 8860.0
229.211737871, 8828.0
231.051820993, 8789.0
232.87666297, 8703.0
234.708513021, 8672.0
236.556427956, 8632.0
238.413571835, 8602.0
240.25748992, 8574.0
242.082839966, 8531.0
243.949651957, 8504.0
245.806318998, 8473.0
247.644171953, 8450.0
249.472864866, 8432.0
251.328722954, 8414.0
253.194023848, 8397.0
255.043518066, 8381.0
256.879832983, 8367.0
258.721982002, 8357.0
260.579735041, 8304.0
262.414522886, 8254.0
264.249269009, 8240.0
266.076987028, 8194.0
267.927789927, 8186.0
269.766556978, 8179.0
271.64567399, 8174.0
273.591840982, 8107.0
524.40397191, 8093.0
526.251685858, 8074.0
528.106997967, 8056.0
529.958674908, 8039.0
531.801188946, 8022.0
533.625865936, 8007.0
535.437600851, 7979.0
537.250937939, 7965.0
539.103213072, 7952.0
540.963325977, 7941.0
542.938911915, 7930.0
544.877411842, 7916.0
546.885472059, 7905.0
548.749656916, 7895.0
550.650586843, 7886.0
552.488673925, 7810.0
554.34066391, 7794.0
556.186135054, 7785.0
558.018373013, 7776.0
559.930990934, 7769.0
561.86055994, 7758.0
563.783599854, 7751.0
565.591279984, 7688.0
567.454413891, 7664.0
569.29569006, 7659.0
571.119950056, 7645.0
573.024044991, 7624.0
575.033341885, 7620.0
576.949393988, 7611.0
578.801377058, 7597.0
580.645910978, 7595.0
582.475733995, 7594.0
584.314766884, 7593.0
