1.78108501434, 53281.0
3.5499060154, 51983.0
5.3194630146, 50839.0
7.08933496475, 49781.0
8.85921192169, 48706.0
10.6507370472, 47662.0
12.4161670208, 46659.0
14.1801440716, 45680.0
15.9486730099, 44706.0
17.7226700783, 43737.0
19.488765955, 42773.0
21.2566459179, 41849.0
23.0295410156, 40899.0
24.8091080189, 40043.0
26.5931489468, 39128.0
28.356523037, 38254.0
30.1285200119, 37416.0
31.8949210644, 36574.0
33.6628038883, 35798.0
35.428689003, 34977.0
37.2063529491, 34211.0
38.9725990295, 33482.0
40.7370789051, 32702.0
42.5225760937, 31988.0
44.2931499481, 31285.0
46.0644159317, 30586.0
47.8316788673, 29886.0
49.6002099514, 29208.0
51.378330946, 28536.0
53.1519079208, 27888.0
54.9259889126, 27286.0
56.6926488876, 26660.0
58.4841029644, 26074.0
60.2563509941, 25493.0
62.0276288986, 24930.0
63.793432951, 24346.0
65.5616810322, 23785.0
67.3323230743, 23225.0
69.0984869003, 22694.0
70.88032794, 22176.0
72.6450800896, 21718.0
74.4377889633, 21280.0
76.2103490829, 20846.0
77.9772400856, 20371.0
79.7386260033, 19951.0
81.5110318661, 19520.0
83.2848489285, 19087.0
85.0550999641, 18682.0
86.8236649036, 18284.0
88.61719203, 17921.0
90.3989319801, 17572.0
92.162678957, 17241.0
93.9268620014, 16917.0
95.7027919292, 16638.0
97.4761619568, 16372.0
99.2472369671, 16122.0
101.014083862, 15882.0
102.78166008, 15643.0
104.570420027, 15405.0
106.344753981, 15079.0
108.108691931, 14831.0
109.875427961, 14607.0
111.646279097, 14408.0
113.412930012, 14175.0
115.189892054, 13979.0
116.970444918, 13759.0
118.754014969, 13584.0
120.541398048, 13411.0
122.310276031, 13225.0
124.068806887, 13067.0
125.841068029, 12916.0
127.608814955, 12767.0
129.3741889, 12628.0
131.139209032, 12473.0
132.908559084, 12335.0
134.681174994, 12200.0
136.465964079, 12066.0
138.233305931, 11933.0
140.007684946, 11803.0
141.78260994, 11675.0
143.557795048, 11549.0
145.327185869, 11425.0
147.098010063, 11303.0
148.86778307, 11183.0
150.640570879, 11065.0
152.434592009, 10956.0
154.218142986, 10851.0
155.990936041, 10750.0
157.757143021, 10656.0
159.523171902, 10564.0
161.289011955, 10477.0
163.068228006, 10368.0
164.831050873, 10284.0
166.596365929, 10195.0
168.382803917, 10113.0
170.153342009, 10032.0
171.924931049, 9952.0
173.692734957, 9889.0
175.459881067, 9827.0
177.234083891, 9766.0
179.007793903, 9706.0
180.779983044, 9649.0
182.543885946, 9594.0
184.334318876, 9539.0
186.148036957, 9485.0
187.919666052, 9432.0
189.697309971, 9381.0
191.475656986, 9325.0
193.248789072, 9269.0
195.019281864, 9200.0
196.786669016, 9139.0
198.561644077, 9091.0
200.355479956, 9044.0
202.125179052, 8976.0
203.893573046, 8918.0
205.65656209, 8865.0
207.431633949, 8821.0
209.199815035, 8779.0
210.96894598, 8739.0
212.739508867, 8652.0
214.529412985, 8612.0
216.306130886, 8575.0
218.076894045, 8540.0
219.844825983, 8488.0
221.621114016, 8446.0
223.394790888, 8411.0
225.166117907, 8379.0
226.933799982, 8348.0
228.709493876, 8305.0
230.501600981, 8273.0
232.270140886, 8245.0
234.038672924, 8217.0
235.820626974, 8190.0
237.598038912, 8164.0
239.369652987, 8138.0
241.150722027, 8112.0
242.931086063, 8087.0
244.703662872, 8063.0
246.496553898, 8040.0
248.267210007, 8017.0
250.035614014, 7995.0
251.806174994, 7982.0
253.579401016, 7973.0
255.348752975, 7965.0
257.115145922, 7958.0
258.885991096, 7951.0
260.662023067, 7945.0
262.455420017, 7940.0
264.225713015, 7918.0
266.002760887, 7899.0
267.781563044, 7846.0
269.556438923, 7841.0
271.322790861, 7837.0
273.099736929, 7834.0
274.870728016, 7754.0
276.642328024, 7752.0
278.434473991, 7707.0
280.209344864, 7705.0
514.632766962, 7678.0
516.407743931, 7647.0
518.180922985, 7625.0
519.951986074, 7601.0
521.722254038, 7580.0
523.49672699, 7559.0
525.269371986, 7539.0
527.040041924, 7520.0
528.808238029, 7486.0
530.594342947, 7469.0
532.368835926, 7454.0
534.140279055, 7438.0
535.908459902, 7425.0
537.670227051, 7412.0
539.440599918, 7401.0
541.212660074, 7343.0
542.986016035, 7333.0
544.754441023, 7329.0
546.550633907, 7325.0
548.326024055, 7291.0
550.098886967, 7273.0
