1.8033208847, 51125.0
3.57145905495, 49968.0
5.31609201431, 48827.0
7.06877684593, 47716.0
8.82832193375, 46666.0
10.5831508636, 45704.0
12.3325788975, 44691.0
14.0780220032, 43783.0
15.8345868587, 42911.0
17.5779259205, 42006.0
19.319175005, 41146.0
21.0622959137, 40333.0
22.81722188, 39522.0
24.5674760342, 38761.0
26.3127038479, 38012.0
28.0523340702, 37218.0
29.8238358498, 36466.0
31.5737130642, 35699.0
33.3530490398, 35004.0
35.0993380547, 34265.0
36.8678078651, 33529.0
38.6090919971, 32847.0
40.3560788631, 32252.0
42.092525959, 31665.0
43.8460140228, 30991.0
45.5977609158, 30404.0
47.346503973, 29770.0
49.0879490376, 29164.0
50.8389868736, 28594.0
52.6036398411, 28037.0
54.3771948814, 27499.0
56.1420428753, 26993.0
57.9121069908, 26498.0
59.6569039822, 25985.0
61.3964970112, 25437.0
63.1369278431, 24954.0
64.8703699112, 24461.0
66.6218509674, 24003.0
68.4010250568, 23565.0
70.1533999443, 23140.0
71.90802598, 22649.0
73.673429966, 22230.0
75.436784029, 21813.0
77.1919090748, 21389.0
78.953578949, 20983.0
80.704666853, 20609.0
82.4664599895, 20202.0
84.2185180187, 19835.0
85.9457068443, 19472.0
87.6784980297, 19065.0
89.4163169861, 18710.0
91.1472020149, 18377.0
92.8770139217, 18050.0
94.6163020134, 17742.0
96.3575069904, 17472.0
98.1184358597, 17191.0
99.8764019012, 16884.0
101.627289057, 16621.0
103.377444029, 16354.0
105.126260042, 16062.0
106.87945199, 15790.0
108.626435995, 15548.0
110.37469697, 15307.0
112.132179022, 15046.0
113.883468866, 14838.0
115.640951872, 14633.0
117.381676912, 14434.0
119.126603842, 14201.0
120.874166012, 14002.0
122.62035799, 13798.0
124.358814955, 13625.0
126.114641905, 13454.0
127.868321896, 13298.0
129.62014389, 13145.0
131.374079943, 12983.0
133.130701065, 12832.0
134.862597942, 12677.0
136.599725008, 12512.0
138.346163034, 12366.0
140.097117901, 12210.0
141.84453392, 12076.0
143.588007927, 11953.0
145.338948011, 11838.0
147.097884893, 11710.0
148.842316866, 11588.0
150.575829983, 11472.0
152.312078953, 11363.0
154.058028936, 11257.0
155.807083845, 11157.0
157.560070992, 11059.0
159.299416065, 10964.0
161.074105978, 10871.0
162.827709913, 10782.0
164.582279921, 10693.0
166.329967976, 10606.0
168.085941076, 10524.0
169.828237057, 10445.0
171.587970972, 10373.0
173.336082935, 10306.0
175.089290857, 10190.0
176.844986916, 10074.0
178.612833023, 9985.0
180.392735958, 9919.0
182.142538071, 9863.0
183.904478073, 9808.0
185.649945974, 9753.0
187.388367891, 9699.0
189.133817911, 9647.0
190.88061285, 9564.0
192.634237051, 9481.0
194.372220993, 9430.0
196.108058929, 9382.0
197.848448992, 9334.0
199.611798048, 9286.0
201.36211586, 9241.0
203.175529003, 9198.0
204.933892012, 9157.0
206.695584059, 9119.0
208.465637922, 9053.0
210.22227788, 9017.0
211.987125874, 8982.0
213.729574919, 8948.0
215.472574949, 8919.0
217.223703861, 8874.0
218.98188591, 8840.0
220.71322298, 8811.0
222.465713024, 8785.0
224.231837034, 8713.0
225.980257034, 8658.0
227.728697062, 8634.0
229.489724874, 8611.0
231.23760891, 8590.0
232.988863945, 8570.0
234.746085882, 8552.0
236.491183043, 8527.0
238.228002071, 8509.0
239.982079983, 8491.0
241.742981911, 8419.0
243.504526854, 8375.0
245.278128862, 8342.0
247.039646864, 8320.0
248.800279856, 8303.0
250.569416046, 8287.0
252.364572048, 8271.0
254.155895948, 8256.0
255.926826, 8173.0
257.675193071, 8159.0
259.434195995, 8146.0
261.174208879, 8133.0
262.918406963, 8121.0
264.686735868, 8105.0
266.43667984, 8093.0
268.176197052, 8082.0
269.940919876, 8074.0
271.68539691, 8057.0
273.41971302, 8050.0
275.186318874, 8045.0
276.92797184, 8022.0
523.518331051, 8013.0
525.316688061, 7991.0
527.144016027, 7972.0
528.927815914, 7946.0
530.764240026, 7897.0
532.566748857, 7879.0
534.36948204, 7861.0
536.188036919, 7787.0
537.997223854, 7751.0
539.784582853, 7717.0
541.568069935, 7685.0
543.350107908, 7659.0
545.146643877, 7644.0
546.945005894, 7624.0
548.727463961, 7614.0
550.512273073, 7608.0
552.291908979, 7605.0
554.117238998, 7598.0
555.941413879, 7596.0
557.754689932, 7595.0
559.564919949, 7594.0
