1.77546691895, 53393.0
3.54483795166, 52136.0
5.3062069416, 51037.0
7.06753087044, 49867.0
8.8451628685, 48838.0
10.6103959084, 47849.0
12.3766908646, 46873.0
14.1387469769, 45929.0
15.9311089516, 45017.0
17.7017798424, 44121.0
19.4709889889, 43261.0
21.2353038788, 42375.0
23.0078308582, 41572.0
24.7766478062, 40736.0
26.5427248478, 39891.0
28.3075230122, 39128.0
30.0919020176, 38271.0
31.8623669147, 37540.0
33.6270098686, 36712.0
35.3927140236, 35892.0
37.1618440151, 35201.0
38.9332418442, 34515.0
40.6999118328, 33789.0
42.462774992, 33048.0
44.2318329811, 32386.0
46.0216398239, 31732.0
47.7846159935, 31065.0
49.5469608307, 30422.0
51.3040759563, 29790.0
53.0703999996, 29163.0
54.8376049995, 28581.0
56.6035039425, 28010.0
58.3653249741, 27453.0
60.1357028484, 26893.0
61.9218139648, 26320.0
63.6895799637, 25767.0
65.4463589191, 25214.0
67.2157678604, 24708.0
68.9830169678, 24182.0
70.7466628551, 23634.0
72.507958889, 23002.0
74.2780008316, 22516.0
76.0458459854, 22047.0
77.8310198784, 21580.0
79.5970578194, 21146.0
81.3705768585, 20681.0
83.1388678551, 20225.0
84.9055178165, 19834.0
86.6781740189, 19421.0
88.4475998878, 19099.0
90.2162458897, 18653.0
91.985490799, 18279.0
93.7684288025, 17962.0
95.5309009552, 17586.0
97.2986149788, 17275.0
99.0640518665, 16980.0
100.827432871, 16683.0
102.597859859, 16423.0
104.378356934, 16165.0
106.150733948, 15908.0
107.916422844, 15669.0
109.701591015, 15420.0
111.472443819, 15204.0
113.23720789, 14989.0
115.006685972, 14772.0
116.769200802, 14559.0
118.538786888, 14357.0
120.307206869, 14178.0
122.069777012, 13983.0
123.829231024, 13808.0
125.61982584, 13640.0
127.390347958, 13481.0
129.160809994, 13327.0
130.924610853, 13178.0
132.693944931, 13031.0
134.464495897, 12891.0
136.231069803, 12753.0
137.99494195, 12615.0
139.769924879, 12480.0
141.56022191, 12347.0
143.325618982, 11974.0
145.090765953, 11847.0
146.852948904, 11706.0
148.622309923, 11579.0
150.394061804, 11473.0
152.161744833, 11368.0
153.949405909, 11263.0
155.733310938, 11162.0
157.500779867, 11063.0
159.264755964, 10968.0
161.02380681, 10861.0
162.794729948, 10780.0
164.559014797, 10699.0
166.322158813, 10619.0
168.086188793, 10541.0
169.852144003, 10440.0
171.644863844, 10299.0
173.410507917, 10223.0
175.17544198, 10142.0
176.94439888, 10043.0
178.711325884, 9972.0
180.475385904, 9910.0
182.239917994, 9850.0
184.011542797, 9751.0
185.78260684, 9691.0
187.56831789, 9631.0
189.34660387, 9573.0
191.109549999, 9519.0
192.874127865, 9466.0
194.639092922, 9419.0
196.405869961, 9342.0
198.164187908, 9297.0
199.94062686, 9251.0
201.705323935, 9208.0
203.49435091, 9107.0
205.25818491, 9065.0
207.020746946, 9026.0
208.78429389, 8956.0
210.549732924, 8896.0
212.316411018, 8836.0
214.083875895, 8763.0
215.851845026, 8725.0
217.617997885, 8625.0
219.402031898, 8589.0
221.170445919, 8549.0
223.016275883, 8516.0
224.779586792, 8483.0
226.545471907, 8441.0
228.31967783, 8413.0
230.088316917, 8386.0
231.857508898, 8337.0
233.621136904, 8312.0
235.407734871, 8290.0
237.173794985, 8269.0
238.936352968, 8184.0
240.701944828, 8128.0
242.462315798, 8108.0
244.232952833, 8089.0
245.995960951, 8067.0
247.761122942, 8050.0
249.52459383, 8026.0
251.317760944, 8010.0
253.084661961, 7971.0
254.843350887, 7956.0
256.605006933, 7943.0
258.381784916, 7931.0
260.149846792, 7920.0
261.918318987, 7906.0
263.684556961, 7895.0
265.473230839, 7887.0
267.243921995, 7848.0
269.01114893, 7784.0
270.776881933, 7774.0
272.547473907, 7767.0
274.313290834, 7760.0
276.080762863, 7745.0
277.843586922, 7661.0
279.615196943, 7637.0
281.401981831, 7631.0
283.169173002, 7626.0
284.935096025, 7610.0
286.705264807, 7606.0
288.473022938, 7602.0
290.241176844, 7599.0
