1.86488103867, 53002.0
3.72047710419, 51713.0
5.54338908195, 50497.0
7.38431501389, 49387.0
9.21305418015, 48360.0
11.0849602222, 47384.0
12.9669260979, 46275.0
14.8904411793, 45335.0
16.7859280109, 44352.0
18.6317632198, 43499.0
20.4673521519, 42616.0
22.3076012135, 41774.0
24.2440500259, 40963.0
26.0978691578, 40113.0
27.9495661259, 39271.0
29.788528204, 38462.0
31.635477066, 37662.0
33.4801101685, 36864.0
35.328359127, 36072.0
37.1623651981, 35277.0
39.025219202, 34555.0
40.8661060333, 33836.0
42.7126040459, 33052.0
44.5562422276, 32351.0
46.3960180283, 31626.0
48.2203900814, 30930.0
50.108754158, 30266.0
51.9895942211, 29630.0
53.8789989948, 28954.0
55.7592890263, 28351.0
57.647092104, 27698.0
59.5171980858, 27154.0
61.3731241226, 26580.0
63.2480010986, 26047.0
65.0869841576, 25511.0
66.9465122223, 24948.0
68.7903380394, 24443.0
70.6352801323, 23958.0
72.5117440224, 23501.0
74.3752720356, 23048.0
76.2233831882, 22600.0
78.0769591331, 22156.0
79.9280431271, 21731.0
81.7859010696, 21310.0
83.6472921371, 20916.0
85.5213341713, 20517.0
87.4834721088, 20142.0
89.4111661911, 19742.0
91.3137249947, 19384.0
93.2347710133, 19040.0
95.0983631611, 18701.0
96.9330890179, 18365.0
98.7524170876, 18042.0
100.582891226, 17726.0
102.41368103, 17412.0
104.241596222, 17109.0
106.110314131, 16796.0
107.936391115, 16518.0
109.77235508, 16264.0
111.595190048, 15990.0
113.422156096, 15734.0
115.245650053, 15481.0
117.07322216, 15244.0
118.894418001, 15018.0
120.711473227, 14800.0
122.55037117, 14597.0
124.561589003, 14395.0
126.5033741, 14199.0
128.434981108, 14010.0
130.322045088, 13831.0
132.201885223, 13660.0
134.130571127, 13489.0
136.010956049, 13324.0
137.893021107, 13163.0
139.777961016, 13004.0
141.654721022, 12858.0
143.546478033, 12713.0
145.525715113, 12573.0
147.48945117, 12387.0
149.479919195, 12248.0
151.414461136, 12114.0
153.308330059, 11988.0
155.221893072, 11866.0
157.40952611, 11729.0
159.321534157, 11562.0
161.201880217, 11450.0
163.912917137, 11343.0
165.858768225, 11202.0
167.760281086, 11082.0
170.995743036, 10949.0
174.900776148, 10840.0
178.860078096, 10733.0
182.684035063, 10630.0
186.612112045, 10529.0
190.486395121, 10395.0
194.420746088, 10294.0
198.343057156, 10194.0
202.172947168, 10091.0
206.134056091, 10001.0
210.216691017, 9885.0
214.331962109, 9796.0
218.419830084, 9708.0
222.579187155, 9622.0
226.746181011, 9539.0
230.629365206, 9460.0
234.722226143, 9383.0
238.647561073, 9307.0
242.679231167, 9233.0
246.838108063, 9159.0
253.394446135, 9100.0
258.024679184, 9043.0
263.375341177, 8986.0
267.297346115, 8936.0
271.427374125, 8887.0
276.354872227, 8838.0
281.177463055, 8789.0
285.413709164, 8740.0
289.944217205, 8693.0
294.661655188, 8648.0
299.153030157, 8553.0
304.766481161, 8509.0
309.427878141, 8465.0
313.871750116, 8424.0
318.679076195, 8386.0
322.5079391, 8350.0
327.041010141, 8317.0
331.571668148, 8285.0
337.072393179, 8254.0
341.58934021, 8223.0
345.644987106, 8161.0
349.664215088, 8131.0
353.973338127, 8101.0
358.023313999, 8073.0
362.95741415, 8043.0
367.062674999, 8015.0
371.237882137, 7988.0
376.963026047, 7933.0
381.12174201, 7906.0
385.356492996, 7879.0
389.815320015, 7851.0
393.660225153, 7826.0
397.585616112, 7801.0
401.523761034, 7777.0
405.457794189, 7754.0
409.360296011, 7712.0
413.311783075, 7689.0
417.131765127, 7667.0
421.010773182, 7646.0
424.796436071, 7625.0
428.674213171, 7606.0
432.567539215, 7588.0
436.569280148, 7570.0
440.515263081, 7553.0
444.410563231, 7516.0
448.351729155, 7459.0
452.237286091, 7430.0
456.151212215, 7416.0
460.122502089, 7404.0
464.067018032, 7393.0
467.977961063, 7383.0
471.887094021, 7379.0
475.771060228, 7314.0
479.642326117, 7306.0
483.573823214, 7279.0
487.590919018, 7259.0
491.775909185, 7252.0
495.91133523, 7249.0
500.027522087, 7247.0
504.206371069, 7246.0
