1.76692891121, 50764.0
3.54527211189, 49632.0
5.32399296761, 48613.0
7.12269091606, 47631.0
8.8902630806, 46668.0
10.6543519497, 45777.0
12.4160180092, 44905.0
14.1998391151, 44036.0
15.9698719978, 43202.0
17.735378027, 42335.0
19.4988079071, 41509.0
21.293859005, 40688.0
23.0629320145, 39870.0
24.829474926, 39053.0
26.5883591175, 38267.0
28.3565590382, 37429.0
30.1272931099, 36645.0
31.8884549141, 35893.0
33.6506810188, 35161.0
35.4251949787, 34427.0
37.2219419479, 33710.0
38.9875710011, 32974.0
40.7490930557, 32202.0
42.5137419701, 31389.0
44.2842049599, 30719.0
46.0472121239, 30075.0
47.8110759258, 29411.0
49.5750780106, 28737.0
51.3408429623, 28110.0
53.1271319389, 27502.0
54.8856480122, 26915.0
56.6446530819, 26356.0
58.4112291336, 25798.0
60.1740369797, 25249.0
61.9432690144, 24616.0
63.7033801079, 24107.0
65.4727959633, 23548.0
67.2361321449, 23032.0
69.0191390514, 22489.0
70.7782230377, 21984.0
72.5434100628, 21501.0
74.308588028, 21021.0
76.067029953, 20588.0
77.8293609619, 20174.0
79.6007320881, 19752.0
81.3662481308, 19341.0
83.127849102, 18979.0
84.9442880154, 18627.0
86.7129230499, 18253.0
88.4797151089, 17891.0
90.2471470833, 17549.0
92.0115871429, 17200.0
93.7765109539, 16869.0
95.5400230885, 16588.0
97.3025710583, 16290.0
99.0623979568, 16016.0
100.843035936, 15762.0
102.61431098, 15437.0
104.3781991, 15190.0
106.143311977, 14944.0
107.903346062, 14718.0
109.678019047, 14497.0
111.449253082, 14260.0
113.219088078, 14054.0
114.994908094, 13850.0
116.794767141, 13660.0
118.570251942, 13478.0
120.342486143, 13304.0
122.109915972, 13123.0
123.886405945, 12950.0
125.646723032, 12791.0
127.40814805, 12634.0
129.168920994, 12482.0
130.953207016, 12330.0
132.718831062, 12170.0
134.479773045, 12037.0
136.23912406, 11908.0
138.003476143, 11747.0
139.768767118, 11642.0
141.53512311, 11535.0
143.293368101, 11430.0
145.061295986, 11254.0
146.852347136, 11110.0
148.615668058, 10964.0
150.379210949, 10808.0
152.143831015, 10695.0
153.907912016, 10593.0
155.669331074, 10495.0
157.429109097, 10398.0
159.183927059, 10304.0
160.948940039, 10225.0
162.731007099, 10151.0
164.495234966, 10045.0
166.253763914, 9945.0
168.022973061, 9871.0
169.789897919, 9799.0
171.555582047, 9730.0
173.317321062, 9663.0
175.081810951, 9598.0
176.846709013, 9536.0
178.628435135, 9476.0
180.393882036, 9417.0
182.164538145, 9341.0
183.927458048, 9284.0
185.692924023, 9183.0
187.455725908, 9074.0
189.223860979, 9026.0
190.989759922, 8981.0
192.757223129, 8936.0
194.550888062, 8887.0
196.319486141, 8849.0
198.109107018, 8781.0
199.881194115, 8744.0
201.651937008, 8699.0
203.418683052, 8665.0
205.189795017, 8632.0
206.963681936, 8600.0
208.728121042, 8570.0
210.5144701, 8460.0
212.283442974, 8432.0
214.047720909, 8405.0
215.822483063, 8363.0
217.58188796, 8309.0
219.346451998, 8269.0
221.11126399, 8243.0
222.874129057, 8218.0
224.636793137, 8186.0
226.432626009, 8159.0
228.215023994, 8134.0
229.982756138, 8109.0
231.746809006, 8086.0
233.53927803, 8064.0
235.302570105, 8042.0
237.068145037, 8021.0
238.832684994, 8000.0
240.600538015, 7980.0
242.395647049, 7961.0
244.161061049, 7942.0
245.922284126, 7923.0
247.676034927, 7892.0
249.440012932, 7871.0
251.199168921, 7855.0
252.963097095, 7812.0
254.718734026, 7797.0
256.501827002, 7783.0
258.268150091, 7684.0
260.029253006, 7672.0
261.786128044, 7661.0
263.553044081, 7652.0
265.315834999, 7643.0
267.076126099, 7635.0
268.835427999, 7603.0
270.601741076, 7595.0
272.385592937, 7587.0
274.147443056, 7581.0
790.223845005, 7575.0
791.990678072, 7556.0
793.748579025, 7538.0
795.508870125, 7524.0
797.265617132, 7507.0
799.029683113, 7493.0
800.796147108, 7480.0
802.555072069, 7469.0
804.316843033, 7448.0
806.093317986, 7438.0
807.85640192, 7429.0
809.618761063, 7373.0
811.381968021, 7368.0
813.135146141, 7365.0
