1.75481510162, 56286.0
3.5078971386, 55082.0
5.25703716278, 53985.0
7.01583600044, 52895.0
8.78265500069, 51848.0
10.5258800983, 50836.0
12.2731091976, 49835.0
14.0212481022, 48873.0
15.7688491344, 47876.0
17.5075540543, 46862.0
19.2609360218, 45904.0
21.002614975, 44950.0
22.7422411442, 44034.0
24.5118620396, 43111.0
26.2590310574, 42180.0
28.0229279995, 41264.0
29.7601790428, 40372.0
31.4940290451, 39500.0
33.2311480045, 38670.0
34.9748110771, 37847.0
36.7210700512, 37025.0
38.4543030262, 36258.0
40.2163720131, 35538.0
41.9618849754, 34805.0
43.7049310207, 34089.0
45.4416880608, 33387.0
47.1875011921, 32674.0
48.9277920723, 31985.0
50.6633820534, 31309.0
52.3930251598, 30649.0
54.1335730553, 29974.0
55.895678997, 29317.0
57.6339190006, 28677.0
59.3680369854, 28063.0
61.1006371975, 27454.0
62.8405051231, 26829.0
64.5782580376, 26247.0
66.3194980621, 25678.0
68.0518231392, 25127.0
69.8068430424, 24541.0
71.5428950787, 24015.0
73.2783951759, 23441.0
75.0118141174, 22929.0
76.7530910969, 22458.0
78.4909491539, 21980.0
80.2326600552, 21545.0
81.9773499966, 21111.0
83.7230291367, 20693.0
85.4785330296, 20311.0
87.2475891113, 19926.0
88.9874601364, 19552.0
90.729142189, 19192.0
92.470662117, 18714.0
94.2126941681, 18395.0
95.9502110481, 18080.0
97.6915771961, 17740.0
99.430658102, 17397.0
101.186372995, 17104.0
102.919732094, 16787.0
104.65152812, 16538.0
106.387796164, 16294.0
108.135596991, 16014.0
109.882846117, 15778.0
111.610552073, 15552.0
113.348083019, 15290.0
115.096033096, 15069.0
116.850304127, 14852.0
118.584425211, 14607.0
120.321552992, 14398.0
122.057053089, 14190.0
123.790222168, 13979.0
125.528246164, 13781.0
127.272675037, 13589.0
129.008855104, 13398.0
130.743854046, 13192.0
132.495164156, 13013.0
134.236505985, 12837.0
135.979068041, 12673.0
137.713139057, 12494.0
139.439297199, 12335.0
141.175860167, 12180.0
142.911710978, 12026.0
144.645053148, 11889.0
146.378516197, 11751.0
148.132903099, 11623.0
149.870799065, 11493.0
151.608026028, 11371.0
153.347630024, 11251.0
155.084206104, 11138.0
156.824629068, 11027.0
158.557093143, 10919.0
160.29351306, 10813.0
162.025533199, 10718.0
163.783233166, 10626.0
165.515365124, 10538.0
167.252188206, 10439.0
168.984043121, 10353.0
170.728550196, 10268.0
172.460685015, 10191.0
174.192600012, 10114.0
175.922399998, 10038.0
177.679690123, 9964.0
179.417481184, 9834.0
181.149255991, 9761.0
182.881295204, 9689.0
184.619302988, 9620.0
186.357355118, 9560.0
188.103682041, 9501.0
189.84754014, 9445.0
191.593801975, 9390.0
193.371539116, 9336.0
195.121078014, 9284.0
196.877305984, 9233.0
198.631046057, 9185.0
200.383140087, 9142.0
202.124591112, 9100.0
203.864116192, 9062.0
205.591405153, 9026.0
207.326544046, 8994.0
209.088121176, 8957.0
210.827926159, 8872.0
212.559861183, 8841.0
214.303289175, 8811.0
216.047761202, 8748.0
217.787124157, 8708.0
219.522919178, 8669.0
221.263942003, 8639.0
223.017002106, 8600.0
224.783045053, 8571.0
226.515622139, 8543.0
228.254817009, 8516.0
229.991327047, 8489.0
231.728610039, 8434.0
233.461928129, 8381.0
235.204575062, 8354.0
236.945577145, 8329.0
238.680857182, 8305.0
240.438811064, 8229.0
242.177993059, 8206.0
243.919782162, 8183.0
245.658187151, 8162.0
247.391772985, 8143.0
249.123701096, 8126.0
250.86314106, 8113.0
252.598190069, 8103.0
254.33695817, 8096.0
256.090121031, 8089.0
257.831747055, 8082.0
259.570049047, 8075.0
261.331044197, 8071.0
263.092923164, 8068.0
264.839588165, 8066.0
266.573410034, 7990.0
268.313693047, 7977.0
270.048058033, 7975.0
271.811387062, 7974.0
751.213991165, 7971.0
752.947369099, 7933.0
754.680052996, 7900.0
756.408951044, 7869.0
758.150322199, 7838.0
759.883921146, 7811.0
761.615898132, 7788.0
763.344462156, 7766.0
765.112285137, 7726.0
766.849765062, 7678.0
768.59078908, 7656.0
770.318073034, 7635.0
772.057413101, 7614.0
773.798026085, 7589.0
775.532557011, 7569.0
777.262554169, 7550.0
778.999217987, 7532.0
780.758105993, 7514.0
782.496680975, 7491.0
784.232465982, 7466.0
785.975134134, 7448.0
787.710177183, 7433.0
789.454457998, 7421.0
791.193189144, 7408.0
792.936825991, 7397.0
794.684044123, 7387.0
796.442238092, 7378.0
798.185207129, 7353.0
799.924182177, 7322.0
801.666962147, 7306.0
803.400529146, 7300.0
805.141055107, 7298.0
806.868997097, 7296.0
808.62270999, 7260.0
810.373023033, 7259.0
