0.0241508483887, 12.0
0.024169921875, 47.0
0.0241730213165, 91.0
0.0241739749908, 136.0
0.0241758823395, 175.0
0.0241777896881, 211.0
0.0241799354553, 247.0
0.024181842804, 273.0
0.0241839885712, 318.0
0.0241849422455, 347.0
0.0241868495941, 370.0
0.0241878032684, 390.0
0.0241889953613, 418.0
0.02419090271, 463.0
0.0241918563843, 491.0
0.0241940021515, 541.0
0.0241959095001, 625.0
0.0241968631744, 689.0
0.0241990089417, 727.0
0.024199962616, 768.0
0.0242018699646, 799.0
0.0242040157318, 831.0
0.0242049694061, 983.0
0.0242068767548, 1212.0
0.0242078304291, 1247.0
0.0242099761963, 1297.0
0.0242118835449, 1313.0
0.0242128372192, 1363.0
0.0242149829865, 1388.0
0.0242159366608, 1423.0
0.0242178440094, 1446.0
0.0242187976837, 1499.0
0.0242209434509, 1535.0
0.0242218971252, 1576.0
0.0242238044739, 1602.0
0.0242249965668, 1648.0
0.0242269039154, 1658.0
0.0242278575897, 1717.0
0.0242300033569, 1765.0
0.0242309570312, 1800.0
0.0242338180542, 1829.0
0.0242359638214, 1868.0
0.0242369174957, 2136.0
0.02423787117, 2181.0
0.0242400169373, 2208.0
0.0242419242859, 2236.0
0.0242428779602, 2248.0
0.0242447853088, 2313.0
0.0242459774017, 2352.0
0.0242478847504, 2374.0
0.0242488384247, 2424.0
0.0242509841919, 2469.0
0.0242519378662, 2510.0
0.0242538452148, 2580.0
0.0242547988892, 2625.0
0.0242569446564, 2692.0
0.024258852005, 2720.0
0.0242598056793, 2761.0
0.0242619514465, 2873.0
0.0242629051208, 2923.0
0.0242648124695, 2985.0
0.0242660045624, 3007.0
0.024267911911, 3024.0
0.0242688655853, 3063.0
0.0242710113525, 3102.0
0.0242719650269, 3146.0
0.0242738723755, 3186.0
0.0242760181427, 3293.0
0.024276971817, 3325.0
0.0242788791656, 3370.0
0.02427983284, 3381.0
0.0242819786072, 3461.0
0.0242829322815, 3668.0
0.0242848396301, 3713.0
0.0242857933044, 3885.0
0.0242879390717, 3914.0
0.024288892746, 3960.0
0.0242908000946, 4007.0
0.0242929458618, 4045.0
0.0242938995361, 4085.0
0.0242958068848, 4138.0
0.0242969989777, 4171.0
0.0242989063263, 4233.0
0.0242998600006, 4265.0
0.0243020057678, 4313.0
0.0243029594421, 4346.0
0.0243039131165, 4380.0
0.0243058204651, 4412.0
0.024307012558, 4478.0
0.0243089199066, 4592.0
0.0243108272552, 4651.0
0.0243120193481, 4717.0
0.0243139266968, 4778.0
0.0243148803711, 4824.0
0.0243158340454, 4854.0
0.0243179798126, 4935.0
0.0243189334869, 5003.0
0.0243208408356, 5022.0
0.0243217945099, 5065.0
0.0243239402771, 5205.0
0.0243248939514, 5270.0
0.0243268013, 5341.0
0.0243289470673, 5462.0
0.0243299007416, 5484.0
0.0243318080902, 5637.0
0.0243330001831, 5673.0
0.0243339538574, 5710.0
0.0243358612061, 5743.0
0.0243368148804, 5761.0
0.0243389606476, 5809.0
0.0243399143219, 5847.0
0.0243418216705, 5893.0
0.0243430137634, 5926.0
0.0243439674377, 5952.0
0.0243458747864, 5990.0
0.0243468284607, 6145.0
0.0243489742279, 6284.0
0.0243508815765, 6325.0
0.0243518352509, 6367.0
0.0243539810181, 6408.0
0.0243549346924, 6438.0
0.024356842041, 6500.0
0.0243577957153, 6535.0
0.0243599414825, 6586.0
0.0243608951569, 6623.0
0.0243628025055, 6702.0
0.0243639945984, 6789.0
0.0243649482727, 6951.0
0.0243668556213, 7075.0
0.0243678092957, 7130.0
0.0243699550629, 7154.0
0.0243709087372, 7183.0
0.0243728160858, 7193.0
0.0243740081787, 7244.0
0.024374961853, 7290.0
0.0243768692017, 7345.0
0.024377822876, 7410.0
0.0243799686432, 7440.0
0.0243818759918, 7467.0
0.0243828296661, 7771.0
0.024384021759, 7789.0
0.0243859291077, 7987.0
0.024386882782, 8005.0
0.0243887901306, 8042.0
0.0243899822235, 8074.0
0.0243918895721, 8110.0
0.0243928432465, 8212.0
0.0243949890137, 8387.0
0.024395942688, 8553.0
