4.45497989655, 267773
8.85487580299, 263021
13.2678668499, 258369
17.6883378029, 254118
22.0817480087, 249914
26.5206949711, 245754
30.9746539593, 241943
35.4076960087, 238182
39.8663759232, 234021
44.2770428658, 230380
48.7184898853, 226792
53.1110768318, 223514
57.4997758865, 220163
61.9174358845, 216890
66.3629748821, 213137
70.8269498348, 209618
75.2481079102, 206061
79.6440339088, 202918
84.0696518421, 199904
88.51075387, 196879
92.9452049732, 193872
97.3881628513, 190951
101.865403891, 188039
106.319849014, 185201
110.778239012, 182446
115.208010912, 179583
119.604569912, 176875
124.064451933, 174291
128.501231909, 171615
132.9255898, 169037
137.32118392, 166459
141.723430872, 163916
146.10747385, 161433
150.499192953, 158966
154.925208807, 156766
159.323941946, 154598
163.717525005, 152548
168.110570908, 150549
172.527659893, 148104
176.910079956, 145976
181.302229881, 143977
185.702265024, 142021
190.169945002, 139863
194.616019964, 137819
199.014472961, 135822
203.401639938, 133932
207.805687904, 132214
212.211298943, 130294
216.631542921, 128543
221.032021999, 126858
225.448128939, 125212
229.851625919, 123582
234.257006884, 121946
238.679911852, 120313
243.099875927, 118633
247.512709856, 117063
251.912455797, 115500
256.335453987, 114022
260.741883993, 112561
265.142601013, 111186
269.525480986, 109585
273.910378933, 108120
278.332587957, 106760
282.718822956, 105412
287.120249987, 104141
291.567020893, 102845
295.961747885, 101595
300.37330389, 100359
304.766988993, 99182
309.161262989, 97970
313.561754942, 96836
317.973929882, 95741
322.399268866, 94642
326.813359976, 93591
331.329766989, 92524
335.729549885, 91469
340.142779827, 90377
344.532176971, 89311
348.924465895, 88284
353.303107023, 87263
357.702263832, 86055
362.138594866, 85083
366.552742004, 84124
370.973081827, 83241
375.382205009, 82413
379.787460804, 81600
384.205278873, 80822
388.602360964, 80087
392.995934963, 79349
397.401434898, 78619
401.778168917, 77941
406.131483793, 77266
410.463378906, 76213
414.779330969, 75576
419.135111809, 74957
423.488652945, 74353
427.821841955, 73754
432.156013012, 73202
436.49266386, 72666
440.821313858, 72141
445.162458897, 71323
449.464020967, 70811
453.778323889, 70204
458.127136946, 69513
462.444613934, 69003
466.79182291, 68504
471.103565931, 68023
475.429727793, 67540
479.758172989, 67083
484.080130816, 66627
488.421998978, 66181
492.744692802, 65736
497.068897963, 65297
501.411481857, 64798
505.765980005, 64365
510.078373909, 63963
514.440138817, 63582
518.765338898, 63180
523.087810993, 62789
527.458640814, 62428
531.806535959, 62059
536.125128984, 61641
540.459811926, 61290
544.771404982, 60940
549.103874922, 60615
553.395327806, 60295
557.699932814, 59977
562.018502951, 59667
566.336408854, 59306
570.669262886, 59001
574.98503685, 58712
579.300755024, 58428
583.629877806, 58069
587.962345839, 57789
592.274295807, 57511
596.579495907, 57233
600.875440836, 56956
