4.32114601135, 269101
8.58517789841, 263858
12.9996199608, 258577
17.283700943, 253986
21.5516409874, 249584
25.8459219933, 245619
30.1322147846, 241476
34.436565876, 237452
38.7432658672, 233624
43.024050951, 230006
47.302038908, 226409
51.5371189117, 223003
55.7951259613, 219336
60.0466108322, 215827
64.3072679043, 212492
68.6074368954, 209178
72.8811769485, 206054
77.149949789, 203016
81.4812049866, 200086
85.8312489986, 197226
90.1047039032, 194541
94.3942828178, 191760
98.8235387802, 188990
103.102625847, 186315
107.396303892, 183643
111.662009954, 181017
115.941046953, 178471
120.224991798, 176020
124.485653877, 173570
128.765234947, 171236
132.998620987, 168655
137.232012987, 166367
141.481329918, 163900
145.716689825, 161612
149.973501921, 159374
154.230022907, 157106
158.512653828, 154852
162.796977997, 152587
167.082081795, 150334
171.329627991, 148250
175.568830967, 146241
179.810700893, 144232
184.046853781, 142059
188.348801851, 140065
192.602396011, 138087
196.869037867, 136289
201.1322999, 134512
205.410921812, 132730
209.699198961, 130966
213.94273591, 129237
218.180398941, 127556
222.433784008, 125877
226.678021908, 124217
230.976099968, 122561
235.240048885, 120895
239.46823597, 119265
243.691584826, 117583
247.970662832, 115998
252.190701962, 114475
256.436458826, 112971
260.694447994, 111514
264.920099974, 109975
269.18221283, 108538
273.412437916, 107111
277.637947798, 105697
281.889503002, 104223
286.139414787, 102865
290.419046879, 101501
294.654253006, 100156
298.906070948, 98906
303.144104958, 97494
307.367900848, 96246
311.625752926, 95051
315.873304844, 93817
320.107888937, 92624
324.360831976, 91352
328.650261879, 90401
332.904805899, 89305
337.152223825, 88277
341.419868946, 87329
345.660053968, 86227
349.941473007, 85379
354.198834896, 84361
358.480922937, 83441
362.748840809, 82630
367.028854847, 81821
371.284154892, 81017
375.527614832, 80215
379.769346952, 79459
384.015901804, 78714
388.274681807, 77971
392.580949783, 77132
396.931212902, 76395
401.22000885, 75714
405.479276896, 75055
409.786019802, 74415
414.085714817, 73779
418.360868931, 73166
422.685176849, 72562
426.955163002, 72003
431.261223793, 71479
435.5118258, 70860
439.797930956, 70341
444.066542864, 69825
448.357912779, 69176
452.708774805, 68671
457.093531847, 68169
461.428419828, 67689
465.717933893, 67216
469.982559919, 66674
474.246809959, 66201
478.504417896, 65743
482.759266853, 65286
487.011937857, 64835
491.289539814, 64393
495.525385857, 63953
499.792017937, 63516
504.068141937, 63113
508.326876879, 62555
512.641561985, 62158
516.889031887, 61670
521.165282011, 61285
525.452650785, 60919
529.751318932, 60556
533.994124889, 60210
538.224011898, 59743
542.460100889, 59178
546.712363005, 58838
550.961754799, 58514
555.23544383, 58149
559.505628824, 57827
563.727696896, 57506
567.945315838, 57185
572.194745779, 56866
576.417953968, 56548
580.647867918, 56162
584.89387989, 55869
589.225003004, 55578
593.633097887, 55304
598.059755802, 55030
602.415679932, 54702
