9.37732100487, 258288
18.5918929577, 253566
27.799546957, 248881
36.9913358688, 244289
46.1700968742, 240283
55.4281318188, 235860
64.6544249058, 231644
73.9064369202, 227644
83.3162889481, 224017
93.7288489342, 220464
103.95547986, 216916
115.594471931, 213431
126.238173962, 210017
135.925518036, 206574
146.693420887, 203158
158.109942913, 199872
169.900071859, 196695
181.03754282, 193563
191.861865044, 190683
201.952128887, 187487
213.598126888, 184706
223.611045837, 181934
234.952198029, 179212
244.427875042, 176509
253.967706919, 173941
263.968849897, 171346
273.762980938, 168765
283.414994001, 166104
293.118830919, 163695
302.738852978, 161333
312.286388874, 158997
321.941553831, 156728
331.533581018, 154316
341.160871029, 151908
350.786216974, 149734
360.264012814, 147609
369.936527014, 145554
379.607657909, 143492
389.266216993, 141491
398.697628021, 139468
408.397119999, 137490
417.779057026, 135531
427.422896862, 133607
438.458130836, 131783
450.093533993, 130054
461.486022949, 128352
473.157286882, 126627
482.901437044, 124812
492.615738869, 123116
502.307775021, 121423
512.761406898, 119730
524.002032995, 117955
536.735998869, 116423
551.439873934, 114861
563.354089975, 113383
573.984882832, 111957
584.354384899, 110566
595.285650015, 109229
604.914085865, 107674
