4.30999112129, 256172
8.54680109024, 251230
12.7916040421, 247199
17.032407999, 243240
21.2731609344, 238750
25.5348250866, 234819
29.79413414, 230888
34.046325922, 227074
38.2975411415, 223183
42.5444450378, 219641
46.8147790432, 216029
51.0476460457, 212699
55.2734560966, 209460
59.5253429413, 206207
63.7696900368, 202870
68.0385689735, 199549
72.3014349937, 196349
76.5491859913, 193208
80.7998580933, 190207
85.0657880306, 187089
89.3109030724, 183992
93.5462310314, 181301
97.7811939716, 178492
102.018270016, 175584
106.289741039, 173012
110.541052103, 170517
114.790470123, 168029
119.078238964, 165554
123.349740028, 163171
127.629163027, 160838
131.88478899, 158550
136.157273054, 156421
140.413439989, 154146
144.665905952, 151851
148.939708948, 149618
153.203166962, 147252
157.460843086, 145026
161.727257967, 142847
166.025715113, 140759
170.27759099, 138810
174.527460098, 136735
178.776401997, 134697
183.022011042, 132665
187.300493956, 130721
191.560610056, 128885
195.833884954, 126919
200.119722128, 125114
204.453054905, 123313
208.743742943, 121598
212.988713026, 119942
217.250453949, 118279
221.492769957, 116610
225.742598057, 114961
230.015175104, 113320
234.271337032, 111769
238.53400898, 110195
242.804146051, 108657
247.111190081, 107140
251.371042967, 105651
255.624629021, 104221
259.90132308, 102757
264.204786062, 101341
268.500178099, 99940
272.775949955, 98290
277.054497004, 96920
281.310451984, 95607
285.561173916, 94233
289.82790494, 93073
294.079299927, 91923
298.353442907, 90814
302.607968092, 89736
306.85836792, 88683
311.154343128, 87615
315.453197002, 86581
319.761065006, 85531
324.08189106, 84517
328.407896042, 83502
332.713347912, 82493
336.987184048, 81514
341.239224911, 79867
345.47457695, 78936
349.754555941, 77996
354.008054972, 77192
358.257394075, 76403
362.514068127, 75540
366.79575491, 74605
371.055807114, 73730
375.296092033, 72922
379.534773111, 72088
383.77562809, 71397
387.998238087, 70647
392.266840935, 69928
396.590734005, 69227
400.86262393, 68623
405.133939981, 67811
409.423923969, 67240
413.691366911, 66683
417.959604025, 66126
422.272473097, 65421
426.553884029, 64878
430.857069016, 64341
435.141109943, 63504
439.410332918, 62998
443.685476065, 62396
447.955625057, 61846
452.253235102, 61297
456.524183035, 60826
460.802653074, 60367
465.079185009, 59935
469.329683065, 59504
473.615926027, 59074
477.872287035, 58663
482.116648912, 58260
486.375730991, 57861
490.660526991, 57419
494.936552048, 57071
499.24327898, 56724
503.510327101, 56318
507.791638136, 55950
512.119085073, 55624
516.379354, 55307
520.638041019, 54992
524.915287971, 54691
529.23014307, 54395
533.50443697, 54102
537.753906012, 53816
542.005286932, 53542
546.265686035, 53282
550.526286125, 53031
554.801696062, 52755
559.083913088, 52521
563.368494987, 52322
567.632972002, 52124
571.949532032, 51932
576.213954926, 51741
580.502887964, 51497
584.771347046, 51312
589.04462409, 51134
593.370142937, 50968
597.674834967, 50799
601.923056126, 50651
