4.49404501915, 265705
8.88394904137, 260041
13.3251209259, 254911
17.7808330059, 250114
22.1977610588, 245275
26.6269979477, 240676
31.0218658447, 236547
35.4169139862, 232647
39.8432328701, 228677
44.2679798603, 225003
48.6700248718, 221486
53.0448849201, 217982
57.4607169628, 214722
61.833026886, 211497
66.2338809967, 208295
70.652397871, 205250
75.090572834, 202284
79.5085370541, 199421
83.9355909824, 196232
88.397094965, 193464
92.7796919346, 190735
97.2099349499, 188044
101.591872931, 185454
105.982660055, 182862
110.414578915, 180176
114.813182831, 177554
119.190616846, 174989
123.588119984, 172394
127.982137918, 169575
132.369180918, 167031
136.731065989, 164585
141.094347, 162222
145.474752903, 159838
149.868093014, 157478
154.327374935, 155146
158.746402025, 152985
163.22517395, 150712
167.639699936, 148718
172.092888832, 146500
176.476636887, 144484
180.86922884, 142403
185.244271994, 140415
189.617291927, 138432
194.050112009, 136490
198.439512014, 134428
202.853456974, 132511
207.260339975, 130705
211.665842056, 128919
216.073793888, 127091
220.460291862, 125351
224.888891935, 123668
229.283735991, 121937
233.661839008, 120259
238.080369949, 118664
242.471109867, 117082
246.873471975, 115646
251.289726019, 114262
255.721320868, 112879
260.121384859, 111508
264.506957054, 110191
268.881562948, 108880
273.338975906, 107574
277.818511009, 106248
282.246539831, 104963
286.655974865, 103724
291.059908867, 102492
295.444370031, 101292
299.851917028, 100094
304.219070911, 98970
308.551031828, 97853
312.862753868, 96441
317.154154062, 95368
321.512570858, 94254
325.817514896, 93211
330.141954899, 92191
334.48161006, 91204
338.840198994, 90211
343.237408876, 89237
347.587982893, 88288
351.895216942, 87324
356.192890882, 86456
360.551270008, 85584
364.875359058, 84752
369.195255041, 83885
373.534433842, 82972
377.846314907, 82143
382.178853035, 81355
386.487746954, 80625
390.797749043, 79674
395.101423025, 78964
399.404927969, 78260
403.743875027, 77547
408.065444946, 76517
412.383947849, 75853
416.700716019, 75213
421.055228949, 74596
425.375788927, 73923
429.699205875, 73285
434.001382828, 72568
438.311307907, 71955
442.633164883, 71361
446.954434872, 70806
451.264581919, 70213
455.596894979, 69665
459.913640976, 68843
464.234679937, 68281
468.532831907, 67704
472.891371965, 67173
477.251971006, 66656
481.595175982, 66115
485.952649832, 65562
490.271040916, 65069
494.573169947, 64565
498.888205051, 64072
503.230408907, 63588
507.521744967, 63149
511.815320015, 62596
516.143188953, 62183
520.42718792, 61789
524.749527931, 61418
529.060385942, 60969
533.36085701, 60562
537.712836981, 60206
542.023511887, 59857
546.345075846, 59526
550.632058859, 59158
554.940690994, 58830
559.23111701, 58511
563.524991035, 58195
567.865300894, 57884
572.185168982, 57573
576.496109962, 57259
580.829735994, 56949
585.185883045, 56649
589.47713685, 56350
593.77280283, 56051
598.062314034, 55755
602.34333396, 55465
