4.18572402, 263045
8.3616130352, 256960
12.5404748917, 251900
16.7097048759, 247269
20.9357059002, 243145
25.103427887, 238745
29.2793898582, 234631
33.4456250668, 230601
37.6515550613, 226963
41.8157010078, 223318
45.9787518978, 219612
50.164470911, 215720
54.3522520065, 212022
58.5484969616, 208460
62.7499029636, 204991
66.93126297, 201568
71.0937199593, 198205
75.2667889595, 194754
79.4875090122, 191347
83.65279603, 187985
87.8228189945, 184771
91.9988539219, 181769
96.1573219299, 178862
100.376236916, 176008
104.547474861, 173174
108.711959839, 170515
112.889252901, 167927
117.098580837, 165348
121.272294998, 162707
125.435560942, 160153
129.602283001, 157645
133.769584894, 155165
137.965898991, 152722
142.141293049, 150368
146.294313908, 148027
150.47477603, 145822
154.63683486, 143684
158.849185944, 141618
163.016802073, 139489
167.177049875, 137234
171.346304893, 135153
175.514225006, 133100
179.736783981, 131064
183.894379854, 128936
188.061886072, 127113
192.228793859, 125364
196.422796965, 123623
200.579319, 121790
204.742017984, 120082
208.909318924, 118362
213.081791878, 116732
217.287143946, 115107
221.456164837, 113441
225.643049955, 111763
229.801898003, 110273
233.96963501, 108690
238.176187038, 107214
242.341016054, 105814
246.507622957, 104544
250.676883936, 103288
254.837645054, 102038
259.062463999, 100795
263.220963955, 99604
267.397143841, 98405
271.570436954, 97261
275.773208857, 96122
279.946750879, 94981
284.10630703, 93919
288.274481058, 92884
292.444936991, 91859
296.643244028, 90855
300.819967985, 89873
304.981642008, 88944
309.145410061, 88033
313.31399107, 87158
317.532598019, 86344
321.70072794, 85368
325.860751867, 84432
330.029106855, 83640
334.195936918, 82853
338.420109034, 81700
342.584295034, 80732
346.745969057, 79883
350.917029858, 79124
355.128831863, 78400
359.296000957, 77703
363.454233885, 76902
367.615346909, 76215
371.775821924, 75583
375.978237867, 74870
380.148571014, 74254
384.308871031, 73672
388.469410896, 72973
392.645869017, 72399
396.859920979, 71841
401.017740965, 71294
405.191347837, 70761
409.381206036, 70240
413.539104939, 69702
417.764524937, 69184
421.928706884, 68584
426.085780859, 68067
430.254958868, 67554
434.466052055, 67059
438.626790047, 66565
442.782927036, 66074
446.946815968, 65599
451.11083889, 65132
455.317860842, 64656
459.478399992, 64196
463.639649868, 63642
467.794242859, 62872
471.956943035, 62420
476.166198015, 61927
480.329409838, 61465
484.497910976, 61027
488.665258884, 60597
492.825520992, 60196
497.047631025, 59828
501.213728905, 59476
505.372148037, 59065
509.543693066, 58721
513.735599041, 58377
517.895005941, 57884
522.037032843, 57545
526.190243006, 57225
530.346071005, 56814
534.53666687, 56506
538.696001053, 56213
542.855027914, 55923
547.003427029, 55643
551.162220001, 55378
555.365629911, 55122
559.522780895, 54888
563.674974918, 54656
567.844936848, 54426
571.995004892, 54198
576.204936981, 53983
580.365795851, 53762
584.522871971, 53547
588.677589893, 53340
592.873133898, 53134
597.028538942, 52852
601.181509018, 52646
605.339033842, 52441
609.493157864, 52241
613.685183048, 52042
617.846385002, 51844
621.997628927, 51556
626.148206949, 51317
630.30201602, 51123
634.501988888, 50889
638.651277065, 50697
642.807780981, 50506
646.964037895, 50321
651.115488052, 50126
655.32929492, 49874
659.483106852, 49683
663.646071911, 49502
667.815181971, 49265
672.014831066, 49088
676.180737972, 48868
680.335180044, 48715
684.495975971, 48563
688.650138855, 48426
692.841351986, 48290
697.009348869, 48154
701.163687944, 48022
705.310867071, 47898
709.463665009, 47775
713.6682899, 47539
717.804838896, 47420
721.959235907, 47303
726.122854948, 47186
730.27402997, 47074
734.489328861, 46964
738.633872032, 46858
742.795701981, 46676
746.953577042, 46570
751.142669916, 46466
755.297674894, 46364
759.443093061, 46269
763.602386951, 46177
767.757871866, 46089
771.946120977, 46015
776.101701021, 45945
780.263664007, 45853
784.423022985, 45787
788.582517862, 45724
792.786077023, 45659
796.929466963, 45603
801.09208703, 45552
805.255398989, 45501
809.404254913, 45451
813.617832899, 45404
817.780659914, 45358
821.947314024, 45313
826.117259026, 45269
830.31949091, 45227
834.475640059, 45188
838.621155977, 45152
842.775053978, 45123
846.925482035, 45098
851.11233592, 45074
855.286251068, 45050
859.448416948, 45028
863.605587006, 45008
867.793037891, 44993
872.034164906, 44980
876.192275047, 44970
880.357332945, 44926
884.526551008, 44919
888.680220842, 44914
892.888435841, 44910
897.057538033, 44901
901.210903883, 44897
905.368342876, 44895
909.57170105, 44870
913.724583864, 44869
1769.83686304, 44764
1773.99362493, 44750
1778.16697001, 44513
1782.36376691, 44498
1786.51952195, 44487
1790.678936, 44477
