0.812143087387, 47060.0
14.7934710979, 46989
17.1030380726, 46907
40.3002970219, 46811
42.6428630352, 46793
44.9524540901, 46673
70.4878180027, 46621
77.4371290207, 46591
315.740669012, 46478
318.059075117, 46418
320.388533115, 46398
322.7063241, 46352
334.255271912, 46269
341.205753088, 46237
348.18305397, 46156
355.110424042, 46121
364.405184031, 46016
378.319180965, 45925
382.968261003, 45906
389.924890995, 45841
392.271661997, 45783
399.22902894, 45752
406.201710939, 45672
408.510745049, 45636
417.76111412, 45582
