4.19598603249, 266750
8.35969591141, 261754
12.5295488834, 256964
16.7618668079, 252419
20.9297749996, 247909
25.1079418659, 243772
29.3063528538, 239975
33.484746933, 236315
37.692481041, 232611
41.870388031, 228996
46.0319578648, 225393
50.1960048676, 221877
54.4150578976, 218327
58.6098868847, 214848
62.7790670395, 211502
66.9631919861, 208090
71.1378409863, 204861
75.3432109356, 201792
79.5253930092, 198836
83.7004108429, 196108
87.86459589, 193347
92.0445728302, 190701
96.2722098827, 188003
100.449291945, 185287
104.633423805, 182717
108.804550886, 180156
112.98177886, 177620
117.214465857, 175068
121.383723021, 172574
125.554625034, 170170
129.719558954, 167873
133.930794001, 165556
138.105146885, 163236
142.288121939, 160789
146.47405386, 158499
150.651300907, 156341
154.864584923, 154236
159.038173914, 152252
163.20005393, 150281
167.364850998, 148232
171.53744483, 146296
175.760684967, 144329
179.930143833, 142426
184.097054005, 140481
188.523736954, 138592
192.692715883, 136650
196.90458703, 134731
201.073539019, 132891
205.238804817, 131195
209.396443844, 129575
213.596642971, 127836
217.779677868, 125965
221.949596882, 124314
226.132033825, 122577
230.33720994, 121015
234.538064957, 119447
238.706939936, 117984
242.872061014, 116465
247.036085844, 114920
251.213033915, 113461
255.457521915, 112021
259.62864399, 110566
263.809278965, 109269
268.002417803, 107972
272.172958851, 106610
276.392458916, 105325
280.588737011, 104069
284.753734827, 102795
288.912014008, 101580
293.112494946, 100369
297.275529861, 99376
301.441051006, 98359
305.608830929, 97379
309.776002884, 96353
313.981161833, 95288
318.169065952, 94310
322.330204964, 93260
326.493602991, 92312
330.708356857, 91388
334.929539919, 90468
339.098219872, 89556
343.264818907, 88682
347.437132835, 87817
351.618821859, 86801
355.826426029, 85981
359.989876032, 85042
364.156801939, 84237
368.304126024, 83442
372.501662016, 82633
376.668116808, 81856
380.829298019, 81093
385.004491806, 80346
389.189036846, 79658
393.396258831, 78970
397.580411911, 78078
401.75245595, 77419
405.918151855, 76575
410.087306976, 75933
414.307929993, 75145
418.47803998, 74470
422.646976948, 73841
426.843739033, 73198
431.007659912, 72476
435.213616848, 71880
439.376632929, 71296
443.540397882, 70719
447.700614929, 70171
451.909787893, 69613
456.089426994, 69092
460.263238907, 68591
464.456712008, 67941
468.636078835, 67429
472.852300882, 66888
477.014111996, 66390
481.204053879, 65916
485.355202913, 65469
489.52580595, 65048
493.750169039, 64502
497.927256823, 64109
502.094375849, 63694
506.274540901, 63307
510.445282936, 62946
514.64988184, 62598
518.817864895, 62258
523.104678869, 61923
527.276610851, 61592
531.475744009, 61263
535.651890039, 60961
539.817127943, 60664
543.999893904, 60371
548.182332993, 60022
552.419965029, 59732
556.575902939, 59449
560.771761894, 59167
564.936451912, 58899
569.098723888, 58636
573.314051867, 58382
577.474574804, 58129
581.628849983, 57842
585.795976877, 57598
589.95498395, 57355
594.169009924, 57113
598.325204849, 56870
602.49494791, 56633
606.644909859, 56398
610.836447001, 56178
615.009742975, 55937
619.176820993, 55721
623.341779947, 55507
627.510110855, 55228
631.742211819, 55025
635.905002832, 54828
640.078344822, 54644
644.236752987, 54461
648.387650013, 54204
652.605541945, 54022
656.766952038, 53810
660.920460939, 53616
665.080602884, 53426
669.24080801, 53233
673.445212841, 53052
677.608428955, 52872
681.775844812, 52695
685.933198929, 52527
690.125620842, 52362
694.285634041, 52201
698.457361937, 51951
702.628427029, 51799
706.790748835, 51662
711.001693964, 51528
715.172982931, 51396
719.340837002, 51210
723.515743971, 51082
727.67896986, 50962
731.888041019, 50845
736.057045937, 50737
740.209606886, 50631
744.389514923, 50533
748.555299997, 50436
752.757026911, 50346
756.92560792, 50256
761.078411818, 50122
765.230235815, 50033
769.428563833, 49833
773.594273806, 49747
777.749531984, 49667
781.917040825, 49589
786.07700491, 49516
790.279279947, 49448
794.451372862, 49384
798.612905025, 49218
802.768522978, 49162
806.948298931, 49042
811.205173016, 48987
815.37269783, 48928
819.545047998, 48875
823.712219, 48826
827.869907856, 48729
832.075268984, 48644
836.238564014, 48599
840.397868872, 48557
844.547266006, 48515
848.739773989, 48474
852.908665895, 48452
857.070894957, 48430
861.232579947, 48114
865.399664879, 48094
869.595847845, 48075
873.756364822, 48059
877.906082869, 48045
882.054033995, 48031
886.212056875, 48019
890.421602011, 47959
894.58702302, 47952
898.743249893, 47946
902.939639807, 47942
907.109131813, 47910
911.316411972, 47909
915.474511862, 47908
1713.27156186, 47865
1717.4202919, 47810
1721.60962486, 47754
1725.77290392, 47700
1729.9622159, 47652
1734.13431382, 47605
1738.30167794, 47560
1742.49989295, 47516
1746.678653, 47477
1750.83948588, 47402
1754.99918389, 47366
1759.16950989, 47335
1763.38262701, 47299
1767.57273793, 47197
1771.72305298, 47167
1775.89010882, 47142
1780.0536139, 47117
1784.25085688, 47042
1788.39839888, 46986
1792.55012989, 46966
1796.69998598, 46947
1800.89351487, 46929
