0.943692922592, 47060.0
284.345708132, 46915
286.695460081, 46846
293.744158983, 46768
303.231292009, 46701
307.972923994, 46644
310.330811024, 46562
312.689697027, 46526
319.774832964, 46461
326.836805105, 46423
336.287436008, 46420
345.787619114, 46324
352.89250493, 46170
357.622949123, 46140
360.024837017, 46074
362.422832012, 46048
367.168397903, 46007
369.539446115, 45995
371.895998001, 45945
374.305186033, 45889
381.511106968, 45871
386.317956924, 45837
393.431864023, 45828
402.820372105, 45818
419.417961121, 45765
424.139132023, 45677
426.545732975, 45630
