4.66531896591, 270192
9.07725596428, 265198
13.6654350758, 260265
18.115901947, 255411
22.6436929703, 250867
27.3517410755, 246471
31.9133338928, 242159
36.4769380093, 238423
41.7627470493, 234395
46.4341659546, 230418
51.009996891, 226701
55.7191510201, 223095
60.653181076, 219499
65.6914000511, 215987
70.6430060863, 212477
77.8162648678, 209117
85.7220618725, 205850
95.5737528801, 202530
105.569401026, 199285
115.35589695, 196137
124.953419924, 193000
135.424892902, 190023
147.766328096, 186802
158.342259884, 183839
171.194968939, 180941
181.546266079, 178054
191.642695904, 175484
201.732583046, 172964
211.743766069, 170171
221.936681986, 167590
233.930099964, 165025
244.72044301, 162520
256.06170702, 160128
265.901381969, 157788
276.437906981, 155379
285.983300924, 152988
295.504545927, 150685
305.172479868, 148513
314.911537886, 146268
324.582671881, 144138
334.138783932, 141938
343.689672947, 139824
353.820369959, 137566
363.690494061, 135666
373.213619947, 133707
382.765141964, 131766
392.382977962, 129946
401.96071887, 128177
411.816127062, 126405
421.323417902, 124674
431.189929962, 122970
441.181218863, 121259
451.249294996, 119621
461.24210906, 117977
471.729881048, 116348
482.090511084, 114760
491.829297066, 113417
502.25652194, 111854
514.150597095, 110416
523.828150034, 109077
535.854665995, 107746
546.897495031, 106463
558.836876869, 105244
570.598073006, 104049
583.385822058, 102801
595.456763029, 101671
609.805731058, 100557
