4.18924093246, 265786
8.36133289337, 261141
12.5805180073, 256530
16.7567458153, 252579
20.9321808815, 248105
25.1165368557, 243907
29.3290629387, 240077
33.5045959949, 236431
37.6881849766, 232834
41.8691468239, 229241
46.0378170013, 225848
50.2632749081, 222488
54.4331059456, 219257
58.590503931, 216043
62.7547078133, 212845
66.9213318825, 209677
71.1310148239, 206585
75.3020009995, 203449
79.4774959087, 200462
83.6589269638, 197188
87.8253128529, 194379
92.0488908291, 191494
96.2190208435, 188643
100.384954929, 185959
104.552363873, 183154
108.757376909, 180448
112.923734903, 177820
117.101591825, 175267
121.275244951, 172643
125.449835777, 170018
129.667734861, 167612
133.829813957, 165244
137.986854792, 163020
142.170786858, 160730
146.35916996, 158410
150.591806889, 156101
154.758391857, 153959
158.953030825, 151858
163.14001298, 149616
167.317395926, 147625
171.536412954, 145593
175.707796812, 143493
179.860781908, 141568
184.02399683, 139544
188.240795851, 137699
192.414283991, 135828
196.58423686, 133841
200.76608181, 132027
204.921661854, 130283
209.13061285, 128534
213.292578936, 126718
217.453803778, 124940
221.622641802, 123132
225.794504881, 121400
230.006455898, 119702
234.161101818, 118053
238.329480886, 116526
242.491998911, 115024
246.676632881, 113395
250.897779942, 111907
255.076519966, 110479
259.245019913, 109147
263.40536499, 107731
267.608124971, 106463
271.785584927, 105042
275.95566988, 103743
280.128770828, 102470
284.300917864, 101223
288.506991863, 99987
292.664319992, 98771
296.824639797, 97585
300.992660999, 96353
305.15314889, 95210
309.360307932, 94128
313.523539782, 93094
317.687253952, 92088
321.855821848, 91094
326.014083862, 90170
330.228803873, 89082
334.38662982, 88160
338.540904999, 87130
342.712400913, 86165
346.917201996, 85208
351.096190929, 84265
355.280929804, 83374
359.467176914, 82418
363.645027876, 81602
367.864911795, 80788
372.027770996, 79976
376.207849979, 79238
380.368793964, 78431
384.527706861, 77763
388.737865925, 77111
392.896286964, 76344
397.068518877, 75707
401.24047184, 75080
405.405212879, 74437
409.616182804, 73824
413.767666817, 73223
417.911761999, 72627
422.064034939, 72005
426.28841877, 71414
430.449616909, 70869
434.631175995, 70346
438.788522959, 69825
442.949657917, 69305
447.156486988, 68754
451.322851896, 68250
455.485842943, 67740
459.639402866, 67224
463.802676916, 66723
468.009720802, 66224
472.158886909, 65747
476.322857857, 65277
480.500706911, 64860
484.649809837, 64449
489.018545866, 64049
493.169934988, 63668
497.310881853, 63314
501.467426777, 62933
505.661864996, 62532
509.837055922, 62179
514.005485773, 61847
518.163800001, 61527
522.320755959, 61213
526.523914814, 60912
530.705750942, 60620
534.85053587, 60333
539.007533789, 60046
543.167519808, 59767
547.371159792, 59492
551.522187948, 59222
555.685624838, 58954
559.848622799, 58665
564.012167931, 58397
568.220303774, 58114
572.376426935, 57852
576.527660847, 57591
580.677598953, 57340
584.867033958, 57092
589.026130915, 56844
593.188269854, 56596
597.344363928, 56350
601.499172926, 55989
605.708333969, 55736
609.863763809, 55499
614.007426977, 55296
618.167513847, 55061
622.327829838, 54862
626.528855801, 54677
630.689585924, 54492
634.841069937, 54308
638.994762897, 54133
643.146653891, 53561
647.385109901, 53393
651.546829939, 53226
655.71032691, 53060
659.862353802, 52895
664.058524847, 52738
668.218999863, 52584
672.382759809, 52433
676.54052186, 52287
680.687906981, 52146
684.887560844, 52005
689.039178848, 51816
693.209517002, 51678
697.386291981, 51541
701.541512966, 51407
705.749879837, 51279
709.9115839, 51168
714.073959827, 51016
718.229150772, 50911
722.385114908, 50669
726.592540979, 50536
730.763835907, 50432
734.92134285, 50329
739.105358839, 50226
743.300267935, 49878
747.45692277, 49698
751.624603987, 49599
755.779860973, 49422
759.935267925, 49325
764.139440775, 49230
768.300674915, 49138
772.446680784, 49047
776.605826855, 48960
780.777399778, 48873
784.98621583, 48787
789.147439003, 48702
793.30023694, 48586
797.461388826, 48506
801.617343903, 48431
805.818231821, 48361
809.972704887, 48296
814.126196861, 48242
818.290488958, 48105
822.489712, 48053
826.644709826, 48004
830.806676865, 47956
834.976452827, 47914
839.146262884, 47879
843.351316929, 47786
847.512406826, 47755
851.675747871, 47725
855.843066931, 47699
859.998955965, 47673
864.200917959, 47648
868.344436884, 47624
872.520951986, 47478
876.665507793, 47335
880.815810919, 47313
885.02818799, 47291
889.1860888, 47271
893.336714983, 47251
897.509653807, 47238
901.704437971, 47227
905.864718914, 47216
910.030345917, 47206
914.189933777, 47130
918.347508907, 47120
922.550911903, 47111
926.700303793, 47039
930.853293896, 47035
1791.39074993, 47022
1795.59275079, 46841
1799.75158978, 46711
1803.91132283, 46657
