4.23532104492, 252532
8.48070001602, 247889
12.7508299351, 243493
16.9808709621, 239304
21.2247180939, 235118
25.4602720737, 230027
29.7024459839, 226380
33.9848248959, 222771
38.2214488983, 219244
42.4563159943, 215723
46.6793279648, 212273
50.907351017, 208878
55.2031960487, 205488
59.4205040932, 202333
63.6479680538, 199209
67.8586978912, 196220
72.080878973, 193117
76.3723011017, 190216
80.6137058735, 187189
84.8334269524, 184287
89.0674059391, 181408
93.3267440796, 178539
97.5502820015, 175234
101.775942087, 172446
105.979875088, 169786
110.192203045, 167076
114.542831898, 164229
118.752825975, 161566
122.968545914, 158974
127.184544086, 156420
131.409254074, 153862
135.673481941, 151339
139.878372908, 148509
144.104506969, 146185
148.319216967, 143858
152.516652107, 141759
156.795027971, 139691
161.001522064, 137672
165.204488993, 135667
169.415953875, 133599
173.669203043, 131504
177.878138065, 129557
182.104645967, 127633
186.324538946, 125763
190.532456875, 124091
194.784252882, 122392
199.022439957, 120720
203.224226952, 118728
207.441056967, 117109
211.678622961, 115523
215.932950974, 113940
220.136554956, 112291
224.349976063, 110794
228.569643021, 109227
232.792943001, 107699
237.065955877, 106182
241.280101061, 104738
245.49050808, 103333
249.71458292, 101952
253.955947876, 100515
258.169246912, 99110
262.389292955, 97744
266.603414059, 96311
270.825735092, 94956
275.08126092, 93620
279.276618004, 92401
283.485878944, 91331
287.702881098, 90242
291.905006886, 89174
296.170557022, 88074
300.404100895, 87031
304.639949083, 85856
308.860491991, 84846
313.071746111, 83780
317.342602968, 82772
321.571367025, 81797
325.784671068, 80792
330.002650023, 79917
334.286393881, 79054
338.490879059, 78135
342.697717905, 77187
346.909826994, 76291
351.107577085, 75477
355.361681938, 74721
359.569730997, 73981
363.771043062, 73281
367.987639904, 72587
372.195946932, 71894
376.459078074, 71205
380.671674013, 70551
384.883559942, 69921
389.075035095, 69299
393.274007082, 68592
397.568078995, 67762
401.77493, 67141
405.988902092, 66521
410.205183029, 65965
414.446541071, 65419
418.658792019, 64875
422.874082088, 64354
427.078244925, 63877
431.268970013, 63406
435.53382206, 62963
439.73930192, 62521
443.959362984, 62085
448.180032969, 61695
452.400121927, 61326
456.683796883, 60874
460.883322954, 60510
465.090652943, 60142
469.302932024, 59786
473.523703098, 59459
477.807365894, 59134
482.023416996, 58650
486.228854895, 58326
490.443738937, 57849
494.691515923, 57533
498.894102097, 57239
503.098953009, 56878
507.304977894, 56597
511.503102064, 56317
515.767271042, 56053
519.968142986, 55790
524.159066916, 55488
528.370596886, 55228
532.597977877, 54970
536.858697891, 54714
541.060565948, 54458
545.264986992, 54204
549.468445063, 53942
553.681967974, 53688
557.946053028, 53442
562.156667948, 53204
566.351449013, 52979
570.571801901, 52726
574.824209929, 52476
579.020549059, 52267
583.214485884, 52059
587.417000055, 51853
591.612355947, 51651
595.863564968, 51444
600.072635889, 51252
604.265920877, 51060
608.46766901, 50879
612.679310083, 50701
616.928243876, 50505
621.128515005, 50234
625.322374105, 50057
629.515655994, 49881
633.707403898, 49715
637.965420008, 49550
642.168499947, 49202
646.356801033, 48987
650.589732885, 48829
654.857312918, 48682
659.041384935, 48543
663.253556967, 48406
667.475790977, 48273
671.677870035, 48144
675.933377028, 48017
680.140712976, 47905
684.337387085, 47795
688.552881956, 47687
692.762253046, 47491
697.019313097, 47384
701.221837044, 47282
705.427494049, 47182
709.820416927, 47086
713.965343952, 46974
718.176258087, 46880
722.338207006, 46710
726.488916874, 46554
730.644957066, 46456
734.841001987, 46364
738.993608952, 46287
743.141740084, 46214
747.286139965, 46147
751.432794094, 46032
755.634083033, 45970
759.788727999, 45850
763.944207907, 45770
768.103614092, 45617
772.2547369, 45472
776.461592913, 45411
780.610074997, 45356
784.75630188, 45303
788.903244972, 45029
793.039668083, 44981
797.245276928, 44935
801.401648998, 44848
805.545640945, 44806
809.688369989, 44766
813.87813592, 44727
818.028199911, 44692
822.18255496, 44660
826.331932068, 44630
830.48043108, 44605
834.667259932, 44581
838.834402084, 44558
842.984584093, 44450
847.149379015, 44433
851.300302982, 44421
855.490707874, 44410
859.660434961, 44404
863.818305016, 44400
867.968863964, 44384
