4.39238715172, 258781
8.72536706924, 254194
13.0596082211, 249730
17.3930652142, 245236
21.7452921867, 241285
26.1072001457, 237334
30.4224791527, 233389
34.733823061, 229541
39.0615711212, 225932
43.3965711594, 222535
47.7541131973, 219198
52.0750172138, 215806
56.4204990864, 212341
60.757117033, 209064
65.0910930634, 205801
69.4308331013, 202664
73.7710630894, 199596
78.1132411957, 196578
82.4257001877, 193630
86.7604210377, 190700
91.0676250458, 187867
95.402187109, 185095
99.7346332073, 182423
104.066740036, 179722
108.424202204, 176992
112.737375021, 174332
117.065289021, 171685
121.399918079, 169147
125.729919195, 166598
130.056512117, 164123
134.381060123, 161665
138.706671, 159216
143.04303813, 156921
147.338958025, 154628
151.670372009, 152426
155.999085188, 149892
160.288474083, 147647
164.623163223, 145449
168.963768005, 143308
173.247887135, 141185
177.579421997, 139065
181.869026184, 137022
186.281467199, 135022
190.67874217, 133238
195.030413151, 131280
199.40002203, 129358
203.777684212, 127693
208.1544981, 125920
212.487600088, 124156
216.807212114, 122429
221.132462025, 120771
225.459825039, 119053
229.786079168, 117426
234.144278049, 115816
238.458511114, 114171
242.781012058, 112617
247.103268147, 111145
251.454814196, 109681
255.77426219, 108246
260.085884094, 106892
264.417606115, 105533
268.755219221, 104208
273.125536203, 102825
277.470194101, 101530
281.810810089, 100238
286.127447128, 98693
290.46290803, 97441
294.805857182, 96204
299.164962053, 95090
303.493667126, 93997
307.823792219, 92756
312.132070065, 91685
316.500460148, 90671
320.850977182, 89568
325.242734194, 88557
329.612260103, 87622
333.992328167, 86688
338.343931198, 85740
342.663222075, 84825
346.993438005, 83947
351.313184023, 82984
355.674885035, 82134
360.027061224, 81164
364.375916004, 80347
368.732872009, 79586
373.051225185, 78748
377.406719208, 78022
381.733299017, 77302
386.08152318, 76623
390.417923212, 75763
394.751682997, 75089
399.088571072, 74434
403.440952063, 73791
407.759299994, 73186
412.093821049, 72586
416.430057049, 71998
420.754368067, 71419
425.069136143, 70846
429.392873049, 70249
433.700707197, 69695
438.044450998, 69171
442.381796122, 68650
446.719978094, 68133
451.049454212, 67642
455.401717186, 67158
459.782505035, 66671
464.109158039, 66254
468.449273109, 65815
472.778416157, 65437
477.135253191, 65073
481.486531019, 64713
485.800153017, 64364
490.11096406, 63793
494.45569706, 63464
498.801259041, 63044
503.145469189, 62581
507.493884087, 62228
511.79630208, 61905
516.087376118, 61543
520.461001158, 61194
524.803157091, 60873
529.123914003, 60543
533.454974174, 60226
537.811598063, 59871
542.21276021, 59557
546.522074223, 59262
550.863256216, 58968
555.283541203, 58681
559.630828142, 58406
564.018627167, 58092
568.360743046, 57789
572.699928045, 57490
577.049677134, 57224
581.414698124, 56966
585.734383106, 56726
590.038480043, 56462
594.345702171, 56223
598.693252087, 55990
603.082539082, 55762
