0.0437610149384, 1449
0.0437808036804, 1728
0.0437829494476, 1972
0.0437839031219, 2669
0.0437858104706, 2790
0.0437870025635, 3086
0.0437879562378, 3250
0.0437898635864, 3479
0.0437908172607, 3728
0.0437920093536, 3949
0.043792963028, 4086
0.0437948703766, 4293
0.0437958240509, 4422
0.0437970161438, 4590
0.0437979698181, 4715
0.0437998771667, 5322
0.0438008308411, 5533
0.043802022934, 5715
0.0438039302826, 5894
0.0438048839569, 6064
0.0438058376312, 6161
0.0438070297241, 6372
0.0438089370728, 6877
0.0438098907471, 7052
0.0438108444214, 7202
0.0438129901886, 7277
0.0438139438629, 7427
0.0438148975372, 7522
0.0438168048859, 7650
0.0438179969788, 7751
0.0438189506531, 7803
0.0438208580017, 7849
0.043821811676, 7949
0.0438230037689, 8078
0.0438239574432, 8228
0.0438249111176, 8293
0.0438268184662, 8473
0.0438280105591, 8575
0.0438289642334, 8774
0.0438299179077, 8951
0.0438318252563, 9038
0.0438330173492, 9659
0.0438339710236, 9756
0.0438358783722, 10093
0.0438368320465, 10460
0.0438380241394, 11255
0.043839931488, 12692
0.0438408851624, 14198
0.0438418388367, 18076
0.0438439846039, 18216
0.0438449382782, 18819
0.0438458919525, 18978
0.0438468456268, 19101
0.0438477993011, 19142
0.0438499450684, 19227
0.0438508987427, 19303
0.0438528060913, 19339
0.0438539981842, 19485
0.0438549518585, 19688
0.0438559055328, 19767
0.0438568592072, 19811
0.0438578128815, 19861
0.0438599586487, 19927
0.043860912323, 20205
0.0438618659973, 20229
0.0438640117645, 20286
0.0438649654388, 20320
0.0438659191132, 20334
0.0438668727875, 20355
0.0438690185547, 20384
0.043869972229, 20402
0.0438709259033, 20452
0.043872833252, 20758
0.0438740253448, 20842
0.0438749790192, 20957
0.0438768863678, 21073
0.0438778400421, 21141
0.043879032135, 21219
0.0438809394836, 21271
0.043881893158, 21384
0.0438828468323, 21434
0.0438838005066, 21542
0.0438859462738, 21788
0.0438868999481, 22054
0.0438878536224, 22240
0.0438888072968, 22287
0.043890953064, 22366
0.0438919067383, 22464
0.0438928604126, 22555
0.0438938140869, 22645
0.0438959598541, 22751
0.0438969135284, 22849
0.0438978672028, 22986
0.0438988208771, 23096
0.04390001297, 23247
0.0439019203186, 23390
0.0439028739929, 23526
0.0439038276672, 23642
0.0439050197601, 23814
0.0439069271088, 23879
0.0439078807831, 24044
0.0439088344574, 24150
0.0439100265503, 24291
0.0439119338989, 24410
0.0439128875732, 24559
0.0439138412476, 24570
0.0439150333405, 24726
0.0439159870148, 24992
0.0439178943634, 25289
0.0439188480377, 25370
0.043919801712, 25470
0.0439209938049, 25750
0.0439229011536, 26127
0.0439238548279, 27381
0.0439248085022, 27521
0.0439260005951, 27689
0.0439279079437, 27836
0.043928861618, 27945
0.0439298152924, 28091
0.0439319610596, 28550
0.0439329147339, 28721
0.0439338684082, 28838
0.0439348220825, 29015
0.0439360141754, 29231
0.0439369678497, 29459
0.0439388751984, 29635
0.0439398288727, 29770
0.0439410209656, 29941
0.0439419746399, 30059
0.0439438819885, 30175
0.0439448356628, 30402
0.0439460277557, 30728
0.0439469814301, 30928
0.0439479351044, 31016
0.043949842453, 31227
0.0439510345459, 32219
0.0439519882202, 32383
0.0439529418945, 32545
0.0439548492432, 32645
0.0439558029175, 32762
0.0439569950104, 32960
0.0439579486847, 33124
0.043958902359, 33292
0.0439598560333, 33495
0.0439620018005, 33689
0.0439629554749, 33906
0.0439639091492, 34083
0.0439648628235, 34403
0.0439658164978, 35151
0.043967962265, 36436
0.0439689159393, 36610
0.0439698696136, 36742
0.043970823288, 36969
0.0439720153809, 37483
0.0439739227295, 37598
0.0439748764038, 37725
0.0439758300781, 37916
0.0439779758453, 38346
0.0439789295197, 38640
0.043979883194, 38726
0.0439808368683, 38895
0.0439820289612, 39163
0.0439839363098, 40339
0.0439848899841, 40884
0.0439858436584, 40968
0.0439870357513, 41087
0.0439889431, 41150
0.0439898967743, 41218
0.0439908504486, 41250
0.0439918041229, 41338
0.0439929962158, 41452
0.0439949035645, 41574
0.0439958572388, 41671
0.0439968109131, 41766
0.043998003006, 41854
0.0439999103546, 41987
0.0440008640289, 42172
0.0440018177032, 42257
0.0440030097961, 42462
0.0440039634705, 42691
0.0440058708191, 42865
0.0440278053284, 43133
0.0440289974213, 43275
0.0440309047699, 43676
0.0440418720245, 44195
0.0440440177917, 44544
0.0440449714661, 45715
0.0440468788147, 46191
0.044047832489, 46696
0.0440490245819, 47087
0.0440509319305, 47642
0.0440518856049, 47802
0.0440528392792, 48479
0.0440540313721, 48507
0.0440559387207, 48906
0.044056892395, 49035
0.0440578460693, 49160
0.0440599918365, 49797
0.0440609455109, 51451
0.0440618991852, 51537
0.0440638065338, 51707
