4.19062900543, 261075
8.37528800964, 256027
12.557808876, 250936
16.7790489197, 246445
20.9632909298, 242227
25.1458728313, 238191
29.3194208145, 234216
33.4861478806, 230324
37.7087240219, 226517
41.8967499733, 222629
46.0782330036, 219417
50.2481579781, 215893
54.4346728325, 212663
58.6592359543, 209444
62.8417379856, 206135
67.0232717991, 203025
71.1931068897, 199955
75.3752698898, 197002
79.6066019535, 193947
83.7757139206, 191064
87.9395959377, 188185
92.1164557934, 185195
96.3329918385, 182488
100.50383997, 179634
104.704264879, 176927
108.871569872, 174158
113.036679983, 171514
117.261231899, 168894
121.430212021, 166293
125.606642008, 163746
129.782254934, 161154
133.951251984, 158629
138.175220966, 155968
142.368057013, 153500
146.538478851, 151066
150.712252855, 148724
154.89566493, 146376
159.148669958, 144132
163.334517956, 141746
167.505200863, 139540
171.687224865, 137365
175.909804821, 135032
180.080883026, 132699
184.257076025, 130813
188.440640926, 128875
192.606323957, 127147
196.821784973, 125448
200.995325804, 123410
205.162808895, 121421
209.345620871, 119723
213.513942003, 117885
217.729598999, 116154
221.91792798, 114578
226.086370945, 113050
230.264845848, 111500
234.447669983, 110035
238.666704893, 108582
242.831904888, 107012
247.002013922, 105639
251.180434942, 104273
255.395690918, 102985
259.56357193, 101716
263.754920959, 100446
267.92976594, 99173
272.106568813, 97938
276.31823802, 96713
280.48918891, 95450
284.649900913, 94276
288.820757866, 93133
292.991547823, 92003
297.205739021, 90969
301.378367901, 89954
305.556115866, 88899
309.720525026, 87934
313.893946886, 86985
318.107829809, 86079
322.276124954, 85142
326.450256824, 84267
330.629978895, 83395
334.846658945, 82537
339.005025864, 81707
343.175391912, 80873
347.372440815, 80003
351.532660007, 79142
355.745802879, 78330
359.91917491, 77581
364.085798025, 76882
368.262960911, 76149
372.438686848, 75491
376.647509813, 74823
380.810490847, 74046
384.993232965, 73407
389.159638882, 72806
393.325886965, 72138
397.547602892, 71541
401.708431005, 70951
405.871133804, 70383
410.049175978, 69838
414.255234957, 69309
418.42691493, 68794
422.601710796, 68281
426.766915798, 67782
430.937251806, 67293
435.177968979, 66833
439.341658831, 66324
443.505153894, 65832
447.683434963, 65355
451.848466873, 64902
456.058102846, 64474
460.224241018, 64063
464.428429842, 63533
468.598699808, 63001
472.771806002, 62599
476.995607853, 62199
481.158870935, 61793
485.31881094, 61409
489.491741896, 61032
493.713634014, 60636
497.877837896, 60269
502.06898284, 59905
506.236428022, 59546
510.425997019, 59170
514.657759905, 58806
518.829324961, 58463
522.992538929, 58124
527.170049906, 57788
531.542320013, 57461
535.752873898, 57110
539.923005819, 56798
544.086403847, 56502
548.24920392, 56174
552.414651871, 55890
556.636456013, 55625
560.804129839, 55319
564.962775946, 54982
569.140718937, 54718
573.343334913, 54471
577.509318829, 54232
581.683305979, 54000
585.841533899, 53769
590.006402969, 53547
594.220913887, 53331
598.388989925, 53128
602.552423954, 52946
606.726648808, 52770
610.888840914, 52276
615.100024939, 51831
619.266741991, 51600
623.428484917, 51437
627.587013006, 51275
631.772171021, 51113
635.996550798, 50952
640.161525965, 50775
644.330370903, 50435
648.49425602, 50277
652.695971012, 50130
656.859134912, 49986
661.024278879, 49845
665.184545994, 49669
669.333467007, 49528
673.548025846, 49392
677.709722996, 49258
681.872524023, 49127
686.047570944, 48791
690.232839823, 48658
694.451329947, 48447
698.620784998, 48236
702.797389984, 48115
706.961464882, 47999
711.132616997, 47890
715.348297834, 47721
719.516558886, 47615
723.679344893, 47515
727.855582952, 47419
732.055900812, 47316
736.21458602, 47196
740.398775816, 46953
744.569968939, 46858
748.732692957, 46685
752.965017796, 46553
757.128671885, 46462
761.294416904, 46373
765.464076996, 46285
769.627616882, 46199
773.841603994, 46114
778.026245832, 46030
782.197932005, 45945
786.367494822, 45862
790.552346945, 45781
794.772786856, 45703
798.932864904, 45550
803.100268841, 45473
807.263523817, 45399
811.461658001, 45335
815.621840954, 45280
819.786024809, 45226
823.951239824, 45176
828.110401869, 45011
832.316353798, 44962
836.481823921, 44916
840.63301301, 44873
844.799278021, 44831
848.9691329, 44778
853.186107874, 44753
857.355530977, 44734
861.526443958, 44726
865.701484919, 44722
869.867723942, 44719
874.085412025, 44672
878.248378992, 44669
882.410231829, 44667
886.571630955, 44664
890.764967918, 44663
894.927242994, 44618
899.092827797, 44617
