4.18485403061, 255862
8.40263199806, 251543
12.5602600574, 246242
16.7240521908, 242288
20.8901081085, 237808
25.0574040413, 233661
29.2972300053, 229784
33.4698472023, 225889
37.6374051571, 222268
41.8049430847, 218535
46.0210931301, 215018
50.1892230511, 211548
54.3529551029, 208223
58.5168101788, 204816
62.6715781689, 201679
66.8780071735, 198710
71.0426430702, 195746
75.201813221, 192759
79.3745861053, 189794
83.5401301384, 186691
87.7571952343, 183747
91.9262740612, 180982
96.0928361416, 178219
100.258507013, 175518
104.428524017, 172694
108.64708209, 170053
112.813748121, 167455
116.978928089, 164842
121.172883034, 162238
125.382001162, 159770
129.560926199, 157181
133.727896214, 154722
137.898084164, 152311
142.062294006, 149995
146.265516996, 147683
150.444255114, 145613
154.61283803, 143451
158.776665211, 141320
162.956320047, 139399
167.181348085, 137568
171.348061085, 135700
175.529359102, 133883
179.700684071, 132188
183.87019515, 130465
188.096666098, 128758
192.26733923, 127107
196.445692062, 125383
200.633016109, 123753
204.842119217, 122108
209.00726819, 120510
213.16944623, 118971
217.332268, 117404
221.498385191, 115848
225.712312222, 114375
229.882166147, 113061
234.050850153, 111676
238.224689007, 110220
242.396177053, 108854
246.619445086, 107503
250.809893131, 106202
254.984373093, 105010
259.179924011, 103860
263.340925217, 102726
267.560790062, 101444
271.759440184, 100307
275.94447422, 99190
280.114373207, 98073
284.329069138, 96970
288.495449066, 95872
292.655751228, 94498
296.831795216, 93447
301.008358002, 92414
305.220162153, 91348
309.392431021, 90316
313.557505131, 89349
317.7219491, 88413
321.894500017, 87383
326.11446619, 86509
330.285263062, 85535
334.469139099, 84688
338.63236022, 83846
342.796841145, 83030
347.016603231, 82219
351.183873177, 81460
355.349335194, 80712
359.529344082, 79976
363.736449003, 79254
367.904927015, 78547
372.078708172, 77852
376.246761084, 77190
380.422173023, 76564
384.623047113, 75853
388.787447214, 75031
392.964172125, 74424
397.132981062, 73740
401.305873156, 73034
405.505987167, 72433
409.664687157, 71840
413.85323, 71252
418.017206192, 70671
422.171562195, 70093
426.42099905, 69526
430.594058037, 68961
434.758994102, 68407
438.920725107, 67877
443.115678072, 67358
447.279800177, 66848
451.430367231, 66362
455.602635145, 65865
459.767716169, 65424
463.983417034, 64989
468.150838137, 64569
472.316835165, 64172
476.477548122, 63778
480.645687103, 63300
484.849097013, 62808
489.001865149, 62368
493.165707111, 61981
497.32329917, 61597
501.47872901, 61214
505.689950228, 60845
509.853867054, 60477
514.013349056, 60007
518.184870005, 59637
522.387319088, 59277
526.545459032, 58929
530.692453146, 58589
534.853153229, 58251
539.014345169, 57802
543.207112074, 57472
547.369067192, 57179
551.530924082, 56896
555.689759016, 56583
559.857269049, 56301
564.061305046, 56024
568.217982054, 55749
572.38470006, 55511
576.578584194, 55289
580.734539032, 54964
584.953310013, 54739
589.128960133, 54519
593.286231041, 54304
597.447747231, 54101
601.638149023, 53900
605.796370029, 53700
609.943312168, 53502
614.100630045, 53315
618.282030106, 53136
622.476391077, 52904
626.657304049, 52728
630.832201004, 52554
634.981902122, 52381
639.146070004, 52169
643.352064133, 51998
647.505675077, 51792
651.662268162, 51592
655.821738005, 51431
659.994302034, 51190
664.217351198, 51035
668.371651173, 50880
672.549836159, 50685
676.71509409, 50534
680.927014112, 50394
685.105093002, 50255
689.267765045, 50125
693.442780018, 49995
697.612264156, 49867
701.818513155, 49744
705.975952148, 49624
710.129486084, 49505
714.28692317, 49392
718.462371111, 49252
722.667240143, 49141
726.82258606, 49034
730.994131088, 48904
735.142176151, 48798
739.305550098, 48698
743.518429041, 48605
747.679913998, 48516
751.84458518, 48432
756.004314184, 48349
760.205042124, 48266
764.370741129, 48184
768.535462141, 48014
772.728355169, 47927
776.919193029, 47847
781.128048182, 47730
785.290862083, 47654
789.445418119, 47579
793.607830048, 47472
797.762475014, 47399
801.968658209, 47327
806.117675066, 47257
810.269208193, 47187
814.423745155, 47118
818.574498177, 47050
822.784469128, 46985
826.937840223, 46860
831.090039015, 46797
835.254349232, 46735
839.462687016, 46649
843.611101151, 46593
847.753818035, 46538
851.913112164, 46487
856.076665163, 46436
860.265811205, 46390
864.424942017, 46279
868.590479136, 46198
872.738149166, 46162
876.902648211, 46127
881.101346016, 46092
885.260922194, 46039
889.419178009, 45959
893.579421043, 45927
897.728199005, 45901
901.938258171, 45875
906.097905159, 45854
910.255904198, 45836
914.419859171, 45702
918.613804102, 45629
922.766164064, 45613
926.921752214, 45604
931.070721149, 45599
935.23091507, 45473
939.419857025, 45472
943.580292225, 45306
947.737808228, 45227
951.89580822, 45094
956.05670023, 45057
960.249079227, 45056
964.400687218, 45035
1761.54102302, 44991
1765.69440603, 44939
1769.84190416, 44888
1774.04377818, 44844
1778.20757508, 44802
1782.35448313, 44766
1786.51684713, 44735
1790.69938707, 44705
1794.84648514, 44677
1799.00814509, 44579
1803.16515017, 44531
