1.0077791214, 47060.0
60.742716074, 47057
63.1301381588, 47024
65.5193660259, 47010
180.348961115, 46891
182.727219105, 46890
185.126714945, 46627
227.984231949, 46610
247.119526148, 46431
249.50999403, 46285
251.900478125, 46172
254.308073997, 46040
263.854283094, 46023
283.035398006, 46009
290.194272995, 45963
292.584716082, 45950
306.921694994, 45929
316.472151995, 45886
326.029359102, 45873
330.799194098, 45783
337.960915089, 45626
378.548457146, 45611
380.949542046, 45595
385.778548956, 45588
392.94077301, 45585
407.299772024, 45574
409.692079067, 45503
