4.31407403946, 250728
8.61902594566, 245779
12.93100214, 241138
17.1793930531, 236862
21.4276490211, 233441
25.7193319798, 230078
30.0133049488, 226619
34.2934339046, 223283
38.5361700058, 220107
42.7737789154, 216975
47.0349030495, 213859
51.2616949081, 210691
55.4339630604, 207566
59.6383481026, 204580
63.8493430614, 201608
68.0657999516, 198578
72.2946090698, 195625
76.5785479546, 192680
80.8723630905, 189773
85.1759519577, 186960
89.4657931328, 184208
93.7489840984, 181539
98.0087659359, 178848
102.358354092, 176062
106.619091034, 173292
110.875915051, 170480
115.08919692, 167842
119.28976512, 165236
123.55538106, 162669
127.951349974, 160132
132.18512392, 157638
136.450617075, 155239
140.668674946, 152800
144.868839979, 150394
149.107208967, 148127
153.359630108, 145882
157.565124989, 143635
161.76749897, 141485
166.050214052, 139348
170.341306925, 137247
174.612123966, 135274
178.886655092, 133189
183.103554964, 131310
187.393608093, 129416
191.723562002, 127508
195.995774984, 125557
200.24237299, 123702
204.466988087, 122016
208.680611134, 120336
212.840169907, 118718
217.013973951, 117109
221.226575136, 115506
225.436285019, 114010
229.677974939, 112412
233.890602112, 110786
238.105479002, 109318
242.288934946, 107830
246.507990122, 106418
250.681334019, 105085
254.892529011, 103651
259.201512098, 102304
263.450786114, 100917
267.750241995, 99651
271.968020916, 98387
276.171495914, 97220
280.364155054, 95779
284.562736988, 94625
288.804724932, 93596
292.995571136, 92609
297.238199949, 91475
301.40032196, 90225
305.570255041, 89032
309.886590004, 88002
314.29045105, 87035
318.533045053, 86077
322.763696909, 85006
327.052592993, 83904
331.216247082, 83031
335.378247976, 82194
339.523250103, 81489
343.68294692, 80797
347.889034986, 80017
352.076741934, 79331
356.228826046, 78665
360.398878098, 78020
364.564288139, 77385
368.758525133, 76705
372.906162024, 75947
377.082402945, 75350
381.228895903, 74792
385.414801121, 74240
389.595828056, 73631
393.75563097, 73067
397.933181047, 72430
402.092272043, 71900
406.335938931, 71367
410.551784992, 70450
414.700685978, 69928
418.860785007, 69379
423.006482124, 68670
427.180639982, 67615
431.328081131, 67098
435.479197025, 66579
439.644220114, 66000
443.791572094, 65530
447.980225086, 65072
452.11686492, 64620
456.256587029, 64179
460.398229122, 63519
464.541032076, 63083
468.724765062, 62671
472.880681038, 62075
477.038316011, 61687
481.199172974, 61304
485.372184038, 60802
489.510283947, 60421
493.70343709, 60040
497.870712042, 59676
502.023718119, 59322
506.212551117, 58973
510.383017063, 58631
514.570189953, 58302
518.733420134, 58017
522.904042006, 57569
527.082191944, 57227
531.232302904, 56904
535.391570091, 56631
539.570001125, 56374
543.736076117, 56117
547.93088913, 55861
552.085284948, 55622
556.231354952, 55391
560.37975502, 55163
564.563079119, 54936
568.707284927, 54635
572.872868061, 54406
577.066827059, 54180
581.277343988, 53981
585.536123037, 53708
589.915405035, 53457
594.145441055, 53235
598.338319063, 53030
602.572561026, 52837
