9.46092915535, 247338
18.8596441746, 242303
28.4317860603, 237852
38.0619421005, 233542
47.6881680489, 229598
57.3362820148, 225753
66.9612641335, 221938
77.0509090424, 217746
87.1974430084, 213997
97.3524570465, 210310
107.359915018, 206905
117.754855156, 203512
127.912706137, 199992
137.932228088, 196667
147.531345129, 193057
157.542992115, 189746
167.2106812, 186642
176.954282045, 183546
186.964237213, 180583
198.71153903, 177691
211.492261171, 174842
223.440032005, 172131
233.842442989, 169648
246.629893064, 167064
256.864989042, 164253
266.877445221, 161954
277.052848101, 159678
287.507453203, 157456
297.781904221, 154867
307.711414099, 152810
317.574050188, 150633
327.080481052, 148590
336.924965143, 146457
346.974422216, 144500
356.613700151, 142585
366.195505142, 140537
376.117977142, 138677
386.276190996, 136684
395.879616022, 134802
405.503014088, 132955
415.353127003, 131120
424.922476053, 129295
434.483364105, 127514
444.20738101, 125788
454.969983101, 124040
465.634303093, 122302
476.214846134, 120590
488.185908079, 118868
498.077207088, 117165
509.231276989, 115500
519.051310062, 113976
530.162810087, 112432
540.109213114, 110913
552.261438131, 109398
564.639258146, 107904
576.737380028, 106415
588.055041075, 105016
599.646181107, 103742
609.967909098, 102473
