4.17524290085, 244595
8.34064984322, 240782
12.5027840137, 236284
16.662113905, 232549
20.8831679821, 228818
25.0555307865, 225018
29.2278828621, 221342
33.4014439583, 217937
37.6040987968, 214372
41.7765359879, 210985
45.9463248253, 207761
50.1060810089, 204605
54.2703390121, 201553
58.4636948109, 198720
62.6351299286, 195607
66.7979428768, 192700
70.9673910141, 189869
75.1393918991, 187247
79.3508520126, 184742
83.5199258327, 182047
87.7007248402, 179400
91.8716888428, 176804
96.0374598503, 174287
100.273847818, 171821
104.439616919, 169230
108.612005949, 166762
112.796238899, 164424
117.03579092, 162043
121.19569087, 159602
125.375319958, 157280
129.539230824, 154961
133.707364798, 152773
137.919616938, 150490
142.089989901, 148277
146.258109808, 146191
150.421361923, 144009
154.580950975, 141914
158.787465811, 139898
162.954434872, 137924
167.129591942, 135952
171.308987856, 133993
175.476274967, 132043
179.692482948, 130183
183.866752863, 128310
188.056735992, 126391
192.230928898, 124566
196.432001829, 122708
200.612881899, 120919
204.792024851, 119063
208.96774292, 117315
213.137517929, 115605
217.335155964, 113999
221.49643898, 112409
225.657227993, 110820
229.815008879, 109233
233.984838963, 107702
238.201857805, 106250
242.3587358, 104845
246.535344839, 103446
250.70964098, 102053
254.877737999, 100693
259.110176802, 99332
263.279667854, 97960
267.447352886, 96652
271.618220806, 95295
275.813808918, 93977
279.978527784, 92719
284.145167828, 91550
288.299505949, 90316
292.462685823, 89240
296.667549849, 88170
300.821926832, 86983
304.990470886, 85903
309.152318954, 84830
313.323575974, 83789
317.547252893, 82814
321.700370789, 81853
325.863531828, 80901
330.024572849, 79989
334.183751822, 79075
338.392566919, 78170
342.554126978, 77395
346.709888935, 76637
350.866005898, 75868
355.071408987, 75113
359.229519844, 74377
363.401968956, 73628
367.56979084, 72951
371.719142914, 72290
375.921234846, 71596
380.100812912, 70919
384.26393795, 70262
388.421993971, 69727
392.585922956, 69200
396.786899805, 68669
400.938522816, 68146
405.096210957, 67639
409.256073952, 67127
413.414352894, 66628
417.648428917, 66134
421.814574003, 65638
425.975004911, 65154
430.140874863, 64675
434.339784861, 64220
438.487128019, 63772
442.648667812, 63328
446.81714201, 62845
450.980449915, 62401
455.173668861, 61966
459.339344978, 61547
463.503592014, 61138
467.653037786, 60745
471.81327486, 60365
476.018335819, 59985
480.170897961, 59605
484.336219788, 59244
488.50739789, 58884
492.661290884, 58514
496.873330832, 58171
501.033456802, 57810
505.193053007, 57460
509.362998009, 57141
513.560627937, 56819
517.724591017, 56516
521.885494947, 56203
526.039129972, 55908
530.224670887, 55619
534.418691874, 55335
538.579327822, 55062
542.748848915, 54791
546.905614853, 54443
551.065734863, 54090
555.277422905, 53837
559.443943977, 53588
563.610003948, 53349
567.770636797, 53095
571.92698288, 52856
576.142710924, 52599
580.295427799, 52270
584.448830843, 52015
588.616345882, 51760
592.81832099, 51524
596.980835915, 51301
601.145274878, 51079
605.312972784, 50862
609.456337929, 50648
613.655967951, 50441
617.819396973, 50235
621.974672794, 50032
626.124511003, 49830
630.291819811, 49637
634.493347883, 49456
638.654557943, 49277
642.804463863, 48932
646.958634853, 48762
651.108045816, 48600
655.31794095, 48438
659.474673986, 48037
663.628098965, 47826
667.783226013, 47667
671.98150897, 47511
676.13604784, 47361
680.300355911, 47215
684.456015825, 47049
688.613305807, 46916
692.812744856, 46785
696.976917982, 46659
701.147669792, 46499
705.300475836, 46378
709.470371962, 46261
713.690789938, 46147
717.841329813, 46050
721.996104956, 45955
726.161916018, 45867
730.312883854, 45779
734.529768944, 45707
738.688378811, 45636
742.835933924, 45567
746.993186951, 45488
751.186378956, 45421
755.335647821, 45355
759.496009827, 45292
763.660985947, 45146
767.804639816, 45085
771.999058962, 45035
776.154925823, 44990
780.305227995, 44938
784.451221943, 44895
788.605211973, 44852
792.808475018, 44809
796.958269835, 44777
801.112200975, 44747
805.267517805, 44725
809.407243967, 44705
813.610816002, 44688
817.768724918, 44671
821.913741827, 44656
826.073646784, 44649
830.277211905, 44646
