9.44806885719, 255175
17.6044518948, 249882
23.1993539333, 244976
29.7566189766, 240450
39.1039710045, 235934
48.4947419167, 231717
57.9360940456, 226961
67.2885429859, 222826
78.1836209297, 218825
88.9533078671, 215065
101.069831848, 211312
110.770560026, 207787
120.146924973, 204613
131.159024, 201221
142.158141851, 198096
154.25436306, 194960
164.545753956, 191898
174.182592869, 188907
186.04754591, 186056
197.56928587, 183352
208.221977949, 180670
218.528693914, 177974
228.210094929, 175376
237.731449842, 172847
247.315103054, 170363
256.758524895, 167736
265.992138863, 165349
275.436564922, 163020
285.069333076, 160665
294.853371859, 158413
304.275624037, 156162
313.732224941, 153930
323.06844306, 151773
332.389960051, 149498
341.655318022, 147339
350.91058898, 145244
360.208374977, 143197
369.493932009, 141160
378.919467926, 139133
388.226322889, 137111
397.76429987, 135103
407.197664976, 133109
416.650147915, 131209
427.142874002, 129403
436.545114994, 127612
446.470972061, 125939
457.24857688, 124218
470.824115992, 122444
482.49814105, 120810
493.510859966, 119164
504.70776701, 117539
516.741716862, 115930
529.755292892, 114364
541.115211964, 112792
552.853404999, 111246
563.431504965, 109706
574.089896917, 108214
583.637968063, 106760
591.626992941, 105367
596.370882988, 103805
601.676951885, 102552
