0.0113980770111, 303.0
0.0114150047302, 509.0
0.0114161968231, 757.0
0.0114181041718, 937.0
0.0114190578461, 1125.0
0.0114212036133, 1212.0
0.0114221572876, 1493.0
0.0114240646362, 1709.0
0.0114250183105, 1946.0
0.0114271640778, 2180.0
0.0114281177521, 2460.0
0.0114290714264, 2690.0
0.011430978775, 2748.0
0.0114321708679, 2818.0
0.0114340782166, 3004.0
0.0114350318909, 3317.0
0.0114371776581, 3678.0
0.0114381313324, 3908.0
0.0114390850067, 4089.0
0.011440038681, 4185.0
0.0114421844482, 4413.0
0.0114431381226, 4713.0
0.0114440917969, 6212.0
0.0114459991455, 6359.0
0.0114471912384, 6474.0
0.011449098587, 6797.0
0.0114500522614, 8188.0
0.0114510059357, 8345.0
0.0114521980286, 8392.0
0.0114541053772, 8600.0
0.0114550590515, 8900.0
0.0114560127258, 9170.0
0.0114572048187, 9322.0
0.0114591121674, 9388.0
0.0114600658417, 9717.0
0.011461019516, 9919.0
0.0114631652832, 10134.0
0.0114641189575, 10233.0
0.0114650726318, 10341.0
0.0114669799805, 10686.0
0.0114681720734, 10877.0
0.0114691257477, 11098.0
0.011470079422, 11406.0
0.0114719867706, 11547.0
0.0114731788635, 11725.0
0.0114741325378, 11861.0
0.0114750862122, 12015.0
0.0114769935608, 12219.0
0.0114781856537, 12312.0
0.011479139328, 12362.0
0.0114800930023, 12557.0
0.011482000351, 12703.0
0.0114831924438, 12889.0
0.0114841461182, 13054.0
0.0114850997925, 13105.0
0.0114870071411, 13408.0
0.011488199234, 13705.0
0.0114891529083, 13785.0
0.011491060257, 13889.0
0.0114920139313, 14434.0
0.0114932060242, 14614.0
0.0114941596985, 14776.0
0.0114960670471, 15033.0
0.0114970207214, 15744.0
0.0114982128143, 15897.0
0.0114991664886, 16269.0
0.0115010738373, 16553.0
0.0115020275116, 16621.0
0.0115029811859, 16661.0
0.0115041732788, 16920.0
0.0115060806274, 16989.0
0.0115070343018, 17397.0
0.0115079879761, 17489.0
0.011509180069, 17592.0
0.0115110874176, 17808.0
0.0115120410919, 18053.0
0.0115129947662, 18995.0
0.0115141868591, 20421.0
0.0115160942078, 20724.0
0.0115170478821, 21025.0
0.0115180015564, 21372.0
0.0115191936493, 22682.0
0.0115211009979, 22705.0
0.0115220546722, 22851.0
0.0115230083466, 23152.0
0.0115242004395, 23300.0
0.0115261077881, 23439.0
0.0115270614624, 23610.0
0.0115280151367, 23989.0
0.0115292072296, 24257.0
0.0115311145782, 24340.0
0.0115320682526, 24525.0
0.0115330219269, 24777.0
0.0115351676941, 27087.0
0.0115361213684, 27602.0
0.0115370750427, 28197.0
0.011538028717, 28210.0
0.0115389823914, 28568.0
0.0115411281586, 29108.0
