0.531681060791, 157589.0
1.06897497177, 151006.0
1.59200191498, 144622.0
2.11403298378, 138768.0
2.64633703232, 133222.0
3.18110084534, 128615.0
3.70377397537, 124095.0
4.2288749218, 119740.0
4.74651288986, 115722.0
5.2673740387, 111765.0
5.79092288017, 108074.0
6.31827187538, 104637.0
6.83586788177, 101037.0
7.35798001289, 97662.0
7.87442207336, 94440.0
8.39571499825, 91326.0
8.91421294212, 87865.0
9.43732404709, 85098.0
9.95685386658, 82633.0
10.4749059677, 80592.0
10.9972999096, 78306.0
11.5116479397, 76317.0
12.0264809132, 74011.0
12.5485780239, 72083.0
13.0775489807, 70221.0
13.5994279385, 68301.0
14.1216640472, 66391.0
14.6496038437, 64604.0
15.17197299, 62924.0
15.6919238567, 61307.0
16.2129659653, 59701.0
16.7301528454, 58096.0
17.2549679279, 56721.0
17.7783150673, 55422.0
18.2990279198, 54135.0
18.8168010712, 53056.0
19.3377819061, 51958.0
19.8568198681, 50616.0
20.3776860237, 49576.0
20.8972730637, 48552.0
21.4220449924, 47538.0
21.9472789764, 46470.0
22.4677810669, 45432.0
22.9935028553, 44431.0
23.5103759766, 43525.0
24.0322749615, 42619.0
24.5577208996, 41722.0
25.0905320644, 40842.0
25.6084499359, 40022.0
26.1303789616, 39267.0
26.6484558582, 38551.0
27.167842865, 37908.0
27.6866159439, 37298.0
28.209859848, 36711.0
28.7260949612, 36145.0
29.2564539909, 35585.0
29.7838349342, 35029.0
30.3034620285, 34602.0
30.821313858, 34151.0
31.3444910049, 33731.0
31.8601589203, 33316.0
32.3826670647, 32824.0
32.9003808498, 32426.0
33.4206750393, 32071.0
33.9460148811, 31724.0
34.475714922, 31390.0
35.000123024, 31074.0
35.5243160725, 30775.0
36.0492100716, 30308.0
36.5643939972, 30016.0
37.079449892, 29770.0
37.5972919464, 29540.0
38.1156339645, 29311.0
38.636234045, 29114.0
39.1531989574, 28927.0
39.675276041, 28742.0
40.1945869923, 28535.0
40.7159368992, 28353.0
41.2373280525, 28174.0
41.7536580563, 28003.0
42.2737979889, 27846.0
42.7901690006, 27694.0
43.3088519573, 27542.0
43.8260290623, 27389.0
44.3553059101, 27074.0
44.8716669083, 26923.0
45.3886759281, 26781.0
45.9034318924, 26654.0
46.4216580391, 26534.0
46.9410028458, 26416.0
47.4573788643, 26326.0
47.9766700268, 26238.0
48.4957809448, 26163.0
49.0211029053, 26092.0
49.5447158813, 25942.0
50.0662529469, 25878.0
50.5870230198, 25837.0
51.1113488674, 25799.0
51.6364200115, 25763.0
52.1705238819, 25751.0
102.523241997, 25637.0
103.052793026, 25609.0
103.573512077, 25592.0
104.091106892, 25545.0
104.610321999, 25533.0
214.345577002, 25419.0
214.876361847, 25405.0
215.414043903, 25404.0
215.96031785, 25210.0
426.130367994, 25199.0
426.65348196, 25029.0
427.172817945, 24860.0
427.684504032, 24709.0
428.201561928, 24568.0
428.71377492, 24428.0
429.231608868, 24310.0
429.745275974, 24202.0
430.260076046, 24097.0
430.773794889, 23998.0
431.29114604, 23913.0
431.801666021, 23831.0
432.318954945, 23749.0
432.833091974, 23684.0
433.349596024, 23626.0
433.862560034, 23590.0
434.378085852, 23236.0
434.890186071, 23201.0
435.40742588, 23172.0
