0.529865980148, 168658.0
1.05689787865, 162798.0
1.59199881554, 157389.0
2.11471891403, 152087.0
2.64049696922, 146706.0
3.16134500504, 141412.0
3.68829703331, 136244.0
4.21189284325, 131576.0
4.7528128624, 126799.0
5.28123998642, 122170.0
5.81354403496, 117600.0
6.36420893669, 113221.0
6.90782284737, 108858.0
7.4416270256, 104657.0
7.98090481758, 100691.0
8.52255988121, 97165.0
9.06526184082, 93775.0
9.59870386124, 90384.0
10.1282999516, 87323.0
10.6607408524, 84345.0
11.1923530102, 81343.0
11.7200348377, 78846.0
12.2501080036, 76352.0
12.7800929546, 73917.0
13.309953928, 71728.0
13.8482868671, 69854.0
14.3753919601, 67914.0
14.9055979252, 65563.0
15.437114954, 63808.0
15.9660258293, 62218.0
16.5008888245, 60462.0
17.0297899246, 58759.0
17.5593938828, 57330.0
18.0895228386, 55663.0
18.6170299053, 54098.0
19.1440799236, 52727.0
19.673691988, 51591.0
20.2059698105, 50491.0
20.7427809238, 49314.0
21.2890639305, 48278.0
21.8412969112, 47263.0
22.3679769039, 46159.0
22.9259798527, 45113.0
23.4781160355, 44099.0
24.0078818798, 43231.0
24.5434029102, 42447.0
25.0829269886, 41738.0
25.6241259575, 41104.0
26.1537849903, 40517.0
26.6867358685, 39936.0
27.227850914, 39358.0
27.7955050468, 38792.0
28.3233349323, 38253.0
28.8806288242, 37638.0
29.4212298393, 37115.0
29.9657130241, 36586.0
30.5092978477, 35693.0
31.0492749214, 35244.0
31.5813539028, 34738.0
32.1199219227, 34290.0
32.653496027, 33875.0
33.1873250008, 33521.0
33.7227070332, 33047.0
34.255961895, 32700.0
34.8059940338, 32376.0
35.3495140076, 32092.0
35.8971140385, 31811.0
36.444133997, 31534.0
36.9876899719, 31183.0
37.5335438251, 30916.0
38.083313942, 30275.0
38.6585488319, 30006.0
39.2279069424, 29799.0
39.7660179138, 29605.0
40.3105919361, 29436.0
40.8389549255, 29179.0
41.3718559742, 29033.0
41.9048638344, 28893.0
42.4342188835, 28762.0
42.9634468555, 28637.0
43.4848768711, 28513.0
44.0316820145, 28182.0
44.5734930038, 27941.0
45.1172208786, 27806.0
45.6721839905, 27683.0
46.2205379009, 27487.0
46.7678999901, 27364.0
47.31909585, 27184.0
47.8566088676, 26976.0
48.3859128952, 26805.0
48.9117188454, 26643.0
49.4418849945, 26553.0
49.9705040455, 26467.0
50.5002558231, 26391.0
51.0243020058, 26324.0
51.5547318459, 26120.0
52.080906868, 25875.0
52.6082489491, 25822.0
53.1319220066, 25773.0
53.6815040112, 25734.0
54.2274210453, 25649.0
54.7967000008, 25544.0
55.3392570019, 25523.0
55.8739659786, 25511.0
56.4076888561, 25506.0
56.9712510109, 25455.0
57.5471539497, 25453.0
58.1232340336, 25404.0
167.549311876, 25129.0
272.773550034, 25077.0
273.303232908, 24884.0
273.836244822, 24652.0
274.360438824, 24641.0
274.892761946, 24622.0
275.439914942, 24613.0
275.977506876, 24514.0
276.501257896, 24493.0
277.033241034, 24456.0
