0.531141042709, 158053.0
1.05616497993, 151997.0
1.5968401432, 146673.0
2.13448596001, 141354.0
2.65820813179, 136370.0
3.17884707451, 131765.0
3.70529198647, 127260.0
4.23742413521, 123045.0
4.77043294907, 118503.0
5.30296492577, 114359.0
5.83556103706, 110549.0
6.36909794807, 106741.0
6.89835906029, 103031.0
7.4464161396, 99755.0
7.99361395836, 96442.0
8.53381204605, 93339.0
9.07003211975, 90357.0
9.59945106506, 87439.0
10.1393260956, 84539.0
10.6611020565, 81874.0
11.1878390312, 79102.0
11.7213470936, 76522.0
12.2510609627, 74074.0
12.7883999348, 71884.0
13.3248181343, 69717.0
13.8474240303, 67626.0
14.3722651005, 65702.0
14.9007849693, 63846.0
15.4274070263, 61898.0
15.9544949532, 60249.0
16.4867110252, 58529.0
17.0214090347, 57073.0
17.5577070713, 55624.0
18.0947811604, 53829.0
18.6182000637, 52404.0
19.1541280746, 51023.0
19.6826000214, 49648.0
20.2130551338, 48273.0
20.7489950657, 46645.0
21.2848520279, 45426.0
21.8232951164, 44435.0
22.358246088, 43361.0
22.9141430855, 42139.0
23.4482581615, 41269.0
23.9771940708, 40403.0
24.5087730885, 39581.0
25.0490789413, 38765.0
25.5750141144, 37966.0
26.1126229763, 37222.0
26.654861927, 36514.0
27.1904621124, 35859.0
27.7289259434, 35312.0
28.2660160065, 34767.0
28.8156809807, 34228.0
29.3465321064, 33760.0
29.8920509815, 33301.0
30.4191920757, 32862.0
30.947726965, 32429.0
31.4781341553, 31997.0
32.005313158, 31632.0
32.5396471024, 31283.0
33.0809841156, 30936.0
33.6206459999, 30599.0
34.1511631012, 30290.0
34.6777999401, 29983.0
35.2105970383, 29599.0
35.7387189865, 29127.0
36.2657580376, 28844.0
36.8070440292, 28497.0
37.339094162, 28268.0
37.8745949268, 28054.0
38.4051179886, 27849.0
38.9427740574, 27461.0
39.4813899994, 27258.0
40.0202920437, 27062.0
40.5611491203, 26731.0
41.1113760471, 26530.0
41.6621301174, 26349.0
42.1958630085, 26187.0
42.7299189568, 26030.0
43.2655820847, 25877.0
43.8008580208, 25726.0
44.3346419334, 25577.0
44.8701460361, 25432.0
45.4039189816, 25136.0
45.9477880001, 25001.0
46.4818539619, 24876.0
47.0148200989, 24755.0
47.5445489883, 24647.0
48.0757250786, 24540.0
48.6111979485, 24442.0
49.1525199413, 24352.0
49.6787259579, 24282.0
50.2073531151, 24082.0
50.735090971, 24020.0
51.2652800083, 23971.0
51.7998631001, 23924.0
52.3287169933, 23880.0
52.8573260307, 23840.0
53.3897440434, 23814.0
53.9165229797, 23793.0
54.4433450699, 23779.0
54.9690310955, 23768.0
214.266613007, 23593.0
