0.542672872543, 142030.0
1.0750939846, 135671.0
1.60840296745, 130362.0
2.14057683945, 125892.0
2.68006300926, 121753.0
3.20962786674, 117005.0
3.7545478344, 113015.0
4.28615403175, 109529.0
4.82238388062, 106159.0
5.35414505005, 102794.0
5.88868999481, 99352.0
6.41789197922, 95882.0
6.95510292053, 92662.0
7.48281598091, 89895.0
8.00783085823, 87412.0
8.54084086418, 84674.0
9.06880187988, 82200.0
9.60095691681, 79739.0
10.1300978661, 77505.0
10.6607170105, 75471.0
11.1882209778, 73451.0
11.7193050385, 71450.0
12.2447099686, 69560.0
12.7811348438, 67580.0
13.3084490299, 65838.0
13.8381199837, 64128.0
14.3585460186, 62260.0
14.8803110123, 60595.0
15.3996069431, 58991.0
15.9299340248, 57409.0
16.4588160515, 55926.0
17.0138700008, 54431.0
17.5359749794, 53279.0
18.0673799515, 52177.0
18.5964939594, 51189.0
19.119068861, 50223.0
19.6504528522, 49287.0
20.1716630459, 48496.0
20.6983458996, 47574.0
21.23503685, 46791.0
21.7657968998, 46028.0
22.2920138836, 45279.0
22.8198208809, 44626.0
23.3418769836, 42819.0
23.8701360226, 42106.0
24.3986289501, 41385.0
24.9391639233, 40690.0
25.4687619209, 40076.0
25.9974079132, 39462.0
26.5227680206, 38881.0
27.0438358784, 38354.0
27.5728130341, 37842.0
28.0969698429, 37353.0
28.619809866, 36864.0
29.1406199932, 36335.0
29.6802828312, 35852.0
30.2072100639, 35355.0
30.7386758327, 34932.0
31.2604799271, 34516.0
31.7999789715, 34104.0
32.3329598904, 33762.0
32.862432003, 33431.0
33.3832068443, 33108.0
33.9052498341, 32796.0
34.4205980301, 32497.0
34.9425809383, 32199.0
35.4700820446, 31919.0
35.9985258579, 31659.0
36.5299839973, 31409.0
37.057585001, 31167.0
37.5816040039, 30960.0
38.1194088459, 30784.0
38.6558568478, 30611.0
39.1867940426, 30399.0
39.7210190296, 30241.0
40.2532148361, 30088.0
40.7838039398, 29938.0
41.3168158531, 29759.0
41.8566629887, 29646.0
42.4020829201, 29535.0
42.9356899261, 29384.0
43.4736759663, 29055.0
44.0002839565, 28674.0
44.5325670242, 28415.0
45.0586709976, 28308.0
45.5876078606, 28210.0
46.1268219948, 28118.0
46.6614079475, 28032.0
47.1859178543, 27952.0
47.7177729607, 27888.0
48.2465970516, 27832.0
48.7814049721, 27783.0
49.2988209724, 27733.0
49.8299958706, 27686.0
50.3587479591, 27500.0
50.8850359917, 27470.0
51.4093899727, 27365.0
51.9371368885, 27300.0
52.4580719471, 27091.0
52.9920730591, 27027.0
53.5169990063, 27001.0
54.0492858887, 26976.0
54.5758519173, 26961.0
55.1017899513, 26948.0
55.6248300076, 26936.0
56.1487669945, 26927.0
97.3964779377, 26764.0
97.9248919487, 26609.0
98.4507858753, 26460.0
98.9867389202, 26304.0
99.5229389668, 25974.0
100.055404902, 25837.0
100.581114054, 25706.0
101.106641054, 25298.0
101.639564991, 25168.0
102.173241854, 25040.0
102.699180841, 24949.0
103.228877068, 24859.0
103.757197857, 24769.0
104.285678864, 24683.0
104.807215929, 24597.0
105.32734704, 24511.0
105.852349043, 24448.0
106.370543957, 24135.0
106.887732029, 24074.0
107.411483049, 24021.0
107.946980953, 23992.0
108.475162029, 23971.0
109.000436068, 23712.0
109.528293848, 23526.0
110.06722784, 23313.0
110.598202944, 23277.0
111.124737024, 23256.0
111.646949053, 23235.0
112.167186022, 23223.0
112.698855877, 23217.0
113.216650963, 23175.0
113.737653017, 23173.0
