0.542402982712, 165368.0
1.07163095474, 158632.0
1.62645602226, 152393.0
2.15417909622, 146415.0
2.71906709671, 141279.0
3.23762106895, 136423.0
3.7678091526, 131591.0
4.28798699379, 127220.0
4.80777716637, 122858.0
5.3252761364, 118952.0
5.84546208382, 115052.0
6.37101697922, 111173.0
6.89345216751, 107178.0
7.41098213196, 103565.0
7.93123698235, 99988.0
8.44792914391, 96892.0
8.96835112572, 93784.0
9.48826098442, 90247.0
10.0078251362, 87200.0
10.5247609615, 84302.0
11.0438101292, 81432.0
11.562087059, 78361.0
12.0813200474, 75772.0
12.6006929874, 73230.0
13.1168191433, 70951.0
13.6361241341, 68747.0
14.1528601646, 66552.0
14.6746890545, 64611.0
15.1919660568, 62892.0
15.7117021084, 61248.0
16.2294681072, 59538.0
16.7524240017, 57994.0
17.2718801498, 56482.0
17.7990820408, 54945.0
18.3154439926, 53719.0
18.8342480659, 52534.0
19.3500621319, 50927.0
19.8686320782, 49799.0
20.3872590065, 48713.0
20.9091160297, 47637.0
21.4291939735, 46595.0
21.9491550922, 45668.0
22.468113184, 44749.0
22.9883799553, 43851.0
23.5059390068, 43096.0
24.0257589817, 42346.0
24.5467171669, 41599.0
25.066806078, 40791.0
25.5913090706, 40148.0
26.1078190804, 39526.0
26.6281821728, 38952.0
27.1488370895, 38381.0
27.6694440842, 37844.0
28.1846320629, 37312.0
28.7069091797, 36811.0
29.2348721027, 36314.0
29.758646965, 35581.0
30.2757980824, 35084.0
30.7964789867, 34633.0
31.3192059994, 34192.0
31.8417351246, 33753.0
32.3610370159, 33382.0
32.8819770813, 32986.0
33.4000861645, 32625.0
33.9204981327, 32273.0
34.4393661022, 31926.0
34.9584031105, 31580.0
35.479514122, 31249.0
36.0008809566, 30940.0
36.5209960938, 30670.0
37.0398690701, 30408.0
37.5599579811, 30154.0
38.0764861107, 29835.0
38.595510006, 29586.0
39.1125781536, 29342.0
39.6341891289, 29113.0
40.1455931664, 28892.0
40.6733779907, 28694.0
41.1890761852, 28498.0
41.7145180702, 28185.0
42.2277400494, 27998.0
42.749972105, 27812.0
43.2650439739, 27628.0
43.7933850288, 27465.0
44.3098959923, 27329.0
44.8358981609, 27209.0
45.3561811447, 27113.0
45.885543108, 27023.0
46.4171061516, 26933.0
46.9388389587, 26844.0
47.4593231678, 26552.0
47.9794940948, 26467.0
48.4973139763, 26382.0
49.017441988, 26302.0
49.5426080227, 26227.0
50.061398983, 26159.0
50.5837299824, 26095.0
51.1169211864, 26033.0
51.6416649818, 25971.0
52.1702539921, 25920.0
52.6968700886, 25749.0
53.2147541046, 25716.0
53.7406871319, 25688.0
54.2641041279, 25666.0
54.7910239697, 25652.0
55.3125970364, 25645.0
99.55291605, 25607.0
100.070183039, 25515.0
100.590131998, 25416.0
101.108041048, 25337.0
101.626659155, 25274.0
102.144211054, 25222.0
102.668030977, 25164.0
103.187196016, 25120.0
103.706568956, 24937.0
104.238337994, 24899.0
104.760749102, 24873.0
105.276241064, 24862.0
105.795976162, 24858.0
206.991755962, 24649.0
207.504558086, 24603.0
208.027455091, 24559.0
208.546720028, 24517.0
209.067404032, 24412.0
209.591166019, 24313.0
210.113236189, 24275.0
210.636603117, 24242.0
211.16884017, 24216.0
211.706727982, 24193.0
212.228564024, 23847.0
212.785773039, 23833.0
213.306303024, 23826.0
