0.52624797821, 162876.0
1.04733610153, 156753.0
1.57439208031, 151442.0
2.11456418037, 146384.0
2.64124798775, 141431.0
3.17461895943, 136857.0
3.71864509583, 131546.0
4.27216506004, 127312.0
4.8376250267, 123033.0
5.40272307396, 118755.0
5.95925116539, 114686.0
6.51573395729, 110782.0
7.06739902496, 106989.0
7.59168195724, 103440.0
8.11108899117, 99909.0
8.63344502449, 96471.0
9.16961717606, 93278.0
9.69079518318, 90149.0
10.2094399929, 87047.0
10.7267560959, 84139.0
11.2623710632, 81308.0
11.7895190716, 78782.0
12.3239650726, 76269.0
12.8574061394, 73959.0
13.3836290836, 71696.0
13.9082741737, 69463.0
14.4279880524, 67250.0
14.9565551281, 65352.0
15.488945961, 63200.0
16.0243070126, 61557.0
16.5619189739, 59922.0
17.0971620083, 58289.0
17.6328799725, 56629.0
18.1802141666, 55327.0
18.7057781219, 54099.0
19.239511013, 52593.0
19.7757451534, 51387.0
20.309882164, 50241.0
20.8382980824, 48553.0
21.3689520359, 47409.0
21.9015371799, 46168.0
22.4362449646, 45030.0
22.9696910381, 43840.0
23.4970941544, 42754.0
24.0245611668, 41709.0
24.5501420498, 40671.0
25.0762050152, 39670.0
25.6082780361, 38889.0
26.1411039829, 38135.0
26.6601850986, 37460.0
27.1853191853, 36801.0
27.7144591808, 36171.0
28.2456741333, 35593.0
28.7690429688, 35031.0
29.2956240177, 34520.0
29.8281211853, 34023.0
30.3540461063, 33561.0
30.8766491413, 33104.0
31.4004061222, 32701.0
31.9221541882, 32254.0
32.4428319931, 31893.0
32.9670701027, 31631.0
33.4901561737, 31266.0
34.0157129765, 31009.0
34.5411360264, 30687.0
35.0687270164, 30460.0
35.5963690281, 30237.0
36.1277360916, 30018.0
36.655673027, 29816.0
37.1793191433, 29426.0
37.7132191658, 29238.0
38.254458189, 29067.0
38.7853870392, 28652.0
39.3192410469, 28494.0
39.8415839672, 28375.0
40.3675429821, 28257.0
40.898597002, 28141.0
41.4350020885, 28030.0
41.9569871426, 27920.0
42.4881219864, 27821.0
43.0107929707, 27733.0
43.5400321484, 27666.0
44.0688881874, 27604.0
44.601555109, 27546.0
45.1301841736, 27493.0
45.6579639912, 27441.0
46.192825079, 27395.0
46.7232940197, 27350.0
47.2451751232, 27291.0
47.7681760788, 27280.0
48.2999191284, 27272.0
100.776703119, 27219.0
101.309929132, 27185.0
101.841526985, 27152.0
102.372904062, 27131.0
102.895827055, 27117.0
103.424707174, 27064.0
103.958809137, 27050.0
104.482673168, 27016.0
105.006132126, 27004.0
105.530205011, 26993.0
148.212605, 26922.0
148.73540616, 26595.0
149.260028124, 26415.0
149.784708023, 26327.0
150.304447174, 26241.0
150.825875044, 26177.0
151.344817162, 26116.0
151.866286993, 25971.0
152.385430098, 25771.0
152.911705017, 25640.0
153.432715178, 25286.0
153.955938101, 25151.0
154.473948956, 24982.0
154.993365049, 24896.0
155.513477087, 24838.0
156.038630962, 24785.0
156.560842991, 24764.0
157.083095074, 24750.0
157.605491161, 24739.0
158.124046087, 24730.0
158.650565147, 24728.0
265.402472973, 24698.0
369.786852121, 24668.0
370.316603184, 24563.0
370.847624063, 24464.0
371.372852087, 24423.0
371.90105319, 24402.0
372.43722105, 24388.0
372.967494965, 24377.0
373.496273041, 24132.0
374.026884079, 24123.0
