0.562210083008, 172968.0
1.09943509102, 166637.0
1.64864587784, 161033.0
2.18935894966, 155544.0
2.72917199135, 150288.0
3.25215387344, 145165.0
3.78173899651, 139983.0
4.306650877, 135308.0
4.83307790756, 130571.0
5.35699391365, 126235.0
5.88808894157, 121952.0
6.42001485825, 117800.0
6.95507597923, 113705.0
7.49101495743, 109731.0
8.02119708061, 105908.0
8.55004501343, 102129.0
9.08457398415, 98712.0
9.61187696457, 94972.0
10.1558289528, 91880.0
10.6909680367, 88863.0
11.225661993, 85703.0
11.7677788734, 82928.0
12.3045408726, 80064.0
12.8413319588, 77312.0
13.3733539581, 74612.0
13.9066569805, 72279.0
14.4442269802, 69605.0
14.9853179455, 67454.0
15.5251059532, 65125.0
16.050342083, 63002.0
16.5941429138, 60964.0
17.1322720051, 59149.0
17.6688730717, 57369.0
18.2078409195, 56003.0
18.7404370308, 54525.0
19.2839560509, 53179.0
19.8183920383, 51448.0
20.3537750244, 50219.0
20.885710001, 48996.0
21.4244990349, 47951.0
21.9659030437, 46918.0
22.5169420242, 45895.0
23.0480809212, 44506.0
23.5759990215, 43626.0
24.1038939953, 42778.0
24.6315660477, 41954.0
25.1705980301, 41140.0
25.6944019794, 40429.0
26.2319178581, 39703.0
26.8155479431, 39069.0
27.450950861, 38436.0
27.9887778759, 37657.0
28.5231540203, 37042.0
29.0529849529, 36518.0
29.5893659592, 35970.0
30.1446690559, 35453.0
30.6863789558, 34959.0
31.2122349739, 34480.0
31.7432999611, 34027.0
32.2788228989, 33580.0
32.8118219376, 33134.0
33.3472728729, 32714.0
33.8867399693, 32294.0
34.4333610535, 31902.0
34.9568119049, 31564.0
35.4925889969, 31229.0
36.0235259533, 30907.0
36.5531089306, 30592.0
37.0831339359, 30187.0
37.6123180389, 29903.0
38.1453120708, 29432.0
38.673719883, 29161.0
39.2032599449, 28895.0
39.7335090637, 28679.0
40.2614619732, 28440.0
40.7966969013, 28234.0
41.3256049156, 27877.0
41.8652858734, 27500.0
42.4048519135, 27259.0
42.9533569813, 27067.0
43.4981200695, 26915.0
44.03647995, 26764.0
44.5864138603, 26633.0
45.1555719376, 26545.0
45.6898188591, 26458.0
46.2285499573, 26315.0
46.7611830235, 26239.0
47.2924969196, 26170.0
47.8240089417, 26121.0
48.3476569653, 26082.0
48.8675949574, 26044.0
49.39605093, 26016.0
49.9231228828, 25995.0
50.4502410889, 25979.0
50.9854900837, 25965.0
51.5204679966, 25954.0
52.0423219204, 25949.0
52.5676019192, 25864.0
53.1005349159, 25759.0
53.6353020668, 25747.0
161.659240961, 25726.0
162.185606003, 25311.0
162.707977057, 25290.0
163.233567953, 25278.0
