0.535680055618, 165285.0
1.05988192558, 159280.0
1.59105110168, 153300.0
2.12193107605, 147748.0
2.65398907661, 141983.0
3.18287205696, 136664.0
3.71505689621, 131512.0
4.24533700943, 126512.0
4.77834200859, 122167.0
5.30723690987, 117941.0
5.83430790901, 113795.0
6.36449694633, 109652.0
6.89195394516, 105692.0
7.42312908173, 102049.0
7.9472720623, 98187.0
8.4788839817, 94742.0
9.00740599632, 91388.0
9.53139710426, 88191.0
10.0643229485, 85438.0
10.5916810036, 82717.0
11.1226940155, 80161.0
11.6526200771, 77551.0
12.182101965, 75190.0
12.7082550526, 73179.0
13.2370090485, 70981.0
13.7696630955, 68457.0
14.299284935, 66637.0
14.8168540001, 64824.0
15.338463068, 62880.0
15.8559229374, 60796.0
16.3780109882, 59118.0
16.9004878998, 57590.0
17.4242749214, 55607.0
17.9490859509, 54281.0
18.4643170834, 53011.0
18.9795510769, 51852.0
19.4977490902, 50699.0
20.0174570084, 49592.0
20.5362319946, 48390.0
21.0518140793, 47188.0
21.5717730522, 46008.0
22.0903789997, 45036.0
22.6055870056, 43915.0
23.1226949692, 42963.0
23.6377608776, 42040.0
24.1537079811, 41202.0
24.6696500778, 40390.0
25.1891028881, 39527.0
25.7063839436, 38681.0
26.2223780155, 37952.0
26.7374010086, 37279.0
27.2528159618, 36654.0
27.7694790363, 36032.0
28.2882859707, 35413.0
28.8032610416, 34860.0
29.328715086, 34355.0
29.8437678814, 33854.0
30.3634870052, 33379.0
30.877218008, 32717.0
31.3974609375, 32304.0
31.9125680923, 31904.0
32.4305360317, 31576.0
32.9458239079, 31157.0
33.4669120312, 30685.0
33.9833900928, 30370.0
34.5028049946, 29998.0
35.0176699162, 29559.0
35.5387699604, 29255.0
36.0580630302, 28969.0
36.5758090019, 28705.0
37.0933048725, 28166.0
37.6081120968, 27908.0
38.1253569126, 27660.0
38.6383330822, 27104.0
39.1589620113, 26727.0
39.675921917, 26503.0
40.195720911, 26293.0
40.7203369141, 26113.0
41.2362160683, 25948.0
41.755507946, 25799.0
42.2717518806, 25658.0
42.7874500751, 25410.0
43.3088829517, 25287.0
43.8232600689, 25179.0
44.3428089619, 25072.0
44.8588089943, 24975.0
45.3771879673, 24857.0
45.891865015, 24771.0
46.4087228775, 24694.0
46.9222400188, 24632.0
47.4483559132, 24570.0
47.9656169415, 24489.0
48.4801008701, 24454.0
48.9965610504, 24393.0
49.516602993, 24382.0
50.033190012, 24377.0
50.551568985, 24341.0
