0.52299785614, 149134.0
1.03915286064, 144177.0
1.56298899651, 139360.0
2.07970285416, 133860.0
2.60055494308, 129431.0
3.11942100525, 124416.0
3.63865399361, 120140.0
4.15406894684, 115754.0
4.6719930172, 111599.0
5.19074106216, 107575.0
5.71185803413, 103867.0
6.23795604706, 100236.0
6.75583100319, 96348.0
7.2801630497, 92912.0
7.79744887352, 89458.0
8.31926584244, 86101.0
8.83638596535, 82798.0
9.35462903976, 79845.0
9.87010788918, 77440.0
10.3884530067, 74283.0
10.9051568508, 71911.0
11.4234509468, 69701.0
11.9405219555, 67682.0
12.4646089077, 65768.0
12.9805788994, 63450.0
13.5025818348, 61383.0
14.0191068649, 59682.0
14.5409040451, 58010.0
15.0602450371, 56523.0
15.5789020061, 54932.0
16.0990879536, 53448.0
16.6172599792, 52186.0
17.138630867, 50652.0
17.6668660641, 49590.0
18.1843788624, 48250.0
18.7007498741, 47201.0
19.2190740108, 46152.0
19.738049984, 45047.0
20.2584030628, 44167.0
20.7764649391, 43310.0
21.2986860275, 42473.0
21.8162870407, 41660.0
22.3354949951, 40841.0
22.8500728607, 40150.0
23.3664898872, 39468.0
23.8840818405, 38806.0
24.4045548439, 38133.0
24.9236769676, 37518.0
25.4441578388, 36917.0
25.9628009796, 36347.0
26.4844808578, 35689.0
27.0022609234, 35127.0
27.5258929729, 34586.0
28.0441100597, 34080.0
28.5646150112, 33602.0
29.0922000408, 33142.0
29.6187560558, 32685.0
30.1351099014, 32281.0
30.6549639702, 31916.0
31.1742229462, 31551.0
31.6957910061, 31201.0
32.2121200562, 30769.0
32.7308418751, 30432.0
33.2532179356, 30130.0
33.7704980373, 29812.0
34.290596962, 29522.0
34.8084099293, 29246.0
35.3501629829, 29000.0
35.86617589, 28756.0
36.3859789371, 28527.0
36.9030549526, 28312.0
37.4228229523, 28102.0
37.939000845, 27899.0
38.4636788368, 27733.0
38.9819149971, 27516.0
39.5020689964, 27281.0
40.0197100639, 26828.0
40.549654007, 26666.0
41.0666999817, 26559.0
41.587116003, 26473.0
42.1044850349, 26388.0
42.6265199184, 26304.0
43.1421790123, 26242.0
43.6633319855, 26203.0
44.1781320572, 26101.0
44.699434042, 26020.0
45.2156529427, 25992.0
45.7334489822, 25937.0
46.2505068779, 25925.0
46.7676539421, 25919.0
47.2839210033, 25802.0
591.198626041, 25623.0
591.748838902, 25530.0
592.274777889, 25190.0
592.792872906, 25143.0
593.31724, 24883.0
593.838624954, 24424.0
594.380367994, 24112.0
594.923585892, 24028.0
595.450085878, 23988.0
595.98247385, 23949.0
596.513614893, 23911.0
