0.00188684463501, 156880.0
6160.30243778, 156811.0
6163.72338295, 156782.0
6164.57488489, 156766.0
6454.5537219, 156754.0
7275.60011697, 156744.0
7276.55295181, 156671.0
7420.7365818, 156579.0
7421.81568098, 156472.0
7422.40418983, 156371.0
7423.17384195, 156355.0
7928.64656186, 156294.0
8318.31225991, 156269.0
8383.88620901, 156249.0
8603.69509697, 156172.0
8605.94812179, 156106.0
8606.86486578, 156033.0
8610.05306697, 156013.0
8701.51297688, 155980.0
8707.55083585, 155967.0
8707.57089782, 155947.0
8707.63213181, 155828.0
8707.63433099, 155727.0
8712.00590992, 155682.0
11440.717886, 155658.0
11441.4002948, 155585.0
11961.294528, 155507.0
12116.183002, 155381.0
12116.53948, 155249.0
12649.8689039, 155216.0
12651.1769319, 155200.0
17092.416646, 155176.0
17093.2572119, 155101.0
17107.2910759, 155059.0
17109.5004909, 155007.0
