0.624336004257, 163598.0
1.16715908051, 157378.0
1.69233107567, 151406.0
2.22199392319, 145584.0
2.7448849678, 139779.0
3.26956892014, 134132.0
3.79243302345, 128275.0
4.31633710861, 123281.0
4.83547711372, 118808.0
5.35460090637, 114217.0
5.8738489151, 110073.0
6.42368102074, 106408.0
6.96585702896, 102418.0
7.50160813332, 99482.0
8.02600693703, 96687.0
8.56451296806, 93543.0
9.09941911697, 90502.0
9.63039708138, 87790.0
10.1720809937, 85096.0
10.7263360023, 82452.0
11.2481269836, 80260.0
11.7743420601, 77984.0
12.3024809361, 75957.0
12.8211960793, 73974.0
13.3423259258, 72020.0
13.8653819561, 70135.0
14.3872389793, 68276.0
14.9182450771, 66566.0
15.4402170181, 65055.0
15.9628441334, 63626.0
16.489123106, 61901.0
17.0088150501, 60362.0
17.5306150913, 58821.0
18.0513920784, 57373.0
18.5770139694, 55760.0
19.0945410728, 54393.0
19.6147971153, 53033.0
20.1436600685, 51679.0
20.6666550636, 50479.0
21.1856870651, 49167.0
21.7130129337, 48047.0
22.2496399879, 47037.0
22.7709701061, 45820.0
23.2970719337, 44834.0
23.8400959969, 43960.0
24.3707749844, 42723.0
24.8870229721, 41882.0
25.4065179825, 41057.0
25.922426939, 40238.0
26.4440639019, 39517.0
26.9598469734, 38851.0
27.4982669353, 38234.0
28.0354840755, 37301.0
28.5585379601, 36684.0
29.0762140751, 36083.0
29.6279830933, 35575.0
30.145606041, 35072.0
30.66456604, 34638.0
31.2032270432, 34217.0
31.7377889156, 33839.0
32.2601940632, 33480.0
32.7944440842, 33158.0
33.3129360676, 32901.0
33.8331139088, 32487.0
34.3665719032, 32233.0
34.9055039883, 31786.0
35.4255421162, 31533.0
35.9462239742, 31282.0
36.4761121273, 31037.0
37.028026104, 30804.0
37.5701889992, 30575.0
38.0939979553, 30357.0
38.6139640808, 30157.0
39.1439421177, 29865.0
39.677325964, 29577.0
40.1985390186, 29383.0
40.7187891006, 29219.0
41.2533631325, 29084.0
41.7965650558, 28959.0
42.3341329098, 28873.0
42.8628590107, 28790.0
43.4113221169, 28722.0
43.9499549866, 28657.0
44.5000059605, 28595.0
45.0419259071, 28533.0
45.5813760757, 28426.0
46.1283710003, 28372.0
46.6631951332, 28065.0
47.1976530552, 28010.0
47.7308170795, 27970.0
48.2601850033, 27947.0
48.7943570614, 27867.0
49.3271329403, 27854.0
49.8668110371, 27842.0
50.4067311287, 27770.0
50.9448161125, 27756.0
51.4842920303, 27744.0
52.012337923, 27739.0
139.857264996, 27561.0
140.37877512, 27293.0
140.901163101, 26840.0
141.421020031, 26528.0
141.942550898, 26205.0
142.466080904, 25938.0
142.99455595, 25757.0
143.519576073, 25577.0
144.048566103, 25415.0
144.575212955, 25206.0
145.150908947, 25048.0
145.68968606, 24900.0
146.24694705, 24761.0
146.790810108, 24623.0
147.343749046, 24489.0
147.870609999, 24357.0
148.400690079, 24232.0
148.922951937, 24164.0
149.447614908, 24100.0
149.983887911, 24038.0
150.529736996, 23976.0
151.065836906, 23923.0
151.587881088, 23884.0
152.107835054, 23862.0
152.628806114, 23846.0
153.165061951, 23797.0
153.701126099, 23785.0
363.374866962, 23364.0
363.900610924, 23170.0
364.425686121, 23131.0
364.951631069, 23120.0
365.471605062, 23101.0
365.996845007, 23096.0
