0.00235390663147, 11480
0.00440502166748, 10670
0.00641489028931, 9946
0.00850486755371, 9263
0.0106239318848, 8817
0.0126478672028, 8425
0.0146758556366, 8051
0.0166959762573, 7807
0.0187449455261, 7619
0.0207538604736, 7567
0.0227289199829, 7529
0.0247709751129, 7476
0.0770778656006, 7357
0.0790798664093, 7272
0.0997359752655, 7208
0.101780891418, 7187
0.12215089798, 7145
0.124181985855, 7080
0.431968927383, 7041
0.520200967789, 7033
0.522166013718, 6944
0.54407286644, 6935
0.643929004669, 6909
